

================================================================
== Vitis HLS Report for 'stream_matmul_Pipeline_VITIS_LOOP_74_6_VITIS_LOOP_75_7'
================================================================
* Date:           Tue May 12 13:33:18 2026

* Version:        2025.1 (Build 6135595 on May 21 2025)
* Project:        stream_matmul
* Solution:       hls (Vivado IP Flow Target)
* Product family: zynq
* Target device:  xc7z010-clg400-1


================================================================
== Performance Estimates
================================================================
+ Timing: 
    * Summary: 
    +--------+----------+----------+------------+
    |  Clock |  Target  | Estimated| Uncertainty|
    +--------+----------+----------+------------+
    |ap_clk  |  10.00 ns|  6.363 ns|     2.70 ns|
    +--------+----------+----------+------------+

+ Latency: 
    * Summary: 
    +---------+---------+----------+----------+-----+-----+------------------------------------------------+
    |  Latency (cycles) |  Latency (absolute) |  Interval |                    Pipeline                    |
    |   min   |   max   |    min   |    max   | min | max |                      Type                      |
    +---------+---------+----------+----------+-----+-----+------------------------------------------------+
    |      259|      259|  2.590 us|  2.590 us|  257|  257|  loop auto-rewind stp (delay=0 clock cycles(s))|
    +---------+---------+----------+----------+-----+-----+------------------------------------------------+

    + Detail: 
        * Instance: 
        N/A

        * Loop: 
        +-----------------------------------+---------+---------+----------+-----------+-----------+------+----------+
        |                                   |  Latency (cycles) | Iteration|  Initiation Interval  | Trip |          |
        |             Loop Name             |   min   |   max   |  Latency |  achieved |   target  | Count| Pipelined|
        +-----------------------------------+---------+---------+----------+-----------+-----------+------+----------+
        |- VITIS_LOOP_74_6_VITIS_LOOP_75_7  |      257|      257|         3|          1|          1|   256|       yes|
        +-----------------------------------+---------+---------+----------+-----------+-----------+------+----------+

============================================================
+ Verbose Summary: Synthesis Manager
============================================================
InlineROM: 1
ExposeGlobal: 0
============================================================
+ Verbose Summary: CDFG Model
============================================================
IsTopModel: 0
ResetActiveHigh: 1
IsCombinational: 0
IsDatapathOnly: 0
HasWiredReturn: 1
HasMFsm: 2
HasVarLatency: 1
IsPipeline: 0
IsRtlPipelined: 0
IsInstanceOverlapped: 0
IsDontTouch: 0
HasImplIP: 0
IsGatedGlobalClock: 0

+ Individual pipeline summary: 
  * Pipeline-0: initiation interval (II) = 1, depth = 3


============================================================
+ Verbose Summary: Schedule
============================================================
* Number of FSM states : 3
* Pipeline : 1
  Pipeline-0 : II = 1, D = 3, States = { 1 2 3 }
* Dataflow Pipeline: 0

* FSM state transitions: 
1 --> 2 
2 --> 3 
3 --> 

* FSM state operations: 

State 1 <SV = 0> <Delay = 4.99>
ST_1 : Operation 6 [1/1] (0.00ns)   --->   "%j = alloca i32 1" [../stream_matmul.cpp:52]   --->   Operation 6 'alloca' 'j' <Predicate = true> <Delay = 0.00>
ST_1 : Operation 7 [1/1] (0.00ns)   --->   "%i = alloca i32 1" [../stream_matmul.cpp:52]   --->   Operation 7 'alloca' 'i' <Predicate = true> <Delay = 0.00>
ST_1 : Operation 8 [1/1] (0.00ns)   --->   "%indvar_flatten14 = alloca i32 1"   --->   Operation 8 'alloca' 'indvar_flatten14' <Predicate = true> <Delay = 0.00>
ST_1 : Operation 9 [1/1] (0.00ns)   --->   "%specaxissidechannel_ln0 = specaxissidechannel void @_ssdm_op_SpecAXISSideChannel, i32 %in_stream_V_data_V, i4 %in_stream_V_keep_V, i4 %in_stream_V_strb_V, i1 0, i1 %in_stream_V_last_V, i1 0, i1 0, void @empty_5"   --->   Operation 9 'specaxissidechannel' 'specaxissidechannel_ln0' <Predicate = true> <Delay = 0.00>
ST_1 : Operation 10 [1/1] (0.00ns)   --->   "%specinterface_ln0 = specinterface void @_ssdm_op_SpecInterface, i1 %in_stream_V_last_V, void @empty, i32 0, i32 0, void @empty_0, i32 0, i32 0, void @empty_1, void @empty_1, void @empty_1, i32 0, i32 0, i32 0, i32 0, void @empty_1, void @empty_1, i32 4294967295, i32 0, i32 0"   --->   Operation 10 'specinterface' 'specinterface_ln0' <Predicate = true> <Delay = 0.00>
ST_1 : Operation 11 [1/1] (0.00ns)   --->   "%specinterface_ln0 = specinterface void @_ssdm_op_SpecInterface, i4 %in_stream_V_strb_V, void @empty, i32 0, i32 0, void @empty_0, i32 0, i32 0, void @empty_1, void @empty_1, void @empty_1, i32 0, i32 0, i32 0, i32 0, void @empty_1, void @empty_1, i32 4294967295, i32 0, i32 0"   --->   Operation 11 'specinterface' 'specinterface_ln0' <Predicate = true> <Delay = 0.00>
ST_1 : Operation 12 [1/1] (0.00ns)   --->   "%specinterface_ln0 = specinterface void @_ssdm_op_SpecInterface, i4 %in_stream_V_keep_V, void @empty, i32 0, i32 0, void @empty_0, i32 0, i32 0, void @empty_1, void @empty_1, void @empty_1, i32 0, i32 0, i32 0, i32 0, void @empty_1, void @empty_1, i32 4294967295, i32 0, i32 0"   --->   Operation 12 'specinterface' 'specinterface_ln0' <Predicate = true> <Delay = 0.00>
ST_1 : Operation 13 [1/1] (0.00ns)   --->   "%specinterface_ln0 = specinterface void @_ssdm_op_SpecInterface, i32 %in_stream_V_data_V, void @empty, i32 0, i32 0, void @empty_0, i32 0, i32 0, void @empty_1, void @empty_1, void @empty_1, i32 0, i32 0, i32 0, i32 0, void @empty_1, void @empty_1, i32 4294967295, i32 0, i32 0"   --->   Operation 13 'specinterface' 'specinterface_ln0' <Predicate = true> <Delay = 0.00>
ST_1 : Operation 14 [1/1] (1.58ns)   --->   "%store_ln0 = store i9 0, i9 %indvar_flatten14"   --->   Operation 14 'store' 'store_ln0' <Predicate = true> <Delay = 1.58>
ST_1 : Operation 15 [1/1] (1.58ns)   --->   "%store_ln52 = store i5 0, i5 %i" [../stream_matmul.cpp:52]   --->   Operation 15 'store' 'store_ln52' <Predicate = true> <Delay = 1.58>
ST_1 : Operation 16 [1/1] (1.58ns)   --->   "%store_ln52 = store i5 0, i5 %j" [../stream_matmul.cpp:52]   --->   Operation 16 'store' 'store_ln52' <Predicate = true> <Delay = 1.58>
ST_1 : Operation 17 [1/1] (0.00ns)   --->   "%br_ln52 = br void %for.inc40" [../stream_matmul.cpp:52]   --->   Operation 17 'br' 'br_ln52' <Predicate = true> <Delay = 0.00>
ST_1 : Operation 18 [1/1] (0.00ns)   --->   "%indvar_flatten14_load = load i9 %indvar_flatten14" [../stream_matmul.cpp:74]   --->   Operation 18 'load' 'indvar_flatten14_load' <Predicate = true> <Delay = 0.00>
ST_1 : Operation 19 [1/1] (1.82ns)   --->   "%icmp_ln74 = icmp_eq  i9 %indvar_flatten14_load, i9 256" [../stream_matmul.cpp:74]   --->   Operation 19 'icmp' 'icmp_ln74' <Predicate = true> <Delay = 1.82> <CoreInst = "Cmp">   --->   Core 9 'Cmp' <Latency = 0> <II = 1> <Delay = 1.82> <FuncUnit> <Opcode : 'seteq' 'setne' 'setle' 'setge' 'setlt' 'setgt'> <InPorts = 2> <OutPorts = 1>
ST_1 : Operation 20 [1/1] (1.82ns)   --->   "%add_ln74_1 = add i9 %indvar_flatten14_load, i9 1" [../stream_matmul.cpp:74]   --->   Operation 20 'add' 'add_ln74_1' <Predicate = true> <Delay = 1.82> <CoreInst = "Adder">   --->   Core 1 'Adder' <Latency = 0> <II = 1> <Delay = 1.82> <FuncUnit> <Opcode : 'add' 'sub'> <InPorts = 2> <OutPorts = 1>
ST_1 : Operation 21 [1/1] (0.00ns)   --->   "%br_ln74 = br i1 %icmp_ln74, void %for.inc43, void %for.inc67.preheader.exitStub" [../stream_matmul.cpp:74]   --->   Operation 21 'br' 'br_ln74' <Predicate = true> <Delay = 0.00>
ST_1 : Operation 22 [1/1] (1.58ns)   --->   "%store_ln74 = store i9 %add_ln74_1, i9 %indvar_flatten14" [../stream_matmul.cpp:74]   --->   Operation 22 'store' 'store_ln74' <Predicate = (!icmp_ln74)> <Delay = 1.58>

State 2 <SV = 1> <Delay = 6.36>
ST_2 : Operation 23 [1/1] (0.00ns)   --->   "%j_load = load i5 %j" [../stream_matmul.cpp:75]   --->   Operation 23 'load' 'j_load' <Predicate = true> <Delay = 0.00>
ST_2 : Operation 24 [1/1] (0.00ns)   --->   "%i_load = load i5 %i" [../stream_matmul.cpp:74]   --->   Operation 24 'load' 'i_load' <Predicate = true> <Delay = 0.00>
ST_2 : Operation 25 [1/1] (1.78ns)   --->   "%add_ln74 = add i5 %i_load, i5 1" [../stream_matmul.cpp:74]   --->   Operation 25 'add' 'add_ln74' <Predicate = true> <Delay = 1.78> <CoreInst = "Adder">   --->   Core 1 'Adder' <Latency = 0> <II = 1> <Delay = 1.78> <FuncUnit> <Opcode : 'add' 'sub'> <InPorts = 2> <OutPorts = 1>
ST_2 : Operation 26 [1/1] (1.78ns)   --->   "%icmp_ln75 = icmp_eq  i5 %j_load, i5 16" [../stream_matmul.cpp:75]   --->   Operation 26 'icmp' 'icmp_ln75' <Predicate = true> <Delay = 1.78> <CoreInst = "Cmp">   --->   Core 9 'Cmp' <Latency = 0> <II = 1> <Delay = 1.78> <FuncUnit> <Opcode : 'seteq' 'setne' 'setle' 'setge' 'setlt' 'setgt'> <InPorts = 2> <OutPorts = 1>
ST_2 : Operation 27 [1/1] (1.21ns)   --->   "%select_ln52 = select i1 %icmp_ln75, i5 0, i5 %j_load" [../stream_matmul.cpp:52]   --->   Operation 27 'select' 'select_ln52' <Predicate = true> <Delay = 1.21> <CoreInst = "Sel">   --->   Core 73 'Sel' <Latency = 0> <II = 1> <Delay = 1.21> <FuncUnit> <Opcode : 'select'> <InPorts = 3> <OutPorts = 1>
ST_2 : Operation 28 [1/1] (1.21ns)   --->   "%select_ln74 = select i1 %icmp_ln75, i5 %add_ln74, i5 %i_load" [../stream_matmul.cpp:74]   --->   Operation 28 'select' 'select_ln74' <Predicate = true> <Delay = 1.21> <CoreInst = "Sel">   --->   Core 73 'Sel' <Latency = 0> <II = 1> <Delay = 1.21> <FuncUnit> <Opcode : 'select'> <InPorts = 3> <OutPorts = 1>
ST_2 : Operation 29 [1/1] (0.00ns)   --->   "%trunc_ln74 = trunc i5 %select_ln74" [../stream_matmul.cpp:74]   --->   Operation 29 'trunc' 'trunc_ln74' <Predicate = true> <Delay = 0.00>
ST_2 : Operation 30 [1/1] (0.00ns)   --->   "%lshr_ln = partselect i2 @_ssdm_op_PartSelect.i2.i5.i32.i32, i5 %select_ln74, i32 2, i32 3" [../stream_matmul.cpp:52]   --->   Operation 30 'partselect' 'lshr_ln' <Predicate = true> <Delay = 0.00>
ST_2 : Operation 31 [1/1] (0.00ns)   --->   "%tmp_3 = bitconcatenate i6 @_ssdm_op_BitConcatenate.i6.i2.i4, i2 %lshr_ln, i4 0" [../stream_matmul.cpp:77]   --->   Operation 31 'bitconcatenate' 'tmp_3' <Predicate = true> <Delay = 0.00>
ST_2 : Operation 32 [1/1] (0.00ns)   --->   "%zext_ln77 = zext i5 %select_ln52" [../stream_matmul.cpp:77]   --->   Operation 32 'zext' 'zext_ln77' <Predicate = true> <Delay = 0.00>
ST_2 : Operation 33 [1/1] (1.82ns)   --->   "%add_ln77 = add i6 %tmp_3, i6 %zext_ln77" [../stream_matmul.cpp:77]   --->   Operation 33 'add' 'add_ln77' <Predicate = true> <Delay = 1.82> <CoreInst = "Adder">   --->   Core 1 'Adder' <Latency = 0> <II = 1> <Delay = 1.82> <FuncUnit> <Opcode : 'add' 'sub'> <InPorts = 2> <OutPorts = 1>
ST_2 : Operation 34 [1/1] (1.56ns)   --->   "%switch_ln77 = switch i2 %trunc_ln74, void %arrayidx396.case.3, i2 0, void %arrayidx396.case.0, i2 1, void %arrayidx396.case.1, i2 2, void %arrayidx396.case.2" [../stream_matmul.cpp:77]   --->   Operation 34 'switch' 'switch_ln77' <Predicate = true> <Delay = 1.56>
ST_2 : Operation 35 [1/1] (1.78ns)   --->   "%add_ln75 = add i5 %select_ln52, i5 1" [../stream_matmul.cpp:75]   --->   Operation 35 'add' 'add_ln75' <Predicate = true> <Delay = 1.78> <CoreInst = "Adder">   --->   Core 1 'Adder' <Latency = 0> <II = 1> <Delay = 1.78> <FuncUnit> <Opcode : 'add' 'sub'> <InPorts = 2> <OutPorts = 1>
ST_2 : Operation 36 [1/1] (1.58ns)   --->   "%store_ln52 = store i5 %select_ln74, i5 %i" [../stream_matmul.cpp:52]   --->   Operation 36 'store' 'store_ln52' <Predicate = true> <Delay = 1.58>
ST_2 : Operation 37 [1/1] (1.58ns)   --->   "%store_ln52 = store i5 %add_ln75, i5 %j" [../stream_matmul.cpp:52]   --->   Operation 37 'store' 'store_ln52' <Predicate = true> <Delay = 1.58>
ST_2 : Operation 38 [1/1] (0.00ns)   --->   "%br_ln75 = br void %for.inc40" [../stream_matmul.cpp:75]   --->   Operation 38 'br' 'br_ln75' <Predicate = true> <Delay = 0.00>
ST_2 : Operation 58 [1/1] (1.58ns)   --->   "%ret_ln0 = ret"   --->   Operation 58 'ret' 'ret_ln0' <Predicate = (icmp_ln74)> <Delay = 1.58>

State 3 <SV = 2> <Delay = 3.77>
ST_3 : Operation 39 [1/1] (0.00ns)   --->   "%specloopname_ln0 = specloopname void @_ssdm_op_SpecLoopName, void @VITIS_LOOP_74_6_VITIS_LOOP_75_7_str"   --->   Operation 39 'specloopname' 'specloopname_ln0' <Predicate = true> <Delay = 0.00>
ST_3 : Operation 40 [1/1] (0.00ns)   --->   "%speclooptripcount_ln0 = speclooptripcount void @_ssdm_op_SpecLoopTripCount, i64 256, i64 256, i64 256"   --->   Operation 40 'speclooptripcount' 'speclooptripcount_ln0' <Predicate = true> <Delay = 0.00>
ST_3 : Operation 41 [1/1] (0.00ns)   --->   "%zext_ln77_1 = zext i6 %add_ln77" [../stream_matmul.cpp:77]   --->   Operation 41 'zext' 'zext_ln77_1' <Predicate = true> <Delay = 0.00>
ST_3 : Operation 42 [1/1] (0.00ns)   --->   "%B_addr = getelementptr i32 %B, i64 0, i64 %zext_ln77_1" [../stream_matmul.cpp:77]   --->   Operation 42 'getelementptr' 'B_addr' <Predicate = true> <Delay = 0.00>
ST_3 : Operation 43 [1/1] (0.00ns)   --->   "%B_1_addr = getelementptr i32 %B_1, i64 0, i64 %zext_ln77_1" [../stream_matmul.cpp:77]   --->   Operation 43 'getelementptr' 'B_1_addr' <Predicate = true> <Delay = 0.00>
ST_3 : Operation 44 [1/1] (0.00ns)   --->   "%B_2_addr = getelementptr i32 %B_2, i64 0, i64 %zext_ln77_1" [../stream_matmul.cpp:77]   --->   Operation 44 'getelementptr' 'B_2_addr' <Predicate = true> <Delay = 0.00>
ST_3 : Operation 45 [1/1] (0.00ns)   --->   "%B_3_addr = getelementptr i32 %B_3, i64 0, i64 %zext_ln77_1" [../stream_matmul.cpp:77]   --->   Operation 45 'getelementptr' 'B_3_addr' <Predicate = true> <Delay = 0.00>
ST_3 : Operation 46 [1/1] (0.00ns)   --->   "%specpipeline_ln76 = specpipeline void @_ssdm_op_SpecPipeline, i32 1, i32 0, i32 0, i32 0, void @empty_1" [../stream_matmul.cpp:76]   --->   Operation 46 'specpipeline' 'specpipeline_ln76' <Predicate = true> <Delay = 0.00>
ST_3 : Operation 47 [1/1] (0.51ns)   --->   "%empty_13 = read i41 @_ssdm_op_Read.axis.volatile.i32P0A.i4P0A.i4P0A.i1P0A, i32 %in_stream_V_data_V, i4 %in_stream_V_keep_V, i4 %in_stream_V_strb_V, i1 %in_stream_V_last_V" [../stream_matmul.cpp:77]   --->   Operation 47 'read' 'empty_13' <Predicate = true> <Delay = 0.51> <CoreInst = "regslice">   --->   Core 135 'regslice' <Latency = 0> <II = 1> <Delay = 1.86> <Adapter> <Opcode : 'read' 'write'>
ST_3 : Operation 48 [1/1] (0.00ns)   --->   "%x_data = extractvalue i41 %empty_13" [../stream_matmul.cpp:77]   --->   Operation 48 'extractvalue' 'x_data' <Predicate = true> <Delay = 0.00>
ST_3 : Operation 49 [1/1] (0.00ns)   --->   "%bitcast_ln20 = bitcast i32 %x_data" [../stream_matmul.cpp:20->../stream_matmul.cpp:77]   --->   Operation 49 'bitcast' 'bitcast_ln20' <Predicate = true> <Delay = 0.00>
ST_3 : Operation 50 [1/1] ( I:3.25ns O:3.25ns )   --->   "%store_ln77 = store i32 %bitcast_ln20, i6 %B_2_addr" [../stream_matmul.cpp:77]   --->   Operation 50 'store' 'store_ln77' <Predicate = (trunc_ln74 == 2)> <Delay = 3.25> <CoreInst = "RAM">   --->   Core 81 'RAM' <Latency = 1> <II = 1> <Delay = 3.25> <Storage> <Opcode : 'load' 'store'> <Ports = 2> <Width = 32> <Depth = 64> <RAM>
ST_3 : Operation 51 [1/1] (0.00ns)   --->   "%br_ln77 = br void %arrayidx396.exit" [../stream_matmul.cpp:77]   --->   Operation 51 'br' 'br_ln77' <Predicate = (trunc_ln74 == 2)> <Delay = 0.00>
ST_3 : Operation 52 [1/1] ( I:3.25ns O:3.25ns )   --->   "%store_ln77 = store i32 %bitcast_ln20, i6 %B_1_addr" [../stream_matmul.cpp:77]   --->   Operation 52 'store' 'store_ln77' <Predicate = (trunc_ln74 == 1)> <Delay = 3.25> <CoreInst = "RAM">   --->   Core 81 'RAM' <Latency = 1> <II = 1> <Delay = 3.25> <Storage> <Opcode : 'load' 'store'> <Ports = 2> <Width = 32> <Depth = 64> <RAM>
ST_3 : Operation 53 [1/1] (0.00ns)   --->   "%br_ln77 = br void %arrayidx396.exit" [../stream_matmul.cpp:77]   --->   Operation 53 'br' 'br_ln77' <Predicate = (trunc_ln74 == 1)> <Delay = 0.00>
ST_3 : Operation 54 [1/1] ( I:3.25ns O:3.25ns )   --->   "%store_ln77 = store i32 %bitcast_ln20, i6 %B_addr" [../stream_matmul.cpp:77]   --->   Operation 54 'store' 'store_ln77' <Predicate = (trunc_ln74 == 0)> <Delay = 3.25> <CoreInst = "RAM">   --->   Core 81 'RAM' <Latency = 1> <II = 1> <Delay = 3.25> <Storage> <Opcode : 'load' 'store'> <Ports = 2> <Width = 32> <Depth = 64> <RAM>
ST_3 : Operation 55 [1/1] (0.00ns)   --->   "%br_ln77 = br void %arrayidx396.exit" [../stream_matmul.cpp:77]   --->   Operation 55 'br' 'br_ln77' <Predicate = (trunc_ln74 == 0)> <Delay = 0.00>
ST_3 : Operation 56 [1/1] ( I:3.25ns O:3.25ns )   --->   "%store_ln77 = store i32 %bitcast_ln20, i6 %B_3_addr" [../stream_matmul.cpp:77]   --->   Operation 56 'store' 'store_ln77' <Predicate = (trunc_ln74 == 3)> <Delay = 3.25> <CoreInst = "RAM">   --->   Core 81 'RAM' <Latency = 1> <II = 1> <Delay = 3.25> <Storage> <Opcode : 'load' 'store'> <Ports = 2> <Width = 32> <Depth = 64> <RAM>
ST_3 : Operation 57 [1/1] (0.00ns)   --->   "%br_ln77 = br void %arrayidx396.exit" [../stream_matmul.cpp:77]   --->   Operation 57 'br' 'br_ln77' <Predicate = (trunc_ln74 == 3)> <Delay = 0.00>


============================================================
+ Verbose Summary: Binding
============================================================
STG Binding: 
---------------- STG Properties BEGIN ----------------
- Is combinational: 0
- Is one-state seq: 0
- Is datapath-only: 0
- Is pipelined: 0
- Is top level: 0
Port [ Return ] is wired: 1; IO mode=ap_ctrl_hs:ce=0
Port [ B]:  wired=1; compound=1; hidden=0; nouse=0; global=0; static=0; extern=0; dir=1; type=1; pingpong=0; private_global=0; MemPort=[03]; IO mode=ap_memory:ce=0
Port [ B_1]:  wired=1; compound=1; hidden=0; nouse=0; global=0; static=0; extern=0; dir=1; type=1; pingpong=0; private_global=0; MemPort=[03]; IO mode=ap_memory:ce=0
Port [ B_2]:  wired=1; compound=1; hidden=0; nouse=0; global=0; static=0; extern=0; dir=1; type=1; pingpong=0; private_global=0; MemPort=[03]; IO mode=ap_memory:ce=0
Port [ B_3]:  wired=1; compound=1; hidden=0; nouse=0; global=0; static=0; extern=0; dir=1; type=1; pingpong=0; private_global=0; MemPort=[03]; IO mode=ap_memory:ce=0
Port [ in_stream_V_data_V]:  wired=1; compound=1; hidden=0; nouse=0; global=0; static=0; extern=0; dir=0; type=0; pingpong=0; private_global=0; IO mode=axis:ce=0
Port [ in_stream_V_keep_V]:  wired=1; compound=1; hidden=0; nouse=0; global=0; static=0; extern=0; dir=0; type=0; pingpong=0; private_global=0; IO mode=axis:ce=0
Port [ in_stream_V_strb_V]:  wired=1; compound=1; hidden=0; nouse=0; global=0; static=0; extern=0; dir=0; type=0; pingpong=0; private_global=0; IO mode=axis:ce=0
Port [ in_stream_V_last_V]:  wired=1; compound=1; hidden=0; nouse=0; global=0; static=0; extern=0; dir=0; type=0; pingpong=0; private_global=0; IO mode=axis:ce=0
---------------- STG Properties END ------------------

---------------- Datapath Model BEGIN ----------------

<LifeTime>
<method=bitvector/>
j                       (alloca             ) [ 0110]
i                       (alloca             ) [ 0110]
indvar_flatten14        (alloca             ) [ 0100]
specaxissidechannel_ln0 (specaxissidechannel) [ 0000]
specinterface_ln0       (specinterface      ) [ 0000]
specinterface_ln0       (specinterface      ) [ 0000]
specinterface_ln0       (specinterface      ) [ 0000]
specinterface_ln0       (specinterface      ) [ 0000]
store_ln0               (store              ) [ 0000]
store_ln52              (store              ) [ 0000]
store_ln52              (store              ) [ 0000]
br_ln52                 (br                 ) [ 0000]
indvar_flatten14_load   (load               ) [ 0000]
icmp_ln74               (icmp               ) [ 0110]
add_ln74_1              (add                ) [ 0000]
br_ln74                 (br                 ) [ 0000]
store_ln74              (store              ) [ 0000]
j_load                  (load               ) [ 0000]
i_load                  (load               ) [ 0000]
add_ln74                (add                ) [ 0000]
icmp_ln75               (icmp               ) [ 0000]
select_ln52             (select             ) [ 0000]
select_ln74             (select             ) [ 0000]
trunc_ln74              (trunc              ) [ 0101]
lshr_ln                 (partselect         ) [ 0000]
tmp_3                   (bitconcatenate     ) [ 0000]
zext_ln77               (zext               ) [ 0000]
add_ln77                (add                ) [ 0101]
switch_ln77             (switch             ) [ 0000]
add_ln75                (add                ) [ 0000]
store_ln52              (store              ) [ 0000]
store_ln52              (store              ) [ 0000]
br_ln75                 (br                 ) [ 0000]
specloopname_ln0        (specloopname       ) [ 0000]
speclooptripcount_ln0   (speclooptripcount  ) [ 0000]
zext_ln77_1             (zext               ) [ 0000]
B_addr                  (getelementptr      ) [ 0000]
B_1_addr                (getelementptr      ) [ 0000]
B_2_addr                (getelementptr      ) [ 0000]
B_3_addr                (getelementptr      ) [ 0000]
specpipeline_ln76       (specpipeline       ) [ 0000]
empty_13                (read               ) [ 0000]
x_data                  (extractvalue       ) [ 0000]
bitcast_ln20            (bitcast            ) [ 0000]
store_ln77              (store              ) [ 0000]
br_ln77                 (br                 ) [ 0000]
store_ln77              (store              ) [ 0000]
br_ln77                 (br                 ) [ 0000]
store_ln77              (store              ) [ 0000]
br_ln77                 (br                 ) [ 0000]
store_ln77              (store              ) [ 0000]
br_ln77                 (br                 ) [ 0000]
ret_ln0                 (ret                ) [ 0000]
</LifeTime>

<model>

<comp_list>
<comp id="0" class="1000" name="B">
<pin_list>
<pin id="1" dir="1" index="0" bw="1" slack="0"/>
</pin_list>
<bind>
<StgValue><ssdm name="B"/><MemPortTyVec>0 3 </MemPortTyVec>
</StgValue>
</bind>
</comp>

<comp id="2" class="1000" name="B_1">
<pin_list>
<pin id="3" dir="1" index="0" bw="1" slack="0"/>
</pin_list>
<bind>
<StgValue><ssdm name="B_1"/><MemPortTyVec>0 3 </MemPortTyVec>
</StgValue>
</bind>
</comp>

<comp id="4" class="1000" name="B_2">
<pin_list>
<pin id="5" dir="1" index="0" bw="1" slack="0"/>
</pin_list>
<bind>
<StgValue><ssdm name="B_2"/><MemPortTyVec>0 3 </MemPortTyVec>
</StgValue>
</bind>
</comp>

<comp id="6" class="1000" name="B_3">
<pin_list>
<pin id="7" dir="1" index="0" bw="1" slack="0"/>
</pin_list>
<bind>
<StgValue><ssdm name="B_3"/><MemPortTyVec>0 3 </MemPortTyVec>
</StgValue>
</bind>
</comp>

<comp id="8" class="1000" name="in_stream_V_data_V">
<pin_list>
<pin id="9" dir="1" index="0" bw="1" slack="0"/>
</pin_list>
<bind>
<StgValue><ssdm name="in_stream_V_data_V"/></StgValue>
</bind>
</comp>

<comp id="10" class="1000" name="in_stream_V_keep_V">
<pin_list>
<pin id="11" dir="1" index="0" bw="1" slack="0"/>
</pin_list>
<bind>
<StgValue><ssdm name="in_stream_V_keep_V"/></StgValue>
</bind>
</comp>

<comp id="12" class="1000" name="in_stream_V_strb_V">
<pin_list>
<pin id="13" dir="1" index="0" bw="1" slack="0"/>
</pin_list>
<bind>
<StgValue><ssdm name="in_stream_V_strb_V"/></StgValue>
</bind>
</comp>

<comp id="14" class="1000" name="in_stream_V_last_V">
<pin_list>
<pin id="15" dir="1" index="0" bw="1" slack="0"/>
</pin_list>
<bind>
<StgValue><ssdm name="in_stream_V_last_V"/></StgValue>
</bind>
</comp>

<comp id="16" class="1001" name="const_16">
<pin_list>
<pin id="17" dir="1" index="0" bw="1" slack="0"/>
</pin_list>
<bind>
<StgValue><ssdm name=""/></StgValue>
</bind>
</comp>

<comp id="18" class="1001" name="const_18">
<pin_list>
<pin id="19" dir="1" index="0" bw="1" slack="2147483647"/>
</pin_list>
<bind>
<StgValue><ssdm name="_ssdm_op_SpecAXISSideChannel"/></StgValue>
</bind>
</comp>

<comp id="20" class="1001" name="const_20">
<pin_list>
<pin id="21" dir="1" index="0" bw="1" slack="2147483647"/>
</pin_list>
<bind>
<StgValue><ssdm name=""/></StgValue>
</bind>
</comp>

<comp id="22" class="1001" name="const_22">
<pin_list>
<pin id="23" dir="1" index="0" bw="1" slack="2147483647"/>
</pin_list>
<bind>
<StgValue><ssdm name="empty_5"/></StgValue>
</bind>
</comp>

<comp id="24" class="1001" name="const_24">
<pin_list>
<pin id="25" dir="1" index="0" bw="1" slack="2147483647"/>
</pin_list>
<bind>
<StgValue><ssdm name="_ssdm_op_SpecInterface"/></StgValue>
</bind>
</comp>

<comp id="26" class="1001" name="const_26">
<pin_list>
<pin id="27" dir="1" index="0" bw="1" slack="2147483647"/>
</pin_list>
<bind>
<StgValue><ssdm name="empty"/></StgValue>
</bind>
</comp>

<comp id="28" class="1001" name="const_28">
<pin_list>
<pin id="29" dir="1" index="0" bw="1" slack="2147483647"/>
</pin_list>
<bind>
<StgValue><ssdm name=""/></StgValue>
</bind>
</comp>

<comp id="30" class="1001" name="const_30">
<pin_list>
<pin id="31" dir="1" index="0" bw="1" slack="2147483647"/>
</pin_list>
<bind>
<StgValue><ssdm name="empty_0"/></StgValue>
</bind>
</comp>

<comp id="32" class="1001" name="const_32">
<pin_list>
<pin id="33" dir="1" index="0" bw="1" slack="2147483647"/>
</pin_list>
<bind>
<StgValue><ssdm name="empty_1"/></StgValue>
</bind>
</comp>

<comp id="34" class="1001" name="const_34">
<pin_list>
<pin id="35" dir="1" index="0" bw="1" slack="2147483647"/>
</pin_list>
<bind>
<StgValue><ssdm name=""/></StgValue>
</bind>
</comp>

<comp id="36" class="1001" name="const_36">
<pin_list>
<pin id="37" dir="1" index="0" bw="1" slack="0"/>
</pin_list>
<bind>
<StgValue><ssdm name=""/></StgValue>
</bind>
</comp>

<comp id="38" class="1001" name="const_38">
<pin_list>
<pin id="39" dir="1" index="0" bw="1" slack="0"/>
</pin_list>
<bind>
<StgValue><ssdm name=""/></StgValue>
</bind>
</comp>

<comp id="40" class="1001" name="const_40">
<pin_list>
<pin id="41" dir="1" index="0" bw="1" slack="0"/>
</pin_list>
<bind>
<StgValue><ssdm name=""/></StgValue>
</bind>
</comp>

<comp id="42" class="1001" name="const_42">
<pin_list>
<pin id="43" dir="1" index="0" bw="1" slack="0"/>
</pin_list>
<bind>
<StgValue><ssdm name=""/></StgValue>
</bind>
</comp>

<comp id="44" class="1001" name="const_44">
<pin_list>
<pin id="45" dir="1" index="0" bw="1" slack="0"/>
</pin_list>
<bind>
<StgValue><ssdm name=""/></StgValue>
</bind>
</comp>

<comp id="46" class="1001" name="const_46">
<pin_list>
<pin id="47" dir="1" index="0" bw="1" slack="0"/>
</pin_list>
<bind>
<StgValue><ssdm name=""/></StgValue>
</bind>
</comp>

<comp id="48" class="1001" name="const_48">
<pin_list>
<pin id="49" dir="1" index="0" bw="1" slack="0"/>
</pin_list>
<bind>
<StgValue><ssdm name="_ssdm_op_PartSelect.i2.i5.i32.i32"/></StgValue>
</bind>
</comp>

<comp id="50" class="1001" name="const_50">
<pin_list>
<pin id="51" dir="1" index="0" bw="1" slack="0"/>
</pin_list>
<bind>
<StgValue><ssdm name=""/></StgValue>
</bind>
</comp>

<comp id="52" class="1001" name="const_52">
<pin_list>
<pin id="53" dir="1" index="0" bw="1" slack="0"/>
</pin_list>
<bind>
<StgValue><ssdm name=""/></StgValue>
</bind>
</comp>

<comp id="54" class="1001" name="const_54">
<pin_list>
<pin id="55" dir="1" index="0" bw="1" slack="0"/>
</pin_list>
<bind>
<StgValue><ssdm name="_ssdm_op_BitConcatenate.i6.i2.i4"/></StgValue>
</bind>
</comp>

<comp id="56" class="1001" name="const_56">
<pin_list>
<pin id="57" dir="1" index="0" bw="1" slack="0"/>
</pin_list>
<bind>
<StgValue><ssdm name=""/></StgValue>
</bind>
</comp>

<comp id="58" class="1001" name="const_58">
<pin_list>
<pin id="59" dir="1" index="0" bw="1" slack="0"/>
</pin_list>
<bind>
<StgValue><ssdm name=""/></StgValue>
</bind>
</comp>

<comp id="60" class="1001" name="const_60">
<pin_list>
<pin id="61" dir="1" index="0" bw="1" slack="0"/>
</pin_list>
<bind>
<StgValue><ssdm name=""/></StgValue>
</bind>
</comp>

<comp id="62" class="1001" name="const_62">
<pin_list>
<pin id="63" dir="1" index="0" bw="1" slack="0"/>
</pin_list>
<bind>
<StgValue><ssdm name=""/></StgValue>
</bind>
</comp>

<comp id="64" class="1001" name="const_64">
<pin_list>
<pin id="65" dir="1" index="0" bw="1" slack="2147483647"/>
</pin_list>
<bind>
<StgValue><ssdm name="_ssdm_op_SpecLoopName"/></StgValue>
</bind>
</comp>

<comp id="66" class="1001" name="const_66">
<pin_list>
<pin id="67" dir="1" index="0" bw="1" slack="2147483647"/>
</pin_list>
<bind>
<StgValue><ssdm name="VITIS_LOOP_74_6_VITIS_LOOP_75_7_str"/></StgValue>
</bind>
</comp>

<comp id="68" class="1001" name="const_68">
<pin_list>
<pin id="69" dir="1" index="0" bw="1" slack="2147483647"/>
</pin_list>
<bind>
<StgValue><ssdm name="_ssdm_op_SpecLoopTripCount"/></StgValue>
</bind>
</comp>

<comp id="70" class="1001" name="const_70">
<pin_list>
<pin id="71" dir="1" index="0" bw="1" slack="2147483647"/>
</pin_list>
<bind>
<StgValue><ssdm name=""/></StgValue>
</bind>
</comp>

<comp id="72" class="1001" name="const_72">
<pin_list>
<pin id="73" dir="1" index="0" bw="1" slack="0"/>
</pin_list>
<bind>
<StgValue><ssdm name=""/></StgValue>
</bind>
</comp>

<comp id="74" class="1001" name="const_74">
<pin_list>
<pin id="75" dir="1" index="0" bw="1" slack="2147483647"/>
</pin_list>
<bind>
<StgValue><ssdm name="_ssdm_op_SpecPipeline"/></StgValue>
</bind>
</comp>

<comp id="76" class="1001" name="const_76">
<pin_list>
<pin id="77" dir="1" index="0" bw="1" slack="0"/>
</pin_list>
<bind>
<StgValue><ssdm name="_ssdm_op_Read.axis.volatile.i32P0A.i4P0A.i4P0A.i1P0A"/></StgValue>
</bind>
</comp>

<comp id="78" class="1004" name="j_fu_78">
<pin_list>
<pin id="79" dir="0" index="0" bw="1" slack="0"/>
<pin id="80" dir="1" index="1" bw="5" slack="0"/>
</pin_list>
<bind>
<opcode="alloca(26) " fcode="alloca"/>
<opset="j/1 "/>
</bind>
</comp>

<comp id="82" class="1004" name="i_fu_82">
<pin_list>
<pin id="83" dir="0" index="0" bw="1" slack="0"/>
<pin id="84" dir="1" index="1" bw="5" slack="0"/>
</pin_list>
<bind>
<opcode="alloca(26) " fcode="alloca"/>
<opset="i/1 "/>
</bind>
</comp>

<comp id="86" class="1004" name="indvar_flatten14_fu_86">
<pin_list>
<pin id="87" dir="0" index="0" bw="1" slack="0"/>
<pin id="88" dir="1" index="1" bw="9" slack="0"/>
</pin_list>
<bind>
<opcode="alloca(26) " fcode="alloca"/>
<opset="indvar_flatten14/1 "/>
</bind>
</comp>

<comp id="90" class="1004" name="empty_13_read_fu_90">
<pin_list>
<pin id="91" dir="0" index="0" bw="41" slack="0"/>
<pin id="92" dir="0" index="1" bw="32" slack="0"/>
<pin id="93" dir="0" index="2" bw="4" slack="0"/>
<pin id="94" dir="0" index="3" bw="4" slack="0"/>
<pin id="95" dir="0" index="4" bw="1" slack="0"/>
<pin id="96" dir="1" index="5" bw="41" slack="0"/>
</pin_list>
<bind>
<opcode="read(1150) " fcode="read"/>
<opset="empty_13/3 "/>
</bind>
</comp>

<comp id="102" class="1004" name="B_addr_gep_fu_102">
<pin_list>
<pin id="103" dir="0" index="0" bw="32" slack="0"/>
<pin id="104" dir="0" index="1" bw="1" slack="0"/>
<pin id="105" dir="0" index="2" bw="6" slack="0"/>
<pin id="106" dir="1" index="3" bw="6" slack="0"/>
</pin_list>
<bind>
<opcode="getelementptr(29) " fcode="getelementptr"/>
<opset="B_addr/3 "/>
</bind>
</comp>

<comp id="109" class="1004" name="B_1_addr_gep_fu_109">
<pin_list>
<pin id="110" dir="0" index="0" bw="32" slack="0"/>
<pin id="111" dir="0" index="1" bw="1" slack="0"/>
<pin id="112" dir="0" index="2" bw="6" slack="0"/>
<pin id="113" dir="1" index="3" bw="6" slack="0"/>
</pin_list>
<bind>
<opcode="getelementptr(29) " fcode="getelementptr"/>
<opset="B_1_addr/3 "/>
</bind>
</comp>

<comp id="116" class="1004" name="B_2_addr_gep_fu_116">
<pin_list>
<pin id="117" dir="0" index="0" bw="32" slack="0"/>
<pin id="118" dir="0" index="1" bw="1" slack="0"/>
<pin id="119" dir="0" index="2" bw="6" slack="0"/>
<pin id="120" dir="1" index="3" bw="6" slack="0"/>
</pin_list>
<bind>
<opcode="getelementptr(29) " fcode="getelementptr"/>
<opset="B_2_addr/3 "/>
</bind>
</comp>

<comp id="123" class="1004" name="B_3_addr_gep_fu_123">
<pin_list>
<pin id="124" dir="0" index="0" bw="32" slack="0"/>
<pin id="125" dir="0" index="1" bw="1" slack="0"/>
<pin id="126" dir="0" index="2" bw="6" slack="0"/>
<pin id="127" dir="1" index="3" bw="6" slack="0"/>
</pin_list>
<bind>
<opcode="getelementptr(29) " fcode="getelementptr"/>
<opset="B_3_addr/3 "/>
</bind>
</comp>

<comp id="130" class="1004" name="store_ln77_access_fu_130">
<pin_list>
<pin id="131" dir="0" index="0" bw="6" slack="0"/>
<pin id="132" dir="0" index="1" bw="32" slack="0"/>
<pin id="133" dir="0" index="2" bw="0" slack="2147483647"/>
<pin id="134" dir="1" index="3" bw="32" slack="2147483647"/>
</pin_list>
<bind>
<opcode="store(28) " fcode="store"/>
<opset="store_ln77/3 "/>
</bind>
</comp>

<comp id="136" class="1004" name="store_ln77_access_fu_136">
<pin_list>
<pin id="137" dir="0" index="0" bw="6" slack="0"/>
<pin id="138" dir="0" index="1" bw="32" slack="0"/>
<pin id="139" dir="0" index="2" bw="0" slack="2147483647"/>
<pin id="140" dir="1" index="3" bw="32" slack="2147483647"/>
</pin_list>
<bind>
<opcode="store(28) " fcode="store"/>
<opset="store_ln77/3 "/>
</bind>
</comp>

<comp id="142" class="1004" name="store_ln77_access_fu_142">
<pin_list>
<pin id="143" dir="0" index="0" bw="6" slack="0"/>
<pin id="144" dir="0" index="1" bw="32" slack="0"/>
<pin id="145" dir="0" index="2" bw="0" slack="2147483647"/>
<pin id="146" dir="1" index="3" bw="32" slack="2147483647"/>
</pin_list>
<bind>
<opcode="store(28) " fcode="store"/>
<opset="store_ln77/3 "/>
</bind>
</comp>

<comp id="148" class="1004" name="store_ln77_access_fu_148">
<pin_list>
<pin id="149" dir="0" index="0" bw="6" slack="0"/>
<pin id="150" dir="0" index="1" bw="32" slack="0"/>
<pin id="151" dir="0" index="2" bw="0" slack="2147483647"/>
<pin id="152" dir="1" index="3" bw="32" slack="2147483647"/>
</pin_list>
<bind>
<opcode="store(28) " fcode="store"/>
<opset="store_ln77/3 "/>
</bind>
</comp>

<comp id="154" class="1004" name="store_ln0_store_fu_154">
<pin_list>
<pin id="155" dir="0" index="0" bw="1" slack="0"/>
<pin id="156" dir="0" index="1" bw="9" slack="0"/>
<pin id="157" dir="1" index="2" bw="0" slack="2147483647"/>
</pin_list>
<bind>
<opcode="store(28) " fcode="store"/>
<opset="store_ln0/1 "/>
</bind>
</comp>

<comp id="159" class="1004" name="store_ln52_store_fu_159">
<pin_list>
<pin id="160" dir="0" index="0" bw="1" slack="0"/>
<pin id="161" dir="0" index="1" bw="5" slack="0"/>
<pin id="162" dir="1" index="2" bw="0" slack="2147483647"/>
</pin_list>
<bind>
<opcode="store(28) " fcode="store"/>
<opset="store_ln52/1 "/>
</bind>
</comp>

<comp id="164" class="1004" name="store_ln52_store_fu_164">
<pin_list>
<pin id="165" dir="0" index="0" bw="1" slack="0"/>
<pin id="166" dir="0" index="1" bw="5" slack="0"/>
<pin id="167" dir="1" index="2" bw="0" slack="2147483647"/>
</pin_list>
<bind>
<opcode="store(28) " fcode="store"/>
<opset="store_ln52/1 "/>
</bind>
</comp>

<comp id="169" class="1004" name="indvar_flatten14_load_load_fu_169">
<pin_list>
<pin id="170" dir="0" index="0" bw="9" slack="0"/>
<pin id="171" dir="1" index="1" bw="9" slack="0"/>
</pin_list>
<bind>
<opcode="load(27) " fcode="load"/>
<opset="indvar_flatten14_load/1 "/>
</bind>
</comp>

<comp id="172" class="1004" name="icmp_ln74_fu_172">
<pin_list>
<pin id="173" dir="0" index="0" bw="9" slack="0"/>
<pin id="174" dir="0" index="1" bw="9" slack="0"/>
<pin id="175" dir="1" index="2" bw="1" slack="1"/>
</pin_list>
<bind>
<opcode="icmp(45) " fcode="icmp"/>
<opset="icmp_ln74/1 "/>
</bind>
</comp>

<comp id="178" class="1004" name="add_ln74_1_fu_178">
<pin_list>
<pin id="179" dir="0" index="0" bw="9" slack="0"/>
<pin id="180" dir="0" index="1" bw="1" slack="0"/>
<pin id="181" dir="1" index="2" bw="9" slack="0"/>
</pin_list>
<bind>
<opcode="add(8) " fcode="add"/>
<opset="add_ln74_1/1 "/>
</bind>
</comp>

<comp id="184" class="1004" name="store_ln74_store_fu_184">
<pin_list>
<pin id="185" dir="0" index="0" bw="9" slack="0"/>
<pin id="186" dir="0" index="1" bw="9" slack="0"/>
<pin id="187" dir="1" index="2" bw="0" slack="2147483647"/>
</pin_list>
<bind>
<opcode="store(28) " fcode="store"/>
<opset="store_ln74/1 "/>
</bind>
</comp>

<comp id="189" class="1004" name="j_load_load_fu_189">
<pin_list>
<pin id="190" dir="0" index="0" bw="5" slack="1"/>
<pin id="191" dir="1" index="1" bw="5" slack="0"/>
</pin_list>
<bind>
<opcode="load(27) " fcode="load"/>
<opset="j_load/2 "/>
</bind>
</comp>

<comp id="192" class="1004" name="i_load_load_fu_192">
<pin_list>
<pin id="193" dir="0" index="0" bw="5" slack="1"/>
<pin id="194" dir="1" index="1" bw="5" slack="0"/>
</pin_list>
<bind>
<opcode="load(27) " fcode="load"/>
<opset="i_load/2 "/>
</bind>
</comp>

<comp id="195" class="1004" name="add_ln74_fu_195">
<pin_list>
<pin id="196" dir="0" index="0" bw="5" slack="0"/>
<pin id="197" dir="0" index="1" bw="1" slack="0"/>
<pin id="198" dir="1" index="2" bw="5" slack="0"/>
</pin_list>
<bind>
<opcode="add(8) " fcode="add"/>
<opset="add_ln74/2 "/>
</bind>
</comp>

<comp id="201" class="1004" name="icmp_ln75_fu_201">
<pin_list>
<pin id="202" dir="0" index="0" bw="5" slack="0"/>
<pin id="203" dir="0" index="1" bw="5" slack="0"/>
<pin id="204" dir="1" index="2" bw="1" slack="0"/>
</pin_list>
<bind>
<opcode="icmp(45) " fcode="icmp"/>
<opset="icmp_ln75/2 "/>
</bind>
</comp>

<comp id="207" class="1004" name="select_ln52_fu_207">
<pin_list>
<pin id="208" dir="0" index="0" bw="1" slack="0"/>
<pin id="209" dir="0" index="1" bw="1" slack="0"/>
<pin id="210" dir="0" index="2" bw="5" slack="0"/>
<pin id="211" dir="1" index="3" bw="5" slack="0"/>
</pin_list>
<bind>
<opcode="select(49) " fcode="select"/>
<opset="select_ln52/2 "/>
</bind>
</comp>

<comp id="215" class="1004" name="select_ln74_fu_215">
<pin_list>
<pin id="216" dir="0" index="0" bw="1" slack="0"/>
<pin id="217" dir="0" index="1" bw="5" slack="0"/>
<pin id="218" dir="0" index="2" bw="5" slack="0"/>
<pin id="219" dir="1" index="3" bw="5" slack="0"/>
</pin_list>
<bind>
<opcode="select(49) " fcode="select"/>
<opset="select_ln74/2 "/>
</bind>
</comp>

<comp id="223" class="1004" name="trunc_ln74_fu_223">
<pin_list>
<pin id="224" dir="0" index="0" bw="5" slack="0"/>
<pin id="225" dir="1" index="1" bw="2" slack="0"/>
</pin_list>
<bind>
<opcode="trunc(33) " fcode="trunc"/>
<opset="trunc_ln74/2 "/>
</bind>
</comp>

<comp id="227" class="1004" name="lshr_ln_fu_227">
<pin_list>
<pin id="228" dir="0" index="0" bw="2" slack="0"/>
<pin id="229" dir="0" index="1" bw="5" slack="0"/>
<pin id="230" dir="0" index="2" bw="3" slack="0"/>
<pin id="231" dir="0" index="3" bw="3" slack="0"/>
<pin id="232" dir="1" index="4" bw="2" slack="0"/>
</pin_list>
<bind>
<opcode="partselect(1002) " fcode="partselect"/>
<opset="lshr_ln/2 "/>
</bind>
</comp>

<comp id="237" class="1004" name="tmp_3_fu_237">
<pin_list>
<pin id="238" dir="0" index="0" bw="6" slack="0"/>
<pin id="239" dir="0" index="1" bw="2" slack="0"/>
<pin id="240" dir="0" index="2" bw="1" slack="0"/>
<pin id="241" dir="1" index="3" bw="6" slack="0"/>
</pin_list>
<bind>
<opcode="bitconcatenate(1004) " fcode="bitconcatenate"/>
<opset="tmp_3/2 "/>
</bind>
</comp>

<comp id="245" class="1004" name="zext_ln77_fu_245">
<pin_list>
<pin id="246" dir="0" index="0" bw="5" slack="0"/>
<pin id="247" dir="1" index="1" bw="6" slack="0"/>
</pin_list>
<bind>
<opcode="zext(34) " fcode="zext"/>
<opset="zext_ln77/2 "/>
</bind>
</comp>

<comp id="249" class="1004" name="add_ln77_fu_249">
<pin_list>
<pin id="250" dir="0" index="0" bw="6" slack="0"/>
<pin id="251" dir="0" index="1" bw="5" slack="0"/>
<pin id="252" dir="1" index="2" bw="6" slack="1"/>
</pin_list>
<bind>
<opcode="add(8) " fcode="add"/>
<opset="add_ln77/2 "/>
</bind>
</comp>

<comp id="255" class="1004" name="switch_ln77_fu_255">
<pin_list>
<pin id="256" dir="0" index="0" bw="2" slack="0"/>
<pin id="257" dir="0" index="1" bw="1" slack="0"/>
<pin id="258" dir="0" index="2" bw="1" slack="0"/>
<pin id="259" dir="0" index="3" bw="2" slack="0"/>
<pin id="260" dir="1" index="4" bw="0" slack="2147483647"/>
</pin_list>
<bind>
<opcode="switch(3) " fcode="switch"/>
<opset="switch_ln77/2 "/>
</bind>
</comp>

<comp id="265" class="1004" name="add_ln75_fu_265">
<pin_list>
<pin id="266" dir="0" index="0" bw="5" slack="0"/>
<pin id="267" dir="0" index="1" bw="1" slack="0"/>
<pin id="268" dir="1" index="2" bw="5" slack="0"/>
</pin_list>
<bind>
<opcode="add(8) " fcode="add"/>
<opset="add_ln75/2 "/>
</bind>
</comp>

<comp id="271" class="1004" name="store_ln52_store_fu_271">
<pin_list>
<pin id="272" dir="0" index="0" bw="5" slack="0"/>
<pin id="273" dir="0" index="1" bw="5" slack="1"/>
<pin id="274" dir="1" index="2" bw="0" slack="2147483647"/>
</pin_list>
<bind>
<opcode="store(28) " fcode="store"/>
<opset="store_ln52/2 "/>
</bind>
</comp>

<comp id="276" class="1004" name="store_ln52_store_fu_276">
<pin_list>
<pin id="277" dir="0" index="0" bw="5" slack="0"/>
<pin id="278" dir="0" index="1" bw="5" slack="1"/>
<pin id="279" dir="1" index="2" bw="0" slack="2147483647"/>
</pin_list>
<bind>
<opcode="store(28) " fcode="store"/>
<opset="store_ln52/2 "/>
</bind>
</comp>

<comp id="281" class="1004" name="zext_ln77_1_fu_281">
<pin_list>
<pin id="282" dir="0" index="0" bw="6" slack="1"/>
<pin id="283" dir="1" index="1" bw="64" slack="0"/>
</pin_list>
<bind>
<opcode="zext(34) " fcode="zext"/>
<opset="zext_ln77_1/3 "/>
</bind>
</comp>

<comp id="288" class="1004" name="x_data_fu_288">
<pin_list>
<pin id="289" dir="0" index="0" bw="41" slack="0"/>
<pin id="290" dir="1" index="1" bw="32" slack="0"/>
</pin_list>
<bind>
<opcode="extractvalue(56) " fcode="extractvalue"/>
<opset="x_data/3 "/>
</bind>
</comp>

<comp id="292" class="1004" name="bitcast_ln20_fu_292">
<pin_list>
<pin id="293" dir="0" index="0" bw="32" slack="0"/>
<pin id="294" dir="1" index="1" bw="32" slack="0"/>
</pin_list>
<bind>
<opcode="bitcast(44) " fcode="bitcast"/>
<opset="bitcast_ln20/3 "/>
</bind>
</comp>

<comp id="300" class="1005" name="j_reg_300">
<pin_list>
<pin id="301" dir="0" index="0" bw="5" slack="0"/>
<pin id="302" dir="1" index="1" bw="5" slack="0"/>
</pin_list>
<bind>
<opset="j "/>
</bind>
</comp>

<comp id="307" class="1005" name="i_reg_307">
<pin_list>
<pin id="308" dir="0" index="0" bw="5" slack="0"/>
<pin id="309" dir="1" index="1" bw="5" slack="0"/>
</pin_list>
<bind>
<opset="i "/>
</bind>
</comp>

<comp id="314" class="1005" name="indvar_flatten14_reg_314">
<pin_list>
<pin id="315" dir="0" index="0" bw="9" slack="0"/>
<pin id="316" dir="1" index="1" bw="9" slack="0"/>
</pin_list>
<bind>
<opset="indvar_flatten14 "/>
</bind>
</comp>

<comp id="321" class="1005" name="icmp_ln74_reg_321">
<pin_list>
<pin id="322" dir="0" index="0" bw="1" slack="1"/>
<pin id="323" dir="1" index="1" bw="1" slack="2147483647"/>
</pin_list>
<bind>
<opset="icmp_ln74 "/>
</bind>
</comp>

<comp id="325" class="1005" name="trunc_ln74_reg_325">
<pin_list>
<pin id="326" dir="0" index="0" bw="2" slack="1"/>
<pin id="327" dir="1" index="1" bw="2" slack="2147483647"/>
</pin_list>
<bind>
<opset="trunc_ln74 "/>
</bind>
</comp>

<comp id="329" class="1005" name="add_ln77_reg_329">
<pin_list>
<pin id="330" dir="0" index="0" bw="6" slack="1"/>
<pin id="331" dir="1" index="1" bw="6" slack="1"/>
</pin_list>
<bind>
<opset="add_ln77 "/>
</bind>
</comp>

</comp_list>

<net_list>
<net id="81"><net_src comp="16" pin="0"/><net_sink comp="78" pin=0"/></net>

<net id="85"><net_src comp="16" pin="0"/><net_sink comp="82" pin=0"/></net>

<net id="89"><net_src comp="16" pin="0"/><net_sink comp="86" pin=0"/></net>

<net id="97"><net_src comp="76" pin="0"/><net_sink comp="90" pin=0"/></net>

<net id="98"><net_src comp="8" pin="0"/><net_sink comp="90" pin=1"/></net>

<net id="99"><net_src comp="10" pin="0"/><net_sink comp="90" pin=2"/></net>

<net id="100"><net_src comp="12" pin="0"/><net_sink comp="90" pin=3"/></net>

<net id="101"><net_src comp="14" pin="0"/><net_sink comp="90" pin=4"/></net>

<net id="107"><net_src comp="0" pin="0"/><net_sink comp="102" pin=0"/></net>

<net id="108"><net_src comp="72" pin="0"/><net_sink comp="102" pin=1"/></net>

<net id="114"><net_src comp="2" pin="0"/><net_sink comp="109" pin=0"/></net>

<net id="115"><net_src comp="72" pin="0"/><net_sink comp="109" pin=1"/></net>

<net id="121"><net_src comp="4" pin="0"/><net_sink comp="116" pin=0"/></net>

<net id="122"><net_src comp="72" pin="0"/><net_sink comp="116" pin=1"/></net>

<net id="128"><net_src comp="6" pin="0"/><net_sink comp="123" pin=0"/></net>

<net id="129"><net_src comp="72" pin="0"/><net_sink comp="123" pin=1"/></net>

<net id="135"><net_src comp="116" pin="3"/><net_sink comp="130" pin=0"/></net>

<net id="141"><net_src comp="109" pin="3"/><net_sink comp="136" pin=0"/></net>

<net id="147"><net_src comp="102" pin="3"/><net_sink comp="142" pin=0"/></net>

<net id="153"><net_src comp="123" pin="3"/><net_sink comp="148" pin=0"/></net>

<net id="158"><net_src comp="36" pin="0"/><net_sink comp="154" pin=0"/></net>

<net id="163"><net_src comp="38" pin="0"/><net_sink comp="159" pin=0"/></net>

<net id="168"><net_src comp="38" pin="0"/><net_sink comp="164" pin=0"/></net>

<net id="176"><net_src comp="169" pin="1"/><net_sink comp="172" pin=0"/></net>

<net id="177"><net_src comp="40" pin="0"/><net_sink comp="172" pin=1"/></net>

<net id="182"><net_src comp="169" pin="1"/><net_sink comp="178" pin=0"/></net>

<net id="183"><net_src comp="42" pin="0"/><net_sink comp="178" pin=1"/></net>

<net id="188"><net_src comp="178" pin="2"/><net_sink comp="184" pin=0"/></net>

<net id="199"><net_src comp="192" pin="1"/><net_sink comp="195" pin=0"/></net>

<net id="200"><net_src comp="44" pin="0"/><net_sink comp="195" pin=1"/></net>

<net id="205"><net_src comp="189" pin="1"/><net_sink comp="201" pin=0"/></net>

<net id="206"><net_src comp="46" pin="0"/><net_sink comp="201" pin=1"/></net>

<net id="212"><net_src comp="201" pin="2"/><net_sink comp="207" pin=0"/></net>

<net id="213"><net_src comp="38" pin="0"/><net_sink comp="207" pin=1"/></net>

<net id="214"><net_src comp="189" pin="1"/><net_sink comp="207" pin=2"/></net>

<net id="220"><net_src comp="201" pin="2"/><net_sink comp="215" pin=0"/></net>

<net id="221"><net_src comp="195" pin="2"/><net_sink comp="215" pin=1"/></net>

<net id="222"><net_src comp="192" pin="1"/><net_sink comp="215" pin=2"/></net>

<net id="226"><net_src comp="215" pin="3"/><net_sink comp="223" pin=0"/></net>

<net id="233"><net_src comp="48" pin="0"/><net_sink comp="227" pin=0"/></net>

<net id="234"><net_src comp="215" pin="3"/><net_sink comp="227" pin=1"/></net>

<net id="235"><net_src comp="50" pin="0"/><net_sink comp="227" pin=2"/></net>

<net id="236"><net_src comp="52" pin="0"/><net_sink comp="227" pin=3"/></net>

<net id="242"><net_src comp="54" pin="0"/><net_sink comp="237" pin=0"/></net>

<net id="243"><net_src comp="227" pin="4"/><net_sink comp="237" pin=1"/></net>

<net id="244"><net_src comp="56" pin="0"/><net_sink comp="237" pin=2"/></net>

<net id="248"><net_src comp="207" pin="3"/><net_sink comp="245" pin=0"/></net>

<net id="253"><net_src comp="237" pin="3"/><net_sink comp="249" pin=0"/></net>

<net id="254"><net_src comp="245" pin="1"/><net_sink comp="249" pin=1"/></net>

<net id="261"><net_src comp="223" pin="1"/><net_sink comp="255" pin=0"/></net>

<net id="262"><net_src comp="58" pin="0"/><net_sink comp="255" pin=1"/></net>

<net id="263"><net_src comp="60" pin="0"/><net_sink comp="255" pin=2"/></net>

<net id="264"><net_src comp="62" pin="0"/><net_sink comp="255" pin=3"/></net>

<net id="269"><net_src comp="207" pin="3"/><net_sink comp="265" pin=0"/></net>

<net id="270"><net_src comp="44" pin="0"/><net_sink comp="265" pin=1"/></net>

<net id="275"><net_src comp="215" pin="3"/><net_sink comp="271" pin=0"/></net>

<net id="280"><net_src comp="265" pin="2"/><net_sink comp="276" pin=0"/></net>

<net id="284"><net_src comp="281" pin="1"/><net_sink comp="102" pin=2"/></net>

<net id="285"><net_src comp="281" pin="1"/><net_sink comp="109" pin=2"/></net>

<net id="286"><net_src comp="281" pin="1"/><net_sink comp="116" pin=2"/></net>

<net id="287"><net_src comp="281" pin="1"/><net_sink comp="123" pin=2"/></net>

<net id="291"><net_src comp="90" pin="5"/><net_sink comp="288" pin=0"/></net>

<net id="295"><net_src comp="288" pin="1"/><net_sink comp="292" pin=0"/></net>

<net id="296"><net_src comp="292" pin="1"/><net_sink comp="130" pin=1"/></net>

<net id="297"><net_src comp="292" pin="1"/><net_sink comp="136" pin=1"/></net>

<net id="298"><net_src comp="292" pin="1"/><net_sink comp="142" pin=1"/></net>

<net id="299"><net_src comp="292" pin="1"/><net_sink comp="148" pin=1"/></net>

<net id="303"><net_src comp="78" pin="1"/><net_sink comp="300" pin=0"/></net>

<net id="304"><net_src comp="300" pin="1"/><net_sink comp="164" pin=1"/></net>

<net id="305"><net_src comp="300" pin="1"/><net_sink comp="189" pin=0"/></net>

<net id="306"><net_src comp="300" pin="1"/><net_sink comp="276" pin=1"/></net>

<net id="310"><net_src comp="82" pin="1"/><net_sink comp="307" pin=0"/></net>

<net id="311"><net_src comp="307" pin="1"/><net_sink comp="159" pin=1"/></net>

<net id="312"><net_src comp="307" pin="1"/><net_sink comp="192" pin=0"/></net>

<net id="313"><net_src comp="307" pin="1"/><net_sink comp="271" pin=1"/></net>

<net id="317"><net_src comp="86" pin="1"/><net_sink comp="314" pin=0"/></net>

<net id="318"><net_src comp="314" pin="1"/><net_sink comp="154" pin=1"/></net>

<net id="319"><net_src comp="314" pin="1"/><net_sink comp="169" pin=0"/></net>

<net id="320"><net_src comp="314" pin="1"/><net_sink comp="184" pin=1"/></net>

<net id="324"><net_src comp="172" pin="2"/><net_sink comp="321" pin=0"/></net>

<net id="328"><net_src comp="223" pin="1"/><net_sink comp="325" pin=0"/></net>

<net id="332"><net_src comp="249" pin="2"/><net_sink comp="329" pin=0"/></net>

<net id="333"><net_src comp="329" pin="1"/><net_sink comp="281" pin=0"/></net>

</net_list>

</model> 
---------------- Datapath Model END ------------------

* FSMD analyzer results:
  - Output states:
	Port: B | {3 }
	Port: B_1 | {3 }
	Port: B_2 | {3 }
	Port: B_3 | {3 }
 - Input state : 
	Port: stream_matmul_Pipeline_VITIS_LOOP_74_6_VITIS_LOOP_75_7 : in_stream_V_data_V | {3 }
	Port: stream_matmul_Pipeline_VITIS_LOOP_74_6_VITIS_LOOP_75_7 : in_stream_V_keep_V | {3 }
	Port: stream_matmul_Pipeline_VITIS_LOOP_74_6_VITIS_LOOP_75_7 : in_stream_V_strb_V | {3 }
	Port: stream_matmul_Pipeline_VITIS_LOOP_74_6_VITIS_LOOP_75_7 : in_stream_V_last_V | {3 }
  - Chain level:
	State 1
		store_ln0 : 1
		store_ln52 : 1
		store_ln52 : 1
		indvar_flatten14_load : 1
		icmp_ln74 : 2
		add_ln74_1 : 2
		br_ln74 : 3
		store_ln74 : 3
	State 2
		add_ln74 : 1
		icmp_ln75 : 1
		select_ln52 : 2
		select_ln74 : 2
		trunc_ln74 : 3
		lshr_ln : 3
		tmp_3 : 4
		zext_ln77 : 3
		add_ln77 : 5
		switch_ln77 : 4
		add_ln75 : 3
		store_ln52 : 3
		store_ln52 : 4
	State 3
		B_addr : 1
		B_1_addr : 1
		B_2_addr : 1
		B_3_addr : 1
		bitcast_ln20 : 1
		store_ln77 : 2
		store_ln77 : 2
		store_ln77 : 2
		store_ln77 : 2


============================================================
+ Verbose Summary: Datapath Resource usage 
============================================================

* Functional unit list:
|----------|---------------------|---------|---------|
| Operation|   Functional Unit   |    FF   |   LUT   |
|----------|---------------------|---------|---------|
|          |  add_ln74_1_fu_178  |    0    |    14   |
|    add   |   add_ln74_fu_195   |    0    |    13   |
|          |   add_ln77_fu_249   |    0    |    14   |
|          |   add_ln75_fu_265   |    0    |    13   |
|----------|---------------------|---------|---------|
|   icmp   |   icmp_ln74_fu_172  |    0    |    14   |
|          |   icmp_ln75_fu_201  |    0    |    13   |
|----------|---------------------|---------|---------|
|  select  |  select_ln52_fu_207 |    0    |    5    |
|          |  select_ln74_fu_215 |    0    |    5    |
|----------|---------------------|---------|---------|
|   read   | empty_13_read_fu_90 |    0    |    0    |
|----------|---------------------|---------|---------|
|   trunc  |  trunc_ln74_fu_223  |    0    |    0    |
|----------|---------------------|---------|---------|
|partselect|    lshr_ln_fu_227   |    0    |    0    |
|----------|---------------------|---------|---------|
|bitconcatenate|     tmp_3_fu_237    |    0    |    0    |
|----------|---------------------|---------|---------|
|   zext   |   zext_ln77_fu_245  |    0    |    0    |
|          |  zext_ln77_1_fu_281 |    0    |    0    |
|----------|---------------------|---------|---------|
|  switch  |  switch_ln77_fu_255 |    0    |    0    |
|----------|---------------------|---------|---------|
|extractvalue|    x_data_fu_288    |    0    |    0    |
|----------|---------------------|---------|---------|
|   Total  |                     |    0    |    91   |
|----------|---------------------|---------|---------|

Memories:
N/A

* Register list:
+------------------------+--------+
|                        |   FF   |
+------------------------+--------+
|    add_ln77_reg_329    |    6   |
|        i_reg_307       |    5   |
|    icmp_ln74_reg_321   |    1   |
|indvar_flatten14_reg_314|    9   |
|        j_reg_300       |    5   |
|   trunc_ln74_reg_325   |    2   |
+------------------------+--------+
|          Total         |   28   |
+------------------------+--------+

* Multiplexer (MUX) list: 
|--------|------|------|------|--------|
|  Comp  |  Pin | Size |  BW  | S x BW |
|--------|------|------|------|--------|
|  Total |      |      |      |    0   |
|--------|------|------|------|--------|



* Summary:
+-----------+--------+--------+
|           |   FF   |   LUT  |
+-----------+--------+--------+
|  Function |    0   |   91   |
|   Memory  |    -   |    -   |
|Multiplexer|    -   |    -   |
|  Register |   28   |    -   |
+-----------+--------+--------+
|   Total   |   28   |   91   |
+-----------+--------+--------+
