

================================================================
== Vitis HLS Report for 'stream_matmul_Pipeline_read_b_i_read_b_j'
================================================================
* Date:           Tue May 19 17:15:03 2026

* Version:        2025.2 (Build 6295257 on Nov 14 2025)
* Project:        stream_matmul
* Solution:       hls (Vivado IP Flow Target)
* Product family: zynq
* Target device:  xc7z010-clg400-1


================================================================
== Performance Estimates
================================================================
+ Timing: 
    * Summary: 
    +--------+----------+----------+------------+
    |  Clock |  Target  | Estimated| Uncertainty|
    +--------+----------+----------+------------+
    |ap_clk  |  10.00 ns|  6.363 ns|     2.70 ns|
    +--------+----------+----------+------------+

+ Latency: 
    * Summary: 
    +---------+---------+----------+----------+-----+-----+-------------------+
    |  Latency (cycles) |  Latency (absolute) |  Interval |      Pipeline     |
    |   min   |   max   |    min   |    max   | min | max |        Type       |
    +---------+---------+----------+----------+-----+-----+-------------------+
    |      259|      259|  2.590 us|  2.590 us|    0|    0|  loop pipeline stp|
    +---------+---------+----------+----------+-----+-----+-------------------+

    + Detail: 
        * Instance: 
        N/A

        * Loop: 
        +---------------------+---------+---------+----------+-----------+-----------+------+----------+
        |                     |  Latency (cycles) | Iteration|  Initiation Interval  | Trip |          |
        |      Loop Name      |   min   |   max   |  Latency |  achieved |   target  | Count| Pipelined|
        +---------------------+---------+---------+----------+-----------+-----------+------+----------+
        |- read_b_i_read_b_j  |      257|      257|         3|          1|          1|   256|       yes|
        +---------------------+---------+---------+----------+-----------+-----------+------+----------+



================================================================
== Utilization Estimates
================================================================
* Summary: 
+-----------------+---------+----+-------+-------+-----+
|       Name      | BRAM_18K| DSP|   FF  |  LUT  | URAM|
+-----------------+---------+----+-------+-------+-----+
|DSP              |        -|   -|      -|      -|    -|
|Expression       |        -|   -|      0|     95|    -|
|FIFO             |        -|   -|      -|      -|    -|
|Instance         |        -|   -|      -|      -|    -|
|Memory           |        -|   -|      -|      -|    -|
|Multiplexer      |        -|   -|      0|     63|    -|
|Register         |        -|   -|     32|      -|    -|
+-----------------+---------+----+-------+-------+-----+
|Total            |        0|   0|     32|    158|    0|
+-----------------+---------+----+-------+-------+-----+
|Available        |      120|  80|  35200|  17600|    0|
+-----------------+---------+----+-------+-------+-----+
|Utilization (%)  |        0|   0|     ~0|     ~0|    0|
+-----------------+---------+----+-------+-------+-----+

+ Detail: 
    * Instance: 
    N/A

    * DSP: 
    N/A

    * Memory: 
    N/A

    * FIFO: 
    N/A

    * Expression: 
    +---------------------------+----------+----+---+----+------------+------------+
    |       Variable Name       | Operation| DSP| FF| LUT| Bitwidth P0| Bitwidth P1|
    +---------------------------+----------+----+---+----+------------+------------+
    |add_ln132_1_fu_178_p2      |         +|   0|  0|  14|           9|           1|
    |add_ln132_fu_195_p2        |         +|   0|  0|  13|           5|           1|
    |add_ln134_fu_265_p2        |         +|   0|  0|  13|           5|           1|
    |add_ln137_fu_249_p2        |         +|   0|  0|  14|           6|           6|
    |ap_block_pp0_stage0_11001  |       and|   0|  0|   2|           1|           1|
    |icmp_ln132_fu_172_p2       |      icmp|   0|  0|  13|           9|          10|
    |icmp_ln134_fu_201_p2       |      icmp|   0|  0|  14|           5|           6|
    |select_ln132_fu_215_p3     |    select|   0|  0|   5|           1|           5|
    |select_ln84_fu_207_p3      |    select|   0|  0|   5|           1|           1|
    |ap_enable_pp0              |       xor|   0|  0|   2|           1|           2|
    +---------------------------+----------+----+---+----+------------+------------+
    |Total                      |          |   0|  0|  95|          43|          34|
    +---------------------------+----------+----+---+----+------------+------------+

    * Multiplexer: 
    +----------------------------------------+----+-----------+-----+-----------+
    |                  Name                  | LUT| Input Size| Bits| Total Bits|
    +----------------------------------------+----+-----------+-----+-----------+
    |ap_done_int                             |   9|          2|    1|          2|
    |ap_enable_reg_pp0_iter1                 |   9|          2|    1|          2|
    |ap_sig_allocacmp_indvar_flatten13_load  |   9|          2|    9|         18|
    |i_fu_82                                 |   9|          2|    5|         10|
    |in_stream_TDATA_blk_n                   |   9|          2|    1|          2|
    |indvar_flatten13_fu_86                  |   9|          2|    9|         18|
    |j_fu_78                                 |   9|          2|    5|         10|
    +----------------------------------------+----+-----------+-----+-----------+
    |Total                                   |  63|         14|   31|         62|
    +----------------------------------------+----+-----------+-----+-----------+

    * Register: 
    +----------------------------------+---+----+-----+-----------+
    |               Name               | FF| LUT| Bits| Const Bits|
    +----------------------------------+---+----+-----+-----------+
    |add_ln137_reg_329                 |  6|   0|    6|          0|
    |ap_CS_fsm                         |  1|   0|    1|          0|
    |ap_done_reg                       |  1|   0|    1|          0|
    |ap_enable_reg_pp0_iter1           |  1|   0|    1|          0|
    |ap_enable_reg_pp0_iter2           |  1|   0|    1|          0|
    |ap_loop_exit_ready_pp0_iter1_reg  |  1|   0|    1|          0|
    |i_fu_82                           |  5|   0|    5|          0|
    |indvar_flatten13_fu_86            |  9|   0|    9|          0|
    |j_fu_78                           |  5|   0|    5|          0|
    |trunc_ln132_reg_325               |  2|   0|    2|          0|
    +----------------------------------+---+----+-----+-----------+
    |Total                             | 32|   0|   32|          0|
    +----------------------------------+---+----+-----+-----------+



================================================================
== Interface
================================================================
* Summary: 
+------------------+-----+-----+------------+------------------------------------------+--------------+
|     RTL Ports    | Dir | Bits|  Protocol  |               Source Object              |    C Type    |
+------------------+-----+-----+------------+------------------------------------------+--------------+
|ap_clk            |   in|    1|  ap_ctrl_hs|  stream_matmul_Pipeline_read_b_i_read_b_j|  return value|
|ap_rst            |   in|    1|  ap_ctrl_hs|  stream_matmul_Pipeline_read_b_i_read_b_j|  return value|
|ap_start          |   in|    1|  ap_ctrl_hs|  stream_matmul_Pipeline_read_b_i_read_b_j|  return value|
|ap_done           |  out|    1|  ap_ctrl_hs|  stream_matmul_Pipeline_read_b_i_read_b_j|  return value|
|ap_idle           |  out|    1|  ap_ctrl_hs|  stream_matmul_Pipeline_read_b_i_read_b_j|  return value|
|ap_ready          |  out|    1|  ap_ctrl_hs|  stream_matmul_Pipeline_read_b_i_read_b_j|  return value|
|in_stream_TVALID  |   in|    1|        axis|                        in_stream_V_data_V|       pointer|
|in_stream_TDATA   |   in|   32|        axis|                        in_stream_V_data_V|       pointer|
|B_address0        |  out|    6|   ap_memory|                                         B|         array|
|B_ce0             |  out|    1|   ap_memory|                                         B|         array|
|B_we0             |  out|    1|   ap_memory|                                         B|         array|
|B_d0              |  out|   16|   ap_memory|                                         B|         array|
|B_1_address0      |  out|    6|   ap_memory|                                       B_1|         array|
|B_1_ce0           |  out|    1|   ap_memory|                                       B_1|         array|
|B_1_we0           |  out|    1|   ap_memory|                                       B_1|         array|
|B_1_d0            |  out|   16|   ap_memory|                                       B_1|         array|
|B_2_address0      |  out|    6|   ap_memory|                                       B_2|         array|
|B_2_ce0           |  out|    1|   ap_memory|                                       B_2|         array|
|B_2_we0           |  out|    1|   ap_memory|                                       B_2|         array|
|B_2_d0            |  out|   16|   ap_memory|                                       B_2|         array|
|B_3_address0      |  out|    6|   ap_memory|                                       B_3|         array|
|B_3_ce0           |  out|    1|   ap_memory|                                       B_3|         array|
|B_3_we0           |  out|    1|   ap_memory|                                       B_3|         array|
|B_3_d0            |  out|   16|   ap_memory|                                       B_3|         array|
|in_stream_TREADY  |  out|    1|        axis|                        in_stream_V_last_V|       pointer|
|in_stream_TLAST   |   in|    1|        axis|                        in_stream_V_last_V|       pointer|
|in_stream_TKEEP   |   in|    4|        axis|                        in_stream_V_keep_V|       pointer|
|in_stream_TSTRB   |   in|    4|        axis|                        in_stream_V_strb_V|       pointer|
+------------------+-----+-----+------------+------------------------------------------+--------------+

============================================================
+ Verbose Summary: Synthesis Manager
============================================================
InlineROM: 1
ExposeGlobal: 0
============================================================
+ Verbose Summary: CDFG Model
============================================================
IsTopModel: 0
ResetActiveHigh: 1
IsCombinational: 2
IsDatapathOnly: 2
HasWiredReturn: 1
HasMFsm: 2
HasVarLatency: 1
IsPipeline: 0
IsRtlPipelined: 0
IsInstanceOverlapped: 0
IsDontTouch: 0
HasImplIP: 0
IsGatedGlobalClock: 0

+ Individual pipeline summary: 
  * Pipeline-0: initiation interval (II) = 1, depth = 3


============================================================
+ Verbose Summary: Schedule
============================================================
* Number of FSM states : 3
* Pipeline : 1
  Pipeline-0 : II = 1, D = 3, States = { 1 2 3 }
* Dataflow Pipeline: 0

* FSM state transitions: 
1 --> 2 
2 --> 3 
3 --> 

* FSM state operations: 

State 1 <SV = 0> <Delay = 4.99>
ST_1 : Operation 6 [1/1] (0.00ns)   --->   "%j = alloca i32 1" [../stream_matmul_fixedPoint.cpp:84]   --->   Operation 6 'alloca' 'j' <Predicate = true> <Delay = 0.00>
ST_1 : Operation 7 [1/1] (0.00ns)   --->   "%i = alloca i32 1" [../stream_matmul_fixedPoint.cpp:84]   --->   Operation 7 'alloca' 'i' <Predicate = true> <Delay = 0.00>
ST_1 : Operation 8 [1/1] (0.00ns)   --->   "%indvar_flatten13 = alloca i32 1"   --->   Operation 8 'alloca' 'indvar_flatten13' <Predicate = true> <Delay = 0.00>
ST_1 : Operation 9 [1/1] (0.00ns)   --->   "%specaxissidechannel_ln0 = specaxissidechannel void @_ssdm_op_SpecAXISSideChannel, i32 %in_stream_V_data_V, i4 %in_stream_V_keep_V, i4 %in_stream_V_strb_V, i1 0, i1 %in_stream_V_last_V, i1 0, i1 0, void @empty_7"   --->   Operation 9 'specaxissidechannel' 'specaxissidechannel_ln0' <Predicate = true> <Delay = 0.00>
ST_1 : Operation 10 [1/1] (0.00ns)   --->   "%specinterface_ln0 = specinterface void @_ssdm_op_SpecInterface, i1 %in_stream_V_last_V, void @empty, i32 0, i32 0, void @empty_0, i32 0, i32 0, void @empty_1, void @empty_1, void @empty_1, i32 0, i32 0, i32 0, i32 0, void @empty_1, void @empty_1, i32 4294967295, i32 0, i32 0, i32 0"   --->   Operation 10 'specinterface' 'specinterface_ln0' <Predicate = true> <Delay = 0.00>
ST_1 : Operation 11 [1/1] (0.00ns)   --->   "%specinterface_ln0 = specinterface void @_ssdm_op_SpecInterface, i4 %in_stream_V_strb_V, void @empty, i32 0, i32 0, void @empty_0, i32 0, i32 0, void @empty_1, void @empty_1, void @empty_1, i32 0, i32 0, i32 0, i32 0, void @empty_1, void @empty_1, i32 4294967295, i32 0, i32 0, i32 0"   --->   Operation 11 'specinterface' 'specinterface_ln0' <Predicate = true> <Delay = 0.00>
ST_1 : Operation 12 [1/1] (0.00ns)   --->   "%specinterface_ln0 = specinterface void @_ssdm_op_SpecInterface, i4 %in_stream_V_keep_V, void @empty, i32 0, i32 0, void @empty_0, i32 0, i32 0, void @empty_1, void @empty_1, void @empty_1, i32 0, i32 0, i32 0, i32 0, void @empty_1, void @empty_1, i32 4294967295, i32 0, i32 0, i32 0"   --->   Operation 12 'specinterface' 'specinterface_ln0' <Predicate = true> <Delay = 0.00>
ST_1 : Operation 13 [1/1] (0.00ns)   --->   "%specinterface_ln0 = specinterface void @_ssdm_op_SpecInterface, i32 %in_stream_V_data_V, void @empty, i32 0, i32 0, void @empty_0, i32 0, i32 0, void @empty_1, void @empty_1, void @empty_1, i32 0, i32 0, i32 0, i32 0, void @empty_1, void @empty_1, i32 4294967295, i32 0, i32 0, i32 0"   --->   Operation 13 'specinterface' 'specinterface_ln0' <Predicate = true> <Delay = 0.00>
ST_1 : Operation 14 [1/1] (1.58ns)   --->   "%store_ln0 = store i9 0, i9 %indvar_flatten13"   --->   Operation 14 'store' 'store_ln0' <Predicate = true> <Delay = 1.58>
ST_1 : Operation 15 [1/1] (1.58ns)   --->   "%store_ln84 = store i5 0, i5 %i" [../stream_matmul_fixedPoint.cpp:84]   --->   Operation 15 'store' 'store_ln84' <Predicate = true> <Delay = 1.58>
ST_1 : Operation 16 [1/1] (1.58ns)   --->   "%store_ln84 = store i5 0, i5 %j" [../stream_matmul_fixedPoint.cpp:84]   --->   Operation 16 'store' 'store_ln84' <Predicate = true> <Delay = 1.58>
ST_1 : Operation 17 [1/1] (0.00ns)   --->   "%br_ln84 = br void %for.inc46" [../stream_matmul_fixedPoint.cpp:84]   --->   Operation 17 'br' 'br_ln84' <Predicate = true> <Delay = 0.00>
ST_1 : Operation 18 [1/1] (0.00ns)   --->   "%indvar_flatten13_load = load i9 %indvar_flatten13" [../stream_matmul_fixedPoint.cpp:132]   --->   Operation 18 'load' 'indvar_flatten13_load' <Predicate = true> <Delay = 0.00>
ST_1 : Operation 19 [1/1] (1.82ns)   --->   "%icmp_ln132 = icmp_eq  i9 %indvar_flatten13_load, i9 256" [../stream_matmul_fixedPoint.cpp:132]   --->   Operation 19 'icmp' 'icmp_ln132' <Predicate = true> <Delay = 1.82> <CoreInst = "Cmp">   --->   Core 9 'Cmp' <Latency = 0> <II = 1> <Delay = 1.73> <FuncUnit> <Opcode : 'seteq' 'setne' 'setle' 'setge' 'setlt' 'setgt'> <InPorts = 2> <OutPorts = 1>
ST_1 : Operation 20 [1/1] (1.82ns)   --->   "%add_ln132_1 = add i9 %indvar_flatten13_load, i9 1" [../stream_matmul_fixedPoint.cpp:132]   --->   Operation 20 'add' 'add_ln132_1' <Predicate = true> <Delay = 1.82> <CoreInst = "Adder">   --->   Core 1 'Adder' <Latency = 0> <II = 1> <Delay = 1.82> <FuncUnit> <Opcode : 'add' 'sub'> <InPorts = 2> <OutPorts = 1>
ST_1 : Operation 21 [1/1] (0.00ns)   --->   "%br_ln132 = br i1 %icmp_ln132, void %for.inc49, void %compute_j.preheader.exitStub" [../stream_matmul_fixedPoint.cpp:132]   --->   Operation 21 'br' 'br_ln132' <Predicate = true> <Delay = 0.00>
ST_1 : Operation 22 [1/1] (1.58ns)   --->   "%store_ln132 = store i9 %add_ln132_1, i9 %indvar_flatten13" [../stream_matmul_fixedPoint.cpp:132]   --->   Operation 22 'store' 'store_ln132' <Predicate = (!icmp_ln132)> <Delay = 1.58>

State 2 <SV = 1> <Delay = 6.36>
ST_2 : Operation 23 [1/1] (0.00ns)   --->   "%j_load = load i5 %j" [../stream_matmul_fixedPoint.cpp:134]   --->   Operation 23 'load' 'j_load' <Predicate = true> <Delay = 0.00>
ST_2 : Operation 24 [1/1] (0.00ns)   --->   "%i_load = load i5 %i" [../stream_matmul_fixedPoint.cpp:132]   --->   Operation 24 'load' 'i_load' <Predicate = true> <Delay = 0.00>
ST_2 : Operation 25 [1/1] (1.78ns)   --->   "%add_ln132 = add i5 %i_load, i5 1" [../stream_matmul_fixedPoint.cpp:132]   --->   Operation 25 'add' 'add_ln132' <Predicate = true> <Delay = 1.78> <CoreInst = "Adder">   --->   Core 1 'Adder' <Latency = 0> <II = 1> <Delay = 1.78> <FuncUnit> <Opcode : 'add' 'sub'> <InPorts = 2> <OutPorts = 1>
ST_2 : Operation 26 [1/1] (1.78ns)   --->   "%icmp_ln134 = icmp_eq  i5 %j_load, i5 16" [../stream_matmul_fixedPoint.cpp:134]   --->   Operation 26 'icmp' 'icmp_ln134' <Predicate = true> <Delay = 1.78> <CoreInst = "Cmp">   --->   Core 9 'Cmp' <Latency = 0> <II = 1> <Delay = 1.82> <FuncUnit> <Opcode : 'seteq' 'setne' 'setle' 'setge' 'setlt' 'setgt'> <InPorts = 2> <OutPorts = 1>
ST_2 : Operation 27 [1/1] (1.21ns)   --->   "%select_ln84 = select i1 %icmp_ln134, i5 0, i5 %j_load" [../stream_matmul_fixedPoint.cpp:84]   --->   Operation 27 'select' 'select_ln84' <Predicate = true> <Delay = 1.21> <CoreInst = "Sel">   --->   Core 73 'Sel' <Latency = 0> <II = 1> <Delay = 1.21> <FuncUnit> <Opcode : 'select'> <InPorts = 3> <OutPorts = 1>
ST_2 : Operation 28 [1/1] (1.21ns)   --->   "%select_ln132 = select i1 %icmp_ln134, i5 %add_ln132, i5 %i_load" [../stream_matmul_fixedPoint.cpp:132]   --->   Operation 28 'select' 'select_ln132' <Predicate = true> <Delay = 1.21> <CoreInst = "Sel">   --->   Core 73 'Sel' <Latency = 0> <II = 1> <Delay = 1.21> <FuncUnit> <Opcode : 'select'> <InPorts = 3> <OutPorts = 1>
ST_2 : Operation 29 [1/1] (0.00ns)   --->   "%trunc_ln132 = trunc i5 %select_ln132" [../stream_matmul_fixedPoint.cpp:132]   --->   Operation 29 'trunc' 'trunc_ln132' <Predicate = true> <Delay = 0.00>
ST_2 : Operation 30 [1/1] (0.00ns)   --->   "%lshr_ln84_2 = partselect i2 @_ssdm_op_PartSelect.i2.i5.i32.i32, i5 %select_ln132, i32 2, i32 3" [../stream_matmul_fixedPoint.cpp:84]   --->   Operation 30 'partselect' 'lshr_ln84_2' <Predicate = true> <Delay = 0.00>
ST_2 : Operation 31 [1/1] (0.00ns)   --->   "%tmp_s = bitconcatenate i6 @_ssdm_op_BitConcatenate.i6.i2.i4, i2 %lshr_ln84_2, i4 0" [../stream_matmul_fixedPoint.cpp:137]   --->   Operation 31 'bitconcatenate' 'tmp_s' <Predicate = true> <Delay = 0.00>
ST_2 : Operation 32 [1/1] (0.00ns)   --->   "%zext_ln137 = zext i5 %select_ln84" [../stream_matmul_fixedPoint.cpp:137]   --->   Operation 32 'zext' 'zext_ln137' <Predicate = true> <Delay = 0.00>
ST_2 : Operation 33 [1/1] (1.82ns)   --->   "%add_ln137 = add i6 %tmp_s, i6 %zext_ln137" [../stream_matmul_fixedPoint.cpp:137]   --->   Operation 33 'add' 'add_ln137' <Predicate = true> <Delay = 1.82> <CoreInst = "Adder">   --->   Core 1 'Adder' <Latency = 0> <II = 1> <Delay = 1.82> <FuncUnit> <Opcode : 'add' 'sub'> <InPorts = 2> <OutPorts = 1>
ST_2 : Operation 34 [1/1] (1.56ns)   --->   "%switch_ln137 = switch i2 %trunc_ln132, void %arrayidx456.case.3, i2 0, void %arrayidx456.case.0, i2 1, void %arrayidx456.case.1, i2 2, void %arrayidx456.case.2" [../stream_matmul_fixedPoint.cpp:137]   --->   Operation 34 'switch' 'switch_ln137' <Predicate = true> <Delay = 1.56>
ST_2 : Operation 35 [1/1] (1.78ns)   --->   "%add_ln134 = add i5 %select_ln84, i5 1" [../stream_matmul_fixedPoint.cpp:134]   --->   Operation 35 'add' 'add_ln134' <Predicate = true> <Delay = 1.78> <CoreInst = "Adder">   --->   Core 1 'Adder' <Latency = 0> <II = 1> <Delay = 1.78> <FuncUnit> <Opcode : 'add' 'sub'> <InPorts = 2> <OutPorts = 1>
ST_2 : Operation 36 [1/1] (1.58ns)   --->   "%store_ln84 = store i5 %select_ln132, i5 %i" [../stream_matmul_fixedPoint.cpp:84]   --->   Operation 36 'store' 'store_ln84' <Predicate = true> <Delay = 1.58>
ST_2 : Operation 37 [1/1] (1.58ns)   --->   "%store_ln84 = store i5 %add_ln134, i5 %j" [../stream_matmul_fixedPoint.cpp:84]   --->   Operation 37 'store' 'store_ln84' <Predicate = true> <Delay = 1.58>
ST_2 : Operation 38 [1/1] (0.00ns)   --->   "%br_ln134 = br void %for.inc46" [../stream_matmul_fixedPoint.cpp:134]   --->   Operation 38 'br' 'br_ln134' <Predicate = true> <Delay = 0.00>
ST_2 : Operation 58 [1/1] (1.58ns)   --->   "%ret_ln0 = ret"   --->   Operation 58 'ret' 'ret_ln0' <Predicate = (icmp_ln132)> <Delay = 1.58>

State 3 <SV = 2> <Delay = 3.77>
ST_3 : Operation 39 [1/1] (0.00ns)   --->   "%specloopname_ln0 = specloopname void @_ssdm_op_SpecLoopName, void @read_b_i_read_b_j_str"   --->   Operation 39 'specloopname' 'specloopname_ln0' <Predicate = true> <Delay = 0.00>
ST_3 : Operation 40 [1/1] (0.00ns)   --->   "%speclooptripcount_ln0 = speclooptripcount void @_ssdm_op_SpecLoopTripCount, i64 256, i64 256, i64 256"   --->   Operation 40 'speclooptripcount' 'speclooptripcount_ln0' <Predicate = true> <Delay = 0.00>
ST_3 : Operation 41 [1/1] (0.00ns)   --->   "%zext_ln137_1 = zext i6 %add_ln137" [../stream_matmul_fixedPoint.cpp:137]   --->   Operation 41 'zext' 'zext_ln137_1' <Predicate = true> <Delay = 0.00>
ST_3 : Operation 42 [1/1] (0.00ns)   --->   "%B_addr = getelementptr i16 %B, i64 0, i64 %zext_ln137_1" [../stream_matmul_fixedPoint.cpp:137]   --->   Operation 42 'getelementptr' 'B_addr' <Predicate = true> <Delay = 0.00>
ST_3 : Operation 43 [1/1] (0.00ns)   --->   "%B_1_addr = getelementptr i16 %B_1, i64 0, i64 %zext_ln137_1" [../stream_matmul_fixedPoint.cpp:137]   --->   Operation 43 'getelementptr' 'B_1_addr' <Predicate = true> <Delay = 0.00>
ST_3 : Operation 44 [1/1] (0.00ns)   --->   "%B_2_addr = getelementptr i16 %B_2, i64 0, i64 %zext_ln137_1" [../stream_matmul_fixedPoint.cpp:137]   --->   Operation 44 'getelementptr' 'B_2_addr' <Predicate = true> <Delay = 0.00>
ST_3 : Operation 45 [1/1] (0.00ns)   --->   "%B_3_addr = getelementptr i16 %B_3, i64 0, i64 %zext_ln137_1" [../stream_matmul_fixedPoint.cpp:137]   --->   Operation 45 'getelementptr' 'B_3_addr' <Predicate = true> <Delay = 0.00>
ST_3 : Operation 46 [1/1] (0.00ns)   --->   "%specpipeline_ln135 = specpipeline void @_ssdm_op_SpecPipeline, i32 1, i32 0, i32 0, i32 0, i32 4294967295, void @empty_1" [../stream_matmul_fixedPoint.cpp:135]   --->   Operation 46 'specpipeline' 'specpipeline_ln135' <Predicate = true> <Delay = 0.00>
ST_3 : Operation 47 [1/1] ( I:0.51ns O:0.51ns )   --->   "%empty = read i41 @_ssdm_op_Read.axis.volatile.i32P0A.i4P0A.i4P0A.i1P0A, i32 %in_stream_V_data_V, i4 %in_stream_V_keep_V, i4 %in_stream_V_strb_V, i1 %in_stream_V_last_V" [../stream_matmul_fixedPoint.cpp:136]   --->   Operation 47 'read' 'empty' <Predicate = true> <Delay = 0.51> <CoreInst = "regslice">   --->   Core 135 'regslice' <Latency = 0> <II = 1> <Delay = 1.86> <Adapter> <Opcode : 'read' 'write'>
ST_3 : Operation 48 [1/1] (0.00ns)   --->   "%word_data = extractvalue i41 %empty" [../stream_matmul_fixedPoint.cpp:136]   --->   Operation 48 'extractvalue' 'word_data' <Predicate = true> <Delay = 0.00>
ST_3 : Operation 49 [1/1] (0.00ns)   --->   "%value = trunc i32 %word_data" [../stream_matmul_fixedPoint.cpp:44->../stream_matmul_fixedPoint.cpp:137]   --->   Operation 49 'trunc' 'value' <Predicate = true> <Delay = 0.00>
ST_3 : Operation 50 [1/1] ( I:3.25ns O:3.25ns )   --->   "%store_ln137 = store i16 %value, i6 %B_2_addr" [../stream_matmul_fixedPoint.cpp:137]   --->   Operation 50 'store' 'store_ln137' <Predicate = (trunc_ln132 == 2)> <Delay = 3.25> <CoreInst = "RAM">   --->   Core 81 'RAM' <Latency = 1> <II = 1> <Delay = 3.25> <Storage> <Opcode : 'load' 'store'> <Ports = 2> <Width = 16> <Depth = 64> <RAM>
ST_3 : Operation 51 [1/1] (0.00ns)   --->   "%br_ln137 = br void %arrayidx456.exit" [../stream_matmul_fixedPoint.cpp:137]   --->   Operation 51 'br' 'br_ln137' <Predicate = (trunc_ln132 == 2)> <Delay = 0.00>
ST_3 : Operation 52 [1/1] ( I:3.25ns O:3.25ns )   --->   "%store_ln137 = store i16 %value, i6 %B_1_addr" [../stream_matmul_fixedPoint.cpp:137]   --->   Operation 52 'store' 'store_ln137' <Predicate = (trunc_ln132 == 1)> <Delay = 3.25> <CoreInst = "RAM">   --->   Core 81 'RAM' <Latency = 1> <II = 1> <Delay = 3.25> <Storage> <Opcode : 'load' 'store'> <Ports = 2> <Width = 16> <Depth = 64> <RAM>
ST_3 : Operation 53 [1/1] (0.00ns)   --->   "%br_ln137 = br void %arrayidx456.exit" [../stream_matmul_fixedPoint.cpp:137]   --->   Operation 53 'br' 'br_ln137' <Predicate = (trunc_ln132 == 1)> <Delay = 0.00>
ST_3 : Operation 54 [1/1] ( I:3.25ns O:3.25ns )   --->   "%store_ln137 = store i16 %value, i6 %B_addr" [../stream_matmul_fixedPoint.cpp:137]   --->   Operation 54 'store' 'store_ln137' <Predicate = (trunc_ln132 == 0)> <Delay = 3.25> <CoreInst = "RAM">   --->   Core 81 'RAM' <Latency = 1> <II = 1> <Delay = 3.25> <Storage> <Opcode : 'load' 'store'> <Ports = 2> <Width = 16> <Depth = 64> <RAM>
ST_3 : Operation 55 [1/1] (0.00ns)   --->   "%br_ln137 = br void %arrayidx456.exit" [../stream_matmul_fixedPoint.cpp:137]   --->   Operation 55 'br' 'br_ln137' <Predicate = (trunc_ln132 == 0)> <Delay = 0.00>
ST_3 : Operation 56 [1/1] ( I:3.25ns O:3.25ns )   --->   "%store_ln137 = store i16 %value, i6 %B_3_addr" [../stream_matmul_fixedPoint.cpp:137]   --->   Operation 56 'store' 'store_ln137' <Predicate = (trunc_ln132 == 3)> <Delay = 3.25> <CoreInst = "RAM">   --->   Core 81 'RAM' <Latency = 1> <II = 1> <Delay = 3.25> <Storage> <Opcode : 'load' 'store'> <Ports = 2> <Width = 16> <Depth = 64> <RAM>
ST_3 : Operation 57 [1/1] (0.00ns)   --->   "%br_ln137 = br void %arrayidx456.exit" [../stream_matmul_fixedPoint.cpp:137]   --->   Operation 57 'br' 'br_ln137' <Predicate = (trunc_ln132 == 3)> <Delay = 0.00>


============================================================
+ Verbose Summary: Binding
============================================================
STG Binding: 
---------------- STG Properties BEGIN ----------------
- Is combinational: 0
- Is one-state seq: 0
- Is datapath-only: 0
- Is pipelined: 0
- Is top level: 0
Port [ Return ] is wired: 1; IO mode=ap_ctrl_hs:ce=0
Port [ B]:  wired=1; compound=1; hidden=0; nouse=0; global=0; static=0; extern=0; dir=1; type=1; pingpong=0; private_global=0; MemPort=[03]; IO mode=ap_memory:ce=0
Port [ B_1]:  wired=1; compound=1; hidden=0; nouse=0; global=0; static=0; extern=0; dir=1; type=1; pingpong=0; private_global=0; MemPort=[03]; IO mode=ap_memory:ce=0
Port [ B_2]:  wired=1; compound=1; hidden=0; nouse=0; global=0; static=0; extern=0; dir=1; type=1; pingpong=0; private_global=0; MemPort=[03]; IO mode=ap_memory:ce=0
Port [ B_3]:  wired=1; compound=1; hidden=0; nouse=0; global=0; static=0; extern=0; dir=1; type=1; pingpong=0; private_global=0; MemPort=[03]; IO mode=ap_memory:ce=0
Port [ in_stream_V_data_V]:  wired=1; compound=1; hidden=0; nouse=0; global=0; static=0; extern=0; dir=0; type=0; pingpong=0; private_global=0; IO mode=axis:ce=0
Port [ in_stream_V_keep_V]:  wired=1; compound=1; hidden=0; nouse=0; global=0; static=0; extern=0; dir=0; type=0; pingpong=0; private_global=0; IO mode=axis:ce=0
Port [ in_stream_V_strb_V]:  wired=1; compound=1; hidden=0; nouse=0; global=0; static=0; extern=0; dir=0; type=0; pingpong=0; private_global=0; IO mode=axis:ce=0
Port [ in_stream_V_last_V]:  wired=1; compound=1; hidden=0; nouse=0; global=0; static=0; extern=0; dir=0; type=0; pingpong=0; private_global=0; IO mode=axis:ce=0
---------------- STG Properties END ------------------

---------------- Datapath Model BEGIN ----------------

<LifeTime>
<method=bitvector/>
j                       (alloca             ) [ 0110]
i                       (alloca             ) [ 0110]
indvar_flatten13        (alloca             ) [ 0100]
specaxissidechannel_ln0 (specaxissidechannel) [ 0000]
specinterface_ln0       (specinterface      ) [ 0000]
specinterface_ln0       (specinterface      ) [ 0000]
specinterface_ln0       (specinterface      ) [ 0000]
specinterface_ln0       (specinterface      ) [ 0000]
store_ln0               (store              ) [ 0000]
store_ln84              (store              ) [ 0000]
store_ln84              (store              ) [ 0000]
br_ln84                 (br                 ) [ 0000]
indvar_flatten13_load   (load               ) [ 0000]
icmp_ln132              (icmp               ) [ 0110]
add_ln132_1             (add                ) [ 0000]
br_ln132                (br                 ) [ 0000]
store_ln132             (store              ) [ 0000]
j_load                  (load               ) [ 0000]
i_load                  (load               ) [ 0000]
add_ln132               (add                ) [ 0000]
icmp_ln134              (icmp               ) [ 0000]
select_ln84             (select             ) [ 0000]
select_ln132            (select             ) [ 0000]
trunc_ln132             (trunc              ) [ 0101]
lshr_ln84_2             (partselect         ) [ 0000]
tmp_s                   (bitconcatenate     ) [ 0000]
zext_ln137              (zext               ) [ 0000]
add_ln137               (add                ) [ 0101]
switch_ln137            (switch             ) [ 0000]
add_ln134               (add                ) [ 0000]
store_ln84              (store              ) [ 0000]
store_ln84              (store              ) [ 0000]
br_ln134                (br                 ) [ 0000]
specloopname_ln0        (specloopname       ) [ 0000]
speclooptripcount_ln0   (speclooptripcount  ) [ 0000]
zext_ln137_1            (zext               ) [ 0000]
B_addr                  (getelementptr      ) [ 0000]
B_1_addr                (getelementptr      ) [ 0000]
B_2_addr                (getelementptr      ) [ 0000]
B_3_addr                (getelementptr      ) [ 0000]
specpipeline_ln135      (specpipeline       ) [ 0000]
empty                   (read               ) [ 0000]
word_data               (extractvalue       ) [ 0000]
value                   (trunc              ) [ 0000]
store_ln137             (store              ) [ 0000]
br_ln137                (br                 ) [ 0000]
store_ln137             (store              ) [ 0000]
br_ln137                (br                 ) [ 0000]
store_ln137             (store              ) [ 0000]
br_ln137                (br                 ) [ 0000]
store_ln137             (store              ) [ 0000]
br_ln137                (br                 ) [ 0000]
ret_ln0                 (ret                ) [ 0000]
</LifeTime>

<model>

<comp_list>
<comp id="0" class="1000" name="B">
<pin_list>
<pin id="1" dir="1" index="0" bw="1" slack="0"/>
</pin_list>
<bind>
<StgValue><ssdm name="B"/><MemPortTyVec>0 3 </MemPortTyVec>
</StgValue>
</bind>
</comp>

<comp id="2" class="1000" name="B_1">
<pin_list>
<pin id="3" dir="1" index="0" bw="1" slack="0"/>
</pin_list>
<bind>
<StgValue><ssdm name="B_1"/><MemPortTyVec>0 3 </MemPortTyVec>
</StgValue>
</bind>
</comp>

<comp id="4" class="1000" name="B_2">
<pin_list>
<pin id="5" dir="1" index="0" bw="1" slack="0"/>
</pin_list>
<bind>
<StgValue><ssdm name="B_2"/><MemPortTyVec>0 3 </MemPortTyVec>
</StgValue>
</bind>
</comp>

<comp id="6" class="1000" name="B_3">
<pin_list>
<pin id="7" dir="1" index="0" bw="1" slack="0"/>
</pin_list>
<bind>
<StgValue><ssdm name="B_3"/><MemPortTyVec>0 3 </MemPortTyVec>
</StgValue>
</bind>
</comp>

<comp id="8" class="1000" name="in_stream_V_data_V">
<pin_list>
<pin id="9" dir="1" index="0" bw="1" slack="0"/>
</pin_list>
<bind>
<StgValue><ssdm name="in_stream_V_data_V"/></StgValue>
</bind>
</comp>

<comp id="10" class="1000" name="in_stream_V_keep_V">
<pin_list>
<pin id="11" dir="1" index="0" bw="1" slack="0"/>
</pin_list>
<bind>
<StgValue><ssdm name="in_stream_V_keep_V"/></StgValue>
</bind>
</comp>

<comp id="12" class="1000" name="in_stream_V_strb_V">
<pin_list>
<pin id="13" dir="1" index="0" bw="1" slack="0"/>
</pin_list>
<bind>
<StgValue><ssdm name="in_stream_V_strb_V"/></StgValue>
</bind>
</comp>

<comp id="14" class="1000" name="in_stream_V_last_V">
<pin_list>
<pin id="15" dir="1" index="0" bw="1" slack="0"/>
</pin_list>
<bind>
<StgValue><ssdm name="in_stream_V_last_V"/></StgValue>
</bind>
</comp>

<comp id="16" class="1001" name="const_16">
<pin_list>
<pin id="17" dir="1" index="0" bw="1" slack="0"/>
</pin_list>
<bind>
<StgValue><ssdm name=""/></StgValue>
</bind>
</comp>

<comp id="18" class="1001" name="const_18">
<pin_list>
<pin id="19" dir="1" index="0" bw="1" slack="2147483647"/>
</pin_list>
<bind>
<StgValue><ssdm name="_ssdm_op_SpecAXISSideChannel"/></StgValue>
</bind>
</comp>

<comp id="20" class="1001" name="const_20">
<pin_list>
<pin id="21" dir="1" index="0" bw="1" slack="2147483647"/>
</pin_list>
<bind>
<StgValue><ssdm name=""/></StgValue>
</bind>
</comp>

<comp id="22" class="1001" name="const_22">
<pin_list>
<pin id="23" dir="1" index="0" bw="1" slack="2147483647"/>
</pin_list>
<bind>
<StgValue><ssdm name="empty_7"/></StgValue>
</bind>
</comp>

<comp id="24" class="1001" name="const_24">
<pin_list>
<pin id="25" dir="1" index="0" bw="1" slack="2147483647"/>
</pin_list>
<bind>
<StgValue><ssdm name="_ssdm_op_SpecInterface"/></StgValue>
</bind>
</comp>

<comp id="26" class="1001" name="const_26">
<pin_list>
<pin id="27" dir="1" index="0" bw="1" slack="2147483647"/>
</pin_list>
<bind>
<StgValue><ssdm name="empty"/></StgValue>
</bind>
</comp>

<comp id="28" class="1001" name="const_28">
<pin_list>
<pin id="29" dir="1" index="0" bw="1" slack="2147483647"/>
</pin_list>
<bind>
<StgValue><ssdm name=""/></StgValue>
</bind>
</comp>

<comp id="30" class="1001" name="const_30">
<pin_list>
<pin id="31" dir="1" index="0" bw="1" slack="2147483647"/>
</pin_list>
<bind>
<StgValue><ssdm name="empty_0"/></StgValue>
</bind>
</comp>

<comp id="32" class="1001" name="const_32">
<pin_list>
<pin id="33" dir="1" index="0" bw="1" slack="2147483647"/>
</pin_list>
<bind>
<StgValue><ssdm name="empty_1"/></StgValue>
</bind>
</comp>

<comp id="34" class="1001" name="const_34">
<pin_list>
<pin id="35" dir="1" index="0" bw="1" slack="2147483647"/>
</pin_list>
<bind>
<StgValue><ssdm name=""/></StgValue>
</bind>
</comp>

<comp id="36" class="1001" name="const_36">
<pin_list>
<pin id="37" dir="1" index="0" bw="1" slack="0"/>
</pin_list>
<bind>
<StgValue><ssdm name=""/></StgValue>
</bind>
</comp>

<comp id="38" class="1001" name="const_38">
<pin_list>
<pin id="39" dir="1" index="0" bw="1" slack="0"/>
</pin_list>
<bind>
<StgValue><ssdm name=""/></StgValue>
</bind>
</comp>

<comp id="40" class="1001" name="const_40">
<pin_list>
<pin id="41" dir="1" index="0" bw="1" slack="0"/>
</pin_list>
<bind>
<StgValue><ssdm name=""/></StgValue>
</bind>
</comp>

<comp id="42" class="1001" name="const_42">
<pin_list>
<pin id="43" dir="1" index="0" bw="1" slack="0"/>
</pin_list>
<bind>
<StgValue><ssdm name=""/></StgValue>
</bind>
</comp>

<comp id="44" class="1001" name="const_44">
<pin_list>
<pin id="45" dir="1" index="0" bw="1" slack="0"/>
</pin_list>
<bind>
<StgValue><ssdm name=""/></StgValue>
</bind>
</comp>

<comp id="46" class="1001" name="const_46">
<pin_list>
<pin id="47" dir="1" index="0" bw="1" slack="0"/>
</pin_list>
<bind>
<StgValue><ssdm name=""/></StgValue>
</bind>
</comp>

<comp id="48" class="1001" name="const_48">
<pin_list>
<pin id="49" dir="1" index="0" bw="1" slack="0"/>
</pin_list>
<bind>
<StgValue><ssdm name="_ssdm_op_PartSelect.i2.i5.i32.i32"/></StgValue>
</bind>
</comp>

<comp id="50" class="1001" name="const_50">
<pin_list>
<pin id="51" dir="1" index="0" bw="1" slack="0"/>
</pin_list>
<bind>
<StgValue><ssdm name=""/></StgValue>
</bind>
</comp>

<comp id="52" class="1001" name="const_52">
<pin_list>
<pin id="53" dir="1" index="0" bw="1" slack="0"/>
</pin_list>
<bind>
<StgValue><ssdm name=""/></StgValue>
</bind>
</comp>

<comp id="54" class="1001" name="const_54">
<pin_list>
<pin id="55" dir="1" index="0" bw="1" slack="0"/>
</pin_list>
<bind>
<StgValue><ssdm name="_ssdm_op_BitConcatenate.i6.i2.i4"/></StgValue>
</bind>
</comp>

<comp id="56" class="1001" name="const_56">
<pin_list>
<pin id="57" dir="1" index="0" bw="1" slack="0"/>
</pin_list>
<bind>
<StgValue><ssdm name=""/></StgValue>
</bind>
</comp>

<comp id="58" class="1001" name="const_58">
<pin_list>
<pin id="59" dir="1" index="0" bw="1" slack="0"/>
</pin_list>
<bind>
<StgValue><ssdm name=""/></StgValue>
</bind>
</comp>

<comp id="60" class="1001" name="const_60">
<pin_list>
<pin id="61" dir="1" index="0" bw="1" slack="0"/>
</pin_list>
<bind>
<StgValue><ssdm name=""/></StgValue>
</bind>
</comp>

<comp id="62" class="1001" name="const_62">
<pin_list>
<pin id="63" dir="1" index="0" bw="1" slack="0"/>
</pin_list>
<bind>
<StgValue><ssdm name=""/></StgValue>
</bind>
</comp>

<comp id="64" class="1001" name="const_64">
<pin_list>
<pin id="65" dir="1" index="0" bw="1" slack="2147483647"/>
</pin_list>
<bind>
<StgValue><ssdm name="_ssdm_op_SpecLoopName"/></StgValue>
</bind>
</comp>

<comp id="66" class="1001" name="const_66">
<pin_list>
<pin id="67" dir="1" index="0" bw="1" slack="2147483647"/>
</pin_list>
<bind>
<StgValue><ssdm name="read_b_i_read_b_j_str"/></StgValue>
</bind>
</comp>

<comp id="68" class="1001" name="const_68">
<pin_list>
<pin id="69" dir="1" index="0" bw="1" slack="2147483647"/>
</pin_list>
<bind>
<StgValue><ssdm name="_ssdm_op_SpecLoopTripCount"/></StgValue>
</bind>
</comp>

<comp id="70" class="1001" name="const_70">
<pin_list>
<pin id="71" dir="1" index="0" bw="1" slack="2147483647"/>
</pin_list>
<bind>
<StgValue><ssdm name=""/></StgValue>
</bind>
</comp>

<comp id="72" class="1001" name="const_72">
<pin_list>
<pin id="73" dir="1" index="0" bw="1" slack="0"/>
</pin_list>
<bind>
<StgValue><ssdm name=""/></StgValue>
</bind>
</comp>

<comp id="74" class="1001" name="const_74">
<pin_list>
<pin id="75" dir="1" index="0" bw="1" slack="2147483647"/>
</pin_list>
<bind>
<StgValue><ssdm name="_ssdm_op_SpecPipeline"/></StgValue>
</bind>
</comp>

<comp id="76" class="1001" name="const_76">
<pin_list>
<pin id="77" dir="1" index="0" bw="1" slack="0"/>
</pin_list>
<bind>
<StgValue><ssdm name="_ssdm_op_Read.axis.volatile.i32P0A.i4P0A.i4P0A.i1P0A"/></StgValue>
</bind>
</comp>

<comp id="78" class="1004" name="j_fu_78">
<pin_list>
<pin id="79" dir="0" index="0" bw="1" slack="0"/>
<pin id="80" dir="1" index="1" bw="5" slack="0"/>
</pin_list>
<bind>
<opcode="alloca(26) " fcode="alloca"/>
<opset="j/1 "/>
</bind>
</comp>

<comp id="82" class="1004" name="i_fu_82">
<pin_list>
<pin id="83" dir="0" index="0" bw="1" slack="0"/>
<pin id="84" dir="1" index="1" bw="5" slack="0"/>
</pin_list>
<bind>
<opcode="alloca(26) " fcode="alloca"/>
<opset="i/1 "/>
</bind>
</comp>

<comp id="86" class="1004" name="indvar_flatten13_fu_86">
<pin_list>
<pin id="87" dir="0" index="0" bw="1" slack="0"/>
<pin id="88" dir="1" index="1" bw="9" slack="0"/>
</pin_list>
<bind>
<opcode="alloca(26) " fcode="alloca"/>
<opset="indvar_flatten13/1 "/>
</bind>
</comp>

<comp id="90" class="1004" name="empty_read_fu_90">
<pin_list>
<pin id="91" dir="0" index="0" bw="41" slack="0"/>
<pin id="92" dir="0" index="1" bw="32" slack="0"/>
<pin id="93" dir="0" index="2" bw="4" slack="0"/>
<pin id="94" dir="0" index="3" bw="4" slack="0"/>
<pin id="95" dir="0" index="4" bw="1" slack="0"/>
<pin id="96" dir="1" index="5" bw="41" slack="0"/>
</pin_list>
<bind>
<opcode="read(1150) " fcode="read"/>
<opset="empty/3 "/>
</bind>
</comp>

<comp id="102" class="1004" name="B_addr_gep_fu_102">
<pin_list>
<pin id="103" dir="0" index="0" bw="16" slack="0"/>
<pin id="104" dir="0" index="1" bw="1" slack="0"/>
<pin id="105" dir="0" index="2" bw="6" slack="0"/>
<pin id="106" dir="1" index="3" bw="6" slack="0"/>
</pin_list>
<bind>
<opcode="getelementptr(29) " fcode="getelementptr"/>
<opset="B_addr/3 "/>
</bind>
</comp>

<comp id="109" class="1004" name="B_1_addr_gep_fu_109">
<pin_list>
<pin id="110" dir="0" index="0" bw="16" slack="0"/>
<pin id="111" dir="0" index="1" bw="1" slack="0"/>
<pin id="112" dir="0" index="2" bw="6" slack="0"/>
<pin id="113" dir="1" index="3" bw="6" slack="0"/>
</pin_list>
<bind>
<opcode="getelementptr(29) " fcode="getelementptr"/>
<opset="B_1_addr/3 "/>
</bind>
</comp>

<comp id="116" class="1004" name="B_2_addr_gep_fu_116">
<pin_list>
<pin id="117" dir="0" index="0" bw="16" slack="0"/>
<pin id="118" dir="0" index="1" bw="1" slack="0"/>
<pin id="119" dir="0" index="2" bw="6" slack="0"/>
<pin id="120" dir="1" index="3" bw="6" slack="0"/>
</pin_list>
<bind>
<opcode="getelementptr(29) " fcode="getelementptr"/>
<opset="B_2_addr/3 "/>
</bind>
</comp>

<comp id="123" class="1004" name="B_3_addr_gep_fu_123">
<pin_list>
<pin id="124" dir="0" index="0" bw="16" slack="0"/>
<pin id="125" dir="0" index="1" bw="1" slack="0"/>
<pin id="126" dir="0" index="2" bw="6" slack="0"/>
<pin id="127" dir="1" index="3" bw="6" slack="0"/>
</pin_list>
<bind>
<opcode="getelementptr(29) " fcode="getelementptr"/>
<opset="B_3_addr/3 "/>
</bind>
</comp>

<comp id="130" class="1004" name="store_ln137_access_fu_130">
<pin_list>
<pin id="131" dir="0" index="0" bw="6" slack="0"/>
<pin id="132" dir="0" index="1" bw="16" slack="0"/>
<pin id="133" dir="0" index="2" bw="0" slack="2147483647"/>
<pin id="134" dir="1" index="3" bw="16" slack="2147483647"/>
</pin_list>
<bind>
<opcode="store(28) " fcode="store"/>
<opset="store_ln137/3 "/>
</bind>
</comp>

<comp id="136" class="1004" name="store_ln137_access_fu_136">
<pin_list>
<pin id="137" dir="0" index="0" bw="6" slack="0"/>
<pin id="138" dir="0" index="1" bw="16" slack="0"/>
<pin id="139" dir="0" index="2" bw="0" slack="2147483647"/>
<pin id="140" dir="1" index="3" bw="16" slack="2147483647"/>
</pin_list>
<bind>
<opcode="store(28) " fcode="store"/>
<opset="store_ln137/3 "/>
</bind>
</comp>

<comp id="142" class="1004" name="store_ln137_access_fu_142">
<pin_list>
<pin id="143" dir="0" index="0" bw="6" slack="0"/>
<pin id="144" dir="0" index="1" bw="16" slack="0"/>
<pin id="145" dir="0" index="2" bw="0" slack="2147483647"/>
<pin id="146" dir="1" index="3" bw="16" slack="2147483647"/>
</pin_list>
<bind>
<opcode="store(28) " fcode="store"/>
<opset="store_ln137/3 "/>
</bind>
</comp>

<comp id="148" class="1004" name="store_ln137_access_fu_148">
<pin_list>
<pin id="149" dir="0" index="0" bw="6" slack="0"/>
<pin id="150" dir="0" index="1" bw="16" slack="0"/>
<pin id="151" dir="0" index="2" bw="0" slack="2147483647"/>
<pin id="152" dir="1" index="3" bw="16" slack="2147483647"/>
</pin_list>
<bind>
<opcode="store(28) " fcode="store"/>
<opset="store_ln137/3 "/>
</bind>
</comp>

<comp id="154" class="1004" name="store_ln0_store_fu_154">
<pin_list>
<pin id="155" dir="0" index="0" bw="1" slack="0"/>
<pin id="156" dir="0" index="1" bw="9" slack="0"/>
<pin id="157" dir="1" index="2" bw="0" slack="2147483647"/>
</pin_list>
<bind>
<opcode="store(28) " fcode="store"/>
<opset="store_ln0/1 "/>
</bind>
</comp>

<comp id="159" class="1004" name="store_ln84_store_fu_159">
<pin_list>
<pin id="160" dir="0" index="0" bw="1" slack="0"/>
<pin id="161" dir="0" index="1" bw="5" slack="0"/>
<pin id="162" dir="1" index="2" bw="0" slack="2147483647"/>
</pin_list>
<bind>
<opcode="store(28) " fcode="store"/>
<opset="store_ln84/1 "/>
</bind>
</comp>

<comp id="164" class="1004" name="store_ln84_store_fu_164">
<pin_list>
<pin id="165" dir="0" index="0" bw="1" slack="0"/>
<pin id="166" dir="0" index="1" bw="5" slack="0"/>
<pin id="167" dir="1" index="2" bw="0" slack="2147483647"/>
</pin_list>
<bind>
<opcode="store(28) " fcode="store"/>
<opset="store_ln84/1 "/>
</bind>
</comp>

<comp id="169" class="1004" name="indvar_flatten13_load_load_fu_169">
<pin_list>
<pin id="170" dir="0" index="0" bw="9" slack="0"/>
<pin id="171" dir="1" index="1" bw="9" slack="0"/>
</pin_list>
<bind>
<opcode="load(27) " fcode="load"/>
<opset="indvar_flatten13_load/1 "/>
</bind>
</comp>

<comp id="172" class="1004" name="icmp_ln132_fu_172">
<pin_list>
<pin id="173" dir="0" index="0" bw="9" slack="0"/>
<pin id="174" dir="0" index="1" bw="9" slack="0"/>
<pin id="175" dir="1" index="2" bw="1" slack="1"/>
</pin_list>
<bind>
<opcode="icmp(45) " fcode="icmp"/>
<opset="icmp_ln132/1 "/>
</bind>
</comp>

<comp id="178" class="1004" name="add_ln132_1_fu_178">
<pin_list>
<pin id="179" dir="0" index="0" bw="9" slack="0"/>
<pin id="180" dir="0" index="1" bw="1" slack="0"/>
<pin id="181" dir="1" index="2" bw="9" slack="0"/>
</pin_list>
<bind>
<opcode="add(8) " fcode="add"/>
<opset="add_ln132_1/1 "/>
</bind>
</comp>

<comp id="184" class="1004" name="store_ln132_store_fu_184">
<pin_list>
<pin id="185" dir="0" index="0" bw="9" slack="0"/>
<pin id="186" dir="0" index="1" bw="9" slack="0"/>
<pin id="187" dir="1" index="2" bw="0" slack="2147483647"/>
</pin_list>
<bind>
<opcode="store(28) " fcode="store"/>
<opset="store_ln132/1 "/>
</bind>
</comp>

<comp id="189" class="1004" name="j_load_load_fu_189">
<pin_list>
<pin id="190" dir="0" index="0" bw="5" slack="1"/>
<pin id="191" dir="1" index="1" bw="5" slack="0"/>
</pin_list>
<bind>
<opcode="load(27) " fcode="load"/>
<opset="j_load/2 "/>
</bind>
</comp>

<comp id="192" class="1004" name="i_load_load_fu_192">
<pin_list>
<pin id="193" dir="0" index="0" bw="5" slack="1"/>
<pin id="194" dir="1" index="1" bw="5" slack="0"/>
</pin_list>
<bind>
<opcode="load(27) " fcode="load"/>
<opset="i_load/2 "/>
</bind>
</comp>

<comp id="195" class="1004" name="add_ln132_fu_195">
<pin_list>
<pin id="196" dir="0" index="0" bw="5" slack="0"/>
<pin id="197" dir="0" index="1" bw="1" slack="0"/>
<pin id="198" dir="1" index="2" bw="5" slack="0"/>
</pin_list>
<bind>
<opcode="add(8) " fcode="add"/>
<opset="add_ln132/2 "/>
</bind>
</comp>

<comp id="201" class="1004" name="icmp_ln134_fu_201">
<pin_list>
<pin id="202" dir="0" index="0" bw="5" slack="0"/>
<pin id="203" dir="0" index="1" bw="5" slack="0"/>
<pin id="204" dir="1" index="2" bw="1" slack="0"/>
</pin_list>
<bind>
<opcode="icmp(45) " fcode="icmp"/>
<opset="icmp_ln134/2 "/>
</bind>
</comp>

<comp id="207" class="1004" name="select_ln84_fu_207">
<pin_list>
<pin id="208" dir="0" index="0" bw="1" slack="0"/>
<pin id="209" dir="0" index="1" bw="5" slack="0"/>
<pin id="210" dir="0" index="2" bw="5" slack="0"/>
<pin id="211" dir="1" index="3" bw="5" slack="0"/>
</pin_list>
<bind>
<opcode="select(49) " fcode="select"/>
<opset="select_ln84/2 "/>
</bind>
</comp>

<comp id="215" class="1004" name="select_ln132_fu_215">
<pin_list>
<pin id="216" dir="0" index="0" bw="1" slack="0"/>
<pin id="217" dir="0" index="1" bw="5" slack="0"/>
<pin id="218" dir="0" index="2" bw="5" slack="0"/>
<pin id="219" dir="1" index="3" bw="5" slack="0"/>
</pin_list>
<bind>
<opcode="select(49) " fcode="select"/>
<opset="select_ln132/2 "/>
</bind>
</comp>

<comp id="223" class="1004" name="trunc_ln132_fu_223">
<pin_list>
<pin id="224" dir="0" index="0" bw="5" slack="0"/>
<pin id="225" dir="1" index="1" bw="2" slack="0"/>
</pin_list>
<bind>
<opcode="trunc(33) " fcode="trunc"/>
<opset="trunc_ln132/2 "/>
</bind>
</comp>

<comp id="227" class="1004" name="lshr_ln84_2_fu_227">
<pin_list>
<pin id="228" dir="0" index="0" bw="2" slack="0"/>
<pin id="229" dir="0" index="1" bw="5" slack="0"/>
<pin id="230" dir="0" index="2" bw="3" slack="0"/>
<pin id="231" dir="0" index="3" bw="3" slack="0"/>
<pin id="232" dir="1" index="4" bw="2" slack="0"/>
</pin_list>
<bind>
<opcode="partselect(1002) " fcode="partselect"/>
<opset="lshr_ln84_2/2 "/>
</bind>
</comp>

<comp id="237" class="1004" name="tmp_s_fu_237">
<pin_list>
<pin id="238" dir="0" index="0" bw="6" slack="0"/>
<pin id="239" dir="0" index="1" bw="2" slack="0"/>
<pin id="240" dir="0" index="2" bw="1" slack="0"/>
<pin id="241" dir="1" index="3" bw="6" slack="0"/>
</pin_list>
<bind>
<opcode="bitconcatenate(1004) " fcode="bitconcatenate"/>
<opset="tmp_s/2 "/>
</bind>
</comp>

<comp id="245" class="1004" name="zext_ln137_fu_245">
<pin_list>
<pin id="246" dir="0" index="0" bw="5" slack="0"/>
<pin id="247" dir="1" index="1" bw="6" slack="0"/>
</pin_list>
<bind>
<opcode="zext(34) " fcode="zext"/>
<opset="zext_ln137/2 "/>
</bind>
</comp>

<comp id="249" class="1004" name="add_ln137_fu_249">
<pin_list>
<pin id="250" dir="0" index="0" bw="6" slack="0"/>
<pin id="251" dir="0" index="1" bw="5" slack="0"/>
<pin id="252" dir="1" index="2" bw="6" slack="1"/>
</pin_list>
<bind>
<opcode="add(8) " fcode="add"/>
<opset="add_ln137/2 "/>
</bind>
</comp>

<comp id="255" class="1004" name="switch_ln137_fu_255">
<pin_list>
<pin id="256" dir="0" index="0" bw="2" slack="0"/>
<pin id="257" dir="0" index="1" bw="1" slack="0"/>
<pin id="258" dir="0" index="2" bw="1" slack="0"/>
<pin id="259" dir="0" index="3" bw="2" slack="0"/>
<pin id="260" dir="1" index="4" bw="0" slack="2147483647"/>
</pin_list>
<bind>
<opcode="switch(3) " fcode="switch"/>
<opset="switch_ln137/2 "/>
</bind>
</comp>

<comp id="265" class="1004" name="add_ln134_fu_265">
<pin_list>
<pin id="266" dir="0" index="0" bw="5" slack="0"/>
<pin id="267" dir="0" index="1" bw="1" slack="0"/>
<pin id="268" dir="1" index="2" bw="5" slack="0"/>
</pin_list>
<bind>
<opcode="add(8) " fcode="add"/>
<opset="add_ln134/2 "/>
</bind>
</comp>

<comp id="271" class="1004" name="store_ln84_store_fu_271">
<pin_list>
<pin id="272" dir="0" index="0" bw="5" slack="0"/>
<pin id="273" dir="0" index="1" bw="5" slack="1"/>
<pin id="274" dir="1" index="2" bw="0" slack="2147483647"/>
</pin_list>
<bind>
<opcode="store(28) " fcode="store"/>
<opset="store_ln84/2 "/>
</bind>
</comp>

<comp id="276" class="1004" name="store_ln84_store_fu_276">
<pin_list>
<pin id="277" dir="0" index="0" bw="5" slack="0"/>
<pin id="278" dir="0" index="1" bw="5" slack="1"/>
<pin id="279" dir="1" index="2" bw="0" slack="2147483647"/>
</pin_list>
<bind>
<opcode="store(28) " fcode="store"/>
<opset="store_ln84/2 "/>
</bind>
</comp>

<comp id="281" class="1004" name="zext_ln137_1_fu_281">
<pin_list>
<pin id="282" dir="0" index="0" bw="6" slack="1"/>
<pin id="283" dir="1" index="1" bw="64" slack="0"/>
</pin_list>
<bind>
<opcode="zext(34) " fcode="zext"/>
<opset="zext_ln137_1/3 "/>
</bind>
</comp>

<comp id="288" class="1004" name="word_data_fu_288">
<pin_list>
<pin id="289" dir="0" index="0" bw="41" slack="0"/>
<pin id="290" dir="1" index="1" bw="32" slack="0"/>
</pin_list>
<bind>
<opcode="extractvalue(56) " fcode="extractvalue"/>
<opset="word_data/3 "/>
</bind>
</comp>

<comp id="292" class="1004" name="value_fu_292">
<pin_list>
<pin id="293" dir="0" index="0" bw="32" slack="0"/>
<pin id="294" dir="1" index="1" bw="16" slack="0"/>
</pin_list>
<bind>
<opcode="trunc(33) " fcode="trunc"/>
<opset="value/3 "/>
</bind>
</comp>

<comp id="300" class="1005" name="j_reg_300">
<pin_list>
<pin id="301" dir="0" index="0" bw="5" slack="0"/>
<pin id="302" dir="1" index="1" bw="5" slack="0"/>
</pin_list>
<bind>
<opset="j "/>
</bind>
</comp>

<comp id="307" class="1005" name="i_reg_307">
<pin_list>
<pin id="308" dir="0" index="0" bw="5" slack="0"/>
<pin id="309" dir="1" index="1" bw="5" slack="0"/>
</pin_list>
<bind>
<opset="i "/>
</bind>
</comp>

<comp id="314" class="1005" name="indvar_flatten13_reg_314">
<pin_list>
<pin id="315" dir="0" index="0" bw="9" slack="0"/>
<pin id="316" dir="1" index="1" bw="9" slack="0"/>
</pin_list>
<bind>
<opset="indvar_flatten13 "/>
</bind>
</comp>

<comp id="321" class="1005" name="icmp_ln132_reg_321">
<pin_list>
<pin id="322" dir="0" index="0" bw="1" slack="1"/>
<pin id="323" dir="1" index="1" bw="1" slack="2147483647"/>
</pin_list>
<bind>
<opset="icmp_ln132 "/>
</bind>
</comp>

<comp id="325" class="1005" name="trunc_ln132_reg_325">
<pin_list>
<pin id="326" dir="0" index="0" bw="2" slack="1"/>
<pin id="327" dir="1" index="1" bw="2" slack="2147483647"/>
</pin_list>
<bind>
<opset="trunc_ln132 "/>
</bind>
</comp>

<comp id="329" class="1005" name="add_ln137_reg_329">
<pin_list>
<pin id="330" dir="0" index="0" bw="6" slack="1"/>
<pin id="331" dir="1" index="1" bw="6" slack="1"/>
</pin_list>
<bind>
<opset="add_ln137 "/>
</bind>
</comp>

</comp_list>

<net_list>
<net id="81"><net_src comp="16" pin="0"/><net_sink comp="78" pin=0"/></net>

<net id="85"><net_src comp="16" pin="0"/><net_sink comp="82" pin=0"/></net>

<net id="89"><net_src comp="16" pin="0"/><net_sink comp="86" pin=0"/></net>

<net id="97"><net_src comp="76" pin="0"/><net_sink comp="90" pin=0"/></net>

<net id="98"><net_src comp="8" pin="0"/><net_sink comp="90" pin=1"/></net>

<net id="99"><net_src comp="10" pin="0"/><net_sink comp="90" pin=2"/></net>

<net id="100"><net_src comp="12" pin="0"/><net_sink comp="90" pin=3"/></net>

<net id="101"><net_src comp="14" pin="0"/><net_sink comp="90" pin=4"/></net>

<net id="107"><net_src comp="0" pin="0"/><net_sink comp="102" pin=0"/></net>

<net id="108"><net_src comp="72" pin="0"/><net_sink comp="102" pin=1"/></net>

<net id="114"><net_src comp="2" pin="0"/><net_sink comp="109" pin=0"/></net>

<net id="115"><net_src comp="72" pin="0"/><net_sink comp="109" pin=1"/></net>

<net id="121"><net_src comp="4" pin="0"/><net_sink comp="116" pin=0"/></net>

<net id="122"><net_src comp="72" pin="0"/><net_sink comp="116" pin=1"/></net>

<net id="128"><net_src comp="6" pin="0"/><net_sink comp="123" pin=0"/></net>

<net id="129"><net_src comp="72" pin="0"/><net_sink comp="123" pin=1"/></net>

<net id="135"><net_src comp="116" pin="3"/><net_sink comp="130" pin=0"/></net>

<net id="141"><net_src comp="109" pin="3"/><net_sink comp="136" pin=0"/></net>

<net id="147"><net_src comp="102" pin="3"/><net_sink comp="142" pin=0"/></net>

<net id="153"><net_src comp="123" pin="3"/><net_sink comp="148" pin=0"/></net>

<net id="158"><net_src comp="36" pin="0"/><net_sink comp="154" pin=0"/></net>

<net id="163"><net_src comp="38" pin="0"/><net_sink comp="159" pin=0"/></net>

<net id="168"><net_src comp="38" pin="0"/><net_sink comp="164" pin=0"/></net>

<net id="176"><net_src comp="169" pin="1"/><net_sink comp="172" pin=0"/></net>

<net id="177"><net_src comp="40" pin="0"/><net_sink comp="172" pin=1"/></net>

<net id="182"><net_src comp="169" pin="1"/><net_sink comp="178" pin=0"/></net>

<net id="183"><net_src comp="42" pin="0"/><net_sink comp="178" pin=1"/></net>

<net id="188"><net_src comp="178" pin="2"/><net_sink comp="184" pin=0"/></net>

<net id="199"><net_src comp="192" pin="1"/><net_sink comp="195" pin=0"/></net>

<net id="200"><net_src comp="44" pin="0"/><net_sink comp="195" pin=1"/></net>

<net id="205"><net_src comp="189" pin="1"/><net_sink comp="201" pin=0"/></net>

<net id="206"><net_src comp="46" pin="0"/><net_sink comp="201" pin=1"/></net>

<net id="212"><net_src comp="201" pin="2"/><net_sink comp="207" pin=0"/></net>

<net id="213"><net_src comp="38" pin="0"/><net_sink comp="207" pin=1"/></net>

<net id="214"><net_src comp="189" pin="1"/><net_sink comp="207" pin=2"/></net>

<net id="220"><net_src comp="201" pin="2"/><net_sink comp="215" pin=0"/></net>

<net id="221"><net_src comp="195" pin="2"/><net_sink comp="215" pin=1"/></net>

<net id="222"><net_src comp="192" pin="1"/><net_sink comp="215" pin=2"/></net>

<net id="226"><net_src comp="215" pin="3"/><net_sink comp="223" pin=0"/></net>

<net id="233"><net_src comp="48" pin="0"/><net_sink comp="227" pin=0"/></net>

<net id="234"><net_src comp="215" pin="3"/><net_sink comp="227" pin=1"/></net>

<net id="235"><net_src comp="50" pin="0"/><net_sink comp="227" pin=2"/></net>

<net id="236"><net_src comp="52" pin="0"/><net_sink comp="227" pin=3"/></net>

<net id="242"><net_src comp="54" pin="0"/><net_sink comp="237" pin=0"/></net>

<net id="243"><net_src comp="227" pin="4"/><net_sink comp="237" pin=1"/></net>

<net id="244"><net_src comp="56" pin="0"/><net_sink comp="237" pin=2"/></net>

<net id="248"><net_src comp="207" pin="3"/><net_sink comp="245" pin=0"/></net>

<net id="253"><net_src comp="237" pin="3"/><net_sink comp="249" pin=0"/></net>

<net id="254"><net_src comp="245" pin="1"/><net_sink comp="249" pin=1"/></net>

<net id="261"><net_src comp="223" pin="1"/><net_sink comp="255" pin=0"/></net>

<net id="262"><net_src comp="58" pin="0"/><net_sink comp="255" pin=1"/></net>

<net id="263"><net_src comp="60" pin="0"/><net_sink comp="255" pin=2"/></net>

<net id="264"><net_src comp="62" pin="0"/><net_sink comp="255" pin=3"/></net>

<net id="269"><net_src comp="207" pin="3"/><net_sink comp="265" pin=0"/></net>

<net id="270"><net_src comp="44" pin="0"/><net_sink comp="265" pin=1"/></net>

<net id="275"><net_src comp="215" pin="3"/><net_sink comp="271" pin=0"/></net>

<net id="280"><net_src comp="265" pin="2"/><net_sink comp="276" pin=0"/></net>

<net id="284"><net_src comp="281" pin="1"/><net_sink comp="102" pin=2"/></net>

<net id="285"><net_src comp="281" pin="1"/><net_sink comp="109" pin=2"/></net>

<net id="286"><net_src comp="281" pin="1"/><net_sink comp="116" pin=2"/></net>

<net id="287"><net_src comp="281" pin="1"/><net_sink comp="123" pin=2"/></net>

<net id="291"><net_src comp="90" pin="5"/><net_sink comp="288" pin=0"/></net>

<net id="295"><net_src comp="288" pin="1"/><net_sink comp="292" pin=0"/></net>

<net id="296"><net_src comp="292" pin="1"/><net_sink comp="130" pin=1"/></net>

<net id="297"><net_src comp="292" pin="1"/><net_sink comp="136" pin=1"/></net>

<net id="298"><net_src comp="292" pin="1"/><net_sink comp="142" pin=1"/></net>

<net id="299"><net_src comp="292" pin="1"/><net_sink comp="148" pin=1"/></net>

<net id="303"><net_src comp="78" pin="1"/><net_sink comp="300" pin=0"/></net>

<net id="304"><net_src comp="300" pin="1"/><net_sink comp="164" pin=1"/></net>

<net id="305"><net_src comp="300" pin="1"/><net_sink comp="189" pin=0"/></net>

<net id="306"><net_src comp="300" pin="1"/><net_sink comp="276" pin=1"/></net>

<net id="310"><net_src comp="82" pin="1"/><net_sink comp="307" pin=0"/></net>

<net id="311"><net_src comp="307" pin="1"/><net_sink comp="159" pin=1"/></net>

<net id="312"><net_src comp="307" pin="1"/><net_sink comp="192" pin=0"/></net>

<net id="313"><net_src comp="307" pin="1"/><net_sink comp="271" pin=1"/></net>

<net id="317"><net_src comp="86" pin="1"/><net_sink comp="314" pin=0"/></net>

<net id="318"><net_src comp="314" pin="1"/><net_sink comp="154" pin=1"/></net>

<net id="319"><net_src comp="314" pin="1"/><net_sink comp="169" pin=0"/></net>

<net id="320"><net_src comp="314" pin="1"/><net_sink comp="184" pin=1"/></net>

<net id="324"><net_src comp="172" pin="2"/><net_sink comp="321" pin=0"/></net>

<net id="328"><net_src comp="223" pin="1"/><net_sink comp="325" pin=0"/></net>

<net id="332"><net_src comp="249" pin="2"/><net_sink comp="329" pin=0"/></net>

<net id="333"><net_src comp="329" pin="1"/><net_sink comp="281" pin=0"/></net>

</net_list>

</model> 
---------------- Datapath Model END ------------------

* FSMD analyzer results:
  - Output states:
	Port: B | {3 }
	Port: B_1 | {3 }
	Port: B_2 | {3 }
	Port: B_3 | {3 }
	Port: in_stream_V_data_V | {}
	Port: in_stream_V_keep_V | {}
	Port: in_stream_V_strb_V | {}
	Port: in_stream_V_last_V | {}
 - Input state : 
	Port: stream_matmul_Pipeline_read_b_i_read_b_j : in_stream_V_data_V | {3 }
	Port: stream_matmul_Pipeline_read_b_i_read_b_j : in_stream_V_keep_V | {3 }
	Port: stream_matmul_Pipeline_read_b_i_read_b_j : in_stream_V_strb_V | {3 }
	Port: stream_matmul_Pipeline_read_b_i_read_b_j : in_stream_V_last_V | {3 }
  - Chain level:
	State 1
		store_ln0 : 1
		store_ln84 : 1
		store_ln84 : 1
		indvar_flatten13_load : 1
		icmp_ln132 : 2
		add_ln132_1 : 2
		br_ln132 : 3
		store_ln132 : 3
	State 2
		add_ln132 : 1
		icmp_ln134 : 1
		select_ln84 : 2
		select_ln132 : 2
		trunc_ln132 : 3
		lshr_ln84_2 : 3
		tmp_s : 4
		zext_ln137 : 3
		add_ln137 : 5
		switch_ln137 : 4
		add_ln134 : 3
		store_ln84 : 3
		store_ln84 : 4
	State 3
		B_addr : 1
		B_1_addr : 1
		B_2_addr : 1
		B_3_addr : 1
		value : 1
		store_ln137 : 2
		store_ln137 : 2
		store_ln137 : 2
		store_ln137 : 2


============================================================
+ Verbose Summary: Datapath Resource usage 
============================================================

* Functional unit list:
|----------|---------------------|---------|---------|
| Operation|   Functional Unit   |    FF   |   LUT   |
|----------|---------------------|---------|---------|
|          |  add_ln132_1_fu_178 |    0    |    14   |
|    add   |   add_ln132_fu_195  |    0    |    13   |
|          |   add_ln137_fu_249  |    0    |    14   |
|          |   add_ln134_fu_265  |    0    |    13   |
|----------|---------------------|---------|---------|
|   icmp   |  icmp_ln132_fu_172  |    0    |    14   |
|          |  icmp_ln134_fu_201  |    0    |    13   |
|----------|---------------------|---------|---------|
|  select  |  select_ln84_fu_207 |    0    |    5    |
|          | select_ln132_fu_215 |    0    |    5    |
|----------|---------------------|---------|---------|
|   read   |   empty_read_fu_90  |    0    |    0    |
|----------|---------------------|---------|---------|
|   trunc  |  trunc_ln132_fu_223 |    0    |    0    |
|          |     value_fu_292    |    0    |    0    |
|----------|---------------------|---------|---------|
|partselect|  lshr_ln84_2_fu_227 |    0    |    0    |
|----------|---------------------|---------|---------|
|bitconcatenate|     tmp_s_fu_237    |    0    |    0    |
|----------|---------------------|---------|---------|
|   zext   |  zext_ln137_fu_245  |    0    |    0    |
|          | zext_ln137_1_fu_281 |    0    |    0    |
|----------|---------------------|---------|---------|
|  switch  | switch_ln137_fu_255 |    0    |    0    |
|----------|---------------------|---------|---------|
|extractvalue|   word_data_fu_288  |    0    |    0    |
|----------|---------------------|---------|---------|
|   Total  |                     |    0    |    91   |
|----------|---------------------|---------|---------|

Memories:
N/A

* Register list:
+------------------------+--------+
|                        |   FF   |
+------------------------+--------+
|    add_ln137_reg_329   |    6   |
|        i_reg_307       |    5   |
|   icmp_ln132_reg_321   |    1   |
|indvar_flatten13_reg_314|    9   |
|        j_reg_300       |    5   |
|   trunc_ln132_reg_325  |    2   |
+------------------------+--------+
|          Total         |   28   |
+------------------------+--------+

* Multiplexer (MUX) list: 
|--------|------|------|------|--------|
|  Comp  |  Pin | Size |  BW  | S x BW |
|--------|------|------|------|--------|
|  Total |      |      |      |    0   |
|--------|------|------|------|--------|



* Summary:
+-----------+--------+--------+
|           |   FF   |   LUT  |
+-----------+--------+--------+
|  Function |    0   |   91   |
|   Memory  |    -   |    -   |
|Multiplexer|    -   |    -   |
|  Register |   28   |    -   |
+-----------+--------+--------+
|   Total   |   28   |   91   |
+-----------+--------+--------+
