

================================================================
== Vitis HLS Report for 'stream_matmul_Pipeline_init_c_i_init_c_j'
================================================================
* Date:           Tue May 19 02:23:51 2026

* Version:        2025.2 (Build 6295257 on Nov 14 2025)
* Project:        stream_matmul
* Solution:       hls (Vivado IP Flow Target)
* Product family: zynq
* Target device:  xc7z010-clg400-1


================================================================
== Performance Estimates
================================================================
+ Timing: 
    * Summary: 
    +--------+----------+----------+------------+
    |  Clock |  Target  | Estimated| Uncertainty|
    +--------+----------+----------+------------+
    |ap_clk  |  10.00 ns|  6.363 ns|     2.70 ns|
    +--------+----------+----------+------------+

+ Latency: 
    * Summary: 
    +---------+---------+----------+----------+-----+-----+-------------------+
    |  Latency (cycles) |  Latency (absolute) |  Interval |      Pipeline     |
    |   min   |   max   |    min   |    max   | min | max |        Type       |
    +---------+---------+----------+----------+-----+-----+-------------------+
    |      259|      259|  2.590 us|  2.590 us|    0|    0|  loop pipeline stp|
    +---------+---------+----------+----------+-----+-----+-------------------+

    + Detail: 
        * Instance: 
        N/A

        * Loop: 
        +---------------------+---------+---------+----------+-----------+-----------+------+----------+
        |                     |  Latency (cycles) | Iteration|  Initiation Interval  | Trip |          |
        |      Loop Name      |   min   |   max   |  Latency |  achieved |   target  | Count| Pipelined|
        +---------------------+---------+---------+----------+-----------+-----------+------+----------+
        |- init_c_i_init_c_j  |      257|      257|         3|          1|          1|   256|       yes|
        +---------------------+---------+---------+----------+-----------+-----------+------+----------+

============================================================
+ Verbose Summary: Synthesis Manager
============================================================
InlineROM: 1
ExposeGlobal: 0
============================================================
+ Verbose Summary: CDFG Model
============================================================
IsTopModel: 0
ResetActiveHigh: 1
IsCombinational: 0
IsDatapathOnly: 0
HasWiredReturn: 1
HasMFsm: 2
HasVarLatency: 1
IsPipeline: 0
IsRtlPipelined: 0
IsInstanceOverlapped: 0
IsDontTouch: 0
HasImplIP: 0
IsGatedGlobalClock: 0

+ Individual pipeline summary: 
  * Pipeline-0: initiation interval (II) = 1, depth = 3


============================================================
+ Verbose Summary: Schedule
============================================================
* Number of FSM states : 3
* Pipeline : 1
  Pipeline-0 : II = 1, D = 3, States = { 1 2 3 }
* Dataflow Pipeline: 0

* FSM state transitions: 
1 --> 2 
2 --> 3 
3 --> 

* FSM state operations: 

State 1 <SV = 0> <Delay = 4.99>
ST_1 : Operation 6 [1/1] (0.00ns)   --->   "%j = alloca i32 1" [../stream_matmul_N64.cpp:71]   --->   Operation 6 'alloca' 'j' <Predicate = true> <Delay = 0.00>
ST_1 : Operation 7 [1/1] (0.00ns)   --->   "%i = alloca i32 1" [../stream_matmul_N64.cpp:71]   --->   Operation 7 'alloca' 'i' <Predicate = true> <Delay = 0.00>
ST_1 : Operation 8 [1/1] (0.00ns)   --->   "%indvar_flatten = alloca i32 1"   --->   Operation 8 'alloca' 'indvar_flatten' <Predicate = true> <Delay = 0.00>
ST_1 : Operation 9 [1/1] (1.58ns)   --->   "%store_ln0 = store i9 0, i9 %indvar_flatten"   --->   Operation 9 'store' 'store_ln0' <Predicate = true> <Delay = 1.58>
ST_1 : Operation 10 [1/1] (1.58ns)   --->   "%store_ln71 = store i5 0, i5 %i" [../stream_matmul_N64.cpp:71]   --->   Operation 10 'store' 'store_ln71' <Predicate = true> <Delay = 1.58>
ST_1 : Operation 11 [1/1] (1.58ns)   --->   "%store_ln71 = store i5 0, i5 %j" [../stream_matmul_N64.cpp:71]   --->   Operation 11 'store' 'store_ln71' <Predicate = true> <Delay = 1.58>
ST_1 : Operation 12 [1/1] (0.00ns)   --->   "%br_ln0 = br void %for.inc"   --->   Operation 12 'br' 'br_ln0' <Predicate = true> <Delay = 0.00>
ST_1 : Operation 13 [1/1] (0.00ns)   --->   "%indvar_flatten_load = load i9 %indvar_flatten" [../stream_matmul_N64.cpp:87]   --->   Operation 13 'load' 'indvar_flatten_load' <Predicate = true> <Delay = 0.00>
ST_1 : Operation 14 [1/1] (1.82ns)   --->   "%icmp_ln87 = icmp_eq  i9 %indvar_flatten_load, i9 256" [../stream_matmul_N64.cpp:87]   --->   Operation 14 'icmp' 'icmp_ln87' <Predicate = true> <Delay = 1.82> <CoreInst = "Cmp">   --->   Core 9 'Cmp' <Latency = 0> <II = 1> <Delay = 1.82> <FuncUnit> <Opcode : 'seteq' 'setne' 'setle' 'setge' 'setlt' 'setgt'> <InPorts = 2> <OutPorts = 1>
ST_1 : Operation 15 [1/1] (1.82ns)   --->   "%add_ln87_1 = add i9 %indvar_flatten_load, i9 1" [../stream_matmul_N64.cpp:87]   --->   Operation 15 'add' 'add_ln87_1' <Predicate = true> <Delay = 1.82> <CoreInst = "Adder">   --->   Core 1 'Adder' <Latency = 0> <II = 1> <Delay = 1.82> <FuncUnit> <Opcode : 'add' 'sub'> <InPorts = 2> <OutPorts = 1>
ST_1 : Operation 16 [1/1] (0.00ns)   --->   "%br_ln87 = br i1 %icmp_ln87, void %for.inc10, void %k_tile_loop.exitStub" [../stream_matmul_N64.cpp:87]   --->   Operation 16 'br' 'br_ln87' <Predicate = true> <Delay = 0.00>
ST_1 : Operation 17 [1/1] (1.58ns)   --->   "%store_ln87 = store i9 %add_ln87_1, i9 %indvar_flatten" [../stream_matmul_N64.cpp:87]   --->   Operation 17 'store' 'store_ln87' <Predicate = (!icmp_ln87)> <Delay = 1.58>

State 2 <SV = 1> <Delay = 6.36>
ST_2 : Operation 18 [1/1] (0.00ns)   --->   "%j_load = load i5 %j" [../stream_matmul_N64.cpp:89]   --->   Operation 18 'load' 'j_load' <Predicate = true> <Delay = 0.00>
ST_2 : Operation 19 [1/1] (0.00ns)   --->   "%i_load = load i5 %i" [../stream_matmul_N64.cpp:87]   --->   Operation 19 'load' 'i_load' <Predicate = true> <Delay = 0.00>
ST_2 : Operation 20 [1/1] (1.78ns)   --->   "%add_ln87 = add i5 %i_load, i5 1" [../stream_matmul_N64.cpp:87]   --->   Operation 20 'add' 'add_ln87' <Predicate = true> <Delay = 1.78> <CoreInst = "Adder">   --->   Core 1 'Adder' <Latency = 0> <II = 1> <Delay = 1.78> <FuncUnit> <Opcode : 'add' 'sub'> <InPorts = 2> <OutPorts = 1>
ST_2 : Operation 21 [1/1] (1.78ns)   --->   "%icmp_ln89 = icmp_eq  i5 %j_load, i5 16" [../stream_matmul_N64.cpp:89]   --->   Operation 21 'icmp' 'icmp_ln89' <Predicate = true> <Delay = 1.78> <CoreInst = "Cmp">   --->   Core 9 'Cmp' <Latency = 0> <II = 1> <Delay = 1.78> <FuncUnit> <Opcode : 'seteq' 'setne' 'setle' 'setge' 'setlt' 'setgt'> <InPorts = 2> <OutPorts = 1>
ST_2 : Operation 22 [1/1] (1.21ns)   --->   "%select_ln71 = select i1 %icmp_ln89, i5 0, i5 %j_load" [../stream_matmul_N64.cpp:71]   --->   Operation 22 'select' 'select_ln71' <Predicate = true> <Delay = 1.21> <CoreInst = "Sel">   --->   Core 73 'Sel' <Latency = 0> <II = 1> <Delay = 1.21> <FuncUnit> <Opcode : 'select'> <InPorts = 3> <OutPorts = 1>
ST_2 : Operation 23 [1/1] (1.21ns)   --->   "%select_ln87 = select i1 %icmp_ln89, i5 %add_ln87, i5 %i_load" [../stream_matmul_N64.cpp:87]   --->   Operation 23 'select' 'select_ln87' <Predicate = true> <Delay = 1.21> <CoreInst = "Sel">   --->   Core 73 'Sel' <Latency = 0> <II = 1> <Delay = 1.21> <FuncUnit> <Opcode : 'select'> <InPorts = 3> <OutPorts = 1>
ST_2 : Operation 24 [1/1] (0.00ns)   --->   "%trunc_ln91 = trunc i5 %select_ln87" [../stream_matmul_N64.cpp:91]   --->   Operation 24 'trunc' 'trunc_ln91' <Predicate = true> <Delay = 0.00>
ST_2 : Operation 25 [1/1] (0.00ns)   --->   "%tmp = bitconcatenate i8 @_ssdm_op_BitConcatenate.i8.i4.i4, i4 %trunc_ln91, i4 0" [../stream_matmul_N64.cpp:91]   --->   Operation 25 'bitconcatenate' 'tmp' <Predicate = true> <Delay = 0.00>
ST_2 : Operation 26 [1/1] (0.00ns)   --->   "%zext_ln91 = zext i5 %select_ln71" [../stream_matmul_N64.cpp:91]   --->   Operation 26 'zext' 'zext_ln91' <Predicate = true> <Delay = 0.00>
ST_2 : Operation 27 [1/1] (1.91ns)   --->   "%add_ln91 = add i8 %tmp, i8 %zext_ln91" [../stream_matmul_N64.cpp:91]   --->   Operation 27 'add' 'add_ln91' <Predicate = true> <Delay = 1.91> <CoreInst = "Adder">   --->   Core 1 'Adder' <Latency = 0> <II = 1> <Delay = 1.91> <FuncUnit> <Opcode : 'add' 'sub'> <InPorts = 2> <OutPorts = 1>
ST_2 : Operation 28 [1/1] (1.78ns)   --->   "%add_ln89 = add i5 %select_ln71, i5 1" [../stream_matmul_N64.cpp:89]   --->   Operation 28 'add' 'add_ln89' <Predicate = true> <Delay = 1.78> <CoreInst = "Adder">   --->   Core 1 'Adder' <Latency = 0> <II = 1> <Delay = 1.78> <FuncUnit> <Opcode : 'add' 'sub'> <InPorts = 2> <OutPorts = 1>
ST_2 : Operation 29 [1/1] (1.58ns)   --->   "%store_ln71 = store i5 %select_ln87, i5 %i" [../stream_matmul_N64.cpp:71]   --->   Operation 29 'store' 'store_ln71' <Predicate = true> <Delay = 1.58>
ST_2 : Operation 30 [1/1] (1.58ns)   --->   "%store_ln71 = store i5 %add_ln89, i5 %j" [../stream_matmul_N64.cpp:71]   --->   Operation 30 'store' 'store_ln71' <Predicate = true> <Delay = 1.58>
ST_2 : Operation 38 [1/1] (1.58ns)   --->   "%ret_ln0 = ret"   --->   Operation 38 'ret' 'ret_ln0' <Predicate = (icmp_ln87)> <Delay = 1.58>

State 3 <SV = 2> <Delay = 3.25>
ST_3 : Operation 31 [1/1] (0.00ns)   --->   "%specloopname_ln0 = specloopname void @_ssdm_op_SpecLoopName, void @init_c_i_init_c_j_str"   --->   Operation 31 'specloopname' 'specloopname_ln0' <Predicate = true> <Delay = 0.00>
ST_3 : Operation 32 [1/1] (0.00ns)   --->   "%speclooptripcount_ln0 = speclooptripcount void @_ssdm_op_SpecLoopTripCount, i64 256, i64 256, i64 256"   --->   Operation 32 'speclooptripcount' 'speclooptripcount_ln0' <Predicate = true> <Delay = 0.00>
ST_3 : Operation 33 [1/1] (0.00ns)   --->   "%zext_ln91_1 = zext i8 %add_ln91" [../stream_matmul_N64.cpp:91]   --->   Operation 33 'zext' 'zext_ln91_1' <Predicate = true> <Delay = 0.00>
ST_3 : Operation 34 [1/1] (0.00ns)   --->   "%C_addr = getelementptr i32 %C, i64 0, i64 %zext_ln91_1" [../stream_matmul_N64.cpp:91]   --->   Operation 34 'getelementptr' 'C_addr' <Predicate = true> <Delay = 0.00>
ST_3 : Operation 35 [1/1] (0.00ns)   --->   "%specpipeline_ln90 = specpipeline void @_ssdm_op_SpecPipeline, i32 1, i32 0, i32 0, i32 0, i32 4294967295, void @empty_1" [../stream_matmul_N64.cpp:90]   --->   Operation 35 'specpipeline' 'specpipeline_ln90' <Predicate = true> <Delay = 0.00>
ST_3 : Operation 36 [1/1] ( I:3.25ns O:3.25ns )   --->   "%store_ln91 = store i32 0, i8 %C_addr" [../stream_matmul_N64.cpp:91]   --->   Operation 36 'store' 'store_ln91' <Predicate = true> <Delay = 3.25> <CoreInst = "RAM">   --->   Core 81 'RAM' <Latency = 1> <II = 1> <Delay = 3.25> <Storage> <Opcode : 'load' 'store'> <Ports = 2> <Width = 32> <Depth = 256> <RAM>
ST_3 : Operation 37 [1/1] (0.00ns)   --->   "%br_ln89 = br void %for.inc" [../stream_matmul_N64.cpp:89]   --->   Operation 37 'br' 'br_ln89' <Predicate = true> <Delay = 0.00>


============================================================
+ Verbose Summary: Timing violations
============================================================
Target clock period: 10.000ns, clock uncertainty: 2.700ns.

 <State 1>: 4.999ns
The critical path consists of the following:
	'store' operation ('store_ln0') of constant 0 9 bit on local variable 'indvar_flatten' [5]  (1.588 ns)
	'load' operation 9 bit ('indvar_flatten_load', ../stream_matmul_N64.cpp:87) on local variable 'indvar_flatten' [10]  (0.000 ns)
	'add' operation 9 bit ('add_ln87_1', ../stream_matmul_N64.cpp:87) [12]  (1.823 ns)
	'store' operation ('store_ln87', ../stream_matmul_N64.cpp:87) of variable 'add_ln87_1', ../stream_matmul_N64.cpp:87 9 bit on local variable 'indvar_flatten' [32]  (1.588 ns)

 <State 2>: 6.363ns
The critical path consists of the following:
	'load' operation 5 bit ('j_load', ../stream_matmul_N64.cpp:89) on local variable 'j', ../stream_matmul_N64.cpp:71 [15]  (0.000 ns)
	'icmp' operation 1 bit ('icmp_ln89', ../stream_matmul_N64.cpp:89) [20]  (1.780 ns)
	'select' operation 5 bit ('select_ln71', ../stream_matmul_N64.cpp:71) [21]  (1.215 ns)
	'add' operation 5 bit ('add_ln89', ../stream_matmul_N64.cpp:89) [31]  (1.780 ns)
	'store' operation ('store_ln71', ../stream_matmul_N64.cpp:71) of variable 'add_ln89', ../stream_matmul_N64.cpp:89 5 bit on local variable 'j', ../stream_matmul_N64.cpp:71 [34]  (1.588 ns)

 <State 3>: 3.254ns
The critical path consists of the following:
	'getelementptr' operation 8 bit ('C_addr', ../stream_matmul_N64.cpp:91) [28]  (0.000 ns)
	'store' operation ('store_ln91', ../stream_matmul_N64.cpp:91) of constant 0 32 bit on array 'C' [30]  (3.254 ns)


============================================================
+ Verbose Summary: Binding
============================================================
N/A
* FSMD analyzer results:
  - Output states:
 - Input state : 
  - Chain level:
	State 1
	State 2
	State 3


============================================================
+ Verbose Summary: Datapath Resource usage 
============================================================
N/A
