

================================================================
== Vitis HLS Report for 'stream_matmul'
================================================================
* Date:           Tue May 19 02:23:57 2026

* Version:        2025.2 (Build 6295257 on Nov 14 2025)
* Project:        stream_matmul
* Solution:       hls (Vivado IP Flow Target)
* Product family: zynq
* Target device:  xc7z010-clg400-1


================================================================
== Performance Estimates
================================================================
+ Timing: 
    * Summary: 
    +--------+----------+----------+------------+
    |  Clock |  Target  | Estimated| Uncertainty|
    +--------+----------+----------+------------+
    |ap_clk  |  10.00 ns|  7.256 ns|     2.70 ns|
    +--------+----------+----------+------------+

+ Latency: 
    * Summary: 
    +---------+---------+----------+-----------+-------+---------+---------+
    |  Latency (cycles) |  Latency (absolute)  |     Interval    | Pipeline|
    |   min   |   max   |    min   |    max    |  min  |   max   |   Type  |
    +---------+---------+----------+-----------+-------+---------+---------+
    |    22559|  1410827|  0.226 ms|  14.108 ms|  22560|  1410828|       no|
    +---------+---------+----------+-----------+-------+---------+---------+

    + Detail: 
        * Instance: 
        +-----------------------------------------------------------------+------------------------------------------------------+---------+---------+----------+----------+-----+-----+-------------------+
        |                                                                 |                                                      |  Latency (cycles) |  Latency (absolute) |  Interval |      Pipeline     |
        |                             Instance                            |                        Module                        |   min   |   max   |    min   |    max   | min | max |        Type       |
        +-----------------------------------------------------------------+------------------------------------------------------+---------+---------+----------+----------+-----+-----+-------------------+
        |grp_stream_matmul_Pipeline_init_c_i_init_c_j_fu_136              |stream_matmul_Pipeline_init_c_i_init_c_j              |      259|      259|  2.590 us|  2.590 us|    0|    0|  loop pipeline stp|
        |grp_stream_matmul_Pipeline_read_a_i_read_a_j_fu_142              |stream_matmul_Pipeline_read_a_i_read_a_j              |      259|      259|  2.590 us|  2.590 us|    0|    0|  loop pipeline stp|
        |grp_stream_matmul_Pipeline_write_c_i_write_c_j_fu_158            |stream_matmul_Pipeline_write_c_i_write_c_j            |      260|      260|  2.600 us|  2.600 us|    0|    0|  loop pipeline stp|
        |grp_stream_matmul_Pipeline_read_b_i_read_b_j_fu_171              |stream_matmul_Pipeline_read_b_i_read_b_j              |      259|      259|  2.590 us|  2.590 us|    0|    0|  loop pipeline stp|
        |grp_stream_matmul_Pipeline_compute_i_compute_j_compute_k_fu_187  |stream_matmul_Pipeline_compute_i_compute_j_compute_k  |    21512|    21512|  0.215 ms|  0.215 ms|    0|    0|  loop pipeline stp|
        +-----------------------------------------------------------------+------------------------------------------------------+---------+---------+----------+----------+-----+-----+-------------------+

        * Loop: 
        +---------------+---------+---------+----------+-----------+-----------+--------+----------+
        |               |  Latency (cycles) | Iteration|  Initiation Interval  |  Trip  |          |
        |   Loop Name   |   min   |   max   |  Latency |  achieved |   target  |  Count | Pipelined|
        +---------------+---------+---------+----------+-----------+-----------+--------+----------+
        |- k_tile_loop  |    22036|  1410304|     22036|          -|          -|  1 ~ 64|        no|
        +---------------+---------+---------+----------+-----------+-----------+--------+----------+



================================================================
== Utilization Estimates
================================================================
* Summary: 
+-----------------+---------+----+-------+-------+-----+
|       Name      | BRAM_18K| DSP|   FF  |  LUT  | URAM|
+-----------------+---------+----+-------+-------+-----+
|DSP              |        -|   -|      -|      -|    -|
|Expression       |        -|   -|      0|    285|    -|
|FIFO             |        -|   -|      -|      -|    -|
|Instance         |        0|   5|   1129|   1934|    -|
|Memory           |        9|   -|      0|      0|    0|
|Multiplexer      |        -|   -|      0|    482|    -|
|Register         |        -|   -|    152|      -|    -|
+-----------------+---------+----+-------+-------+-----+
|Total            |        9|   5|   1281|   2701|    0|
+-----------------+---------+----+-------+-------+-----+
|Available        |      120|  80|  35200|  17600|    0|
+-----------------+---------+----+-------+-------+-----+
|Utilization (%)  |        7|   6|      3|     15|    0|
+-----------------+---------+----+-------+-------+-----+

+ Detail: 
    * Instance: 
    +-----------------------------------------------------------------+------------------------------------------------------+---------+----+-----+------+-----+
    |                             Instance                            |                        Module                        | BRAM_18K| DSP|  FF |  LUT | URAM|
    +-----------------------------------------------------------------+------------------------------------------------------+---------+----+-----+------+-----+
    |control_s_axi_U                                                  |control_s_axi                                         |        0|   0|   74|   104|    0|
    |grp_stream_matmul_Pipeline_compute_i_compute_j_compute_k_fu_187  |stream_matmul_Pipeline_compute_i_compute_j_compute_k  |        0|   5|  926|  1193|    0|
    |grp_stream_matmul_Pipeline_init_c_i_init_c_j_fu_136              |stream_matmul_Pipeline_init_c_i_init_c_j              |        0|   0|   32|   148|    0|
    |grp_stream_matmul_Pipeline_read_a_i_read_a_j_fu_142              |stream_matmul_Pipeline_read_a_i_read_a_j              |        0|   0|   29|   144|    0|
    |grp_stream_matmul_Pipeline_read_b_i_read_b_j_fu_171              |stream_matmul_Pipeline_read_b_i_read_b_j              |        0|   0|   32|   158|    0|
    |grp_stream_matmul_Pipeline_write_c_i_write_c_j_fu_158            |stream_matmul_Pipeline_write_c_i_write_c_j            |        0|   0|   36|   187|    0|
    +-----------------------------------------------------------------+------------------------------------------------------+---------+----+-----+------+-----+
    |Total                                                            |                                                      |        0|   5| 1129|  1934|    0|
    +-----------------------------------------------------------------+------------------------------------------------------+---------+----+-----+------+-----+

    * DSP: 
    N/A

    * Memory: 
    +-------+-----------------+---------+---+----+-----+------+-----+------+-------------+
    | Memory|      Module     | BRAM_18K| FF| LUT| URAM| Words| Bits| Banks| W*Bits*Banks|
    +-------+-----------------+---------+---+----+-----+------+-----+------+-------------+
    |A_U    |A_RAM_AUTO_1R1W  |        1|  0|   0|    0|    64|   32|     1|         2048|
    |A_1_U  |A_RAM_AUTO_1R1W  |        1|  0|   0|    0|    64|   32|     1|         2048|
    |A_2_U  |A_RAM_AUTO_1R1W  |        1|  0|   0|    0|    64|   32|     1|         2048|
    |A_3_U  |A_RAM_AUTO_1R1W  |        1|  0|   0|    0|    64|   32|     1|         2048|
    |B_U    |A_RAM_AUTO_1R1W  |        1|  0|   0|    0|    64|   32|     1|         2048|
    |B_1_U  |A_RAM_AUTO_1R1W  |        1|  0|   0|    0|    64|   32|     1|         2048|
    |B_2_U  |A_RAM_AUTO_1R1W  |        1|  0|   0|    0|    64|   32|     1|         2048|
    |B_3_U  |A_RAM_AUTO_1R1W  |        1|  0|   0|    0|    64|   32|     1|         2048|
    |C_U    |C_RAM_AUTO_1R1W  |        1|  0|   0|    0|   256|   32|     1|         8192|
    +-------+-----------------+---------+---+----+-----+------+-----+------+-------------+
    |Total  |                 |        9|  0|   0|    0|   768|  288|     9|        24576|
    +-------+-----------------+---------+---+----+-----+------+-----+------+-------------+

    * FIFO: 
    N/A

    * Expression: 
    +-------------------------------------------------------------------------+----------+----+---+----+------------+------------+
    |                              Variable Name                              | Operation| DSP| FF| LUT| Bitwidth P0| Bitwidth P1|
    +-------------------------------------------------------------------------+----------+----+---+----+------------+------------+
    |add_ln99_fu_261_p2                                                       |         +|   0|  0|  39|          32|           1|
    |grp_stream_matmul_Pipeline_write_c_i_write_c_j_fu_158_out_stream_TREADY  |       and|   0|  0|   2|           1|           1|
    |empty_fu_235_p2                                                          |      icmp|   0|  0|  39|          32|           8|
    |icmp_fu_210_p2                                                           |      icmp|   0|  0|  38|          31|           1|
    |icmp_ln99_fu_256_p2                                                      |      icmp|   0|  0|  39|          32|          32|
    |select_ln99_1_fu_245_p3                                                  |    select|   0|  0|  32|           1|          32|
    |select_ln99_fu_222_p3                                                    |    select|   0|  0|  32|           1|          32|
    |xor_ln99_1_fu_240_p2                                                     |       xor|   0|  0|  32|          32|           2|
    |xor_ln99_fu_216_p2                                                       |       xor|   0|  0|  32|          32|           2|
    +-------------------------------------------------------------------------+----------+----+---+----+------------+------------+
    |Total                                                                    |          |   0|  0| 285|         194|         111|
    +-------------------------------------------------------------------------+----------+----+---+----+------------+------------+

    * Multiplexer: 
    +-------------------------------+----+-----------+-----+-----------+
    |              Name             | LUT| Input Size| Bits| Total Bits|
    +-------------------------------+----+-----------+-----+-----------+
    |A_1_address0                   |  14|          3|    6|         18|
    |A_1_ce0                        |  14|          3|    1|          3|
    |A_1_we0                        |   9|          2|    1|          2|
    |A_2_address0                   |  14|          3|    6|         18|
    |A_2_ce0                        |  14|          3|    1|          3|
    |A_2_we0                        |   9|          2|    1|          2|
    |A_3_address0                   |  14|          3|    6|         18|
    |A_3_ce0                        |  14|          3|    1|          3|
    |A_3_we0                        |   9|          2|    1|          2|
    |A_address0                     |  14|          3|    6|         18|
    |A_ce0                          |  14|          3|    1|          3|
    |A_we0                          |   9|          2|    1|          2|
    |B_1_address0                   |  14|          3|    6|         18|
    |B_1_ce0                        |  14|          3|    1|          3|
    |B_1_we0                        |   9|          2|    1|          2|
    |B_2_address0                   |  14|          3|    6|         18|
    |B_2_ce0                        |  14|          3|    1|          3|
    |B_2_we0                        |   9|          2|    1|          2|
    |B_3_address0                   |  14|          3|    6|         18|
    |B_3_ce0                        |  14|          3|    1|          3|
    |B_3_we0                        |   9|          2|    1|          2|
    |B_address0                     |  14|          3|    6|         18|
    |B_ce0                          |  14|          3|    1|          3|
    |B_we0                          |   9|          2|    1|          2|
    |C_address0                     |  20|          4|    8|         32|
    |C_ce0                          |  20|          4|    1|          4|
    |C_d0                           |  14|          3|   32|         96|
    |C_we0                          |  14|          3|    1|          3|
    |ap_NS_fsm                      |  59|         11|    1|         11|
    |in_stream_TREADY_int_regslice  |  14|          3|    1|          3|
    |kk_fu_90                       |   9|          2|   32|         64|
    |out_stream_TDATA_int_regslice  |   9|          2|   32|         64|
    |out_stream_TKEEP_int_regslice  |   9|          2|    4|          8|
    |out_stream_TLAST_int_regslice  |   9|          2|    1|          2|
    |out_stream_TSTRB_int_regslice  |   9|          2|    4|          8|
    +-------------------------------+----+-----------+-----+-----------+
    |Total                          | 482|        102|  181|        479|
    +-------------------------------+----+-----------+-----+-----------+

    * Register: 
    +------------------------------------------------------------------------------+----+----+-----+-----------+
    |                                     Name                                     | FF | LUT| Bits| Const Bits|
    +------------------------------------------------------------------------------+----+----+-----+-----------+
    |ap_CS_fsm                                                                     |  10|   0|   10|          0|
    |grp_stream_matmul_Pipeline_compute_i_compute_j_compute_k_fu_187_ap_start_reg  |   1|   0|    1|          0|
    |grp_stream_matmul_Pipeline_init_c_i_init_c_j_fu_136_ap_start_reg              |   1|   0|    1|          0|
    |grp_stream_matmul_Pipeline_read_a_i_read_a_j_fu_142_ap_start_reg              |   1|   0|    1|          0|
    |grp_stream_matmul_Pipeline_read_b_i_read_b_j_fu_171_ap_start_reg              |   1|   0|    1|          0|
    |grp_stream_matmul_Pipeline_write_c_i_write_c_j_fu_158_ap_start_reg            |   1|   0|    1|          0|
    |kk_fu_90                                                                      |  32|   0|   32|          0|
    |out_stream_TDATA_reg                                                          |  32|   0|   32|          0|
    |out_stream_TKEEP_reg                                                          |   4|   0|    4|          0|
    |out_stream_TLAST_reg                                                          |   1|   0|    1|          0|
    |out_stream_TSTRB_reg                                                          |   4|   0|    4|          0|
    |select_ln99_1_reg_285                                                         |  32|   0|   32|          0|
    |select_ln99_reg_279                                                           |  32|   0|   32|          0|
    +------------------------------------------------------------------------------+----+----+-----+-----------+
    |Total                                                                         | 152|   0|  152|          0|
    +------------------------------------------------------------------------------+----+----+-----+-----------+



================================================================
== Interface
================================================================
* Summary: 
+-----------------------+-----+-----+------------+---------------------+--------------+
|       RTL Ports       | Dir | Bits|  Protocol  |    Source Object    |    C Type    |
+-----------------------+-----+-----+------------+---------------------+--------------+
|s_axi_control_AWVALID  |   in|    1|       s_axi|              control|        scalar|
|s_axi_control_AWREADY  |  out|    1|       s_axi|              control|        scalar|
|s_axi_control_AWADDR   |   in|    5|       s_axi|              control|        scalar|
|s_axi_control_WVALID   |   in|    1|       s_axi|              control|        scalar|
|s_axi_control_WREADY   |  out|    1|       s_axi|              control|        scalar|
|s_axi_control_WDATA    |   in|   32|       s_axi|              control|        scalar|
|s_axi_control_WSTRB    |   in|    4|       s_axi|              control|        scalar|
|s_axi_control_ARVALID  |   in|    1|       s_axi|              control|        scalar|
|s_axi_control_ARREADY  |  out|    1|       s_axi|              control|        scalar|
|s_axi_control_ARADDR   |   in|    5|       s_axi|              control|        scalar|
|s_axi_control_RVALID   |  out|    1|       s_axi|              control|        scalar|
|s_axi_control_RREADY   |   in|    1|       s_axi|              control|        scalar|
|s_axi_control_RDATA    |  out|   32|       s_axi|              control|        scalar|
|s_axi_control_RRESP    |  out|    2|       s_axi|              control|        scalar|
|s_axi_control_BVALID   |  out|    1|       s_axi|              control|        scalar|
|s_axi_control_BREADY   |   in|    1|       s_axi|              control|        scalar|
|s_axi_control_BRESP    |  out|    2|       s_axi|              control|        scalar|
|ap_clk                 |   in|    1|  ap_ctrl_hs|        stream_matmul|  return value|
|ap_rst_n               |   in|    1|  ap_ctrl_hs|        stream_matmul|  return value|
|interrupt              |  out|    1|  ap_ctrl_hs|        stream_matmul|  return value|
|in_stream_TDATA        |   in|   32|        axis|   in_stream_V_data_V|       pointer|
|in_stream_TVALID       |   in|    1|        axis|   in_stream_V_last_V|       pointer|
|in_stream_TREADY       |  out|    1|        axis|   in_stream_V_last_V|       pointer|
|in_stream_TLAST        |   in|    1|        axis|   in_stream_V_last_V|       pointer|
|in_stream_TKEEP        |   in|    4|        axis|   in_stream_V_keep_V|       pointer|
|in_stream_TSTRB        |   in|    4|        axis|   in_stream_V_strb_V|       pointer|
|out_stream_TDATA       |  out|   32|        axis|  out_stream_V_data_V|       pointer|
|out_stream_TVALID      |  out|    1|        axis|  out_stream_V_last_V|       pointer|
|out_stream_TREADY      |   in|    1|        axis|  out_stream_V_last_V|       pointer|
|out_stream_TLAST       |  out|    1|        axis|  out_stream_V_last_V|       pointer|
|out_stream_TKEEP       |  out|    4|        axis|  out_stream_V_keep_V|       pointer|
|out_stream_TSTRB       |  out|    4|        axis|  out_stream_V_strb_V|       pointer|
+-----------------------+-----+-----+------------+---------------------+--------------+

============================================================
+ Verbose Summary: Synthesis Manager
============================================================
InlineROM: 1
ExposeGlobal: 0
============================================================
+ Verbose Summary: CDFG Model
============================================================
IsTopModel: 1
ResetActiveHigh: 1
IsCombinational: 2
IsDatapathOnly: 2
HasWiredReturn: 1
HasMFsm: 0
HasVarLatency: 1
IsPipeline: 0
IsRtlPipelined: 0
IsInstanceOverlapped: 0
IsDontTouch: 0
HasImplIP: 0
IsGatedGlobalClock: 0


============================================================
+ Verbose Summary: Schedule
============================================================
* Number of FSM states : 10
* Pipeline : 0
* Dataflow Pipeline: 0

* FSM state transitions: 
1 --> 2 
2 --> 3 
3 --> 4 9 
4 --> 5 
5 --> 6 
6 --> 7 
7 --> 8 
8 --> 3 
9 --> 10 
10 --> 

* FSM state operations: 

State 1 <SV = 0> <Delay = 4.51>
ST_1 : Operation 11 [1/1] (0.00ns)   --->   "%kk = alloca i32 1"   --->   Operation 11 'alloca' 'kk' <Predicate = true> <Delay = 0.00>
ST_1 : Operation 12 [1/1] (1.00ns)   --->   "%num_k_tiles_read = read i32 @_ssdm_op_Read.s_axilite.i32, i32 %num_k_tiles"   --->   Operation 12 'read' 'num_k_tiles_read' <Predicate = true> <Delay = 1.00> <CoreInst = "s_axilite">   --->   Core 112 's_axilite' <Latency = 0> <II = 1> <Delay = 1.00> <Adapter> <Opcode : 'read' 'write'>
ST_1 : Operation 13 [1/1] (3.25ns)   --->   "%A = alloca i64 1" [../stream_matmul_N64.cpp:64]   --->   Operation 13 'alloca' 'A' <Predicate = true> <Delay = 3.25>
ST_1 : Operation 14 [1/1] (3.25ns)   --->   "%A_1 = alloca i64 1" [../stream_matmul_N64.cpp:64]   --->   Operation 14 'alloca' 'A_1' <Predicate = true> <Delay = 3.25>
ST_1 : Operation 15 [1/1] (3.25ns)   --->   "%A_2 = alloca i64 1" [../stream_matmul_N64.cpp:64]   --->   Operation 15 'alloca' 'A_2' <Predicate = true> <Delay = 3.25>
ST_1 : Operation 16 [1/1] (3.25ns)   --->   "%A_3 = alloca i64 1" [../stream_matmul_N64.cpp:64]   --->   Operation 16 'alloca' 'A_3' <Predicate = true> <Delay = 3.25>
ST_1 : Operation 17 [1/1] (3.25ns)   --->   "%B = alloca i64 1" [../stream_matmul_N64.cpp:65]   --->   Operation 17 'alloca' 'B' <Predicate = true> <Delay = 3.25>
ST_1 : Operation 18 [1/1] (3.25ns)   --->   "%B_1 = alloca i64 1" [../stream_matmul_N64.cpp:65]   --->   Operation 18 'alloca' 'B_1' <Predicate = true> <Delay = 3.25>
ST_1 : Operation 19 [1/1] (3.25ns)   --->   "%B_2 = alloca i64 1" [../stream_matmul_N64.cpp:65]   --->   Operation 19 'alloca' 'B_2' <Predicate = true> <Delay = 3.25>
ST_1 : Operation 20 [1/1] (3.25ns)   --->   "%B_3 = alloca i64 1" [../stream_matmul_N64.cpp:65]   --->   Operation 20 'alloca' 'B_3' <Predicate = true> <Delay = 3.25>
ST_1 : Operation 21 [1/1] (3.25ns)   --->   "%C = alloca i64 1" [../stream_matmul_N64.cpp:66]   --->   Operation 21 'alloca' 'C' <Predicate = true> <Delay = 3.25>
ST_1 : Operation 22 [2/2] (0.00ns)   --->   "%call_ln0 = call void @stream_matmul_Pipeline_init_c_i_init_c_j, i32 %C"   --->   Operation 22 'call' 'call_ln0' <Predicate = true> <Delay = 0.00> <CoreType = "Generic">   --->   Generic Core
ST_1 : Operation 23 [1/1] (0.00ns)   --->   "%tmp = partselect i31 @_ssdm_op_PartSelect.i31.i32.i32.i32, i32 %num_k_tiles_read, i32 1, i32 31"   --->   Operation 23 'partselect' 'tmp' <Predicate = true> <Delay = 0.00>
ST_1 : Operation 24 [1/1] (2.52ns)   --->   "%icmp = icmp_sgt  i31 %tmp, i31 0"   --->   Operation 24 'icmp' 'icmp' <Predicate = true> <Delay = 2.52> <CoreInst = "Cmp">   --->   Core 9 'Cmp' <Latency = 0> <II = 1> <Delay = 2.52> <FuncUnit> <Opcode : 'seteq' 'setne' 'setle' 'setge' 'setlt' 'setgt'> <InPorts = 2> <OutPorts = 1>
ST_1 : Operation 25 [1/1] (0.00ns) (grouped into LUT with out node select_ln99)   --->   "%xor_ln99 = xor i32 %num_k_tiles_read, i32 4294967295" [../stream_matmul_N64.cpp:99]   --->   Operation 25 'xor' 'xor_ln99' <Predicate = true> <Delay = 0.00> <CoreInst = "LogicGate">   --->   Core 74 'LogicGate' <Latency = 0> <II = 1> <Delay = 0.99> <FuncUnit> <Opcode : 'and' 'or' 'xor'> <InPorts = 2> <OutPorts = 1>
ST_1 : Operation 26 [1/1] (0.99ns) (out node of the LUT)   --->   "%select_ln99 = select i1 %icmp, i32 %xor_ln99, i32 4294967294" [../stream_matmul_N64.cpp:99]   --->   Operation 26 'select' 'select_ln99' <Predicate = true> <Delay = 0.99> <CoreInst = "Sel">   --->   Core 73 'Sel' <Latency = 0> <II = 1> <Delay = 0.69> <FuncUnit> <Opcode : 'select'> <InPorts = 3> <OutPorts = 1>
ST_1 : Operation 27 [1/1] (1.58ns)   --->   "%store_ln0 = store i32 0, i32 %kk"   --->   Operation 27 'store' 'store_ln0' <Predicate = true> <Delay = 1.58>

State 2 <SV = 1> <Delay = 3.54>
ST_2 : Operation 28 [1/1] (0.00ns)   --->   "%spectopmodule_ln55 = spectopmodule void @_ssdm_op_SpecTopModule, void @empty_8" [../stream_matmul_N64.cpp:55]   --->   Operation 28 'spectopmodule' 'spectopmodule_ln55' <Predicate = true> <Delay = 0.00>
ST_2 : Operation 29 [1/1] (0.00ns)   --->   "%specinterface_ln0 = specinterface void @_ssdm_op_SpecInterface, i32 %in_stream_V_data_V, i4 %in_stream_V_keep_V, i4 %in_stream_V_strb_V, i1 %in_stream_V_last_V, void @empty, i32 1, i32 1, void @empty_0, i32 0, i32 0, void @empty_1, void @empty_1, void @empty_1, i32 0, i32 0, i32 0, i32 0, void @empty_1, void @empty_1, i32 4294967295, i32 0, i32 0, i32 0"   --->   Operation 29 'specinterface' 'specinterface_ln0' <Predicate = true> <Delay = 0.00>
ST_2 : Operation 30 [1/1] (0.00ns)   --->   "%specbitsmap_ln0 = specbitsmap void @_ssdm_op_SpecBitsMap, i32 %in_stream_V_data_V"   --->   Operation 30 'specbitsmap' 'specbitsmap_ln0' <Predicate = true> <Delay = 0.00>
ST_2 : Operation 31 [1/1] (0.00ns)   --->   "%specbitsmap_ln0 = specbitsmap void @_ssdm_op_SpecBitsMap, i4 %in_stream_V_keep_V"   --->   Operation 31 'specbitsmap' 'specbitsmap_ln0' <Predicate = true> <Delay = 0.00>
ST_2 : Operation 32 [1/1] (0.00ns)   --->   "%specbitsmap_ln0 = specbitsmap void @_ssdm_op_SpecBitsMap, i4 %in_stream_V_strb_V"   --->   Operation 32 'specbitsmap' 'specbitsmap_ln0' <Predicate = true> <Delay = 0.00>
ST_2 : Operation 33 [1/1] (0.00ns)   --->   "%specbitsmap_ln0 = specbitsmap void @_ssdm_op_SpecBitsMap, i1 %in_stream_V_last_V"   --->   Operation 33 'specbitsmap' 'specbitsmap_ln0' <Predicate = true> <Delay = 0.00>
ST_2 : Operation 34 [1/1] (0.00ns)   --->   "%specinterface_ln0 = specinterface void @_ssdm_op_SpecInterface, i32 %out_stream_V_data_V, i4 %out_stream_V_keep_V, i4 %out_stream_V_strb_V, i1 %out_stream_V_last_V, void @empty, i32 1, i32 1, void @empty_0, i32 0, i32 0, void @empty_1, void @empty_1, void @empty_1, i32 0, i32 0, i32 0, i32 0, void @empty_1, void @empty_1, i32 4294967295, i32 0, i32 0, i32 0"   --->   Operation 34 'specinterface' 'specinterface_ln0' <Predicate = true> <Delay = 0.00>
ST_2 : Operation 35 [1/1] (0.00ns)   --->   "%specbitsmap_ln0 = specbitsmap void @_ssdm_op_SpecBitsMap, i32 %out_stream_V_data_V"   --->   Operation 35 'specbitsmap' 'specbitsmap_ln0' <Predicate = true> <Delay = 0.00>
ST_2 : Operation 36 [1/1] (0.00ns)   --->   "%specbitsmap_ln0 = specbitsmap void @_ssdm_op_SpecBitsMap, i4 %out_stream_V_keep_V"   --->   Operation 36 'specbitsmap' 'specbitsmap_ln0' <Predicate = true> <Delay = 0.00>
ST_2 : Operation 37 [1/1] (0.00ns)   --->   "%specbitsmap_ln0 = specbitsmap void @_ssdm_op_SpecBitsMap, i4 %out_stream_V_strb_V"   --->   Operation 37 'specbitsmap' 'specbitsmap_ln0' <Predicate = true> <Delay = 0.00>
ST_2 : Operation 38 [1/1] (0.00ns)   --->   "%specbitsmap_ln0 = specbitsmap void @_ssdm_op_SpecBitsMap, i1 %out_stream_V_last_V"   --->   Operation 38 'specbitsmap' 'specbitsmap_ln0' <Predicate = true> <Delay = 0.00>
ST_2 : Operation 39 [1/1] (0.00ns)   --->   "%specbitsmap_ln0 = specbitsmap void @_ssdm_op_SpecBitsMap, i32 %num_k_tiles"   --->   Operation 39 'specbitsmap' 'specbitsmap_ln0' <Predicate = true> <Delay = 0.00>
ST_2 : Operation 40 [1/1] (0.00ns)   --->   "%specinterface_ln0 = specinterface void @_ssdm_op_SpecInterface, i32 %num_k_tiles, void @empty_2, i32 4294967295, i32 4294967295, void @empty_1, i32 0, i32 0, void @empty_3, void @empty_4, void @empty_1, i32 0, i32 0, i32 0, i32 0, void @empty_1, void @empty_1, i32 4294967295, i32 0, i32 0, i32 0"   --->   Operation 40 'specinterface' 'specinterface_ln0' <Predicate = true> <Delay = 0.00>
ST_2 : Operation 41 [1/1] (0.00ns)   --->   "%specinterface_ln0 = specinterface void @_ssdm_op_SpecInterface, i32 %num_k_tiles, void @empty_5, i32 0, i32 0, void @empty_1, i32 0, i32 0, void @empty_1, void @empty_1, void @empty_1, i32 0, i32 0, i32 0, i32 0, void @empty_1, void @empty_1, i32 4294967295, i32 0, i32 0, i32 0"   --->   Operation 41 'specinterface' 'specinterface_ln0' <Predicate = true> <Delay = 0.00>
ST_2 : Operation 42 [1/1] (0.00ns)   --->   "%specinterface_ln0 = specinterface void @_ssdm_op_SpecInterface, i32 0, void @empty_2, i32 0, i32 0, void @empty_1, i32 0, i32 0, void @empty_3, void @empty_1, void @empty_1, i32 0, i32 0, i32 0, i32 0, void @empty_1, void @empty_1, i32 0, i32 0, i32 0, i32 0"   --->   Operation 42 'specinterface' 'specinterface_ln0' <Predicate = true> <Delay = 0.00>
ST_2 : Operation 43 [1/1] (0.00ns)   --->   "%specaxissidechannel_ln87 = specaxissidechannel void @_ssdm_op_SpecAXISSideChannel, i32 %out_stream_V_data_V, i4 %out_stream_V_keep_V, i4 %out_stream_V_strb_V, i1 0, i1 %out_stream_V_last_V, i1 0, i1 0, void @empty_6" [../stream_matmul_N64.cpp:87]   --->   Operation 43 'specaxissidechannel' 'specaxissidechannel_ln87' <Predicate = true> <Delay = 0.00>
ST_2 : Operation 44 [1/1] (0.00ns)   --->   "%specaxissidechannel_ln87 = specaxissidechannel void @_ssdm_op_SpecAXISSideChannel, i32 %in_stream_V_data_V, i4 %in_stream_V_keep_V, i4 %in_stream_V_strb_V, i1 0, i1 %in_stream_V_last_V, i1 0, i1 0, void @empty_7" [../stream_matmul_N64.cpp:87]   --->   Operation 44 'specaxissidechannel' 'specaxissidechannel_ln87' <Predicate = true> <Delay = 0.00>
ST_2 : Operation 45 [1/2] (0.00ns)   --->   "%call_ln0 = call void @stream_matmul_Pipeline_init_c_i_init_c_j, i32 %C"   --->   Operation 45 'call' 'call_ln0' <Predicate = true> <Delay = 0.00> <CoreType = "Generic">   --->   Generic Core
ST_2 : Operation 46 [1/1] (2.55ns)   --->   "%empty = icmp_sgt  i32 %select_ln99, i32 4294967231" [../stream_matmul_N64.cpp:99]   --->   Operation 46 'icmp' 'empty' <Predicate = true> <Delay = 2.55> <CoreInst = "Cmp">   --->   Core 9 'Cmp' <Latency = 0> <II = 1> <Delay = 2.55> <FuncUnit> <Opcode : 'seteq' 'setne' 'setle' 'setge' 'setlt' 'setgt'> <InPorts = 2> <OutPorts = 1>
ST_2 : Operation 47 [1/1] (0.00ns) (grouped into LUT with out node select_ln99_1)   --->   "%xor_ln99_1 = xor i32 %select_ln99, i32 4294967295" [../stream_matmul_N64.cpp:99]   --->   Operation 47 'xor' 'xor_ln99_1' <Predicate = true> <Delay = 0.00> <CoreInst = "LogicGate">   --->   Core 74 'LogicGate' <Latency = 0> <II = 1> <Delay = 0.99> <FuncUnit> <Opcode : 'and' 'or' 'xor'> <InPorts = 2> <OutPorts = 1>
ST_2 : Operation 48 [1/1] (0.99ns) (out node of the LUT)   --->   "%select_ln99_1 = select i1 %empty, i32 %xor_ln99_1, i32 64" [../stream_matmul_N64.cpp:99]   --->   Operation 48 'select' 'select_ln99_1' <Predicate = true> <Delay = 0.99> <CoreInst = "Sel">   --->   Core 73 'Sel' <Latency = 0> <II = 1> <Delay = 0.69> <FuncUnit> <Opcode : 'select'> <InPorts = 3> <OutPorts = 1>
ST_2 : Operation 49 [1/1] (0.00ns)   --->   "%br_ln99 = br void %read_a_i" [../stream_matmul_N64.cpp:99]   --->   Operation 49 'br' 'br_ln99' <Predicate = true> <Delay = 0.00>

State 3 <SV = 2> <Delay = 6.32>
ST_3 : Operation 50 [1/1] (0.00ns)   --->   "%kk_load = load i32 %kk" [../stream_matmul_N64.cpp:99]   --->   Operation 50 'load' 'kk_load' <Predicate = true> <Delay = 0.00>
ST_3 : Operation 51 [1/1] (2.55ns)   --->   "%icmp_ln99 = icmp_eq  i32 %kk_load, i32 %select_ln99_1" [../stream_matmul_N64.cpp:99]   --->   Operation 51 'icmp' 'icmp_ln99' <Predicate = true> <Delay = 2.55> <CoreInst = "Cmp">   --->   Core 9 'Cmp' <Latency = 0> <II = 1> <Delay = 2.55> <FuncUnit> <Opcode : 'seteq' 'setne' 'setle' 'setge' 'setlt' 'setgt'> <InPorts = 2> <OutPorts = 1>
ST_3 : Operation 52 [1/1] (2.55ns)   --->   "%add_ln99 = add i32 %kk_load, i32 1" [../stream_matmul_N64.cpp:99]   --->   Operation 52 'add' 'add_ln99' <Predicate = true> <Delay = 2.55> <CoreInst = "Adder">   --->   Core 1 'Adder' <Latency = 0> <II = 1> <Delay = 2.55> <FuncUnit> <Opcode : 'add' 'sub'> <InPorts = 2> <OutPorts = 1>
ST_3 : Operation 53 [1/1] (0.00ns)   --->   "%br_ln99 = br i1 %icmp_ln99, void %read_a_i.split, void %for.body92.preheader" [../stream_matmul_N64.cpp:99]   --->   Operation 53 'br' 'br_ln99' <Predicate = true> <Delay = 0.00>
ST_3 : Operation 54 [2/2] (3.77ns)   --->   "%call_ln0 = call void @stream_matmul_Pipeline_read_a_i_read_a_j, i32 %A, i32 %A_1, i32 %A_2, i32 %A_3, i32 %in_stream_V_data_V, i4 %in_stream_V_keep_V, i4 %in_stream_V_strb_V, i1 %in_stream_V_last_V"   --->   Operation 54 'call' 'call_ln0' <Predicate = (!icmp_ln99)> <Delay = 3.77> <CoreType = "Generic">   --->   Generic Core
ST_3 : Operation 55 [1/1] (1.58ns)   --->   "%store_ln99 = store i32 %add_ln99, i32 %kk" [../stream_matmul_N64.cpp:99]   --->   Operation 55 'store' 'store_ln99' <Predicate = (!icmp_ln99)> <Delay = 1.58>
ST_3 : Operation 56 [2/2] (0.00ns)   --->   "%call_ln0 = call void @stream_matmul_Pipeline_write_c_i_write_c_j, i32 %C, i32 %out_stream_V_data_V, i4 %out_stream_V_keep_V, i4 %out_stream_V_strb_V, i1 %out_stream_V_last_V"   --->   Operation 56 'call' 'call_ln0' <Predicate = (icmp_ln99)> <Delay = 0.00> <CoreType = "Generic">   --->   Generic Core

State 4 <SV = 3> <Delay = 0.00>
ST_4 : Operation 57 [1/2] (0.00ns)   --->   "%call_ln0 = call void @stream_matmul_Pipeline_read_a_i_read_a_j, i32 %A, i32 %A_1, i32 %A_2, i32 %A_3, i32 %in_stream_V_data_V, i4 %in_stream_V_keep_V, i4 %in_stream_V_strb_V, i1 %in_stream_V_last_V"   --->   Operation 57 'call' 'call_ln0' <Predicate = true> <Delay = 0.00> <CoreType = "Generic">   --->   Generic Core

State 5 <SV = 4> <Delay = 3.77>
ST_5 : Operation 58 [2/2] (3.77ns)   --->   "%call_ln0 = call void @stream_matmul_Pipeline_read_b_i_read_b_j, i32 %B, i32 %B_1, i32 %B_2, i32 %B_3, i32 %in_stream_V_data_V, i4 %in_stream_V_keep_V, i4 %in_stream_V_strb_V, i1 %in_stream_V_last_V"   --->   Operation 58 'call' 'call_ln0' <Predicate = true> <Delay = 3.77> <CoreType = "Generic">   --->   Generic Core

State 6 <SV = 5> <Delay = 0.00>
ST_6 : Operation 59 [1/2] (0.00ns)   --->   "%call_ln0 = call void @stream_matmul_Pipeline_read_b_i_read_b_j, i32 %B, i32 %B_1, i32 %B_2, i32 %B_3, i32 %in_stream_V_data_V, i4 %in_stream_V_keep_V, i4 %in_stream_V_strb_V, i1 %in_stream_V_last_V"   --->   Operation 59 'call' 'call_ln0' <Predicate = true> <Delay = 0.00> <CoreType = "Generic">   --->   Generic Core

State 7 <SV = 6> <Delay = 0.00>
ST_7 : Operation 60 [2/2] (0.00ns)   --->   "%call_ln0 = call void @stream_matmul_Pipeline_compute_i_compute_j_compute_k, i32 %A, i32 %A_1, i32 %A_2, i32 %A_3, i32 %B, i32 %B_1, i32 %B_2, i32 %B_3, i32 %C"   --->   Operation 60 'call' 'call_ln0' <Predicate = true> <Delay = 0.00> <CoreType = "Generic">   --->   Generic Core

State 8 <SV = 7> <Delay = 0.00>
ST_8 : Operation 61 [1/1] (0.00ns)   --->   "%speclooptripcount_ln100 = speclooptripcount void @_ssdm_op_SpecLoopTripCount, i64 1, i64 64, i64 32" [../stream_matmul_N64.cpp:100]   --->   Operation 61 'speclooptripcount' 'speclooptripcount_ln100' <Predicate = true> <Delay = 0.00>
ST_8 : Operation 62 [1/1] (0.00ns)   --->   "%specloopname_ln99 = specloopname void @_ssdm_op_SpecLoopName, void @empty_9" [../stream_matmul_N64.cpp:99]   --->   Operation 62 'specloopname' 'specloopname_ln99' <Predicate = true> <Delay = 0.00>
ST_8 : Operation 63 [1/2] (0.00ns)   --->   "%call_ln0 = call void @stream_matmul_Pipeline_compute_i_compute_j_compute_k, i32 %A, i32 %A_1, i32 %A_2, i32 %A_3, i32 %B, i32 %B_1, i32 %B_2, i32 %B_3, i32 %C"   --->   Operation 63 'call' 'call_ln0' <Predicate = true> <Delay = 0.00> <CoreType = "Generic">   --->   Generic Core
ST_8 : Operation 64 [1/1] (0.00ns)   --->   "%br_ln99 = br void %read_a_i" [../stream_matmul_N64.cpp:99]   --->   Operation 64 'br' 'br_ln99' <Predicate = true> <Delay = 0.00>

State 9 <SV = 3> <Delay = 4.54>
ST_9 : Operation 65 [1/2] (4.54ns)   --->   "%call_ln0 = call void @stream_matmul_Pipeline_write_c_i_write_c_j, i32 %C, i32 %out_stream_V_data_V, i4 %out_stream_V_keep_V, i4 %out_stream_V_strb_V, i1 %out_stream_V_last_V"   --->   Operation 65 'call' 'call_ln0' <Predicate = true> <Delay = 4.54> <CoreType = "Generic">   --->   Generic Core

State 10 <SV = 4> <Delay = 0.00>
ST_10 : Operation 66 [1/1] (0.00ns)   --->   "%ret_ln161 = ret" [../stream_matmul_N64.cpp:161]   --->   Operation 66 'ret' 'ret_ln161' <Predicate = true> <Delay = 0.00>


============================================================
+ Verbose Summary: Binding
============================================================
STG Binding: 
---------------- STG Properties BEGIN ----------------
- Is combinational: 0
- Is one-state seq: 0
- Is datapath-only: 0
- Is pipelined: 0
- Is top level: 1
Port [ Return ] is wired: 1; IO mode=ap_ctrl_hs:ce=0
Port [ in_stream_V_data_V]:  wired=1; compound=1; hidden=0; nouse=0; global=0; static=0; extern=0; dir=0; type=0; pingpong=0; private_global=0; IO mode=axis:ce=0
Port [ in_stream_V_keep_V]:  wired=1; compound=1; hidden=0; nouse=0; global=0; static=0; extern=0; dir=0; type=0; pingpong=0; private_global=0; IO mode=axis:ce=0
Port [ in_stream_V_strb_V]:  wired=1; compound=1; hidden=0; nouse=0; global=0; static=0; extern=0; dir=0; type=0; pingpong=0; private_global=0; IO mode=axis:ce=0
Port [ in_stream_V_last_V]:  wired=1; compound=1; hidden=0; nouse=0; global=0; static=0; extern=0; dir=0; type=0; pingpong=0; private_global=0; IO mode=axis:ce=0
Port [ out_stream_V_data_V]:  wired=1; compound=1; hidden=0; nouse=0; global=0; static=0; extern=0; dir=1; type=0; pingpong=0; private_global=0; IO mode=axis:ce=0
Port [ out_stream_V_keep_V]:  wired=1; compound=1; hidden=0; nouse=0; global=0; static=0; extern=0; dir=1; type=0; pingpong=0; private_global=0; IO mode=axis:ce=0
Port [ out_stream_V_strb_V]:  wired=1; compound=1; hidden=0; nouse=0; global=0; static=0; extern=0; dir=1; type=0; pingpong=0; private_global=0; IO mode=axis:ce=0
Port [ out_stream_V_last_V]:  wired=1; compound=1; hidden=0; nouse=0; global=0; static=0; extern=0; dir=1; type=0; pingpong=0; private_global=0; IO mode=axis:ce=0
Port [ num_k_tiles]:  wired=1; compound=0; hidden=0; nouse=0; global=0; static=0; extern=0; dir=0; type=0; pingpong=0; private_global=0; IO mode=ap_none:ce=0
---------------- STG Properties END ------------------

---------------- Datapath Model BEGIN ----------------

<LifeTime>
<method=bitvector/>
kk                       (alloca             ) [ 01111111100]
num_k_tiles_read         (read               ) [ 00000000000]
A                        (alloca             ) [ 00111111100]
A_1                      (alloca             ) [ 00111111100]
A_2                      (alloca             ) [ 00111111100]
A_3                      (alloca             ) [ 00111111100]
B                        (alloca             ) [ 00111111100]
B_1                      (alloca             ) [ 00111111100]
B_2                      (alloca             ) [ 00111111100]
B_3                      (alloca             ) [ 00111111100]
C                        (alloca             ) [ 00111111110]
tmp                      (partselect         ) [ 00000000000]
icmp                     (icmp               ) [ 00000000000]
xor_ln99                 (xor                ) [ 00000000000]
select_ln99              (select             ) [ 00100000000]
store_ln0                (store              ) [ 00000000000]
spectopmodule_ln55       (spectopmodule      ) [ 00000000000]
specinterface_ln0        (specinterface      ) [ 00000000000]
specbitsmap_ln0          (specbitsmap        ) [ 00000000000]
specbitsmap_ln0          (specbitsmap        ) [ 00000000000]
specbitsmap_ln0          (specbitsmap        ) [ 00000000000]
specbitsmap_ln0          (specbitsmap        ) [ 00000000000]
specinterface_ln0        (specinterface      ) [ 00000000000]
specbitsmap_ln0          (specbitsmap        ) [ 00000000000]
specbitsmap_ln0          (specbitsmap        ) [ 00000000000]
specbitsmap_ln0          (specbitsmap        ) [ 00000000000]
specbitsmap_ln0          (specbitsmap        ) [ 00000000000]
specbitsmap_ln0          (specbitsmap        ) [ 00000000000]
specinterface_ln0        (specinterface      ) [ 00000000000]
specinterface_ln0        (specinterface      ) [ 00000000000]
specinterface_ln0        (specinterface      ) [ 00000000000]
specaxissidechannel_ln87 (specaxissidechannel) [ 00000000000]
specaxissidechannel_ln87 (specaxissidechannel) [ 00000000000]
call_ln0                 (call               ) [ 00000000000]
empty                    (icmp               ) [ 00000000000]
xor_ln99_1               (xor                ) [ 00000000000]
select_ln99_1            (select             ) [ 00011111100]
br_ln99                  (br                 ) [ 00000000000]
kk_load                  (load               ) [ 00000000000]
icmp_ln99                (icmp               ) [ 00011111100]
add_ln99                 (add                ) [ 00000000000]
br_ln99                  (br                 ) [ 00000000000]
store_ln99               (store              ) [ 00000000000]
call_ln0                 (call               ) [ 00000000000]
call_ln0                 (call               ) [ 00000000000]
speclooptripcount_ln100  (speclooptripcount  ) [ 00000000000]
specloopname_ln99        (specloopname       ) [ 00000000000]
call_ln0                 (call               ) [ 00000000000]
br_ln99                  (br                 ) [ 00000000000]
call_ln0                 (call               ) [ 00000000000]
ret_ln161                (ret                ) [ 00000000000]
</LifeTime>

<model>

<comp_list>
<comp id="0" class="1000" name="in_stream_V_data_V">
<pin_list>
<pin id="1" dir="1" index="0" bw="1" slack="0"/>
</pin_list>
<bind>
<StgValue><ssdm name="in_stream_V_data_V"/></StgValue>
</bind>
</comp>

<comp id="2" class="1000" name="in_stream_V_keep_V">
<pin_list>
<pin id="3" dir="1" index="0" bw="1" slack="0"/>
</pin_list>
<bind>
<StgValue><ssdm name="in_stream_V_keep_V"/></StgValue>
</bind>
</comp>

<comp id="4" class="1000" name="in_stream_V_strb_V">
<pin_list>
<pin id="5" dir="1" index="0" bw="1" slack="0"/>
</pin_list>
<bind>
<StgValue><ssdm name="in_stream_V_strb_V"/></StgValue>
</bind>
</comp>

<comp id="6" class="1000" name="in_stream_V_last_V">
<pin_list>
<pin id="7" dir="1" index="0" bw="1" slack="0"/>
</pin_list>
<bind>
<StgValue><ssdm name="in_stream_V_last_V"/></StgValue>
</bind>
</comp>

<comp id="8" class="1000" name="out_stream_V_data_V">
<pin_list>
<pin id="9" dir="1" index="0" bw="1" slack="0"/>
</pin_list>
<bind>
<StgValue><ssdm name="out_stream_V_data_V"/></StgValue>
</bind>
</comp>

<comp id="10" class="1000" name="out_stream_V_keep_V">
<pin_list>
<pin id="11" dir="1" index="0" bw="1" slack="0"/>
</pin_list>
<bind>
<StgValue><ssdm name="out_stream_V_keep_V"/></StgValue>
</bind>
</comp>

<comp id="12" class="1000" name="out_stream_V_strb_V">
<pin_list>
<pin id="13" dir="1" index="0" bw="1" slack="0"/>
</pin_list>
<bind>
<StgValue><ssdm name="out_stream_V_strb_V"/></StgValue>
</bind>
</comp>

<comp id="14" class="1000" name="out_stream_V_last_V">
<pin_list>
<pin id="15" dir="1" index="0" bw="1" slack="0"/>
</pin_list>
<bind>
<StgValue><ssdm name="out_stream_V_last_V"/></StgValue>
</bind>
</comp>

<comp id="16" class="1000" name="num_k_tiles">
<pin_list>
<pin id="17" dir="1" index="0" bw="1" slack="0"/>
</pin_list>
<bind>
<StgValue><ssdm name="num_k_tiles"/></StgValue>
</bind>
</comp>

<comp id="18" class="1001" name="const_18">
<pin_list>
<pin id="19" dir="1" index="0" bw="1" slack="0"/>
</pin_list>
<bind>
<StgValue><ssdm name=""/></StgValue>
</bind>
</comp>

<comp id="20" class="1001" name="const_20">
<pin_list>
<pin id="21" dir="1" index="0" bw="1" slack="0"/>
</pin_list>
<bind>
<StgValue><ssdm name="_ssdm_op_Read.s_axilite.i32"/></StgValue>
</bind>
</comp>

<comp id="22" class="1001" name="const_22">
<pin_list>
<pin id="23" dir="1" index="0" bw="1" slack="0"/>
</pin_list>
<bind>
<StgValue><ssdm name=""/></StgValue>
</bind>
</comp>

<comp id="24" class="1001" name="const_24">
<pin_list>
<pin id="25" dir="1" index="0" bw="1" slack="0"/>
</pin_list>
<bind>
<StgValue><ssdm name="stream_matmul_Pipeline_init_c_i_init_c_j"/></StgValue>
</bind>
</comp>

<comp id="26" class="1001" name="const_26">
<pin_list>
<pin id="27" dir="1" index="0" bw="1" slack="0"/>
</pin_list>
<bind>
<StgValue><ssdm name="_ssdm_op_PartSelect.i31.i32.i32.i32"/></StgValue>
</bind>
</comp>

<comp id="28" class="1001" name="const_28">
<pin_list>
<pin id="29" dir="1" index="0" bw="1" slack="0"/>
</pin_list>
<bind>
<StgValue><ssdm name=""/></StgValue>
</bind>
</comp>

<comp id="30" class="1001" name="const_30">
<pin_list>
<pin id="31" dir="1" index="0" bw="1" slack="0"/>
</pin_list>
<bind>
<StgValue><ssdm name=""/></StgValue>
</bind>
</comp>

<comp id="32" class="1001" name="const_32">
<pin_list>
<pin id="33" dir="1" index="0" bw="1" slack="0"/>
</pin_list>
<bind>
<StgValue><ssdm name=""/></StgValue>
</bind>
</comp>

<comp id="34" class="1001" name="const_34">
<pin_list>
<pin id="35" dir="1" index="0" bw="1" slack="0"/>
</pin_list>
<bind>
<StgValue><ssdm name=""/></StgValue>
</bind>
</comp>

<comp id="36" class="1001" name="const_36">
<pin_list>
<pin id="37" dir="1" index="0" bw="1" slack="0"/>
</pin_list>
<bind>
<StgValue><ssdm name=""/></StgValue>
</bind>
</comp>

<comp id="38" class="1001" name="const_38">
<pin_list>
<pin id="39" dir="1" index="0" bw="1" slack="2147483647"/>
</pin_list>
<bind>
<StgValue><ssdm name="_ssdm_op_SpecTopModule"/></StgValue>
</bind>
</comp>

<comp id="40" class="1001" name="const_40">
<pin_list>
<pin id="41" dir="1" index="0" bw="1" slack="2147483647"/>
</pin_list>
<bind>
<StgValue><ssdm name="empty_8"/></StgValue>
</bind>
</comp>

<comp id="42" class="1001" name="const_42">
<pin_list>
<pin id="43" dir="1" index="0" bw="1" slack="2147483647"/>
</pin_list>
<bind>
<StgValue><ssdm name="_ssdm_op_SpecInterface"/></StgValue>
</bind>
</comp>

<comp id="44" class="1001" name="const_44">
<pin_list>
<pin id="45" dir="1" index="0" bw="1" slack="2147483647"/>
</pin_list>
<bind>
<StgValue><ssdm name="empty"/></StgValue>
</bind>
</comp>

<comp id="46" class="1001" name="const_46">
<pin_list>
<pin id="47" dir="1" index="0" bw="1" slack="2147483647"/>
</pin_list>
<bind>
<StgValue><ssdm name="empty_0"/></StgValue>
</bind>
</comp>

<comp id="48" class="1001" name="const_48">
<pin_list>
<pin id="49" dir="1" index="0" bw="1" slack="2147483647"/>
</pin_list>
<bind>
<StgValue><ssdm name="empty_1"/></StgValue>
</bind>
</comp>

<comp id="50" class="1001" name="const_50">
<pin_list>
<pin id="51" dir="1" index="0" bw="1" slack="2147483647"/>
</pin_list>
<bind>
<StgValue><ssdm name="_ssdm_op_SpecBitsMap"/></StgValue>
</bind>
</comp>

<comp id="52" class="1001" name="const_52">
<pin_list>
<pin id="53" dir="1" index="0" bw="1" slack="2147483647"/>
</pin_list>
<bind>
<StgValue><ssdm name="empty_2"/></StgValue>
</bind>
</comp>

<comp id="54" class="1001" name="const_54">
<pin_list>
<pin id="55" dir="1" index="0" bw="1" slack="2147483647"/>
</pin_list>
<bind>
<StgValue><ssdm name="empty_3"/></StgValue>
</bind>
</comp>

<comp id="56" class="1001" name="const_56">
<pin_list>
<pin id="57" dir="1" index="0" bw="1" slack="2147483647"/>
</pin_list>
<bind>
<StgValue><ssdm name="empty_4"/></StgValue>
</bind>
</comp>

<comp id="58" class="1001" name="const_58">
<pin_list>
<pin id="59" dir="1" index="0" bw="1" slack="2147483647"/>
</pin_list>
<bind>
<StgValue><ssdm name="empty_5"/></StgValue>
</bind>
</comp>

<comp id="60" class="1001" name="const_60">
<pin_list>
<pin id="61" dir="1" index="0" bw="1" slack="2147483647"/>
</pin_list>
<bind>
<StgValue><ssdm name="_ssdm_op_SpecAXISSideChannel"/></StgValue>
</bind>
</comp>

<comp id="62" class="1001" name="const_62">
<pin_list>
<pin id="63" dir="1" index="0" bw="1" slack="2147483647"/>
</pin_list>
<bind>
<StgValue><ssdm name=""/></StgValue>
</bind>
</comp>

<comp id="64" class="1001" name="const_64">
<pin_list>
<pin id="65" dir="1" index="0" bw="1" slack="2147483647"/>
</pin_list>
<bind>
<StgValue><ssdm name="empty_6"/></StgValue>
</bind>
</comp>

<comp id="66" class="1001" name="const_66">
<pin_list>
<pin id="67" dir="1" index="0" bw="1" slack="2147483647"/>
</pin_list>
<bind>
<StgValue><ssdm name="empty_7"/></StgValue>
</bind>
</comp>

<comp id="68" class="1001" name="const_68">
<pin_list>
<pin id="69" dir="1" index="0" bw="1" slack="0"/>
</pin_list>
<bind>
<StgValue><ssdm name=""/></StgValue>
</bind>
</comp>

<comp id="70" class="1001" name="const_70">
<pin_list>
<pin id="71" dir="1" index="0" bw="1" slack="0"/>
</pin_list>
<bind>
<StgValue><ssdm name=""/></StgValue>
</bind>
</comp>

<comp id="72" class="1001" name="const_72">
<pin_list>
<pin id="73" dir="1" index="0" bw="1" slack="0"/>
</pin_list>
<bind>
<StgValue><ssdm name="stream_matmul_Pipeline_read_a_i_read_a_j"/></StgValue>
</bind>
</comp>

<comp id="74" class="1001" name="const_74">
<pin_list>
<pin id="75" dir="1" index="0" bw="1" slack="0"/>
</pin_list>
<bind>
<StgValue><ssdm name="stream_matmul_Pipeline_write_c_i_write_c_j"/></StgValue>
</bind>
</comp>

<comp id="76" class="1001" name="const_76">
<pin_list>
<pin id="77" dir="1" index="0" bw="1" slack="0"/>
</pin_list>
<bind>
<StgValue><ssdm name="stream_matmul_Pipeline_read_b_i_read_b_j"/></StgValue>
</bind>
</comp>

<comp id="78" class="1001" name="const_78">
<pin_list>
<pin id="79" dir="1" index="0" bw="1" slack="0"/>
</pin_list>
<bind>
<StgValue><ssdm name="stream_matmul_Pipeline_compute_i_compute_j_compute_k"/></StgValue>
</bind>
</comp>

<comp id="80" class="1001" name="const_80">
<pin_list>
<pin id="81" dir="1" index="0" bw="1" slack="2147483647"/>
</pin_list>
<bind>
<StgValue><ssdm name="_ssdm_op_SpecLoopTripCount"/></StgValue>
</bind>
</comp>

<comp id="82" class="1001" name="const_82">
<pin_list>
<pin id="83" dir="1" index="0" bw="1" slack="2147483647"/>
</pin_list>
<bind>
<StgValue><ssdm name=""/></StgValue>
</bind>
</comp>

<comp id="84" class="1001" name="const_84">
<pin_list>
<pin id="85" dir="1" index="0" bw="1" slack="2147483647"/>
</pin_list>
<bind>
<StgValue><ssdm name=""/></StgValue>
</bind>
</comp>

<comp id="86" class="1001" name="const_86">
<pin_list>
<pin id="87" dir="1" index="0" bw="1" slack="2147483647"/>
</pin_list>
<bind>
<StgValue><ssdm name="_ssdm_op_SpecLoopName"/></StgValue>
</bind>
</comp>

<comp id="88" class="1001" name="const_88">
<pin_list>
<pin id="89" dir="1" index="0" bw="1" slack="2147483647"/>
</pin_list>
<bind>
<StgValue><ssdm name="empty_9"/></StgValue>
</bind>
</comp>

<comp id="90" class="1004" name="kk_fu_90">
<pin_list>
<pin id="91" dir="0" index="0" bw="1" slack="0"/>
<pin id="92" dir="1" index="1" bw="32" slack="0"/>
</pin_list>
<bind>
<opcode="alloca(26) " fcode="alloca"/>
<opset="kk/1 "/>
</bind>
</comp>

<comp id="94" class="1004" name="A_alloca_fu_94">
<pin_list>
<pin id="95" dir="0" index="0" bw="1" slack="0"/>
<pin id="96" dir="1" index="1" bw="32" slack="2147483647"/>
</pin_list>
<bind>
<opcode="alloca(26) " fcode="alloca"/>
<opset="A/1 "/>
</bind>
</comp>

<comp id="98" class="1004" name="A_1_alloca_fu_98">
<pin_list>
<pin id="99" dir="0" index="0" bw="1" slack="0"/>
<pin id="100" dir="1" index="1" bw="32" slack="2147483647"/>
</pin_list>
<bind>
<opcode="alloca(26) " fcode="alloca"/>
<opset="A_1/1 "/>
</bind>
</comp>

<comp id="102" class="1004" name="A_2_alloca_fu_102">
<pin_list>
<pin id="103" dir="0" index="0" bw="1" slack="0"/>
<pin id="104" dir="1" index="1" bw="32" slack="2147483647"/>
</pin_list>
<bind>
<opcode="alloca(26) " fcode="alloca"/>
<opset="A_2/1 "/>
</bind>
</comp>

<comp id="106" class="1004" name="A_3_alloca_fu_106">
<pin_list>
<pin id="107" dir="0" index="0" bw="1" slack="0"/>
<pin id="108" dir="1" index="1" bw="32" slack="2147483647"/>
</pin_list>
<bind>
<opcode="alloca(26) " fcode="alloca"/>
<opset="A_3/1 "/>
</bind>
</comp>

<comp id="110" class="1004" name="B_alloca_fu_110">
<pin_list>
<pin id="111" dir="0" index="0" bw="1" slack="0"/>
<pin id="112" dir="1" index="1" bw="32" slack="2147483647"/>
</pin_list>
<bind>
<opcode="alloca(26) " fcode="alloca"/>
<opset="B/1 "/>
</bind>
</comp>

<comp id="114" class="1004" name="B_1_alloca_fu_114">
<pin_list>
<pin id="115" dir="0" index="0" bw="1" slack="0"/>
<pin id="116" dir="1" index="1" bw="32" slack="2147483647"/>
</pin_list>
<bind>
<opcode="alloca(26) " fcode="alloca"/>
<opset="B_1/1 "/>
</bind>
</comp>

<comp id="118" class="1004" name="B_2_alloca_fu_118">
<pin_list>
<pin id="119" dir="0" index="0" bw="1" slack="0"/>
<pin id="120" dir="1" index="1" bw="32" slack="2147483647"/>
</pin_list>
<bind>
<opcode="alloca(26) " fcode="alloca"/>
<opset="B_2/1 "/>
</bind>
</comp>

<comp id="122" class="1004" name="B_3_alloca_fu_122">
<pin_list>
<pin id="123" dir="0" index="0" bw="1" slack="0"/>
<pin id="124" dir="1" index="1" bw="32" slack="2147483647"/>
</pin_list>
<bind>
<opcode="alloca(26) " fcode="alloca"/>
<opset="B_3/1 "/>
</bind>
</comp>

<comp id="126" class="1004" name="C_alloca_fu_126">
<pin_list>
<pin id="127" dir="0" index="0" bw="1" slack="0"/>
<pin id="128" dir="1" index="1" bw="32" slack="0"/>
</pin_list>
<bind>
<opcode="alloca(26) " fcode="alloca"/>
<opset="C/1 "/>
</bind>
</comp>

<comp id="130" class="1004" name="num_k_tiles_read_read_fu_130">
<pin_list>
<pin id="131" dir="0" index="0" bw="32" slack="0"/>
<pin id="132" dir="0" index="1" bw="32" slack="0"/>
<pin id="133" dir="1" index="2" bw="32" slack="0"/>
</pin_list>
<bind>
<opcode="read(1150) " fcode="read"/>
<opset="num_k_tiles_read/1 "/>
</bind>
</comp>

<comp id="136" class="1004" name="grp_stream_matmul_Pipeline_init_c_i_init_c_j_fu_136">
<pin_list>
<pin id="137" dir="0" index="0" bw="0" slack="0"/>
<pin id="138" dir="0" index="1" bw="32" slack="0"/>
<pin id="139" dir="1" index="2" bw="0" slack="2147483647"/>
</pin_list>
<bind>
<opcode="call(48) " fcode="call"/>
<opset="call_ln0/1 "/>
</bind>
</comp>

<comp id="142" class="1004" name="grp_stream_matmul_Pipeline_read_a_i_read_a_j_fu_142">
<pin_list>
<pin id="143" dir="0" index="0" bw="0" slack="0"/>
<pin id="144" dir="0" index="1" bw="32" slack="2147483647"/>
<pin id="145" dir="0" index="2" bw="32" slack="2147483647"/>
<pin id="146" dir="0" index="3" bw="32" slack="2147483647"/>
<pin id="147" dir="0" index="4" bw="32" slack="2147483647"/>
<pin id="148" dir="0" index="5" bw="32" slack="0"/>
<pin id="149" dir="0" index="6" bw="4" slack="0"/>
<pin id="150" dir="0" index="7" bw="4" slack="0"/>
<pin id="151" dir="0" index="8" bw="1" slack="0"/>
<pin id="152" dir="1" index="9" bw="0" slack="2147483647"/>
</pin_list>
<bind>
<opcode="call(48) " fcode="call"/>
<opset="call_ln0/3 "/>
</bind>
</comp>

<comp id="158" class="1004" name="grp_stream_matmul_Pipeline_write_c_i_write_c_j_fu_158">
<pin_list>
<pin id="159" dir="0" index="0" bw="0" slack="0"/>
<pin id="160" dir="0" index="1" bw="32" slack="2147483647"/>
<pin id="161" dir="0" index="2" bw="32" slack="0"/>
<pin id="162" dir="0" index="3" bw="4" slack="0"/>
<pin id="163" dir="0" index="4" bw="4" slack="0"/>
<pin id="164" dir="0" index="5" bw="1" slack="0"/>
<pin id="165" dir="1" index="6" bw="0" slack="2147483647"/>
</pin_list>
<bind>
<opcode="call(48) " fcode="call"/>
<opset="call_ln0/3 "/>
</bind>
</comp>

<comp id="171" class="1004" name="grp_stream_matmul_Pipeline_read_b_i_read_b_j_fu_171">
<pin_list>
<pin id="172" dir="0" index="0" bw="0" slack="0"/>
<pin id="173" dir="0" index="1" bw="32" slack="2147483647"/>
<pin id="174" dir="0" index="2" bw="32" slack="2147483647"/>
<pin id="175" dir="0" index="3" bw="32" slack="2147483647"/>
<pin id="176" dir="0" index="4" bw="32" slack="2147483647"/>
<pin id="177" dir="0" index="5" bw="32" slack="0"/>
<pin id="178" dir="0" index="6" bw="4" slack="0"/>
<pin id="179" dir="0" index="7" bw="4" slack="0"/>
<pin id="180" dir="0" index="8" bw="1" slack="0"/>
<pin id="181" dir="1" index="9" bw="0" slack="2147483647"/>
</pin_list>
<bind>
<opcode="call(48) " fcode="call"/>
<opset="call_ln0/5 "/>
</bind>
</comp>

<comp id="187" class="1004" name="grp_stream_matmul_Pipeline_compute_i_compute_j_compute_k_fu_187">
<pin_list>
<pin id="188" dir="0" index="0" bw="0" slack="0"/>
<pin id="189" dir="0" index="1" bw="32" slack="2147483647"/>
<pin id="190" dir="0" index="2" bw="32" slack="2147483647"/>
<pin id="191" dir="0" index="3" bw="32" slack="2147483647"/>
<pin id="192" dir="0" index="4" bw="32" slack="2147483647"/>
<pin id="193" dir="0" index="5" bw="32" slack="2147483647"/>
<pin id="194" dir="0" index="6" bw="32" slack="2147483647"/>
<pin id="195" dir="0" index="7" bw="32" slack="2147483647"/>
<pin id="196" dir="0" index="8" bw="32" slack="2147483647"/>
<pin id="197" dir="0" index="9" bw="32" slack="2147483647"/>
<pin id="198" dir="1" index="10" bw="0" slack="2147483647"/>
</pin_list>
<bind>
<opcode="call(48) " fcode="call"/>
<opset="call_ln0/7 "/>
</bind>
</comp>

<comp id="200" class="1004" name="tmp_fu_200">
<pin_list>
<pin id="201" dir="0" index="0" bw="31" slack="0"/>
<pin id="202" dir="0" index="1" bw="32" slack="0"/>
<pin id="203" dir="0" index="2" bw="1" slack="0"/>
<pin id="204" dir="0" index="3" bw="6" slack="0"/>
<pin id="205" dir="1" index="4" bw="31" slack="0"/>
</pin_list>
<bind>
<opcode="partselect(1002) " fcode="partselect"/>
<opset="tmp/1 "/>
</bind>
</comp>

<comp id="210" class="1004" name="icmp_fu_210">
<pin_list>
<pin id="211" dir="0" index="0" bw="31" slack="0"/>
<pin id="212" dir="0" index="1" bw="31" slack="0"/>
<pin id="213" dir="1" index="2" bw="1" slack="0"/>
</pin_list>
<bind>
<opcode="icmp(45) " fcode="icmp"/>
<opset="icmp/1 "/>
</bind>
</comp>

<comp id="216" class="1004" name="xor_ln99_fu_216">
<pin_list>
<pin id="217" dir="0" index="0" bw="32" slack="0"/>
<pin id="218" dir="0" index="1" bw="32" slack="0"/>
<pin id="219" dir="1" index="2" bw="32" slack="0"/>
</pin_list>
<bind>
<opcode="xor(25) " fcode="xor"/>
<opset="xor_ln99/1 "/>
</bind>
</comp>

<comp id="222" class="1004" name="select_ln99_fu_222">
<pin_list>
<pin id="223" dir="0" index="0" bw="1" slack="0"/>
<pin id="224" dir="0" index="1" bw="32" slack="0"/>
<pin id="225" dir="0" index="2" bw="32" slack="0"/>
<pin id="226" dir="1" index="3" bw="32" slack="1"/>
</pin_list>
<bind>
<opcode="select(49) " fcode="select"/>
<opset="select_ln99/1 "/>
</bind>
</comp>

<comp id="230" class="1004" name="store_ln0_store_fu_230">
<pin_list>
<pin id="231" dir="0" index="0" bw="1" slack="0"/>
<pin id="232" dir="0" index="1" bw="32" slack="0"/>
<pin id="233" dir="1" index="2" bw="0" slack="2147483647"/>
</pin_list>
<bind>
<opcode="store(28) " fcode="store"/>
<opset="store_ln0/1 "/>
</bind>
</comp>

<comp id="235" class="1004" name="empty_fu_235">
<pin_list>
<pin id="236" dir="0" index="0" bw="32" slack="1"/>
<pin id="237" dir="0" index="1" bw="32" slack="0"/>
<pin id="238" dir="1" index="2" bw="1" slack="0"/>
</pin_list>
<bind>
<opcode="icmp(45) " fcode="icmp"/>
<opset="empty/2 "/>
</bind>
</comp>

<comp id="240" class="1004" name="xor_ln99_1_fu_240">
<pin_list>
<pin id="241" dir="0" index="0" bw="32" slack="1"/>
<pin id="242" dir="0" index="1" bw="32" slack="0"/>
<pin id="243" dir="1" index="2" bw="32" slack="0"/>
</pin_list>
<bind>
<opcode="xor(25) " fcode="xor"/>
<opset="xor_ln99_1/2 "/>
</bind>
</comp>

<comp id="245" class="1004" name="select_ln99_1_fu_245">
<pin_list>
<pin id="246" dir="0" index="0" bw="1" slack="0"/>
<pin id="247" dir="0" index="1" bw="32" slack="0"/>
<pin id="248" dir="0" index="2" bw="32" slack="0"/>
<pin id="249" dir="1" index="3" bw="32" slack="1"/>
</pin_list>
<bind>
<opcode="select(49) " fcode="select"/>
<opset="select_ln99_1/2 "/>
</bind>
</comp>

<comp id="253" class="1004" name="kk_load_load_fu_253">
<pin_list>
<pin id="254" dir="0" index="0" bw="32" slack="2"/>
<pin id="255" dir="1" index="1" bw="32" slack="0"/>
</pin_list>
<bind>
<opcode="load(27) " fcode="load"/>
<opset="kk_load/3 "/>
</bind>
</comp>

<comp id="256" class="1004" name="icmp_ln99_fu_256">
<pin_list>
<pin id="257" dir="0" index="0" bw="32" slack="0"/>
<pin id="258" dir="0" index="1" bw="32" slack="1"/>
<pin id="259" dir="1" index="2" bw="1" slack="2147483647"/>
</pin_list>
<bind>
<opcode="icmp(45) " fcode="icmp"/>
<opset="icmp_ln99/3 "/>
</bind>
</comp>

<comp id="261" class="1004" name="add_ln99_fu_261">
<pin_list>
<pin id="262" dir="0" index="0" bw="32" slack="0"/>
<pin id="263" dir="0" index="1" bw="1" slack="0"/>
<pin id="264" dir="1" index="2" bw="32" slack="0"/>
</pin_list>
<bind>
<opcode="add(8) " fcode="add"/>
<opset="add_ln99/3 "/>
</bind>
</comp>

<comp id="267" class="1004" name="store_ln99_store_fu_267">
<pin_list>
<pin id="268" dir="0" index="0" bw="32" slack="0"/>
<pin id="269" dir="0" index="1" bw="32" slack="2"/>
<pin id="270" dir="1" index="2" bw="0" slack="2147483647"/>
</pin_list>
<bind>
<opcode="store(28) " fcode="store"/>
<opset="store_ln99/3 "/>
</bind>
</comp>

<comp id="272" class="1005" name="kk_reg_272">
<pin_list>
<pin id="273" dir="0" index="0" bw="32" slack="0"/>
<pin id="274" dir="1" index="1" bw="32" slack="0"/>
</pin_list>
<bind>
<opset="kk "/>
</bind>
</comp>

<comp id="279" class="1005" name="select_ln99_reg_279">
<pin_list>
<pin id="280" dir="0" index="0" bw="32" slack="1"/>
<pin id="281" dir="1" index="1" bw="32" slack="1"/>
</pin_list>
<bind>
<opset="select_ln99 "/>
</bind>
</comp>

<comp id="285" class="1005" name="select_ln99_1_reg_285">
<pin_list>
<pin id="286" dir="0" index="0" bw="32" slack="1"/>
<pin id="287" dir="1" index="1" bw="32" slack="1"/>
</pin_list>
<bind>
<opset="select_ln99_1 "/>
</bind>
</comp>

</comp_list>

<net_list>
<net id="93"><net_src comp="18" pin="0"/><net_sink comp="90" pin=0"/></net>

<net id="97"><net_src comp="22" pin="0"/><net_sink comp="94" pin=0"/></net>

<net id="101"><net_src comp="22" pin="0"/><net_sink comp="98" pin=0"/></net>

<net id="105"><net_src comp="22" pin="0"/><net_sink comp="102" pin=0"/></net>

<net id="109"><net_src comp="22" pin="0"/><net_sink comp="106" pin=0"/></net>

<net id="113"><net_src comp="22" pin="0"/><net_sink comp="110" pin=0"/></net>

<net id="117"><net_src comp="22" pin="0"/><net_sink comp="114" pin=0"/></net>

<net id="121"><net_src comp="22" pin="0"/><net_sink comp="118" pin=0"/></net>

<net id="125"><net_src comp="22" pin="0"/><net_sink comp="122" pin=0"/></net>

<net id="129"><net_src comp="22" pin="0"/><net_sink comp="126" pin=0"/></net>

<net id="134"><net_src comp="20" pin="0"/><net_sink comp="130" pin=0"/></net>

<net id="135"><net_src comp="16" pin="0"/><net_sink comp="130" pin=1"/></net>

<net id="140"><net_src comp="24" pin="0"/><net_sink comp="136" pin=0"/></net>

<net id="141"><net_src comp="126" pin="1"/><net_sink comp="136" pin=1"/></net>

<net id="153"><net_src comp="72" pin="0"/><net_sink comp="142" pin=0"/></net>

<net id="154"><net_src comp="0" pin="0"/><net_sink comp="142" pin=5"/></net>

<net id="155"><net_src comp="2" pin="0"/><net_sink comp="142" pin=6"/></net>

<net id="156"><net_src comp="4" pin="0"/><net_sink comp="142" pin=7"/></net>

<net id="157"><net_src comp="6" pin="0"/><net_sink comp="142" pin=8"/></net>

<net id="166"><net_src comp="74" pin="0"/><net_sink comp="158" pin=0"/></net>

<net id="167"><net_src comp="8" pin="0"/><net_sink comp="158" pin=2"/></net>

<net id="168"><net_src comp="10" pin="0"/><net_sink comp="158" pin=3"/></net>

<net id="169"><net_src comp="12" pin="0"/><net_sink comp="158" pin=4"/></net>

<net id="170"><net_src comp="14" pin="0"/><net_sink comp="158" pin=5"/></net>

<net id="182"><net_src comp="76" pin="0"/><net_sink comp="171" pin=0"/></net>

<net id="183"><net_src comp="0" pin="0"/><net_sink comp="171" pin=5"/></net>

<net id="184"><net_src comp="2" pin="0"/><net_sink comp="171" pin=6"/></net>

<net id="185"><net_src comp="4" pin="0"/><net_sink comp="171" pin=7"/></net>

<net id="186"><net_src comp="6" pin="0"/><net_sink comp="171" pin=8"/></net>

<net id="199"><net_src comp="78" pin="0"/><net_sink comp="187" pin=0"/></net>

<net id="206"><net_src comp="26" pin="0"/><net_sink comp="200" pin=0"/></net>

<net id="207"><net_src comp="130" pin="2"/><net_sink comp="200" pin=1"/></net>

<net id="208"><net_src comp="18" pin="0"/><net_sink comp="200" pin=2"/></net>

<net id="209"><net_src comp="28" pin="0"/><net_sink comp="200" pin=3"/></net>

<net id="214"><net_src comp="200" pin="4"/><net_sink comp="210" pin=0"/></net>

<net id="215"><net_src comp="30" pin="0"/><net_sink comp="210" pin=1"/></net>

<net id="220"><net_src comp="130" pin="2"/><net_sink comp="216" pin=0"/></net>

<net id="221"><net_src comp="32" pin="0"/><net_sink comp="216" pin=1"/></net>

<net id="227"><net_src comp="210" pin="2"/><net_sink comp="222" pin=0"/></net>

<net id="228"><net_src comp="216" pin="2"/><net_sink comp="222" pin=1"/></net>

<net id="229"><net_src comp="34" pin="0"/><net_sink comp="222" pin=2"/></net>

<net id="234"><net_src comp="36" pin="0"/><net_sink comp="230" pin=0"/></net>

<net id="239"><net_src comp="68" pin="0"/><net_sink comp="235" pin=1"/></net>

<net id="244"><net_src comp="32" pin="0"/><net_sink comp="240" pin=1"/></net>

<net id="250"><net_src comp="235" pin="2"/><net_sink comp="245" pin=0"/></net>

<net id="251"><net_src comp="240" pin="2"/><net_sink comp="245" pin=1"/></net>

<net id="252"><net_src comp="70" pin="0"/><net_sink comp="245" pin=2"/></net>

<net id="260"><net_src comp="253" pin="1"/><net_sink comp="256" pin=0"/></net>

<net id="265"><net_src comp="253" pin="1"/><net_sink comp="261" pin=0"/></net>

<net id="266"><net_src comp="18" pin="0"/><net_sink comp="261" pin=1"/></net>

<net id="271"><net_src comp="261" pin="2"/><net_sink comp="267" pin=0"/></net>

<net id="275"><net_src comp="90" pin="1"/><net_sink comp="272" pin=0"/></net>

<net id="276"><net_src comp="272" pin="1"/><net_sink comp="230" pin=1"/></net>

<net id="277"><net_src comp="272" pin="1"/><net_sink comp="253" pin=0"/></net>

<net id="278"><net_src comp="272" pin="1"/><net_sink comp="267" pin=1"/></net>

<net id="282"><net_src comp="222" pin="3"/><net_sink comp="279" pin=0"/></net>

<net id="283"><net_src comp="279" pin="1"/><net_sink comp="235" pin=0"/></net>

<net id="284"><net_src comp="279" pin="1"/><net_sink comp="240" pin=0"/></net>

<net id="288"><net_src comp="245" pin="3"/><net_sink comp="285" pin=0"/></net>

<net id="289"><net_src comp="285" pin="1"/><net_sink comp="256" pin=1"/></net>

</net_list>

</model> 
---------------- Datapath Model END ------------------

* FSMD analyzer results:
  - Output states:
	Port: out_stream_V_data_V | {3 9 }
	Port: out_stream_V_keep_V | {3 9 }
	Port: out_stream_V_strb_V | {3 9 }
	Port: out_stream_V_last_V | {3 9 }
 - Input state : 
	Port: stream_matmul : in_stream_V_data_V | {3 4 5 6 }
	Port: stream_matmul : in_stream_V_keep_V | {3 4 5 6 }
	Port: stream_matmul : in_stream_V_strb_V | {3 4 5 6 }
	Port: stream_matmul : in_stream_V_last_V | {3 4 5 6 }
	Port: stream_matmul : num_k_tiles | {1 }
  - Chain level:
	State 1
		call_ln0 : 1
		icmp : 1
		select_ln99 : 2
		store_ln0 : 1
	State 2
	State 3
		icmp_ln99 : 1
		add_ln99 : 1
		br_ln99 : 2
		store_ln99 : 2
	State 4
	State 5
	State 6
	State 7
	State 8
	State 9
	State 10


============================================================
+ Verbose Summary: Datapath Resource usage 
============================================================

* Functional unit list:
|----------|-----------------------------------------------------------------|---------|---------|---------|---------|
| Operation|                         Functional Unit                         |   DSP   |  Delay  |    FF   |   LUT   |
|----------|-----------------------------------------------------------------|---------|---------|---------|---------|
|          |       grp_stream_matmul_Pipeline_init_c_i_init_c_j_fu_136       |    0    |    0    |    28   |    92   |
|          |       grp_stream_matmul_Pipeline_read_a_i_read_a_j_fu_142       |    0    |    0    |    25   |    77   |
|   call   |      grp_stream_matmul_Pipeline_write_c_i_write_c_j_fu_158      |    0    |  1.588  |    37   |   129   |
|          |       grp_stream_matmul_Pipeline_read_b_i_read_b_j_fu_171       |    0    |    0    |    28   |    91   |
|          | grp_stream_matmul_Pipeline_compute_i_compute_j_compute_k_fu_187 |    5    | 21.4791 |   973   |   1038  |
|----------|-----------------------------------------------------------------|---------|---------|---------|---------|
|          |                           icmp_fu_210                           |    0    |    0    |    0    |    38   |
|   icmp   |                           empty_fu_235                          |    0    |    0    |    0    |    39   |
|          |                         icmp_ln99_fu_256                        |    0    |    0    |    0    |    39   |
|----------|-----------------------------------------------------------------|---------|---------|---------|---------|
|    xor   |                         xor_ln99_fu_216                         |    0    |    0    |    0    |    32   |
|          |                        xor_ln99_1_fu_240                        |    0    |    0    |    0    |    32   |
|----------|-----------------------------------------------------------------|---------|---------|---------|---------|
|  select  |                        select_ln99_fu_222                       |    0    |    0    |    0    |    32   |
|          |                       select_ln99_1_fu_245                      |    0    |    0    |    0    |    32   |
|----------|-----------------------------------------------------------------|---------|---------|---------|---------|
|    add   |                         add_ln99_fu_261                         |    0    |    0    |    0    |    39   |
|----------|-----------------------------------------------------------------|---------|---------|---------|---------|
|   read   |                   num_k_tiles_read_read_fu_130                  |    0    |    0    |    0    |    0    |
|----------|-----------------------------------------------------------------|---------|---------|---------|---------|
|partselect|                            tmp_fu_200                           |    0    |    0    |    0    |    0    |
|----------|-----------------------------------------------------------------|---------|---------|---------|---------|
|   Total  |                                                                 |    5    | 23.0671 |   1091  |   1710  |
|----------|-----------------------------------------------------------------|---------|---------|---------|---------|

Memories:
+----+--------+--------+--------+--------+
|    |  BRAM  |   FF   |   LUT  |  URAM  |
+----+--------+--------+--------+--------+
|  A |    1   |    0   |    0   |    0   |
| A_1|    1   |    0   |    0   |    0   |
| A_2|    1   |    0   |    0   |    0   |
| A_3|    1   |    0   |    0   |    0   |
|  B |    1   |    0   |    0   |    0   |
| B_1|    1   |    0   |    0   |    0   |
| B_2|    1   |    0   |    0   |    0   |
| B_3|    1   |    0   |    0   |    0   |
|  C |    1   |    0   |    0   |    0   |
+----+--------+--------+--------+--------+
|Total|    9   |    0   |    0   |    0   |
+----+--------+--------+--------+--------+

* Register list:
+---------------------+--------+
|                     |   FF   |
+---------------------+--------+
|      kk_reg_272     |   32   |
|select_ln99_1_reg_285|   32   |
| select_ln99_reg_279 |   32   |
+---------------------+--------+
|        Total        |   96   |
+---------------------+--------+

* Multiplexer (MUX) list: 
|--------|------|------|------|--------|
|  Comp  |  Pin | Size |  BW  | S x BW |
|--------|------|------|------|--------|
|  Total |      |      |      |    0   |
|--------|------|------|------|--------|



* Summary:
+-----------+--------+--------+--------+--------+--------+--------+
|           |  BRAM  |   DSP  |  Delay |   FF   |   LUT  |  URAM  |
+-----------+--------+--------+--------+--------+--------+--------+
|  Function |    -   |    5   |   23   |  1091  |  1710  |    -   |
|   Memory  |    9   |    -   |    -   |    0   |    0   |    0   |
|Multiplexer|    -   |    -   |    -   |    -   |    -   |    -   |
|  Register |    -   |    -   |    -   |   96   |    -   |    -   |
+-----------+--------+--------+--------+--------+--------+--------+
|   Total   |    9   |    5   |   23   |  1187  |  1710  |    0   |
+-----------+--------+--------+--------+--------+--------+--------+
