

================================================================
== Vitis HLS Report for 'stream_matmul_Pipeline_init_c_i_init_c_j'
================================================================
* Date:           Tue May 19 17:15:00 2026

* Version:        2025.2 (Build 6295257 on Nov 14 2025)
* Project:        stream_matmul
* Solution:       hls (Vivado IP Flow Target)
* Product family: zynq
* Target device:  xc7z010-clg400-1


================================================================
== Performance Estimates
================================================================
+ Timing: 
    * Summary: 
    +--------+----------+----------+------------+
    |  Clock |  Target  | Estimated| Uncertainty|
    +--------+----------+----------+------------+
    |ap_clk  |  10.00 ns|  6.363 ns|     2.70 ns|
    +--------+----------+----------+------------+

+ Latency: 
    * Summary: 
    +---------+---------+----------+----------+-----+-----+-------------------+
    |  Latency (cycles) |  Latency (absolute) |  Interval |      Pipeline     |
    |   min   |   max   |    min   |    max   | min | max |        Type       |
    +---------+---------+----------+----------+-----+-----+-------------------+
    |      259|      259|  2.590 us|  2.590 us|    0|    0|  loop pipeline stp|
    +---------+---------+----------+----------+-----+-----+-------------------+

    + Detail: 
        * Instance: 
        N/A

        * Loop: 
        +---------------------+---------+---------+----------+-----------+-----------+------+----------+
        |                     |  Latency (cycles) | Iteration|  Initiation Interval  | Trip |          |
        |      Loop Name      |   min   |   max   |  Latency |  achieved |   target  | Count| Pipelined|
        +---------------------+---------+---------+----------+-----------+-----------+------+----------+
        |- init_c_i_init_c_j  |      257|      257|         3|          1|          1|   256|       yes|
        +---------------------+---------+---------+----------+-----------+-----------+------+----------+

============================================================
+ Verbose Summary: Synthesis Manager
============================================================
InlineROM: 1
ExposeGlobal: 0
============================================================
+ Verbose Summary: CDFG Model
============================================================
IsTopModel: 0
ResetActiveHigh: 1
IsCombinational: 0
IsDatapathOnly: 0
HasWiredReturn: 1
HasMFsm: 2
HasVarLatency: 1
IsPipeline: 0
IsRtlPipelined: 0
IsInstanceOverlapped: 0
IsDontTouch: 0
HasImplIP: 0
IsGatedGlobalClock: 0

+ Individual pipeline summary: 
  * Pipeline-0: initiation interval (II) = 1, depth = 3


============================================================
+ Verbose Summary: Schedule
============================================================
* Number of FSM states : 3
* Pipeline : 1
  Pipeline-0 : II = 1, D = 3, States = { 1 2 3 }
* Dataflow Pipeline: 0

* FSM state transitions: 
1 --> 2 
2 --> 3 
3 --> 

* FSM state operations: 

State 1 <SV = 0> <Delay = 4.99>
ST_1 : Operation 6 [1/1] (0.00ns)   --->   "%j = alloca i32 1" [../stream_matmul_fixedPoint.cpp:84]   --->   Operation 6 'alloca' 'j' <Predicate = true> <Delay = 0.00>
ST_1 : Operation 7 [1/1] (0.00ns)   --->   "%i = alloca i32 1" [../stream_matmul_fixedPoint.cpp:84]   --->   Operation 7 'alloca' 'i' <Predicate = true> <Delay = 0.00>
ST_1 : Operation 8 [1/1] (0.00ns)   --->   "%indvar_flatten = alloca i32 1"   --->   Operation 8 'alloca' 'indvar_flatten' <Predicate = true> <Delay = 0.00>
ST_1 : Operation 9 [1/1] (1.58ns)   --->   "%store_ln0 = store i9 0, i9 %indvar_flatten"   --->   Operation 9 'store' 'store_ln0' <Predicate = true> <Delay = 1.58>
ST_1 : Operation 10 [1/1] (1.58ns)   --->   "%store_ln84 = store i5 0, i5 %i" [../stream_matmul_fixedPoint.cpp:84]   --->   Operation 10 'store' 'store_ln84' <Predicate = true> <Delay = 1.58>
ST_1 : Operation 11 [1/1] (1.58ns)   --->   "%store_ln84 = store i5 0, i5 %j" [../stream_matmul_fixedPoint.cpp:84]   --->   Operation 11 'store' 'store_ln84' <Predicate = true> <Delay = 1.58>
ST_1 : Operation 12 [1/1] (0.00ns)   --->   "%br_ln0 = br void %for.body7"   --->   Operation 12 'br' 'br_ln0' <Predicate = true> <Delay = 0.00>
ST_1 : Operation 13 [1/1] (0.00ns)   --->   "%indvar_flatten_load = load i9 %indvar_flatten" [../stream_matmul_fixedPoint.cpp:100]   --->   Operation 13 'load' 'indvar_flatten_load' <Predicate = true> <Delay = 0.00>
ST_1 : Operation 14 [1/1] (1.82ns)   --->   "%icmp_ln100 = icmp_eq  i9 %indvar_flatten_load, i9 256" [../stream_matmul_fixedPoint.cpp:100]   --->   Operation 14 'icmp' 'icmp_ln100' <Predicate = true> <Delay = 1.82> <CoreInst = "Cmp">   --->   Core 9 'Cmp' <Latency = 0> <II = 1> <Delay = 1.82> <FuncUnit> <Opcode : 'seteq' 'setne' 'setle' 'setge' 'setlt' 'setgt'> <InPorts = 2> <OutPorts = 1>
ST_1 : Operation 15 [1/1] (1.82ns)   --->   "%add_ln100_1 = add i9 %indvar_flatten_load, i9 1" [../stream_matmul_fixedPoint.cpp:100]   --->   Operation 15 'add' 'add_ln100_1' <Predicate = true> <Delay = 1.82> <CoreInst = "Adder">   --->   Core 1 'Adder' <Latency = 0> <II = 1> <Delay = 1.82> <FuncUnit> <Opcode : 'add' 'sub'> <InPorts = 2> <OutPorts = 1>
ST_1 : Operation 16 [1/1] (0.00ns)   --->   "%br_ln100 = br i1 %icmp_ln100, void %for.inc10, void %k_tile_loop.exitStub" [../stream_matmul_fixedPoint.cpp:100]   --->   Operation 16 'br' 'br_ln100' <Predicate = true> <Delay = 0.00>
ST_1 : Operation 17 [1/1] (1.58ns)   --->   "%store_ln100 = store i9 %add_ln100_1, i9 %indvar_flatten" [../stream_matmul_fixedPoint.cpp:100]   --->   Operation 17 'store' 'store_ln100' <Predicate = (!icmp_ln100)> <Delay = 1.58>

State 2 <SV = 1> <Delay = 6.36>
ST_2 : Operation 18 [1/1] (0.00ns)   --->   "%j_load = load i5 %j" [../stream_matmul_fixedPoint.cpp:102]   --->   Operation 18 'load' 'j_load' <Predicate = true> <Delay = 0.00>
ST_2 : Operation 19 [1/1] (1.78ns)   --->   "%icmp_ln102 = icmp_eq  i5 %j_load, i5 16" [../stream_matmul_fixedPoint.cpp:102]   --->   Operation 19 'icmp' 'icmp_ln102' <Predicate = true> <Delay = 1.78> <CoreInst = "Cmp">   --->   Core 9 'Cmp' <Latency = 0> <II = 1> <Delay = 1.78> <FuncUnit> <Opcode : 'seteq' 'setne' 'setle' 'setge' 'setlt' 'setgt'> <InPorts = 2> <OutPorts = 1>
ST_2 : Operation 20 [1/1] (1.21ns)   --->   "%select_ln84 = select i1 %icmp_ln102, i5 0, i5 %j_load" [../stream_matmul_fixedPoint.cpp:84]   --->   Operation 20 'select' 'select_ln84' <Predicate = true> <Delay = 1.21> <CoreInst = "Sel">   --->   Core 73 'Sel' <Latency = 0> <II = 1> <Delay = 1.21> <FuncUnit> <Opcode : 'select'> <InPorts = 3> <OutPorts = 1>
ST_2 : Operation 21 [1/1] (0.00ns)   --->   "%trunc_ln102_1 = trunc i5 %select_ln84" [../stream_matmul_fixedPoint.cpp:102]   --->   Operation 21 'trunc' 'trunc_ln102_1' <Predicate = true> <Delay = 0.00>
ST_2 : Operation 22 [1/1] (0.00ns)   --->   "%lshr_ln = partselect i2 @_ssdm_op_PartSelect.i2.i5.i32.i32, i5 %select_ln84, i32 2, i32 3" [../stream_matmul_fixedPoint.cpp:84]   --->   Operation 22 'partselect' 'lshr_ln' <Predicate = true> <Delay = 0.00>
ST_2 : Operation 23 [1/1] (1.56ns)   --->   "%switch_ln104 = switch i2 %trunc_ln102_1, void %arrayidx98.case.3, i2 0, void %arrayidx98.case.0, i2 1, void %arrayidx98.case.1, i2 2, void %arrayidx98.case.2" [../stream_matmul_fixedPoint.cpp:104]   --->   Operation 23 'switch' 'switch_ln104' <Predicate = true> <Delay = 1.56>
ST_2 : Operation 24 [1/1] (1.78ns)   --->   "%add_ln102 = add i5 %select_ln84, i5 1" [../stream_matmul_fixedPoint.cpp:102]   --->   Operation 24 'add' 'add_ln102' <Predicate = true> <Delay = 1.78> <CoreInst = "Adder">   --->   Core 1 'Adder' <Latency = 0> <II = 1> <Delay = 1.78> <FuncUnit> <Opcode : 'add' 'sub'> <InPorts = 2> <OutPorts = 1>
ST_2 : Operation 25 [1/1] (1.58ns)   --->   "%store_ln84 = store i5 %add_ln102, i5 %j" [../stream_matmul_fixedPoint.cpp:84]   --->   Operation 25 'store' 'store_ln84' <Predicate = true> <Delay = 1.58>
ST_2 : Operation 49 [1/1] (1.58ns)   --->   "%ret_ln0 = ret"   --->   Operation 49 'ret' 'ret_ln0' <Predicate = (icmp_ln100)> <Delay = 1.58>

State 3 <SV = 2> <Delay = 6.24>
ST_3 : Operation 26 [1/1] (0.00ns)   --->   "%i_load = load i5 %i" [../stream_matmul_fixedPoint.cpp:100]   --->   Operation 26 'load' 'i_load' <Predicate = true> <Delay = 0.00>
ST_3 : Operation 27 [1/1] (1.78ns)   --->   "%add_ln100 = add i5 %i_load, i5 1" [../stream_matmul_fixedPoint.cpp:100]   --->   Operation 27 'add' 'add_ln100' <Predicate = (icmp_ln102)> <Delay = 1.78> <CoreInst = "Adder">   --->   Core 1 'Adder' <Latency = 0> <II = 1> <Delay = 1.78> <FuncUnit> <Opcode : 'add' 'sub'> <InPorts = 2> <OutPorts = 1>
ST_3 : Operation 28 [1/1] (0.00ns)   --->   "%specloopname_ln0 = specloopname void @_ssdm_op_SpecLoopName, void @init_c_i_init_c_j_str"   --->   Operation 28 'specloopname' 'specloopname_ln0' <Predicate = true> <Delay = 0.00>
ST_3 : Operation 29 [1/1] (0.00ns)   --->   "%speclooptripcount_ln0 = speclooptripcount void @_ssdm_op_SpecLoopTripCount, i64 256, i64 256, i64 256"   --->   Operation 29 'speclooptripcount' 'speclooptripcount_ln0' <Predicate = true> <Delay = 0.00>
ST_3 : Operation 30 [1/1] (1.21ns)   --->   "%select_ln100 = select i1 %icmp_ln102, i5 %add_ln100, i5 %i_load" [../stream_matmul_fixedPoint.cpp:100]   --->   Operation 30 'select' 'select_ln100' <Predicate = true> <Delay = 1.21> <CoreInst = "Sel">   --->   Core 73 'Sel' <Latency = 0> <II = 1> <Delay = 1.21> <FuncUnit> <Opcode : 'select'> <InPorts = 3> <OutPorts = 1>
ST_3 : Operation 31 [1/1] (0.00ns)   --->   "%trunc_ln102 = trunc i5 %select_ln100" [../stream_matmul_fixedPoint.cpp:102]   --->   Operation 31 'trunc' 'trunc_ln102' <Predicate = true> <Delay = 0.00>
ST_3 : Operation 32 [1/1] (0.00ns)   --->   "%specpipeline_ln103 = specpipeline void @_ssdm_op_SpecPipeline, i32 1, i32 0, i32 0, i32 0, i32 4294967295, void @empty_1" [../stream_matmul_fixedPoint.cpp:103]   --->   Operation 32 'specpipeline' 'specpipeline_ln103' <Predicate = true> <Delay = 0.00>
ST_3 : Operation 33 [1/1] (0.00ns)   --->   "%tmp_s = bitconcatenate i6 @_ssdm_op_BitConcatenate.i6.i4.i2, i4 %trunc_ln102, i2 %lshr_ln" [../stream_matmul_fixedPoint.cpp:104]   --->   Operation 33 'bitconcatenate' 'tmp_s' <Predicate = true> <Delay = 0.00>
ST_3 : Operation 34 [1/1] (0.00ns)   --->   "%zext_ln104 = zext i6 %tmp_s" [../stream_matmul_fixedPoint.cpp:104]   --->   Operation 34 'zext' 'zext_ln104' <Predicate = true> <Delay = 0.00>
ST_3 : Operation 35 [1/1] (0.00ns)   --->   "%C_addr = getelementptr i32 %C, i64 0, i64 %zext_ln104" [../stream_matmul_fixedPoint.cpp:104]   --->   Operation 35 'getelementptr' 'C_addr' <Predicate = true> <Delay = 0.00>
ST_3 : Operation 36 [1/1] (0.00ns)   --->   "%C_1_addr = getelementptr i32 %C_1, i64 0, i64 %zext_ln104" [../stream_matmul_fixedPoint.cpp:104]   --->   Operation 36 'getelementptr' 'C_1_addr' <Predicate = true> <Delay = 0.00>
ST_3 : Operation 37 [1/1] (0.00ns)   --->   "%C_2_addr = getelementptr i32 %C_2, i64 0, i64 %zext_ln104" [../stream_matmul_fixedPoint.cpp:104]   --->   Operation 37 'getelementptr' 'C_2_addr' <Predicate = true> <Delay = 0.00>
ST_3 : Operation 38 [1/1] (0.00ns)   --->   "%C_3_addr = getelementptr i32 %C_3, i64 0, i64 %zext_ln104" [../stream_matmul_fixedPoint.cpp:104]   --->   Operation 38 'getelementptr' 'C_3_addr' <Predicate = true> <Delay = 0.00>
ST_3 : Operation 39 [1/1] ( I:3.25ns O:3.25ns )   --->   "%store_ln104 = store i32 0, i6 %C_2_addr" [../stream_matmul_fixedPoint.cpp:104]   --->   Operation 39 'store' 'store_ln104' <Predicate = (trunc_ln102_1 == 2)> <Delay = 3.25> <CoreInst = "RAM">   --->   Core 81 'RAM' <Latency = 1> <II = 1> <Delay = 3.25> <Storage> <Opcode : 'load' 'store'> <Ports = 2> <Width = 32> <Depth = 64> <RAM>
ST_3 : Operation 40 [1/1] (0.00ns)   --->   "%br_ln104 = br void %arrayidx98.exit" [../stream_matmul_fixedPoint.cpp:104]   --->   Operation 40 'br' 'br_ln104' <Predicate = (trunc_ln102_1 == 2)> <Delay = 0.00>
ST_3 : Operation 41 [1/1] ( I:3.25ns O:3.25ns )   --->   "%store_ln104 = store i32 0, i6 %C_1_addr" [../stream_matmul_fixedPoint.cpp:104]   --->   Operation 41 'store' 'store_ln104' <Predicate = (trunc_ln102_1 == 1)> <Delay = 3.25> <CoreInst = "RAM">   --->   Core 81 'RAM' <Latency = 1> <II = 1> <Delay = 3.25> <Storage> <Opcode : 'load' 'store'> <Ports = 2> <Width = 32> <Depth = 64> <RAM>
ST_3 : Operation 42 [1/1] (0.00ns)   --->   "%br_ln104 = br void %arrayidx98.exit" [../stream_matmul_fixedPoint.cpp:104]   --->   Operation 42 'br' 'br_ln104' <Predicate = (trunc_ln102_1 == 1)> <Delay = 0.00>
ST_3 : Operation 43 [1/1] ( I:3.25ns O:3.25ns )   --->   "%store_ln104 = store i32 0, i6 %C_addr" [../stream_matmul_fixedPoint.cpp:104]   --->   Operation 43 'store' 'store_ln104' <Predicate = (trunc_ln102_1 == 0)> <Delay = 3.25> <CoreInst = "RAM">   --->   Core 81 'RAM' <Latency = 1> <II = 1> <Delay = 3.25> <Storage> <Opcode : 'load' 'store'> <Ports = 2> <Width = 32> <Depth = 64> <RAM>
ST_3 : Operation 44 [1/1] (0.00ns)   --->   "%br_ln104 = br void %arrayidx98.exit" [../stream_matmul_fixedPoint.cpp:104]   --->   Operation 44 'br' 'br_ln104' <Predicate = (trunc_ln102_1 == 0)> <Delay = 0.00>
ST_3 : Operation 45 [1/1] ( I:3.25ns O:3.25ns )   --->   "%store_ln104 = store i32 0, i6 %C_3_addr" [../stream_matmul_fixedPoint.cpp:104]   --->   Operation 45 'store' 'store_ln104' <Predicate = (trunc_ln102_1 == 3)> <Delay = 3.25> <CoreInst = "RAM">   --->   Core 81 'RAM' <Latency = 1> <II = 1> <Delay = 3.25> <Storage> <Opcode : 'load' 'store'> <Ports = 2> <Width = 32> <Depth = 64> <RAM>
ST_3 : Operation 46 [1/1] (0.00ns)   --->   "%br_ln104 = br void %arrayidx98.exit" [../stream_matmul_fixedPoint.cpp:104]   --->   Operation 46 'br' 'br_ln104' <Predicate = (trunc_ln102_1 == 3)> <Delay = 0.00>
ST_3 : Operation 47 [1/1] (1.58ns)   --->   "%store_ln84 = store i5 %select_ln100, i5 %i" [../stream_matmul_fixedPoint.cpp:84]   --->   Operation 47 'store' 'store_ln84' <Predicate = true> <Delay = 1.58>
ST_3 : Operation 48 [1/1] (0.00ns)   --->   "%br_ln102 = br void %for.body7" [../stream_matmul_fixedPoint.cpp:102]   --->   Operation 48 'br' 'br_ln102' <Predicate = true> <Delay = 0.00>


============================================================
+ Verbose Summary: Binding
============================================================
STG Binding: 
---------------- STG Properties BEGIN ----------------
- Is combinational: 0
- Is one-state seq: 0
- Is datapath-only: 0
- Is pipelined: 0
- Is top level: 0
Port [ Return ] is wired: 1; IO mode=ap_ctrl_hs:ce=0
Port [ C]:  wired=1; compound=1; hidden=0; nouse=0; global=0; static=0; extern=0; dir=1; type=1; pingpong=0; private_global=0; MemPort=[03]; IO mode=ap_memory:ce=0
Port [ C_1]:  wired=1; compound=1; hidden=0; nouse=0; global=0; static=0; extern=0; dir=1; type=1; pingpong=0; private_global=0; MemPort=[03]; IO mode=ap_memory:ce=0
Port [ C_2]:  wired=1; compound=1; hidden=0; nouse=0; global=0; static=0; extern=0; dir=1; type=1; pingpong=0; private_global=0; MemPort=[03]; IO mode=ap_memory:ce=0
Port [ C_3]:  wired=1; compound=1; hidden=0; nouse=0; global=0; static=0; extern=0; dir=1; type=1; pingpong=0; private_global=0; MemPort=[03]; IO mode=ap_memory:ce=0
---------------- STG Properties END ------------------

---------------- Datapath Model BEGIN ----------------

<LifeTime>
<method=bitvector/>
j                     (alloca           ) [ 0110]
i                     (alloca           ) [ 0111]
indvar_flatten        (alloca           ) [ 0100]
store_ln0             (store            ) [ 0000]
store_ln84            (store            ) [ 0000]
store_ln84            (store            ) [ 0000]
br_ln0                (br               ) [ 0000]
indvar_flatten_load   (load             ) [ 0000]
icmp_ln100            (icmp             ) [ 0110]
add_ln100_1           (add              ) [ 0000]
br_ln100              (br               ) [ 0000]
store_ln100           (store            ) [ 0000]
j_load                (load             ) [ 0000]
icmp_ln102            (icmp             ) [ 0101]
select_ln84           (select           ) [ 0000]
trunc_ln102_1         (trunc            ) [ 0101]
lshr_ln               (partselect       ) [ 0101]
switch_ln104          (switch           ) [ 0000]
add_ln102             (add              ) [ 0000]
store_ln84            (store            ) [ 0000]
i_load                (load             ) [ 0000]
add_ln100             (add              ) [ 0000]
specloopname_ln0      (specloopname     ) [ 0000]
speclooptripcount_ln0 (speclooptripcount) [ 0000]
select_ln100          (select           ) [ 0000]
trunc_ln102           (trunc            ) [ 0000]
specpipeline_ln103    (specpipeline     ) [ 0000]
tmp_s                 (bitconcatenate   ) [ 0000]
zext_ln104            (zext             ) [ 0000]
C_addr                (getelementptr    ) [ 0000]
C_1_addr              (getelementptr    ) [ 0000]
C_2_addr              (getelementptr    ) [ 0000]
C_3_addr              (getelementptr    ) [ 0000]
store_ln104           (store            ) [ 0000]
br_ln104              (br               ) [ 0000]
store_ln104           (store            ) [ 0000]
br_ln104              (br               ) [ 0000]
store_ln104           (store            ) [ 0000]
br_ln104              (br               ) [ 0000]
store_ln104           (store            ) [ 0000]
br_ln104              (br               ) [ 0000]
store_ln84            (store            ) [ 0000]
br_ln102              (br               ) [ 0000]
ret_ln0               (ret              ) [ 0000]
</LifeTime>

<model>

<comp_list>
<comp id="0" class="1000" name="C">
<pin_list>
<pin id="1" dir="1" index="0" bw="1" slack="0"/>
</pin_list>
<bind>
<StgValue><ssdm name="C"/><MemPortTyVec>0 3 </MemPortTyVec>
</StgValue>
</bind>
</comp>

<comp id="2" class="1000" name="C_1">
<pin_list>
<pin id="3" dir="1" index="0" bw="1" slack="0"/>
</pin_list>
<bind>
<StgValue><ssdm name="C_1"/><MemPortTyVec>0 3 </MemPortTyVec>
</StgValue>
</bind>
</comp>

<comp id="4" class="1000" name="C_2">
<pin_list>
<pin id="5" dir="1" index="0" bw="1" slack="0"/>
</pin_list>
<bind>
<StgValue><ssdm name="C_2"/><MemPortTyVec>0 3 </MemPortTyVec>
</StgValue>
</bind>
</comp>

<comp id="6" class="1000" name="C_3">
<pin_list>
<pin id="7" dir="1" index="0" bw="1" slack="0"/>
</pin_list>
<bind>
<StgValue><ssdm name="C_3"/><MemPortTyVec>0 3 </MemPortTyVec>
</StgValue>
</bind>
</comp>

<comp id="8" class="1001" name="const_8">
<pin_list>
<pin id="9" dir="1" index="0" bw="1" slack="0"/>
</pin_list>
<bind>
<StgValue><ssdm name=""/></StgValue>
</bind>
</comp>

<comp id="10" class="1001" name="const_10">
<pin_list>
<pin id="11" dir="1" index="0" bw="1" slack="0"/>
</pin_list>
<bind>
<StgValue><ssdm name=""/></StgValue>
</bind>
</comp>

<comp id="12" class="1001" name="const_12">
<pin_list>
<pin id="13" dir="1" index="0" bw="1" slack="0"/>
</pin_list>
<bind>
<StgValue><ssdm name=""/></StgValue>
</bind>
</comp>

<comp id="14" class="1001" name="const_14">
<pin_list>
<pin id="15" dir="1" index="0" bw="1" slack="0"/>
</pin_list>
<bind>
<StgValue><ssdm name=""/></StgValue>
</bind>
</comp>

<comp id="16" class="1001" name="const_16">
<pin_list>
<pin id="17" dir="1" index="0" bw="1" slack="0"/>
</pin_list>
<bind>
<StgValue><ssdm name=""/></StgValue>
</bind>
</comp>

<comp id="18" class="1001" name="const_18">
<pin_list>
<pin id="19" dir="1" index="0" bw="1" slack="0"/>
</pin_list>
<bind>
<StgValue><ssdm name=""/></StgValue>
</bind>
</comp>

<comp id="20" class="1001" name="const_20">
<pin_list>
<pin id="21" dir="1" index="0" bw="1" slack="0"/>
</pin_list>
<bind>
<StgValue><ssdm name="_ssdm_op_PartSelect.i2.i5.i32.i32"/></StgValue>
</bind>
</comp>

<comp id="22" class="1001" name="const_22">
<pin_list>
<pin id="23" dir="1" index="0" bw="1" slack="0"/>
</pin_list>
<bind>
<StgValue><ssdm name=""/></StgValue>
</bind>
</comp>

<comp id="24" class="1001" name="const_24">
<pin_list>
<pin id="25" dir="1" index="0" bw="1" slack="0"/>
</pin_list>
<bind>
<StgValue><ssdm name=""/></StgValue>
</bind>
</comp>

<comp id="26" class="1001" name="const_26">
<pin_list>
<pin id="27" dir="1" index="0" bw="1" slack="0"/>
</pin_list>
<bind>
<StgValue><ssdm name=""/></StgValue>
</bind>
</comp>

<comp id="28" class="1001" name="const_28">
<pin_list>
<pin id="29" dir="1" index="0" bw="1" slack="0"/>
</pin_list>
<bind>
<StgValue><ssdm name=""/></StgValue>
</bind>
</comp>

<comp id="30" class="1001" name="const_30">
<pin_list>
<pin id="31" dir="1" index="0" bw="1" slack="0"/>
</pin_list>
<bind>
<StgValue><ssdm name=""/></StgValue>
</bind>
</comp>

<comp id="32" class="1001" name="const_32">
<pin_list>
<pin id="33" dir="1" index="0" bw="1" slack="0"/>
</pin_list>
<bind>
<StgValue><ssdm name=""/></StgValue>
</bind>
</comp>

<comp id="34" class="1001" name="const_34">
<pin_list>
<pin id="35" dir="1" index="0" bw="1" slack="2147483647"/>
</pin_list>
<bind>
<StgValue><ssdm name="_ssdm_op_SpecLoopName"/></StgValue>
</bind>
</comp>

<comp id="36" class="1001" name="const_36">
<pin_list>
<pin id="37" dir="1" index="0" bw="1" slack="2147483647"/>
</pin_list>
<bind>
<StgValue><ssdm name="init_c_i_init_c_j_str"/></StgValue>
</bind>
</comp>

<comp id="38" class="1001" name="const_38">
<pin_list>
<pin id="39" dir="1" index="0" bw="1" slack="2147483647"/>
</pin_list>
<bind>
<StgValue><ssdm name="_ssdm_op_SpecLoopTripCount"/></StgValue>
</bind>
</comp>

<comp id="40" class="1001" name="const_40">
<pin_list>
<pin id="41" dir="1" index="0" bw="1" slack="2147483647"/>
</pin_list>
<bind>
<StgValue><ssdm name=""/></StgValue>
</bind>
</comp>

<comp id="42" class="1001" name="const_42">
<pin_list>
<pin id="43" dir="1" index="0" bw="1" slack="2147483647"/>
</pin_list>
<bind>
<StgValue><ssdm name="_ssdm_op_SpecPipeline"/></StgValue>
</bind>
</comp>

<comp id="44" class="1001" name="const_44">
<pin_list>
<pin id="45" dir="1" index="0" bw="1" slack="0"/>
</pin_list>
<bind>
<StgValue><ssdm name=""/></StgValue>
</bind>
</comp>

<comp id="46" class="1001" name="const_46">
<pin_list>
<pin id="47" dir="1" index="0" bw="1" slack="2147483647"/>
</pin_list>
<bind>
<StgValue><ssdm name=""/></StgValue>
</bind>
</comp>

<comp id="48" class="1001" name="const_48">
<pin_list>
<pin id="49" dir="1" index="0" bw="1" slack="2147483647"/>
</pin_list>
<bind>
<StgValue><ssdm name="empty_1"/></StgValue>
</bind>
</comp>

<comp id="50" class="1001" name="const_50">
<pin_list>
<pin id="51" dir="1" index="0" bw="1" slack="0"/>
</pin_list>
<bind>
<StgValue><ssdm name="_ssdm_op_BitConcatenate.i6.i4.i2"/></StgValue>
</bind>
</comp>

<comp id="52" class="1001" name="const_52">
<pin_list>
<pin id="53" dir="1" index="0" bw="1" slack="0"/>
</pin_list>
<bind>
<StgValue><ssdm name=""/></StgValue>
</bind>
</comp>

<comp id="54" class="1004" name="j_fu_54">
<pin_list>
<pin id="55" dir="0" index="0" bw="1" slack="0"/>
<pin id="56" dir="1" index="1" bw="5" slack="0"/>
</pin_list>
<bind>
<opcode="alloca(26) " fcode="alloca"/>
<opset="j/1 "/>
</bind>
</comp>

<comp id="58" class="1004" name="i_fu_58">
<pin_list>
<pin id="59" dir="0" index="0" bw="1" slack="0"/>
<pin id="60" dir="1" index="1" bw="5" slack="0"/>
</pin_list>
<bind>
<opcode="alloca(26) " fcode="alloca"/>
<opset="i/1 "/>
</bind>
</comp>

<comp id="62" class="1004" name="indvar_flatten_fu_62">
<pin_list>
<pin id="63" dir="0" index="0" bw="1" slack="0"/>
<pin id="64" dir="1" index="1" bw="9" slack="0"/>
</pin_list>
<bind>
<opcode="alloca(26) " fcode="alloca"/>
<opset="indvar_flatten/1 "/>
</bind>
</comp>

<comp id="66" class="1004" name="C_addr_gep_fu_66">
<pin_list>
<pin id="67" dir="0" index="0" bw="32" slack="0"/>
<pin id="68" dir="0" index="1" bw="1" slack="0"/>
<pin id="69" dir="0" index="2" bw="6" slack="0"/>
<pin id="70" dir="1" index="3" bw="6" slack="0"/>
</pin_list>
<bind>
<opcode="getelementptr(29) " fcode="getelementptr"/>
<opset="C_addr/3 "/>
</bind>
</comp>

<comp id="73" class="1004" name="C_1_addr_gep_fu_73">
<pin_list>
<pin id="74" dir="0" index="0" bw="32" slack="0"/>
<pin id="75" dir="0" index="1" bw="1" slack="0"/>
<pin id="76" dir="0" index="2" bw="6" slack="0"/>
<pin id="77" dir="1" index="3" bw="6" slack="0"/>
</pin_list>
<bind>
<opcode="getelementptr(29) " fcode="getelementptr"/>
<opset="C_1_addr/3 "/>
</bind>
</comp>

<comp id="80" class="1004" name="C_2_addr_gep_fu_80">
<pin_list>
<pin id="81" dir="0" index="0" bw="32" slack="0"/>
<pin id="82" dir="0" index="1" bw="1" slack="0"/>
<pin id="83" dir="0" index="2" bw="6" slack="0"/>
<pin id="84" dir="1" index="3" bw="6" slack="0"/>
</pin_list>
<bind>
<opcode="getelementptr(29) " fcode="getelementptr"/>
<opset="C_2_addr/3 "/>
</bind>
</comp>

<comp id="87" class="1004" name="C_3_addr_gep_fu_87">
<pin_list>
<pin id="88" dir="0" index="0" bw="32" slack="0"/>
<pin id="89" dir="0" index="1" bw="1" slack="0"/>
<pin id="90" dir="0" index="2" bw="6" slack="0"/>
<pin id="91" dir="1" index="3" bw="6" slack="0"/>
</pin_list>
<bind>
<opcode="getelementptr(29) " fcode="getelementptr"/>
<opset="C_3_addr/3 "/>
</bind>
</comp>

<comp id="94" class="1004" name="store_ln104_access_fu_94">
<pin_list>
<pin id="95" dir="0" index="0" bw="6" slack="0"/>
<pin id="96" dir="0" index="1" bw="32" slack="0"/>
<pin id="97" dir="0" index="2" bw="0" slack="2147483647"/>
<pin id="98" dir="1" index="3" bw="32" slack="2147483647"/>
</pin_list>
<bind>
<opcode="store(28) " fcode="store"/>
<opset="store_ln104/3 "/>
</bind>
</comp>

<comp id="101" class="1004" name="store_ln104_access_fu_101">
<pin_list>
<pin id="102" dir="0" index="0" bw="6" slack="0"/>
<pin id="103" dir="0" index="1" bw="32" slack="0"/>
<pin id="104" dir="0" index="2" bw="0" slack="2147483647"/>
<pin id="105" dir="1" index="3" bw="32" slack="2147483647"/>
</pin_list>
<bind>
<opcode="store(28) " fcode="store"/>
<opset="store_ln104/3 "/>
</bind>
</comp>

<comp id="108" class="1004" name="store_ln104_access_fu_108">
<pin_list>
<pin id="109" dir="0" index="0" bw="6" slack="0"/>
<pin id="110" dir="0" index="1" bw="32" slack="0"/>
<pin id="111" dir="0" index="2" bw="0" slack="2147483647"/>
<pin id="112" dir="1" index="3" bw="32" slack="2147483647"/>
</pin_list>
<bind>
<opcode="store(28) " fcode="store"/>
<opset="store_ln104/3 "/>
</bind>
</comp>

<comp id="115" class="1004" name="store_ln104_access_fu_115">
<pin_list>
<pin id="116" dir="0" index="0" bw="6" slack="0"/>
<pin id="117" dir="0" index="1" bw="32" slack="0"/>
<pin id="118" dir="0" index="2" bw="0" slack="2147483647"/>
<pin id="119" dir="1" index="3" bw="32" slack="2147483647"/>
</pin_list>
<bind>
<opcode="store(28) " fcode="store"/>
<opset="store_ln104/3 "/>
</bind>
</comp>

<comp id="122" class="1004" name="store_ln0_store_fu_122">
<pin_list>
<pin id="123" dir="0" index="0" bw="1" slack="0"/>
<pin id="124" dir="0" index="1" bw="9" slack="0"/>
<pin id="125" dir="1" index="2" bw="0" slack="2147483647"/>
</pin_list>
<bind>
<opcode="store(28) " fcode="store"/>
<opset="store_ln0/1 "/>
</bind>
</comp>

<comp id="127" class="1004" name="store_ln84_store_fu_127">
<pin_list>
<pin id="128" dir="0" index="0" bw="1" slack="0"/>
<pin id="129" dir="0" index="1" bw="5" slack="0"/>
<pin id="130" dir="1" index="2" bw="0" slack="2147483647"/>
</pin_list>
<bind>
<opcode="store(28) " fcode="store"/>
<opset="store_ln84/1 "/>
</bind>
</comp>

<comp id="132" class="1004" name="store_ln84_store_fu_132">
<pin_list>
<pin id="133" dir="0" index="0" bw="1" slack="0"/>
<pin id="134" dir="0" index="1" bw="5" slack="0"/>
<pin id="135" dir="1" index="2" bw="0" slack="2147483647"/>
</pin_list>
<bind>
<opcode="store(28) " fcode="store"/>
<opset="store_ln84/1 "/>
</bind>
</comp>

<comp id="137" class="1004" name="indvar_flatten_load_load_fu_137">
<pin_list>
<pin id="138" dir="0" index="0" bw="9" slack="0"/>
<pin id="139" dir="1" index="1" bw="9" slack="0"/>
</pin_list>
<bind>
<opcode="load(27) " fcode="load"/>
<opset="indvar_flatten_load/1 "/>
</bind>
</comp>

<comp id="140" class="1004" name="icmp_ln100_fu_140">
<pin_list>
<pin id="141" dir="0" index="0" bw="9" slack="0"/>
<pin id="142" dir="0" index="1" bw="9" slack="0"/>
<pin id="143" dir="1" index="2" bw="1" slack="1"/>
</pin_list>
<bind>
<opcode="icmp(45) " fcode="icmp"/>
<opset="icmp_ln100/1 "/>
</bind>
</comp>

<comp id="146" class="1004" name="add_ln100_1_fu_146">
<pin_list>
<pin id="147" dir="0" index="0" bw="9" slack="0"/>
<pin id="148" dir="0" index="1" bw="1" slack="0"/>
<pin id="149" dir="1" index="2" bw="9" slack="0"/>
</pin_list>
<bind>
<opcode="add(8) " fcode="add"/>
<opset="add_ln100_1/1 "/>
</bind>
</comp>

<comp id="152" class="1004" name="store_ln100_store_fu_152">
<pin_list>
<pin id="153" dir="0" index="0" bw="9" slack="0"/>
<pin id="154" dir="0" index="1" bw="9" slack="0"/>
<pin id="155" dir="1" index="2" bw="0" slack="2147483647"/>
</pin_list>
<bind>
<opcode="store(28) " fcode="store"/>
<opset="store_ln100/1 "/>
</bind>
</comp>

<comp id="157" class="1004" name="j_load_load_fu_157">
<pin_list>
<pin id="158" dir="0" index="0" bw="5" slack="1"/>
<pin id="159" dir="1" index="1" bw="5" slack="0"/>
</pin_list>
<bind>
<opcode="load(27) " fcode="load"/>
<opset="j_load/2 "/>
</bind>
</comp>

<comp id="160" class="1004" name="icmp_ln102_fu_160">
<pin_list>
<pin id="161" dir="0" index="0" bw="5" slack="0"/>
<pin id="162" dir="0" index="1" bw="5" slack="0"/>
<pin id="163" dir="1" index="2" bw="1" slack="0"/>
</pin_list>
<bind>
<opcode="icmp(45) " fcode="icmp"/>
<opset="icmp_ln102/2 "/>
</bind>
</comp>

<comp id="166" class="1004" name="select_ln84_fu_166">
<pin_list>
<pin id="167" dir="0" index="0" bw="1" slack="0"/>
<pin id="168" dir="0" index="1" bw="1" slack="0"/>
<pin id="169" dir="0" index="2" bw="5" slack="0"/>
<pin id="170" dir="1" index="3" bw="5" slack="0"/>
</pin_list>
<bind>
<opcode="select(49) " fcode="select"/>
<opset="select_ln84/2 "/>
</bind>
</comp>

<comp id="174" class="1004" name="trunc_ln102_1_fu_174">
<pin_list>
<pin id="175" dir="0" index="0" bw="5" slack="0"/>
<pin id="176" dir="1" index="1" bw="2" slack="0"/>
</pin_list>
<bind>
<opcode="trunc(33) " fcode="trunc"/>
<opset="trunc_ln102_1/2 "/>
</bind>
</comp>

<comp id="178" class="1004" name="lshr_ln_fu_178">
<pin_list>
<pin id="179" dir="0" index="0" bw="2" slack="0"/>
<pin id="180" dir="0" index="1" bw="5" slack="0"/>
<pin id="181" dir="0" index="2" bw="3" slack="0"/>
<pin id="182" dir="0" index="3" bw="3" slack="0"/>
<pin id="183" dir="1" index="4" bw="2" slack="1"/>
</pin_list>
<bind>
<opcode="partselect(1002) " fcode="partselect"/>
<opset="lshr_ln/2 "/>
</bind>
</comp>

<comp id="188" class="1004" name="switch_ln104_fu_188">
<pin_list>
<pin id="189" dir="0" index="0" bw="2" slack="0"/>
<pin id="190" dir="0" index="1" bw="1" slack="0"/>
<pin id="191" dir="0" index="2" bw="1" slack="0"/>
<pin id="192" dir="0" index="3" bw="2" slack="0"/>
<pin id="193" dir="1" index="4" bw="0" slack="2147483647"/>
</pin_list>
<bind>
<opcode="switch(3) " fcode="switch"/>
<opset="switch_ln104/2 "/>
</bind>
</comp>

<comp id="198" class="1004" name="add_ln102_fu_198">
<pin_list>
<pin id="199" dir="0" index="0" bw="5" slack="0"/>
<pin id="200" dir="0" index="1" bw="1" slack="0"/>
<pin id="201" dir="1" index="2" bw="5" slack="0"/>
</pin_list>
<bind>
<opcode="add(8) " fcode="add"/>
<opset="add_ln102/2 "/>
</bind>
</comp>

<comp id="204" class="1004" name="store_ln84_store_fu_204">
<pin_list>
<pin id="205" dir="0" index="0" bw="5" slack="0"/>
<pin id="206" dir="0" index="1" bw="5" slack="1"/>
<pin id="207" dir="1" index="2" bw="0" slack="2147483647"/>
</pin_list>
<bind>
<opcode="store(28) " fcode="store"/>
<opset="store_ln84/2 "/>
</bind>
</comp>

<comp id="209" class="1004" name="i_load_load_fu_209">
<pin_list>
<pin id="210" dir="0" index="0" bw="5" slack="2"/>
<pin id="211" dir="1" index="1" bw="5" slack="0"/>
</pin_list>
<bind>
<opcode="load(27) " fcode="load"/>
<opset="i_load/3 "/>
</bind>
</comp>

<comp id="212" class="1004" name="add_ln100_fu_212">
<pin_list>
<pin id="213" dir="0" index="0" bw="5" slack="0"/>
<pin id="214" dir="0" index="1" bw="1" slack="0"/>
<pin id="215" dir="1" index="2" bw="5" slack="0"/>
</pin_list>
<bind>
<opcode="add(8) " fcode="add"/>
<opset="add_ln100/3 "/>
</bind>
</comp>

<comp id="218" class="1004" name="select_ln100_fu_218">
<pin_list>
<pin id="219" dir="0" index="0" bw="1" slack="1"/>
<pin id="220" dir="0" index="1" bw="5" slack="0"/>
<pin id="221" dir="0" index="2" bw="5" slack="0"/>
<pin id="222" dir="1" index="3" bw="5" slack="0"/>
</pin_list>
<bind>
<opcode="select(49) " fcode="select"/>
<opset="select_ln100/3 "/>
</bind>
</comp>

<comp id="225" class="1004" name="trunc_ln102_fu_225">
<pin_list>
<pin id="226" dir="0" index="0" bw="5" slack="0"/>
<pin id="227" dir="1" index="1" bw="4" slack="0"/>
</pin_list>
<bind>
<opcode="trunc(33) " fcode="trunc"/>
<opset="trunc_ln102/3 "/>
</bind>
</comp>

<comp id="229" class="1004" name="tmp_s_fu_229">
<pin_list>
<pin id="230" dir="0" index="0" bw="6" slack="0"/>
<pin id="231" dir="0" index="1" bw="4" slack="0"/>
<pin id="232" dir="0" index="2" bw="2" slack="1"/>
<pin id="233" dir="1" index="3" bw="6" slack="0"/>
</pin_list>
<bind>
<opcode="bitconcatenate(1004) " fcode="bitconcatenate"/>
<opset="tmp_s/3 "/>
</bind>
</comp>

<comp id="236" class="1004" name="zext_ln104_fu_236">
<pin_list>
<pin id="237" dir="0" index="0" bw="6" slack="0"/>
<pin id="238" dir="1" index="1" bw="64" slack="0"/>
</pin_list>
<bind>
<opcode="zext(34) " fcode="zext"/>
<opset="zext_ln104/3 "/>
</bind>
</comp>

<comp id="244" class="1004" name="store_ln84_store_fu_244">
<pin_list>
<pin id="245" dir="0" index="0" bw="5" slack="0"/>
<pin id="246" dir="0" index="1" bw="5" slack="2"/>
<pin id="247" dir="1" index="2" bw="0" slack="2147483647"/>
</pin_list>
<bind>
<opcode="store(28) " fcode="store"/>
<opset="store_ln84/3 "/>
</bind>
</comp>

<comp id="249" class="1005" name="j_reg_249">
<pin_list>
<pin id="250" dir="0" index="0" bw="5" slack="0"/>
<pin id="251" dir="1" index="1" bw="5" slack="0"/>
</pin_list>
<bind>
<opset="j "/>
</bind>
</comp>

<comp id="256" class="1005" name="i_reg_256">
<pin_list>
<pin id="257" dir="0" index="0" bw="5" slack="0"/>
<pin id="258" dir="1" index="1" bw="5" slack="0"/>
</pin_list>
<bind>
<opset="i "/>
</bind>
</comp>

<comp id="263" class="1005" name="indvar_flatten_reg_263">
<pin_list>
<pin id="264" dir="0" index="0" bw="9" slack="0"/>
<pin id="265" dir="1" index="1" bw="9" slack="0"/>
</pin_list>
<bind>
<opset="indvar_flatten "/>
</bind>
</comp>

<comp id="270" class="1005" name="icmp_ln100_reg_270">
<pin_list>
<pin id="271" dir="0" index="0" bw="1" slack="1"/>
<pin id="272" dir="1" index="1" bw="1" slack="2147483647"/>
</pin_list>
<bind>
<opset="icmp_ln100 "/>
</bind>
</comp>

<comp id="274" class="1005" name="icmp_ln102_reg_274">
<pin_list>
<pin id="275" dir="0" index="0" bw="1" slack="1"/>
<pin id="276" dir="1" index="1" bw="1" slack="1"/>
</pin_list>
<bind>
<opset="icmp_ln102 "/>
</bind>
</comp>

<comp id="279" class="1005" name="trunc_ln102_1_reg_279">
<pin_list>
<pin id="280" dir="0" index="0" bw="2" slack="1"/>
<pin id="281" dir="1" index="1" bw="2" slack="2147483647"/>
</pin_list>
<bind>
<opset="trunc_ln102_1 "/>
</bind>
</comp>

<comp id="283" class="1005" name="lshr_ln_reg_283">
<pin_list>
<pin id="284" dir="0" index="0" bw="2" slack="1"/>
<pin id="285" dir="1" index="1" bw="2" slack="1"/>
</pin_list>
<bind>
<opset="lshr_ln "/>
</bind>
</comp>

</comp_list>

<net_list>
<net id="57"><net_src comp="8" pin="0"/><net_sink comp="54" pin=0"/></net>

<net id="61"><net_src comp="8" pin="0"/><net_sink comp="58" pin=0"/></net>

<net id="65"><net_src comp="8" pin="0"/><net_sink comp="62" pin=0"/></net>

<net id="71"><net_src comp="0" pin="0"/><net_sink comp="66" pin=0"/></net>

<net id="72"><net_src comp="52" pin="0"/><net_sink comp="66" pin=1"/></net>

<net id="78"><net_src comp="2" pin="0"/><net_sink comp="73" pin=0"/></net>

<net id="79"><net_src comp="52" pin="0"/><net_sink comp="73" pin=1"/></net>

<net id="85"><net_src comp="4" pin="0"/><net_sink comp="80" pin=0"/></net>

<net id="86"><net_src comp="52" pin="0"/><net_sink comp="80" pin=1"/></net>

<net id="92"><net_src comp="6" pin="0"/><net_sink comp="87" pin=0"/></net>

<net id="93"><net_src comp="52" pin="0"/><net_sink comp="87" pin=1"/></net>

<net id="99"><net_src comp="44" pin="0"/><net_sink comp="94" pin=1"/></net>

<net id="100"><net_src comp="80" pin="3"/><net_sink comp="94" pin=0"/></net>

<net id="106"><net_src comp="44" pin="0"/><net_sink comp="101" pin=1"/></net>

<net id="107"><net_src comp="73" pin="3"/><net_sink comp="101" pin=0"/></net>

<net id="113"><net_src comp="44" pin="0"/><net_sink comp="108" pin=1"/></net>

<net id="114"><net_src comp="66" pin="3"/><net_sink comp="108" pin=0"/></net>

<net id="120"><net_src comp="44" pin="0"/><net_sink comp="115" pin=1"/></net>

<net id="121"><net_src comp="87" pin="3"/><net_sink comp="115" pin=0"/></net>

<net id="126"><net_src comp="10" pin="0"/><net_sink comp="122" pin=0"/></net>

<net id="131"><net_src comp="12" pin="0"/><net_sink comp="127" pin=0"/></net>

<net id="136"><net_src comp="12" pin="0"/><net_sink comp="132" pin=0"/></net>

<net id="144"><net_src comp="137" pin="1"/><net_sink comp="140" pin=0"/></net>

<net id="145"><net_src comp="14" pin="0"/><net_sink comp="140" pin=1"/></net>

<net id="150"><net_src comp="137" pin="1"/><net_sink comp="146" pin=0"/></net>

<net id="151"><net_src comp="16" pin="0"/><net_sink comp="146" pin=1"/></net>

<net id="156"><net_src comp="146" pin="2"/><net_sink comp="152" pin=0"/></net>

<net id="164"><net_src comp="157" pin="1"/><net_sink comp="160" pin=0"/></net>

<net id="165"><net_src comp="18" pin="0"/><net_sink comp="160" pin=1"/></net>

<net id="171"><net_src comp="160" pin="2"/><net_sink comp="166" pin=0"/></net>

<net id="172"><net_src comp="12" pin="0"/><net_sink comp="166" pin=1"/></net>

<net id="173"><net_src comp="157" pin="1"/><net_sink comp="166" pin=2"/></net>

<net id="177"><net_src comp="166" pin="3"/><net_sink comp="174" pin=0"/></net>

<net id="184"><net_src comp="20" pin="0"/><net_sink comp="178" pin=0"/></net>

<net id="185"><net_src comp="166" pin="3"/><net_sink comp="178" pin=1"/></net>

<net id="186"><net_src comp="22" pin="0"/><net_sink comp="178" pin=2"/></net>

<net id="187"><net_src comp="24" pin="0"/><net_sink comp="178" pin=3"/></net>

<net id="194"><net_src comp="174" pin="1"/><net_sink comp="188" pin=0"/></net>

<net id="195"><net_src comp="26" pin="0"/><net_sink comp="188" pin=1"/></net>

<net id="196"><net_src comp="28" pin="0"/><net_sink comp="188" pin=2"/></net>

<net id="197"><net_src comp="30" pin="0"/><net_sink comp="188" pin=3"/></net>

<net id="202"><net_src comp="166" pin="3"/><net_sink comp="198" pin=0"/></net>

<net id="203"><net_src comp="32" pin="0"/><net_sink comp="198" pin=1"/></net>

<net id="208"><net_src comp="198" pin="2"/><net_sink comp="204" pin=0"/></net>

<net id="216"><net_src comp="209" pin="1"/><net_sink comp="212" pin=0"/></net>

<net id="217"><net_src comp="32" pin="0"/><net_sink comp="212" pin=1"/></net>

<net id="223"><net_src comp="212" pin="2"/><net_sink comp="218" pin=1"/></net>

<net id="224"><net_src comp="209" pin="1"/><net_sink comp="218" pin=2"/></net>

<net id="228"><net_src comp="218" pin="3"/><net_sink comp="225" pin=0"/></net>

<net id="234"><net_src comp="50" pin="0"/><net_sink comp="229" pin=0"/></net>

<net id="235"><net_src comp="225" pin="1"/><net_sink comp="229" pin=1"/></net>

<net id="239"><net_src comp="229" pin="3"/><net_sink comp="236" pin=0"/></net>

<net id="240"><net_src comp="236" pin="1"/><net_sink comp="66" pin=2"/></net>

<net id="241"><net_src comp="236" pin="1"/><net_sink comp="73" pin=2"/></net>

<net id="242"><net_src comp="236" pin="1"/><net_sink comp="80" pin=2"/></net>

<net id="243"><net_src comp="236" pin="1"/><net_sink comp="87" pin=2"/></net>

<net id="248"><net_src comp="218" pin="3"/><net_sink comp="244" pin=0"/></net>

<net id="252"><net_src comp="54" pin="1"/><net_sink comp="249" pin=0"/></net>

<net id="253"><net_src comp="249" pin="1"/><net_sink comp="132" pin=1"/></net>

<net id="254"><net_src comp="249" pin="1"/><net_sink comp="157" pin=0"/></net>

<net id="255"><net_src comp="249" pin="1"/><net_sink comp="204" pin=1"/></net>

<net id="259"><net_src comp="58" pin="1"/><net_sink comp="256" pin=0"/></net>

<net id="260"><net_src comp="256" pin="1"/><net_sink comp="127" pin=1"/></net>

<net id="261"><net_src comp="256" pin="1"/><net_sink comp="209" pin=0"/></net>

<net id="262"><net_src comp="256" pin="1"/><net_sink comp="244" pin=1"/></net>

<net id="266"><net_src comp="62" pin="1"/><net_sink comp="263" pin=0"/></net>

<net id="267"><net_src comp="263" pin="1"/><net_sink comp="122" pin=1"/></net>

<net id="268"><net_src comp="263" pin="1"/><net_sink comp="137" pin=0"/></net>

<net id="269"><net_src comp="263" pin="1"/><net_sink comp="152" pin=1"/></net>

<net id="273"><net_src comp="140" pin="2"/><net_sink comp="270" pin=0"/></net>

<net id="277"><net_src comp="160" pin="2"/><net_sink comp="274" pin=0"/></net>

<net id="278"><net_src comp="274" pin="1"/><net_sink comp="218" pin=0"/></net>

<net id="282"><net_src comp="174" pin="1"/><net_sink comp="279" pin=0"/></net>

<net id="286"><net_src comp="178" pin="4"/><net_sink comp="283" pin=0"/></net>

<net id="287"><net_src comp="283" pin="1"/><net_sink comp="229" pin=2"/></net>

</net_list>

</model> 
---------------- Datapath Model END ------------------

* FSMD analyzer results:
  - Output states:
	Port: C | {3 }
	Port: C_1 | {3 }
	Port: C_2 | {3 }
	Port: C_3 | {3 }
 - Input state : 
  - Chain level:
	State 1
		store_ln0 : 1
		store_ln84 : 1
		store_ln84 : 1
		indvar_flatten_load : 1
		icmp_ln100 : 2
		add_ln100_1 : 2
		br_ln100 : 3
		store_ln100 : 3
	State 2
		icmp_ln102 : 1
		select_ln84 : 2
		trunc_ln102_1 : 3
		lshr_ln : 3
		switch_ln104 : 4
		add_ln102 : 3
		store_ln84 : 4
	State 3
		add_ln100 : 1
		select_ln100 : 2
		trunc_ln102 : 3
		tmp_s : 4
		zext_ln104 : 5
		C_addr : 6
		C_1_addr : 6
		C_2_addr : 6
		C_3_addr : 6
		store_ln104 : 7
		store_ln104 : 7
		store_ln104 : 7
		store_ln104 : 7
		store_ln84 : 3


============================================================
+ Verbose Summary: Datapath Resource usage 
============================================================

* Functional unit list:
|----------|----------------------|---------|---------|
| Operation|    Functional Unit   |    FF   |   LUT   |
|----------|----------------------|---------|---------|
|          |  add_ln100_1_fu_146  |    0    |    14   |
|    add   |   add_ln102_fu_198   |    0    |    13   |
|          |   add_ln100_fu_212   |    0    |    13   |
|----------|----------------------|---------|---------|
|   icmp   |   icmp_ln100_fu_140  |    0    |    14   |
|          |   icmp_ln102_fu_160  |    0    |    13   |
|----------|----------------------|---------|---------|
|  select  |  select_ln84_fu_166  |    0    |    5    |
|          |  select_ln100_fu_218 |    0    |    5    |
|----------|----------------------|---------|---------|
|   trunc  | trunc_ln102_1_fu_174 |    0    |    0    |
|          |  trunc_ln102_fu_225  |    0    |    0    |
|----------|----------------------|---------|---------|
|partselect|    lshr_ln_fu_178    |    0    |    0    |
|----------|----------------------|---------|---------|
|  switch  |  switch_ln104_fu_188 |    0    |    0    |
|----------|----------------------|---------|---------|
|bitconcatenate|     tmp_s_fu_229     |    0    |    0    |
|----------|----------------------|---------|---------|
|   zext   |   zext_ln104_fu_236  |    0    |    0    |
|----------|----------------------|---------|---------|
|   Total  |                      |    0    |    77   |
|----------|----------------------|---------|---------|

Memories:
N/A

* Register list:
+----------------------+--------+
|                      |   FF   |
+----------------------+--------+
|       i_reg_256      |    5   |
|  icmp_ln100_reg_270  |    1   |
|  icmp_ln102_reg_274  |    1   |
|indvar_flatten_reg_263|    9   |
|       j_reg_249      |    5   |
|    lshr_ln_reg_283   |    2   |
| trunc_ln102_1_reg_279|    2   |
+----------------------+--------+
|         Total        |   25   |
+----------------------+--------+

* Multiplexer (MUX) list: 
|--------|------|------|------|--------|
|  Comp  |  Pin | Size |  BW  | S x BW |
|--------|------|------|------|--------|
|  Total |      |      |      |    0   |
|--------|------|------|------|--------|



* Summary:
+-----------+--------+--------+
|           |   FF   |   LUT  |
+-----------+--------+--------+
|  Function |    0   |   77   |
|   Memory  |    -   |    -   |
|Multiplexer|    -   |    -   |
|  Register |   25   |    -   |
+-----------+--------+--------+
|   Total   |   25   |   77   |
+-----------+--------+--------+
