

================================================================
== Vitis HLS Report for 'stream_matmul_Pipeline_VITIS_LOOP_66_4_VITIS_LOOP_67_5'
================================================================
* Date:           Tue May 12 13:33:18 2026

* Version:        2025.1 (Build 6135595 on May 21 2025)
* Project:        stream_matmul
* Solution:       hls (Vivado IP Flow Target)
* Product family: zynq
* Target device:  xc7z010-clg400-1


================================================================
== Performance Estimates
================================================================
+ Timing: 
    * Summary: 
    +--------+----------+----------+------------+
    |  Clock |  Target  | Estimated| Uncertainty|
    +--------+----------+----------+------------+
    |ap_clk  |  10.00 ns|  6.363 ns|     2.70 ns|
    +--------+----------+----------+------------+

+ Latency: 
    * Summary: 
    +---------+---------+----------+----------+-----+-----+------------------------------------------------+
    |  Latency (cycles) |  Latency (absolute) |  Interval |                    Pipeline                    |
    |   min   |   max   |    min   |    max   | min | max |                      Type                      |
    +---------+---------+----------+----------+-----+-----+------------------------------------------------+
    |      259|      259|  2.590 us|  2.590 us|  257|  257|  loop auto-rewind stp (delay=0 clock cycles(s))|
    +---------+---------+----------+----------+-----+-----+------------------------------------------------+

    + Detail: 
        * Instance: 
        N/A

        * Loop: 
        +-----------------------------------+---------+---------+----------+-----------+-----------+------+----------+
        |                                   |  Latency (cycles) | Iteration|  Initiation Interval  | Trip |          |
        |             Loop Name             |   min   |   max   |  Latency |  achieved |   target  | Count| Pipelined|
        +-----------------------------------+---------+---------+----------+-----------+-----------+------+----------+
        |- VITIS_LOOP_66_4_VITIS_LOOP_67_5  |      257|      257|         3|          1|          1|   256|       yes|
        +-----------------------------------+---------+---------+----------+-----------+-----------+------+----------+

============================================================
+ Verbose Summary: Synthesis Manager
============================================================
InlineROM: 1
ExposeGlobal: 0
============================================================
+ Verbose Summary: CDFG Model
============================================================
IsTopModel: 0
ResetActiveHigh: 1
IsCombinational: 0
IsDatapathOnly: 0
HasWiredReturn: 1
HasMFsm: 2
HasVarLatency: 1
IsPipeline: 0
IsRtlPipelined: 0
IsInstanceOverlapped: 0
IsDontTouch: 0
HasImplIP: 0
IsGatedGlobalClock: 0

+ Individual pipeline summary: 
  * Pipeline-0: initiation interval (II) = 1, depth = 3


============================================================
+ Verbose Summary: Schedule
============================================================
* Number of FSM states : 3
* Pipeline : 1
  Pipeline-0 : II = 1, D = 3, States = { 1 2 3 }
* Dataflow Pipeline: 0

* FSM state transitions: 
1 --> 2 
2 --> 3 
3 --> 

* FSM state operations: 

State 1 <SV = 0> <Delay = 4.99>
ST_1 : Operation 6 [1/1] (0.00ns)   --->   "%j = alloca i32 1" [../stream_matmul.cpp:52]   --->   Operation 6 'alloca' 'j' <Predicate = true> <Delay = 0.00>
ST_1 : Operation 7 [1/1] (0.00ns)   --->   "%i = alloca i32 1" [../stream_matmul.cpp:52]   --->   Operation 7 'alloca' 'i' <Predicate = true> <Delay = 0.00>
ST_1 : Operation 8 [1/1] (0.00ns)   --->   "%indvar_flatten7 = alloca i32 1"   --->   Operation 8 'alloca' 'indvar_flatten7' <Predicate = true> <Delay = 0.00>
ST_1 : Operation 9 [1/1] (0.00ns)   --->   "%specaxissidechannel_ln0 = specaxissidechannel void @_ssdm_op_SpecAXISSideChannel, i32 %in_stream_V_data_V, i4 %in_stream_V_keep_V, i4 %in_stream_V_strb_V, i1 0, i1 %in_stream_V_last_V, i1 0, i1 0, void @empty_5"   --->   Operation 9 'specaxissidechannel' 'specaxissidechannel_ln0' <Predicate = true> <Delay = 0.00>
ST_1 : Operation 10 [1/1] (0.00ns)   --->   "%specinterface_ln0 = specinterface void @_ssdm_op_SpecInterface, i1 %in_stream_V_last_V, void @empty, i32 0, i32 0, void @empty_0, i32 0, i32 0, void @empty_1, void @empty_1, void @empty_1, i32 0, i32 0, i32 0, i32 0, void @empty_1, void @empty_1, i32 4294967295, i32 0, i32 0"   --->   Operation 10 'specinterface' 'specinterface_ln0' <Predicate = true> <Delay = 0.00>
ST_1 : Operation 11 [1/1] (0.00ns)   --->   "%specinterface_ln0 = specinterface void @_ssdm_op_SpecInterface, i4 %in_stream_V_strb_V, void @empty, i32 0, i32 0, void @empty_0, i32 0, i32 0, void @empty_1, void @empty_1, void @empty_1, i32 0, i32 0, i32 0, i32 0, void @empty_1, void @empty_1, i32 4294967295, i32 0, i32 0"   --->   Operation 11 'specinterface' 'specinterface_ln0' <Predicate = true> <Delay = 0.00>
ST_1 : Operation 12 [1/1] (0.00ns)   --->   "%specinterface_ln0 = specinterface void @_ssdm_op_SpecInterface, i4 %in_stream_V_keep_V, void @empty, i32 0, i32 0, void @empty_0, i32 0, i32 0, void @empty_1, void @empty_1, void @empty_1, i32 0, i32 0, i32 0, i32 0, void @empty_1, void @empty_1, i32 4294967295, i32 0, i32 0"   --->   Operation 12 'specinterface' 'specinterface_ln0' <Predicate = true> <Delay = 0.00>
ST_1 : Operation 13 [1/1] (0.00ns)   --->   "%specinterface_ln0 = specinterface void @_ssdm_op_SpecInterface, i32 %in_stream_V_data_V, void @empty, i32 0, i32 0, void @empty_0, i32 0, i32 0, void @empty_1, void @empty_1, void @empty_1, i32 0, i32 0, i32 0, i32 0, void @empty_1, void @empty_1, i32 4294967295, i32 0, i32 0"   --->   Operation 13 'specinterface' 'specinterface_ln0' <Predicate = true> <Delay = 0.00>
ST_1 : Operation 14 [1/1] (1.58ns)   --->   "%store_ln0 = store i9 0, i9 %indvar_flatten7"   --->   Operation 14 'store' 'store_ln0' <Predicate = true> <Delay = 1.58>
ST_1 : Operation 15 [1/1] (1.58ns)   --->   "%store_ln52 = store i5 0, i5 %i" [../stream_matmul.cpp:52]   --->   Operation 15 'store' 'store_ln52' <Predicate = true> <Delay = 1.58>
ST_1 : Operation 16 [1/1] (1.58ns)   --->   "%store_ln52 = store i5 0, i5 %j" [../stream_matmul.cpp:52]   --->   Operation 16 'store' 'store_ln52' <Predicate = true> <Delay = 1.58>
ST_1 : Operation 17 [1/1] (0.00ns)   --->   "%br_ln66 = br void %for.inc22" [../stream_matmul.cpp:66]   --->   Operation 17 'br' 'br_ln66' <Predicate = true> <Delay = 0.00>
ST_1 : Operation 18 [1/1] (0.00ns)   --->   "%indvar_flatten7_load = load i9 %indvar_flatten7" [../stream_matmul.cpp:66]   --->   Operation 18 'load' 'indvar_flatten7_load' <Predicate = true> <Delay = 0.00>
ST_1 : Operation 19 [1/1] (1.82ns)   --->   "%icmp_ln66 = icmp_eq  i9 %indvar_flatten7_load, i9 256" [../stream_matmul.cpp:66]   --->   Operation 19 'icmp' 'icmp_ln66' <Predicate = true> <Delay = 1.82> <CoreInst = "Cmp">   --->   Core 9 'Cmp' <Latency = 0> <II = 1> <Delay = 1.82> <FuncUnit> <Opcode : 'seteq' 'setne' 'setle' 'setge' 'setlt' 'setgt'> <InPorts = 2> <OutPorts = 1>
ST_1 : Operation 20 [1/1] (1.82ns)   --->   "%add_ln66_1 = add i9 %indvar_flatten7_load, i9 1" [../stream_matmul.cpp:66]   --->   Operation 20 'add' 'add_ln66_1' <Predicate = true> <Delay = 1.82> <CoreInst = "Adder">   --->   Core 1 'Adder' <Latency = 0> <II = 1> <Delay = 1.82> <FuncUnit> <Opcode : 'add' 'sub'> <InPorts = 2> <OutPorts = 1>
ST_1 : Operation 21 [1/1] (0.00ns)   --->   "%br_ln66 = br i1 %icmp_ln66, void %for.inc25, void %for.inc40.preheader.exitStub" [../stream_matmul.cpp:66]   --->   Operation 21 'br' 'br_ln66' <Predicate = true> <Delay = 0.00>
ST_1 : Operation 22 [1/1] (1.58ns)   --->   "%store_ln66 = store i9 %add_ln66_1, i9 %indvar_flatten7" [../stream_matmul.cpp:66]   --->   Operation 22 'store' 'store_ln66' <Predicate = (!icmp_ln66)> <Delay = 1.58>

State 2 <SV = 1> <Delay = 6.36>
ST_2 : Operation 23 [1/1] (0.00ns)   --->   "%j_load = load i5 %j" [../stream_matmul.cpp:67]   --->   Operation 23 'load' 'j_load' <Predicate = true> <Delay = 0.00>
ST_2 : Operation 24 [1/1] (1.78ns)   --->   "%icmp_ln67 = icmp_eq  i5 %j_load, i5 16" [../stream_matmul.cpp:67]   --->   Operation 24 'icmp' 'icmp_ln67' <Predicate = true> <Delay = 1.78> <CoreInst = "Cmp">   --->   Core 9 'Cmp' <Latency = 0> <II = 1> <Delay = 1.78> <FuncUnit> <Opcode : 'seteq' 'setne' 'setle' 'setge' 'setlt' 'setgt'> <InPorts = 2> <OutPorts = 1>
ST_2 : Operation 25 [1/1] (1.21ns)   --->   "%select_ln52 = select i1 %icmp_ln67, i5 0, i5 %j_load" [../stream_matmul.cpp:52]   --->   Operation 25 'select' 'select_ln52' <Predicate = true> <Delay = 1.21> <CoreInst = "Sel">   --->   Core 73 'Sel' <Latency = 0> <II = 1> <Delay = 1.21> <FuncUnit> <Opcode : 'select'> <InPorts = 3> <OutPorts = 1>
ST_2 : Operation 26 [1/1] (0.00ns)   --->   "%trunc_ln67_1 = trunc i5 %select_ln52" [../stream_matmul.cpp:67]   --->   Operation 26 'trunc' 'trunc_ln67_1' <Predicate = true> <Delay = 0.00>
ST_2 : Operation 27 [1/1] (0.00ns)   --->   "%lshr_ln52_1 = partselect i2 @_ssdm_op_PartSelect.i2.i5.i32.i32, i5 %select_ln52, i32 2, i32 3" [../stream_matmul.cpp:52]   --->   Operation 27 'partselect' 'lshr_ln52_1' <Predicate = true> <Delay = 0.00>
ST_2 : Operation 28 [1/1] (1.56ns)   --->   "%switch_ln69 = switch i2 %trunc_ln67_1, void %arrayidx217.case.3, i2 0, void %arrayidx217.case.0, i2 1, void %arrayidx217.case.1, i2 2, void %arrayidx217.case.2" [../stream_matmul.cpp:69]   --->   Operation 28 'switch' 'switch_ln69' <Predicate = true> <Delay = 1.56>
ST_2 : Operation 29 [1/1] (1.78ns)   --->   "%add_ln67 = add i5 %select_ln52, i5 1" [../stream_matmul.cpp:67]   --->   Operation 29 'add' 'add_ln67' <Predicate = true> <Delay = 1.78> <CoreInst = "Adder">   --->   Core 1 'Adder' <Latency = 0> <II = 1> <Delay = 1.78> <FuncUnit> <Opcode : 'add' 'sub'> <InPorts = 2> <OutPorts = 1>
ST_2 : Operation 30 [1/1] (1.58ns)   --->   "%store_ln52 = store i5 %add_ln67, i5 %j" [../stream_matmul.cpp:52]   --->   Operation 30 'store' 'store_ln52' <Predicate = true> <Delay = 1.58>
ST_2 : Operation 57 [1/1] (1.58ns)   --->   "%ret_ln0 = ret"   --->   Operation 57 'ret' 'ret_ln0' <Predicate = (icmp_ln66)> <Delay = 1.58>

State 3 <SV = 2> <Delay = 6.24>
ST_3 : Operation 31 [1/1] (0.00ns)   --->   "%i_load = load i5 %i" [../stream_matmul.cpp:66]   --->   Operation 31 'load' 'i_load' <Predicate = true> <Delay = 0.00>
ST_3 : Operation 32 [1/1] (1.78ns)   --->   "%add_ln66 = add i5 %i_load, i5 1" [../stream_matmul.cpp:66]   --->   Operation 32 'add' 'add_ln66' <Predicate = (icmp_ln67)> <Delay = 1.78> <CoreInst = "Adder">   --->   Core 1 'Adder' <Latency = 0> <II = 1> <Delay = 1.78> <FuncUnit> <Opcode : 'add' 'sub'> <InPorts = 2> <OutPorts = 1>
ST_3 : Operation 33 [1/1] (0.00ns)   --->   "%specloopname_ln0 = specloopname void @_ssdm_op_SpecLoopName, void @VITIS_LOOP_66_4_VITIS_LOOP_67_5_str"   --->   Operation 33 'specloopname' 'specloopname_ln0' <Predicate = true> <Delay = 0.00>
ST_3 : Operation 34 [1/1] (0.00ns)   --->   "%speclooptripcount_ln0 = speclooptripcount void @_ssdm_op_SpecLoopTripCount, i64 256, i64 256, i64 256"   --->   Operation 34 'speclooptripcount' 'speclooptripcount_ln0' <Predicate = true> <Delay = 0.00>
ST_3 : Operation 35 [1/1] (1.21ns)   --->   "%select_ln66 = select i1 %icmp_ln67, i5 %add_ln66, i5 %i_load" [../stream_matmul.cpp:66]   --->   Operation 35 'select' 'select_ln66' <Predicate = true> <Delay = 1.21> <CoreInst = "Sel">   --->   Core 73 'Sel' <Latency = 0> <II = 1> <Delay = 1.21> <FuncUnit> <Opcode : 'select'> <InPorts = 3> <OutPorts = 1>
ST_3 : Operation 36 [1/1] (0.00ns)   --->   "%trunc_ln67 = trunc i5 %select_ln66" [../stream_matmul.cpp:67]   --->   Operation 36 'trunc' 'trunc_ln67' <Predicate = true> <Delay = 0.00>
ST_3 : Operation 37 [1/1] (0.00ns)   --->   "%specpipeline_ln68 = specpipeline void @_ssdm_op_SpecPipeline, i32 1, i32 0, i32 0, i32 0, void @empty_1" [../stream_matmul.cpp:68]   --->   Operation 37 'specpipeline' 'specpipeline_ln68' <Predicate = true> <Delay = 0.00>
ST_3 : Operation 38 [1/1] (0.00ns)   --->   "%tmp_2 = bitconcatenate i6 @_ssdm_op_BitConcatenate.i6.i4.i2, i4 %trunc_ln67, i2 %lshr_ln52_1" [../stream_matmul.cpp:69]   --->   Operation 38 'bitconcatenate' 'tmp_2' <Predicate = true> <Delay = 0.00>
ST_3 : Operation 39 [1/1] (0.00ns)   --->   "%zext_ln69 = zext i6 %tmp_2" [../stream_matmul.cpp:69]   --->   Operation 39 'zext' 'zext_ln69' <Predicate = true> <Delay = 0.00>
ST_3 : Operation 40 [1/1] (0.00ns)   --->   "%A_addr = getelementptr i32 %A, i64 0, i64 %zext_ln69" [../stream_matmul.cpp:69]   --->   Operation 40 'getelementptr' 'A_addr' <Predicate = true> <Delay = 0.00>
ST_3 : Operation 41 [1/1] (0.00ns)   --->   "%A_1_addr = getelementptr i32 %A_1, i64 0, i64 %zext_ln69" [../stream_matmul.cpp:69]   --->   Operation 41 'getelementptr' 'A_1_addr' <Predicate = true> <Delay = 0.00>
ST_3 : Operation 42 [1/1] (0.00ns)   --->   "%A_2_addr = getelementptr i32 %A_2, i64 0, i64 %zext_ln69" [../stream_matmul.cpp:69]   --->   Operation 42 'getelementptr' 'A_2_addr' <Predicate = true> <Delay = 0.00>
ST_3 : Operation 43 [1/1] (0.00ns)   --->   "%A_3_addr = getelementptr i32 %A_3, i64 0, i64 %zext_ln69" [../stream_matmul.cpp:69]   --->   Operation 43 'getelementptr' 'A_3_addr' <Predicate = true> <Delay = 0.00>
ST_3 : Operation 44 [1/1] (0.51ns)   --->   "%empty = read i41 @_ssdm_op_Read.axis.volatile.i32P0A.i4P0A.i4P0A.i1P0A, i32 %in_stream_V_data_V, i4 %in_stream_V_keep_V, i4 %in_stream_V_strb_V, i1 %in_stream_V_last_V" [../stream_matmul.cpp:69]   --->   Operation 44 'read' 'empty' <Predicate = true> <Delay = 0.51> <CoreInst = "regslice">   --->   Core 135 'regslice' <Latency = 0> <II = 1> <Delay = 1.86> <Adapter> <Opcode : 'read' 'write'>
ST_3 : Operation 45 [1/1] (0.00ns)   --->   "%x_data = extractvalue i41 %empty" [../stream_matmul.cpp:69]   --->   Operation 45 'extractvalue' 'x_data' <Predicate = true> <Delay = 0.00>
ST_3 : Operation 46 [1/1] (0.00ns)   --->   "%bitcast_ln20 = bitcast i32 %x_data" [../stream_matmul.cpp:20->../stream_matmul.cpp:69]   --->   Operation 46 'bitcast' 'bitcast_ln20' <Predicate = true> <Delay = 0.00>
ST_3 : Operation 47 [1/1] ( I:3.25ns O:3.25ns )   --->   "%store_ln69 = store i32 %bitcast_ln20, i6 %A_2_addr" [../stream_matmul.cpp:69]   --->   Operation 47 'store' 'store_ln69' <Predicate = (trunc_ln67_1 == 2)> <Delay = 3.25> <CoreInst = "RAM">   --->   Core 81 'RAM' <Latency = 1> <II = 1> <Delay = 3.25> <Storage> <Opcode : 'load' 'store'> <Ports = 2> <Width = 32> <Depth = 64> <RAM>
ST_3 : Operation 48 [1/1] (0.00ns)   --->   "%br_ln69 = br void %arrayidx217.exit" [../stream_matmul.cpp:69]   --->   Operation 48 'br' 'br_ln69' <Predicate = (trunc_ln67_1 == 2)> <Delay = 0.00>
ST_3 : Operation 49 [1/1] ( I:3.25ns O:3.25ns )   --->   "%store_ln69 = store i32 %bitcast_ln20, i6 %A_1_addr" [../stream_matmul.cpp:69]   --->   Operation 49 'store' 'store_ln69' <Predicate = (trunc_ln67_1 == 1)> <Delay = 3.25> <CoreInst = "RAM">   --->   Core 81 'RAM' <Latency = 1> <II = 1> <Delay = 3.25> <Storage> <Opcode : 'load' 'store'> <Ports = 2> <Width = 32> <Depth = 64> <RAM>
ST_3 : Operation 50 [1/1] (0.00ns)   --->   "%br_ln69 = br void %arrayidx217.exit" [../stream_matmul.cpp:69]   --->   Operation 50 'br' 'br_ln69' <Predicate = (trunc_ln67_1 == 1)> <Delay = 0.00>
ST_3 : Operation 51 [1/1] ( I:3.25ns O:3.25ns )   --->   "%store_ln69 = store i32 %bitcast_ln20, i6 %A_addr" [../stream_matmul.cpp:69]   --->   Operation 51 'store' 'store_ln69' <Predicate = (trunc_ln67_1 == 0)> <Delay = 3.25> <CoreInst = "RAM">   --->   Core 81 'RAM' <Latency = 1> <II = 1> <Delay = 3.25> <Storage> <Opcode : 'load' 'store'> <Ports = 2> <Width = 32> <Depth = 64> <RAM>
ST_3 : Operation 52 [1/1] (0.00ns)   --->   "%br_ln69 = br void %arrayidx217.exit" [../stream_matmul.cpp:69]   --->   Operation 52 'br' 'br_ln69' <Predicate = (trunc_ln67_1 == 0)> <Delay = 0.00>
ST_3 : Operation 53 [1/1] ( I:3.25ns O:3.25ns )   --->   "%store_ln69 = store i32 %bitcast_ln20, i6 %A_3_addr" [../stream_matmul.cpp:69]   --->   Operation 53 'store' 'store_ln69' <Predicate = (trunc_ln67_1 == 3)> <Delay = 3.25> <CoreInst = "RAM">   --->   Core 81 'RAM' <Latency = 1> <II = 1> <Delay = 3.25> <Storage> <Opcode : 'load' 'store'> <Ports = 2> <Width = 32> <Depth = 64> <RAM>
ST_3 : Operation 54 [1/1] (0.00ns)   --->   "%br_ln69 = br void %arrayidx217.exit" [../stream_matmul.cpp:69]   --->   Operation 54 'br' 'br_ln69' <Predicate = (trunc_ln67_1 == 3)> <Delay = 0.00>
ST_3 : Operation 55 [1/1] (1.58ns)   --->   "%store_ln52 = store i5 %select_ln66, i5 %i" [../stream_matmul.cpp:52]   --->   Operation 55 'store' 'store_ln52' <Predicate = true> <Delay = 1.58>
ST_3 : Operation 56 [1/1] (0.00ns)   --->   "%br_ln67 = br void %for.inc22" [../stream_matmul.cpp:67]   --->   Operation 56 'br' 'br_ln67' <Predicate = true> <Delay = 0.00>


============================================================
+ Verbose Summary: Binding
============================================================
STG Binding: 
---------------- STG Properties BEGIN ----------------
- Is combinational: 0
- Is one-state seq: 0
- Is datapath-only: 0
- Is pipelined: 0
- Is top level: 0
Port [ Return ] is wired: 1; IO mode=ap_ctrl_hs:ce=0
Port [ A]:  wired=1; compound=1; hidden=0; nouse=0; global=0; static=0; extern=0; dir=1; type=1; pingpong=0; private_global=0; MemPort=[03]; IO mode=ap_memory:ce=0
Port [ A_1]:  wired=1; compound=1; hidden=0; nouse=0; global=0; static=0; extern=0; dir=1; type=1; pingpong=0; private_global=0; MemPort=[03]; IO mode=ap_memory:ce=0
Port [ A_2]:  wired=1; compound=1; hidden=0; nouse=0; global=0; static=0; extern=0; dir=1; type=1; pingpong=0; private_global=0; MemPort=[03]; IO mode=ap_memory:ce=0
Port [ A_3]:  wired=1; compound=1; hidden=0; nouse=0; global=0; static=0; extern=0; dir=1; type=1; pingpong=0; private_global=0; MemPort=[03]; IO mode=ap_memory:ce=0
Port [ in_stream_V_data_V]:  wired=1; compound=1; hidden=0; nouse=0; global=0; static=0; extern=0; dir=0; type=0; pingpong=0; private_global=0; IO mode=axis:ce=0
Port [ in_stream_V_keep_V]:  wired=1; compound=1; hidden=0; nouse=0; global=0; static=0; extern=0; dir=0; type=0; pingpong=0; private_global=0; IO mode=axis:ce=0
Port [ in_stream_V_strb_V]:  wired=1; compound=1; hidden=0; nouse=0; global=0; static=0; extern=0; dir=0; type=0; pingpong=0; private_global=0; IO mode=axis:ce=0
Port [ in_stream_V_last_V]:  wired=1; compound=1; hidden=0; nouse=0; global=0; static=0; extern=0; dir=0; type=0; pingpong=0; private_global=0; IO mode=axis:ce=0
---------------- STG Properties END ------------------

---------------- Datapath Model BEGIN ----------------

<LifeTime>
<method=bitvector/>
j                       (alloca             ) [ 0110]
i                       (alloca             ) [ 0111]
indvar_flatten7         (alloca             ) [ 0100]
specaxissidechannel_ln0 (specaxissidechannel) [ 0000]
specinterface_ln0       (specinterface      ) [ 0000]
specinterface_ln0       (specinterface      ) [ 0000]
specinterface_ln0       (specinterface      ) [ 0000]
specinterface_ln0       (specinterface      ) [ 0000]
store_ln0               (store              ) [ 0000]
store_ln52              (store              ) [ 0000]
store_ln52              (store              ) [ 0000]
br_ln66                 (br                 ) [ 0000]
indvar_flatten7_load    (load               ) [ 0000]
icmp_ln66               (icmp               ) [ 0110]
add_ln66_1              (add                ) [ 0000]
br_ln66                 (br                 ) [ 0000]
store_ln66              (store              ) [ 0000]
j_load                  (load               ) [ 0000]
icmp_ln67               (icmp               ) [ 0101]
select_ln52             (select             ) [ 0000]
trunc_ln67_1            (trunc              ) [ 0101]
lshr_ln52_1             (partselect         ) [ 0101]
switch_ln69             (switch             ) [ 0000]
add_ln67                (add                ) [ 0000]
store_ln52              (store              ) [ 0000]
i_load                  (load               ) [ 0000]
add_ln66                (add                ) [ 0000]
specloopname_ln0        (specloopname       ) [ 0000]
speclooptripcount_ln0   (speclooptripcount  ) [ 0000]
select_ln66             (select             ) [ 0000]
trunc_ln67              (trunc              ) [ 0000]
specpipeline_ln68       (specpipeline       ) [ 0000]
tmp_2                   (bitconcatenate     ) [ 0000]
zext_ln69               (zext               ) [ 0000]
A_addr                  (getelementptr      ) [ 0000]
A_1_addr                (getelementptr      ) [ 0000]
A_2_addr                (getelementptr      ) [ 0000]
A_3_addr                (getelementptr      ) [ 0000]
empty                   (read               ) [ 0000]
x_data                  (extractvalue       ) [ 0000]
bitcast_ln20            (bitcast            ) [ 0000]
store_ln69              (store              ) [ 0000]
br_ln69                 (br                 ) [ 0000]
store_ln69              (store              ) [ 0000]
br_ln69                 (br                 ) [ 0000]
store_ln69              (store              ) [ 0000]
br_ln69                 (br                 ) [ 0000]
store_ln69              (store              ) [ 0000]
br_ln69                 (br                 ) [ 0000]
store_ln52              (store              ) [ 0000]
br_ln67                 (br                 ) [ 0000]
ret_ln0                 (ret                ) [ 0000]
</LifeTime>

<model>

<comp_list>
<comp id="0" class="1000" name="A">
<pin_list>
<pin id="1" dir="1" index="0" bw="1" slack="0"/>
</pin_list>
<bind>
<StgValue><ssdm name="A"/><MemPortTyVec>0 3 </MemPortTyVec>
</StgValue>
</bind>
</comp>

<comp id="2" class="1000" name="A_1">
<pin_list>
<pin id="3" dir="1" index="0" bw="1" slack="0"/>
</pin_list>
<bind>
<StgValue><ssdm name="A_1"/><MemPortTyVec>0 3 </MemPortTyVec>
</StgValue>
</bind>
</comp>

<comp id="4" class="1000" name="A_2">
<pin_list>
<pin id="5" dir="1" index="0" bw="1" slack="0"/>
</pin_list>
<bind>
<StgValue><ssdm name="A_2"/><MemPortTyVec>0 3 </MemPortTyVec>
</StgValue>
</bind>
</comp>

<comp id="6" class="1000" name="A_3">
<pin_list>
<pin id="7" dir="1" index="0" bw="1" slack="0"/>
</pin_list>
<bind>
<StgValue><ssdm name="A_3"/><MemPortTyVec>0 3 </MemPortTyVec>
</StgValue>
</bind>
</comp>

<comp id="8" class="1000" name="in_stream_V_data_V">
<pin_list>
<pin id="9" dir="1" index="0" bw="1" slack="0"/>
</pin_list>
<bind>
<StgValue><ssdm name="in_stream_V_data_V"/></StgValue>
</bind>
</comp>

<comp id="10" class="1000" name="in_stream_V_keep_V">
<pin_list>
<pin id="11" dir="1" index="0" bw="1" slack="0"/>
</pin_list>
<bind>
<StgValue><ssdm name="in_stream_V_keep_V"/></StgValue>
</bind>
</comp>

<comp id="12" class="1000" name="in_stream_V_strb_V">
<pin_list>
<pin id="13" dir="1" index="0" bw="1" slack="0"/>
</pin_list>
<bind>
<StgValue><ssdm name="in_stream_V_strb_V"/></StgValue>
</bind>
</comp>

<comp id="14" class="1000" name="in_stream_V_last_V">
<pin_list>
<pin id="15" dir="1" index="0" bw="1" slack="0"/>
</pin_list>
<bind>
<StgValue><ssdm name="in_stream_V_last_V"/></StgValue>
</bind>
</comp>

<comp id="16" class="1001" name="const_16">
<pin_list>
<pin id="17" dir="1" index="0" bw="1" slack="0"/>
</pin_list>
<bind>
<StgValue><ssdm name=""/></StgValue>
</bind>
</comp>

<comp id="18" class="1001" name="const_18">
<pin_list>
<pin id="19" dir="1" index="0" bw="1" slack="2147483647"/>
</pin_list>
<bind>
<StgValue><ssdm name="_ssdm_op_SpecAXISSideChannel"/></StgValue>
</bind>
</comp>

<comp id="20" class="1001" name="const_20">
<pin_list>
<pin id="21" dir="1" index="0" bw="1" slack="2147483647"/>
</pin_list>
<bind>
<StgValue><ssdm name=""/></StgValue>
</bind>
</comp>

<comp id="22" class="1001" name="const_22">
<pin_list>
<pin id="23" dir="1" index="0" bw="1" slack="2147483647"/>
</pin_list>
<bind>
<StgValue><ssdm name="empty_5"/></StgValue>
</bind>
</comp>

<comp id="24" class="1001" name="const_24">
<pin_list>
<pin id="25" dir="1" index="0" bw="1" slack="2147483647"/>
</pin_list>
<bind>
<StgValue><ssdm name="_ssdm_op_SpecInterface"/></StgValue>
</bind>
</comp>

<comp id="26" class="1001" name="const_26">
<pin_list>
<pin id="27" dir="1" index="0" bw="1" slack="2147483647"/>
</pin_list>
<bind>
<StgValue><ssdm name="empty"/></StgValue>
</bind>
</comp>

<comp id="28" class="1001" name="const_28">
<pin_list>
<pin id="29" dir="1" index="0" bw="1" slack="2147483647"/>
</pin_list>
<bind>
<StgValue><ssdm name=""/></StgValue>
</bind>
</comp>

<comp id="30" class="1001" name="const_30">
<pin_list>
<pin id="31" dir="1" index="0" bw="1" slack="2147483647"/>
</pin_list>
<bind>
<StgValue><ssdm name="empty_0"/></StgValue>
</bind>
</comp>

<comp id="32" class="1001" name="const_32">
<pin_list>
<pin id="33" dir="1" index="0" bw="1" slack="2147483647"/>
</pin_list>
<bind>
<StgValue><ssdm name="empty_1"/></StgValue>
</bind>
</comp>

<comp id="34" class="1001" name="const_34">
<pin_list>
<pin id="35" dir="1" index="0" bw="1" slack="2147483647"/>
</pin_list>
<bind>
<StgValue><ssdm name=""/></StgValue>
</bind>
</comp>

<comp id="36" class="1001" name="const_36">
<pin_list>
<pin id="37" dir="1" index="0" bw="1" slack="0"/>
</pin_list>
<bind>
<StgValue><ssdm name=""/></StgValue>
</bind>
</comp>

<comp id="38" class="1001" name="const_38">
<pin_list>
<pin id="39" dir="1" index="0" bw="1" slack="0"/>
</pin_list>
<bind>
<StgValue><ssdm name=""/></StgValue>
</bind>
</comp>

<comp id="40" class="1001" name="const_40">
<pin_list>
<pin id="41" dir="1" index="0" bw="1" slack="0"/>
</pin_list>
<bind>
<StgValue><ssdm name=""/></StgValue>
</bind>
</comp>

<comp id="42" class="1001" name="const_42">
<pin_list>
<pin id="43" dir="1" index="0" bw="1" slack="0"/>
</pin_list>
<bind>
<StgValue><ssdm name=""/></StgValue>
</bind>
</comp>

<comp id="44" class="1001" name="const_44">
<pin_list>
<pin id="45" dir="1" index="0" bw="1" slack="0"/>
</pin_list>
<bind>
<StgValue><ssdm name=""/></StgValue>
</bind>
</comp>

<comp id="46" class="1001" name="const_46">
<pin_list>
<pin id="47" dir="1" index="0" bw="1" slack="0"/>
</pin_list>
<bind>
<StgValue><ssdm name="_ssdm_op_PartSelect.i2.i5.i32.i32"/></StgValue>
</bind>
</comp>

<comp id="48" class="1001" name="const_48">
<pin_list>
<pin id="49" dir="1" index="0" bw="1" slack="0"/>
</pin_list>
<bind>
<StgValue><ssdm name=""/></StgValue>
</bind>
</comp>

<comp id="50" class="1001" name="const_50">
<pin_list>
<pin id="51" dir="1" index="0" bw="1" slack="0"/>
</pin_list>
<bind>
<StgValue><ssdm name=""/></StgValue>
</bind>
</comp>

<comp id="52" class="1001" name="const_52">
<pin_list>
<pin id="53" dir="1" index="0" bw="1" slack="0"/>
</pin_list>
<bind>
<StgValue><ssdm name=""/></StgValue>
</bind>
</comp>

<comp id="54" class="1001" name="const_54">
<pin_list>
<pin id="55" dir="1" index="0" bw="1" slack="0"/>
</pin_list>
<bind>
<StgValue><ssdm name=""/></StgValue>
</bind>
</comp>

<comp id="56" class="1001" name="const_56">
<pin_list>
<pin id="57" dir="1" index="0" bw="1" slack="0"/>
</pin_list>
<bind>
<StgValue><ssdm name=""/></StgValue>
</bind>
</comp>

<comp id="58" class="1001" name="const_58">
<pin_list>
<pin id="59" dir="1" index="0" bw="1" slack="0"/>
</pin_list>
<bind>
<StgValue><ssdm name=""/></StgValue>
</bind>
</comp>

<comp id="60" class="1001" name="const_60">
<pin_list>
<pin id="61" dir="1" index="0" bw="1" slack="2147483647"/>
</pin_list>
<bind>
<StgValue><ssdm name="_ssdm_op_SpecLoopName"/></StgValue>
</bind>
</comp>

<comp id="62" class="1001" name="const_62">
<pin_list>
<pin id="63" dir="1" index="0" bw="1" slack="2147483647"/>
</pin_list>
<bind>
<StgValue><ssdm name="VITIS_LOOP_66_4_VITIS_LOOP_67_5_str"/></StgValue>
</bind>
</comp>

<comp id="64" class="1001" name="const_64">
<pin_list>
<pin id="65" dir="1" index="0" bw="1" slack="2147483647"/>
</pin_list>
<bind>
<StgValue><ssdm name="_ssdm_op_SpecLoopTripCount"/></StgValue>
</bind>
</comp>

<comp id="66" class="1001" name="const_66">
<pin_list>
<pin id="67" dir="1" index="0" bw="1" slack="2147483647"/>
</pin_list>
<bind>
<StgValue><ssdm name=""/></StgValue>
</bind>
</comp>

<comp id="68" class="1001" name="const_68">
<pin_list>
<pin id="69" dir="1" index="0" bw="1" slack="2147483647"/>
</pin_list>
<bind>
<StgValue><ssdm name="_ssdm_op_SpecPipeline"/></StgValue>
</bind>
</comp>

<comp id="70" class="1001" name="const_70">
<pin_list>
<pin id="71" dir="1" index="0" bw="1" slack="0"/>
</pin_list>
<bind>
<StgValue><ssdm name="_ssdm_op_BitConcatenate.i6.i4.i2"/></StgValue>
</bind>
</comp>

<comp id="72" class="1001" name="const_72">
<pin_list>
<pin id="73" dir="1" index="0" bw="1" slack="0"/>
</pin_list>
<bind>
<StgValue><ssdm name=""/></StgValue>
</bind>
</comp>

<comp id="74" class="1001" name="const_74">
<pin_list>
<pin id="75" dir="1" index="0" bw="1" slack="0"/>
</pin_list>
<bind>
<StgValue><ssdm name="_ssdm_op_Read.axis.volatile.i32P0A.i4P0A.i4P0A.i1P0A"/></StgValue>
</bind>
</comp>

<comp id="76" class="1004" name="j_fu_76">
<pin_list>
<pin id="77" dir="0" index="0" bw="1" slack="0"/>
<pin id="78" dir="1" index="1" bw="5" slack="0"/>
</pin_list>
<bind>
<opcode="alloca(26) " fcode="alloca"/>
<opset="j/1 "/>
</bind>
</comp>

<comp id="80" class="1004" name="i_fu_80">
<pin_list>
<pin id="81" dir="0" index="0" bw="1" slack="0"/>
<pin id="82" dir="1" index="1" bw="5" slack="0"/>
</pin_list>
<bind>
<opcode="alloca(26) " fcode="alloca"/>
<opset="i/1 "/>
</bind>
</comp>

<comp id="84" class="1004" name="indvar_flatten7_fu_84">
<pin_list>
<pin id="85" dir="0" index="0" bw="1" slack="0"/>
<pin id="86" dir="1" index="1" bw="9" slack="0"/>
</pin_list>
<bind>
<opcode="alloca(26) " fcode="alloca"/>
<opset="indvar_flatten7/1 "/>
</bind>
</comp>

<comp id="88" class="1004" name="empty_read_fu_88">
<pin_list>
<pin id="89" dir="0" index="0" bw="41" slack="0"/>
<pin id="90" dir="0" index="1" bw="32" slack="0"/>
<pin id="91" dir="0" index="2" bw="4" slack="0"/>
<pin id="92" dir="0" index="3" bw="4" slack="0"/>
<pin id="93" dir="0" index="4" bw="1" slack="0"/>
<pin id="94" dir="1" index="5" bw="41" slack="0"/>
</pin_list>
<bind>
<opcode="read(1150) " fcode="read"/>
<opset="empty/3 "/>
</bind>
</comp>

<comp id="100" class="1004" name="A_addr_gep_fu_100">
<pin_list>
<pin id="101" dir="0" index="0" bw="32" slack="0"/>
<pin id="102" dir="0" index="1" bw="1" slack="0"/>
<pin id="103" dir="0" index="2" bw="6" slack="0"/>
<pin id="104" dir="1" index="3" bw="6" slack="0"/>
</pin_list>
<bind>
<opcode="getelementptr(29) " fcode="getelementptr"/>
<opset="A_addr/3 "/>
</bind>
</comp>

<comp id="107" class="1004" name="A_1_addr_gep_fu_107">
<pin_list>
<pin id="108" dir="0" index="0" bw="32" slack="0"/>
<pin id="109" dir="0" index="1" bw="1" slack="0"/>
<pin id="110" dir="0" index="2" bw="6" slack="0"/>
<pin id="111" dir="1" index="3" bw="6" slack="0"/>
</pin_list>
<bind>
<opcode="getelementptr(29) " fcode="getelementptr"/>
<opset="A_1_addr/3 "/>
</bind>
</comp>

<comp id="114" class="1004" name="A_2_addr_gep_fu_114">
<pin_list>
<pin id="115" dir="0" index="0" bw="32" slack="0"/>
<pin id="116" dir="0" index="1" bw="1" slack="0"/>
<pin id="117" dir="0" index="2" bw="6" slack="0"/>
<pin id="118" dir="1" index="3" bw="6" slack="0"/>
</pin_list>
<bind>
<opcode="getelementptr(29) " fcode="getelementptr"/>
<opset="A_2_addr/3 "/>
</bind>
</comp>

<comp id="121" class="1004" name="A_3_addr_gep_fu_121">
<pin_list>
<pin id="122" dir="0" index="0" bw="32" slack="0"/>
<pin id="123" dir="0" index="1" bw="1" slack="0"/>
<pin id="124" dir="0" index="2" bw="6" slack="0"/>
<pin id="125" dir="1" index="3" bw="6" slack="0"/>
</pin_list>
<bind>
<opcode="getelementptr(29) " fcode="getelementptr"/>
<opset="A_3_addr/3 "/>
</bind>
</comp>

<comp id="128" class="1004" name="store_ln69_access_fu_128">
<pin_list>
<pin id="129" dir="0" index="0" bw="6" slack="0"/>
<pin id="130" dir="0" index="1" bw="32" slack="0"/>
<pin id="131" dir="0" index="2" bw="0" slack="2147483647"/>
<pin id="132" dir="1" index="3" bw="32" slack="2147483647"/>
</pin_list>
<bind>
<opcode="store(28) " fcode="store"/>
<opset="store_ln69/3 "/>
</bind>
</comp>

<comp id="134" class="1004" name="store_ln69_access_fu_134">
<pin_list>
<pin id="135" dir="0" index="0" bw="6" slack="0"/>
<pin id="136" dir="0" index="1" bw="32" slack="0"/>
<pin id="137" dir="0" index="2" bw="0" slack="2147483647"/>
<pin id="138" dir="1" index="3" bw="32" slack="2147483647"/>
</pin_list>
<bind>
<opcode="store(28) " fcode="store"/>
<opset="store_ln69/3 "/>
</bind>
</comp>

<comp id="140" class="1004" name="store_ln69_access_fu_140">
<pin_list>
<pin id="141" dir="0" index="0" bw="6" slack="0"/>
<pin id="142" dir="0" index="1" bw="32" slack="0"/>
<pin id="143" dir="0" index="2" bw="0" slack="2147483647"/>
<pin id="144" dir="1" index="3" bw="32" slack="2147483647"/>
</pin_list>
<bind>
<opcode="store(28) " fcode="store"/>
<opset="store_ln69/3 "/>
</bind>
</comp>

<comp id="146" class="1004" name="store_ln69_access_fu_146">
<pin_list>
<pin id="147" dir="0" index="0" bw="6" slack="0"/>
<pin id="148" dir="0" index="1" bw="32" slack="0"/>
<pin id="149" dir="0" index="2" bw="0" slack="2147483647"/>
<pin id="150" dir="1" index="3" bw="32" slack="2147483647"/>
</pin_list>
<bind>
<opcode="store(28) " fcode="store"/>
<opset="store_ln69/3 "/>
</bind>
</comp>

<comp id="152" class="1004" name="store_ln0_store_fu_152">
<pin_list>
<pin id="153" dir="0" index="0" bw="1" slack="0"/>
<pin id="154" dir="0" index="1" bw="9" slack="0"/>
<pin id="155" dir="1" index="2" bw="0" slack="2147483647"/>
</pin_list>
<bind>
<opcode="store(28) " fcode="store"/>
<opset="store_ln0/1 "/>
</bind>
</comp>

<comp id="157" class="1004" name="store_ln52_store_fu_157">
<pin_list>
<pin id="158" dir="0" index="0" bw="1" slack="0"/>
<pin id="159" dir="0" index="1" bw="5" slack="0"/>
<pin id="160" dir="1" index="2" bw="0" slack="2147483647"/>
</pin_list>
<bind>
<opcode="store(28) " fcode="store"/>
<opset="store_ln52/1 "/>
</bind>
</comp>

<comp id="162" class="1004" name="store_ln52_store_fu_162">
<pin_list>
<pin id="163" dir="0" index="0" bw="1" slack="0"/>
<pin id="164" dir="0" index="1" bw="5" slack="0"/>
<pin id="165" dir="1" index="2" bw="0" slack="2147483647"/>
</pin_list>
<bind>
<opcode="store(28) " fcode="store"/>
<opset="store_ln52/1 "/>
</bind>
</comp>

<comp id="167" class="1004" name="indvar_flatten7_load_load_fu_167">
<pin_list>
<pin id="168" dir="0" index="0" bw="9" slack="0"/>
<pin id="169" dir="1" index="1" bw="9" slack="0"/>
</pin_list>
<bind>
<opcode="load(27) " fcode="load"/>
<opset="indvar_flatten7_load/1 "/>
</bind>
</comp>

<comp id="170" class="1004" name="icmp_ln66_fu_170">
<pin_list>
<pin id="171" dir="0" index="0" bw="9" slack="0"/>
<pin id="172" dir="0" index="1" bw="9" slack="0"/>
<pin id="173" dir="1" index="2" bw="1" slack="1"/>
</pin_list>
<bind>
<opcode="icmp(45) " fcode="icmp"/>
<opset="icmp_ln66/1 "/>
</bind>
</comp>

<comp id="176" class="1004" name="add_ln66_1_fu_176">
<pin_list>
<pin id="177" dir="0" index="0" bw="9" slack="0"/>
<pin id="178" dir="0" index="1" bw="1" slack="0"/>
<pin id="179" dir="1" index="2" bw="9" slack="0"/>
</pin_list>
<bind>
<opcode="add(8) " fcode="add"/>
<opset="add_ln66_1/1 "/>
</bind>
</comp>

<comp id="182" class="1004" name="store_ln66_store_fu_182">
<pin_list>
<pin id="183" dir="0" index="0" bw="9" slack="0"/>
<pin id="184" dir="0" index="1" bw="9" slack="0"/>
<pin id="185" dir="1" index="2" bw="0" slack="2147483647"/>
</pin_list>
<bind>
<opcode="store(28) " fcode="store"/>
<opset="store_ln66/1 "/>
</bind>
</comp>

<comp id="187" class="1004" name="j_load_load_fu_187">
<pin_list>
<pin id="188" dir="0" index="0" bw="5" slack="1"/>
<pin id="189" dir="1" index="1" bw="5" slack="0"/>
</pin_list>
<bind>
<opcode="load(27) " fcode="load"/>
<opset="j_load/2 "/>
</bind>
</comp>

<comp id="190" class="1004" name="icmp_ln67_fu_190">
<pin_list>
<pin id="191" dir="0" index="0" bw="5" slack="0"/>
<pin id="192" dir="0" index="1" bw="5" slack="0"/>
<pin id="193" dir="1" index="2" bw="1" slack="0"/>
</pin_list>
<bind>
<opcode="icmp(45) " fcode="icmp"/>
<opset="icmp_ln67/2 "/>
</bind>
</comp>

<comp id="196" class="1004" name="select_ln52_fu_196">
<pin_list>
<pin id="197" dir="0" index="0" bw="1" slack="0"/>
<pin id="198" dir="0" index="1" bw="1" slack="0"/>
<pin id="199" dir="0" index="2" bw="5" slack="0"/>
<pin id="200" dir="1" index="3" bw="5" slack="0"/>
</pin_list>
<bind>
<opcode="select(49) " fcode="select"/>
<opset="select_ln52/2 "/>
</bind>
</comp>

<comp id="204" class="1004" name="trunc_ln67_1_fu_204">
<pin_list>
<pin id="205" dir="0" index="0" bw="5" slack="0"/>
<pin id="206" dir="1" index="1" bw="2" slack="0"/>
</pin_list>
<bind>
<opcode="trunc(33) " fcode="trunc"/>
<opset="trunc_ln67_1/2 "/>
</bind>
</comp>

<comp id="208" class="1004" name="lshr_ln52_1_fu_208">
<pin_list>
<pin id="209" dir="0" index="0" bw="2" slack="0"/>
<pin id="210" dir="0" index="1" bw="5" slack="0"/>
<pin id="211" dir="0" index="2" bw="3" slack="0"/>
<pin id="212" dir="0" index="3" bw="3" slack="0"/>
<pin id="213" dir="1" index="4" bw="2" slack="1"/>
</pin_list>
<bind>
<opcode="partselect(1002) " fcode="partselect"/>
<opset="lshr_ln52_1/2 "/>
</bind>
</comp>

<comp id="218" class="1004" name="switch_ln69_fu_218">
<pin_list>
<pin id="219" dir="0" index="0" bw="2" slack="0"/>
<pin id="220" dir="0" index="1" bw="1" slack="0"/>
<pin id="221" dir="0" index="2" bw="1" slack="0"/>
<pin id="222" dir="0" index="3" bw="2" slack="0"/>
<pin id="223" dir="1" index="4" bw="0" slack="2147483647"/>
</pin_list>
<bind>
<opcode="switch(3) " fcode="switch"/>
<opset="switch_ln69/2 "/>
</bind>
</comp>

<comp id="228" class="1004" name="add_ln67_fu_228">
<pin_list>
<pin id="229" dir="0" index="0" bw="5" slack="0"/>
<pin id="230" dir="0" index="1" bw="1" slack="0"/>
<pin id="231" dir="1" index="2" bw="5" slack="0"/>
</pin_list>
<bind>
<opcode="add(8) " fcode="add"/>
<opset="add_ln67/2 "/>
</bind>
</comp>

<comp id="234" class="1004" name="store_ln52_store_fu_234">
<pin_list>
<pin id="235" dir="0" index="0" bw="5" slack="0"/>
<pin id="236" dir="0" index="1" bw="5" slack="1"/>
<pin id="237" dir="1" index="2" bw="0" slack="2147483647"/>
</pin_list>
<bind>
<opcode="store(28) " fcode="store"/>
<opset="store_ln52/2 "/>
</bind>
</comp>

<comp id="239" class="1004" name="i_load_load_fu_239">
<pin_list>
<pin id="240" dir="0" index="0" bw="5" slack="2"/>
<pin id="241" dir="1" index="1" bw="5" slack="0"/>
</pin_list>
<bind>
<opcode="load(27) " fcode="load"/>
<opset="i_load/3 "/>
</bind>
</comp>

<comp id="242" class="1004" name="add_ln66_fu_242">
<pin_list>
<pin id="243" dir="0" index="0" bw="5" slack="0"/>
<pin id="244" dir="0" index="1" bw="1" slack="0"/>
<pin id="245" dir="1" index="2" bw="5" slack="0"/>
</pin_list>
<bind>
<opcode="add(8) " fcode="add"/>
<opset="add_ln66/3 "/>
</bind>
</comp>

<comp id="248" class="1004" name="select_ln66_fu_248">
<pin_list>
<pin id="249" dir="0" index="0" bw="1" slack="1"/>
<pin id="250" dir="0" index="1" bw="5" slack="0"/>
<pin id="251" dir="0" index="2" bw="5" slack="0"/>
<pin id="252" dir="1" index="3" bw="5" slack="0"/>
</pin_list>
<bind>
<opcode="select(49) " fcode="select"/>
<opset="select_ln66/3 "/>
</bind>
</comp>

<comp id="255" class="1004" name="trunc_ln67_fu_255">
<pin_list>
<pin id="256" dir="0" index="0" bw="5" slack="0"/>
<pin id="257" dir="1" index="1" bw="4" slack="0"/>
</pin_list>
<bind>
<opcode="trunc(33) " fcode="trunc"/>
<opset="trunc_ln67/3 "/>
</bind>
</comp>

<comp id="259" class="1004" name="tmp_2_fu_259">
<pin_list>
<pin id="260" dir="0" index="0" bw="6" slack="0"/>
<pin id="261" dir="0" index="1" bw="4" slack="0"/>
<pin id="262" dir="0" index="2" bw="2" slack="1"/>
<pin id="263" dir="1" index="3" bw="6" slack="0"/>
</pin_list>
<bind>
<opcode="bitconcatenate(1004) " fcode="bitconcatenate"/>
<opset="tmp_2/3 "/>
</bind>
</comp>

<comp id="266" class="1004" name="zext_ln69_fu_266">
<pin_list>
<pin id="267" dir="0" index="0" bw="6" slack="0"/>
<pin id="268" dir="1" index="1" bw="64" slack="0"/>
</pin_list>
<bind>
<opcode="zext(34) " fcode="zext"/>
<opset="zext_ln69/3 "/>
</bind>
</comp>

<comp id="274" class="1004" name="x_data_fu_274">
<pin_list>
<pin id="275" dir="0" index="0" bw="41" slack="0"/>
<pin id="276" dir="1" index="1" bw="32" slack="0"/>
</pin_list>
<bind>
<opcode="extractvalue(56) " fcode="extractvalue"/>
<opset="x_data/3 "/>
</bind>
</comp>

<comp id="278" class="1004" name="bitcast_ln20_fu_278">
<pin_list>
<pin id="279" dir="0" index="0" bw="32" slack="0"/>
<pin id="280" dir="1" index="1" bw="32" slack="0"/>
</pin_list>
<bind>
<opcode="bitcast(44) " fcode="bitcast"/>
<opset="bitcast_ln20/3 "/>
</bind>
</comp>

<comp id="286" class="1004" name="store_ln52_store_fu_286">
<pin_list>
<pin id="287" dir="0" index="0" bw="5" slack="0"/>
<pin id="288" dir="0" index="1" bw="5" slack="2"/>
<pin id="289" dir="1" index="2" bw="0" slack="2147483647"/>
</pin_list>
<bind>
<opcode="store(28) " fcode="store"/>
<opset="store_ln52/3 "/>
</bind>
</comp>

<comp id="291" class="1005" name="j_reg_291">
<pin_list>
<pin id="292" dir="0" index="0" bw="5" slack="0"/>
<pin id="293" dir="1" index="1" bw="5" slack="0"/>
</pin_list>
<bind>
<opset="j "/>
</bind>
</comp>

<comp id="298" class="1005" name="i_reg_298">
<pin_list>
<pin id="299" dir="0" index="0" bw="5" slack="0"/>
<pin id="300" dir="1" index="1" bw="5" slack="0"/>
</pin_list>
<bind>
<opset="i "/>
</bind>
</comp>

<comp id="305" class="1005" name="indvar_flatten7_reg_305">
<pin_list>
<pin id="306" dir="0" index="0" bw="9" slack="0"/>
<pin id="307" dir="1" index="1" bw="9" slack="0"/>
</pin_list>
<bind>
<opset="indvar_flatten7 "/>
</bind>
</comp>

<comp id="312" class="1005" name="icmp_ln66_reg_312">
<pin_list>
<pin id="313" dir="0" index="0" bw="1" slack="1"/>
<pin id="314" dir="1" index="1" bw="1" slack="2147483647"/>
</pin_list>
<bind>
<opset="icmp_ln66 "/>
</bind>
</comp>

<comp id="316" class="1005" name="icmp_ln67_reg_316">
<pin_list>
<pin id="317" dir="0" index="0" bw="1" slack="1"/>
<pin id="318" dir="1" index="1" bw="1" slack="1"/>
</pin_list>
<bind>
<opset="icmp_ln67 "/>
</bind>
</comp>

<comp id="321" class="1005" name="trunc_ln67_1_reg_321">
<pin_list>
<pin id="322" dir="0" index="0" bw="2" slack="1"/>
<pin id="323" dir="1" index="1" bw="2" slack="2147483647"/>
</pin_list>
<bind>
<opset="trunc_ln67_1 "/>
</bind>
</comp>

<comp id="325" class="1005" name="lshr_ln52_1_reg_325">
<pin_list>
<pin id="326" dir="0" index="0" bw="2" slack="1"/>
<pin id="327" dir="1" index="1" bw="2" slack="1"/>
</pin_list>
<bind>
<opset="lshr_ln52_1 "/>
</bind>
</comp>

</comp_list>

<net_list>
<net id="79"><net_src comp="16" pin="0"/><net_sink comp="76" pin=0"/></net>

<net id="83"><net_src comp="16" pin="0"/><net_sink comp="80" pin=0"/></net>

<net id="87"><net_src comp="16" pin="0"/><net_sink comp="84" pin=0"/></net>

<net id="95"><net_src comp="74" pin="0"/><net_sink comp="88" pin=0"/></net>

<net id="96"><net_src comp="8" pin="0"/><net_sink comp="88" pin=1"/></net>

<net id="97"><net_src comp="10" pin="0"/><net_sink comp="88" pin=2"/></net>

<net id="98"><net_src comp="12" pin="0"/><net_sink comp="88" pin=3"/></net>

<net id="99"><net_src comp="14" pin="0"/><net_sink comp="88" pin=4"/></net>

<net id="105"><net_src comp="0" pin="0"/><net_sink comp="100" pin=0"/></net>

<net id="106"><net_src comp="72" pin="0"/><net_sink comp="100" pin=1"/></net>

<net id="112"><net_src comp="2" pin="0"/><net_sink comp="107" pin=0"/></net>

<net id="113"><net_src comp="72" pin="0"/><net_sink comp="107" pin=1"/></net>

<net id="119"><net_src comp="4" pin="0"/><net_sink comp="114" pin=0"/></net>

<net id="120"><net_src comp="72" pin="0"/><net_sink comp="114" pin=1"/></net>

<net id="126"><net_src comp="6" pin="0"/><net_sink comp="121" pin=0"/></net>

<net id="127"><net_src comp="72" pin="0"/><net_sink comp="121" pin=1"/></net>

<net id="133"><net_src comp="114" pin="3"/><net_sink comp="128" pin=0"/></net>

<net id="139"><net_src comp="107" pin="3"/><net_sink comp="134" pin=0"/></net>

<net id="145"><net_src comp="100" pin="3"/><net_sink comp="140" pin=0"/></net>

<net id="151"><net_src comp="121" pin="3"/><net_sink comp="146" pin=0"/></net>

<net id="156"><net_src comp="36" pin="0"/><net_sink comp="152" pin=0"/></net>

<net id="161"><net_src comp="38" pin="0"/><net_sink comp="157" pin=0"/></net>

<net id="166"><net_src comp="38" pin="0"/><net_sink comp="162" pin=0"/></net>

<net id="174"><net_src comp="167" pin="1"/><net_sink comp="170" pin=0"/></net>

<net id="175"><net_src comp="40" pin="0"/><net_sink comp="170" pin=1"/></net>

<net id="180"><net_src comp="167" pin="1"/><net_sink comp="176" pin=0"/></net>

<net id="181"><net_src comp="42" pin="0"/><net_sink comp="176" pin=1"/></net>

<net id="186"><net_src comp="176" pin="2"/><net_sink comp="182" pin=0"/></net>

<net id="194"><net_src comp="187" pin="1"/><net_sink comp="190" pin=0"/></net>

<net id="195"><net_src comp="44" pin="0"/><net_sink comp="190" pin=1"/></net>

<net id="201"><net_src comp="190" pin="2"/><net_sink comp="196" pin=0"/></net>

<net id="202"><net_src comp="38" pin="0"/><net_sink comp="196" pin=1"/></net>

<net id="203"><net_src comp="187" pin="1"/><net_sink comp="196" pin=2"/></net>

<net id="207"><net_src comp="196" pin="3"/><net_sink comp="204" pin=0"/></net>

<net id="214"><net_src comp="46" pin="0"/><net_sink comp="208" pin=0"/></net>

<net id="215"><net_src comp="196" pin="3"/><net_sink comp="208" pin=1"/></net>

<net id="216"><net_src comp="48" pin="0"/><net_sink comp="208" pin=2"/></net>

<net id="217"><net_src comp="50" pin="0"/><net_sink comp="208" pin=3"/></net>

<net id="224"><net_src comp="204" pin="1"/><net_sink comp="218" pin=0"/></net>

<net id="225"><net_src comp="52" pin="0"/><net_sink comp="218" pin=1"/></net>

<net id="226"><net_src comp="54" pin="0"/><net_sink comp="218" pin=2"/></net>

<net id="227"><net_src comp="56" pin="0"/><net_sink comp="218" pin=3"/></net>

<net id="232"><net_src comp="196" pin="3"/><net_sink comp="228" pin=0"/></net>

<net id="233"><net_src comp="58" pin="0"/><net_sink comp="228" pin=1"/></net>

<net id="238"><net_src comp="228" pin="2"/><net_sink comp="234" pin=0"/></net>

<net id="246"><net_src comp="239" pin="1"/><net_sink comp="242" pin=0"/></net>

<net id="247"><net_src comp="58" pin="0"/><net_sink comp="242" pin=1"/></net>

<net id="253"><net_src comp="242" pin="2"/><net_sink comp="248" pin=1"/></net>

<net id="254"><net_src comp="239" pin="1"/><net_sink comp="248" pin=2"/></net>

<net id="258"><net_src comp="248" pin="3"/><net_sink comp="255" pin=0"/></net>

<net id="264"><net_src comp="70" pin="0"/><net_sink comp="259" pin=0"/></net>

<net id="265"><net_src comp="255" pin="1"/><net_sink comp="259" pin=1"/></net>

<net id="269"><net_src comp="259" pin="3"/><net_sink comp="266" pin=0"/></net>

<net id="270"><net_src comp="266" pin="1"/><net_sink comp="100" pin=2"/></net>

<net id="271"><net_src comp="266" pin="1"/><net_sink comp="107" pin=2"/></net>

<net id="272"><net_src comp="266" pin="1"/><net_sink comp="114" pin=2"/></net>

<net id="273"><net_src comp="266" pin="1"/><net_sink comp="121" pin=2"/></net>

<net id="277"><net_src comp="88" pin="5"/><net_sink comp="274" pin=0"/></net>

<net id="281"><net_src comp="274" pin="1"/><net_sink comp="278" pin=0"/></net>

<net id="282"><net_src comp="278" pin="1"/><net_sink comp="128" pin=1"/></net>

<net id="283"><net_src comp="278" pin="1"/><net_sink comp="134" pin=1"/></net>

<net id="284"><net_src comp="278" pin="1"/><net_sink comp="140" pin=1"/></net>

<net id="285"><net_src comp="278" pin="1"/><net_sink comp="146" pin=1"/></net>

<net id="290"><net_src comp="248" pin="3"/><net_sink comp="286" pin=0"/></net>

<net id="294"><net_src comp="76" pin="1"/><net_sink comp="291" pin=0"/></net>

<net id="295"><net_src comp="291" pin="1"/><net_sink comp="162" pin=1"/></net>

<net id="296"><net_src comp="291" pin="1"/><net_sink comp="187" pin=0"/></net>

<net id="297"><net_src comp="291" pin="1"/><net_sink comp="234" pin=1"/></net>

<net id="301"><net_src comp="80" pin="1"/><net_sink comp="298" pin=0"/></net>

<net id="302"><net_src comp="298" pin="1"/><net_sink comp="157" pin=1"/></net>

<net id="303"><net_src comp="298" pin="1"/><net_sink comp="239" pin=0"/></net>

<net id="304"><net_src comp="298" pin="1"/><net_sink comp="286" pin=1"/></net>

<net id="308"><net_src comp="84" pin="1"/><net_sink comp="305" pin=0"/></net>

<net id="309"><net_src comp="305" pin="1"/><net_sink comp="152" pin=1"/></net>

<net id="310"><net_src comp="305" pin="1"/><net_sink comp="167" pin=0"/></net>

<net id="311"><net_src comp="305" pin="1"/><net_sink comp="182" pin=1"/></net>

<net id="315"><net_src comp="170" pin="2"/><net_sink comp="312" pin=0"/></net>

<net id="319"><net_src comp="190" pin="2"/><net_sink comp="316" pin=0"/></net>

<net id="320"><net_src comp="316" pin="1"/><net_sink comp="248" pin=0"/></net>

<net id="324"><net_src comp="204" pin="1"/><net_sink comp="321" pin=0"/></net>

<net id="328"><net_src comp="208" pin="4"/><net_sink comp="325" pin=0"/></net>

<net id="329"><net_src comp="325" pin="1"/><net_sink comp="259" pin=2"/></net>

</net_list>

</model> 
---------------- Datapath Model END ------------------

* FSMD analyzer results:
  - Output states:
	Port: A | {3 }
	Port: A_1 | {3 }
	Port: A_2 | {3 }
	Port: A_3 | {3 }
 - Input state : 
	Port: stream_matmul_Pipeline_VITIS_LOOP_66_4_VITIS_LOOP_67_5 : in_stream_V_data_V | {3 }
	Port: stream_matmul_Pipeline_VITIS_LOOP_66_4_VITIS_LOOP_67_5 : in_stream_V_keep_V | {3 }
	Port: stream_matmul_Pipeline_VITIS_LOOP_66_4_VITIS_LOOP_67_5 : in_stream_V_strb_V | {3 }
	Port: stream_matmul_Pipeline_VITIS_LOOP_66_4_VITIS_LOOP_67_5 : in_stream_V_last_V | {3 }
  - Chain level:
	State 1
		store_ln0 : 1
		store_ln52 : 1
		store_ln52 : 1
		indvar_flatten7_load : 1
		icmp_ln66 : 2
		add_ln66_1 : 2
		br_ln66 : 3
		store_ln66 : 3
	State 2
		icmp_ln67 : 1
		select_ln52 : 2
		trunc_ln67_1 : 3
		lshr_ln52_1 : 3
		switch_ln69 : 4
		add_ln67 : 3
		store_ln52 : 4
	State 3
		add_ln66 : 1
		select_ln66 : 2
		trunc_ln67 : 3
		tmp_2 : 4
		zext_ln69 : 5
		A_addr : 6
		A_1_addr : 6
		A_2_addr : 6
		A_3_addr : 6
		bitcast_ln20 : 1
		store_ln69 : 7
		store_ln69 : 7
		store_ln69 : 7
		store_ln69 : 7
		store_ln52 : 3


============================================================
+ Verbose Summary: Datapath Resource usage 
============================================================

* Functional unit list:
|----------|---------------------|---------|---------|
| Operation|   Functional Unit   |    FF   |   LUT   |
|----------|---------------------|---------|---------|
|          |  add_ln66_1_fu_176  |    0    |    14   |
|    add   |   add_ln67_fu_228   |    0    |    13   |
|          |   add_ln66_fu_242   |    0    |    13   |
|----------|---------------------|---------|---------|
|   icmp   |   icmp_ln66_fu_170  |    0    |    14   |
|          |   icmp_ln67_fu_190  |    0    |    13   |
|----------|---------------------|---------|---------|
|  select  |  select_ln52_fu_196 |    0    |    5    |
|          |  select_ln66_fu_248 |    0    |    5    |
|----------|---------------------|---------|---------|
|   read   |   empty_read_fu_88  |    0    |    0    |
|----------|---------------------|---------|---------|
|   trunc  | trunc_ln67_1_fu_204 |    0    |    0    |
|          |  trunc_ln67_fu_255  |    0    |    0    |
|----------|---------------------|---------|---------|
|partselect|  lshr_ln52_1_fu_208 |    0    |    0    |
|----------|---------------------|---------|---------|
|  switch  |  switch_ln69_fu_218 |    0    |    0    |
|----------|---------------------|---------|---------|
|bitconcatenate|     tmp_2_fu_259    |    0    |    0    |
|----------|---------------------|---------|---------|
|   zext   |   zext_ln69_fu_266  |    0    |    0    |
|----------|---------------------|---------|---------|
|extractvalue|    x_data_fu_274    |    0    |    0    |
|----------|---------------------|---------|---------|
|   Total  |                     |    0    |    77   |
|----------|---------------------|---------|---------|

Memories:
N/A

* Register list:
+-----------------------+--------+
|                       |   FF   |
+-----------------------+--------+
|       i_reg_298       |    5   |
|   icmp_ln66_reg_312   |    1   |
|   icmp_ln67_reg_316   |    1   |
|indvar_flatten7_reg_305|    9   |
|       j_reg_291       |    5   |
|  lshr_ln52_1_reg_325  |    2   |
|  trunc_ln67_1_reg_321 |    2   |
+-----------------------+--------+
|         Total         |   25   |
+-----------------------+--------+

* Multiplexer (MUX) list: 
|--------|------|------|------|--------|
|  Comp  |  Pin | Size |  BW  | S x BW |
|--------|------|------|------|--------|
|  Total |      |      |      |    0   |
|--------|------|------|------|--------|



* Summary:
+-----------+--------+--------+
|           |   FF   |   LUT  |
+-----------+--------+--------+
|  Function |    0   |   77   |
|   Memory  |    -   |    -   |
|Multiplexer|    -   |    -   |
|  Register |   25   |    -   |
+-----------+--------+--------+
|   Total   |   25   |   77   |
+-----------+--------+--------+
