

================================================================
== Vitis HLS Report for 'stream_matmul_Pipeline_VITIS_LOOP_83_8_VITIS_LOOP_84_9_VITIS_LOOP_87_10'
================================================================
* Date:           Tue May 12 13:33:20 2026

* Version:        2025.1 (Build 6135595 on May 21 2025)
* Project:        stream_matmul
* Solution:       hls (Vivado IP Flow Target)
* Product family: zynq
* Target device:  xc7z010-clg400-1


================================================================
== Performance Estimates
================================================================
+ Timing: 
    * Summary: 
    +--------+----------+----------+------------+
    |  Clock |  Target  | Estimated| Uncertainty|
    +--------+----------+----------+------------+
    |ap_clk  |  10.00 ns|  7.256 ns|     2.70 ns|
    +--------+----------+----------+------------+

+ Latency: 
    * Summary: 
    +---------+---------+----------+----------+-------+-------+------------------------------------------------+
    |  Latency (cycles) |  Latency (absolute) |    Interval   |                    Pipeline                    |
    |   min   |   max   |    min   |    max   |  min  |  max  |                      Type                      |
    +---------+---------+----------+----------+-------+-------+------------------------------------------------+
    |    21512|    21512|  0.215 ms|  0.215 ms|  21511|  21511|  loop auto-rewind stp (delay=0 clock cycles(s))|
    +---------+---------+----------+----------+-------+-------+------------------------------------------------+

    + Detail: 
        * Instance: 
        N/A

        * Loop: 
        +----------------------------------------------------+---------+---------+----------+-----------+-----------+------+----------+
        |                                                    |  Latency (cycles) | Iteration|  Initiation Interval  | Trip |          |
        |                      Loop Name                     |   min   |   max   |  Latency |  achieved |   target  | Count| Pipelined|
        +----------------------------------------------------+---------+---------+----------+-----------+-----------+------+----------+
        |- VITIS_LOOP_83_8_VITIS_LOOP_84_9_VITIS_LOOP_87_10  |    21510|    21510|        28|         21|          1|  1024|       yes|
        +----------------------------------------------------+---------+---------+----------+-----------+-----------+------+----------+

============================================================
+ Verbose Summary: Synthesis Manager
============================================================
InlineROM: 1
ExposeGlobal: 0
============================================================
+ Verbose Summary: CDFG Model
============================================================
IsTopModel: 0
ResetActiveHigh: 1
IsCombinational: 0
IsDatapathOnly: 0
HasWiredReturn: 1
HasMFsm: 2
HasVarLatency: 1
IsPipeline: 0
IsRtlPipelined: 0
IsInstanceOverlapped: 0
IsDontTouch: 0
HasImplIP: 0
IsGatedGlobalClock: 0

+ Individual pipeline summary: 
  * Pipeline-0: initiation interval (II) = 21, depth = 29


============================================================
+ Verbose Summary: Schedule
============================================================
* Number of FSM states : 29
* Pipeline : 1
  Pipeline-0 : II = 21, D = 29, States = { 1 2 3 4 5 6 7 8 9 10 11 12 13 14 15 16 17 18 19 20 21 22 23 24 25 26 27 28 29 }
* Dataflow Pipeline: 0

* FSM state transitions: 
1 --> 2 
2 --> 3 
3 --> 4 
4 --> 5 
5 --> 6 
6 --> 7 
7 --> 8 
8 --> 9 
9 --> 10 
10 --> 11 
11 --> 12 
12 --> 13 
13 --> 14 
14 --> 15 
15 --> 16 
16 --> 17 
17 --> 18 
18 --> 19 
19 --> 20 
20 --> 21 
21 --> 22 
22 --> 23 
23 --> 24 
24 --> 25 
25 --> 26 
26 --> 27 
27 --> 28 
28 --> 29 
29 --> 

* FSM state operations: 

State 1 <SV = 0> <Delay = 1.58>
ST_1 : Operation 31 [1/1] (0.00ns)   --->   "%k = alloca i32 1" [../stream_matmul.cpp:52]   --->   Operation 31 'alloca' 'k' <Predicate = true> <Delay = 0.00>
ST_1 : Operation 32 [1/1] (0.00ns)   --->   "%j = alloca i32 1" [../stream_matmul.cpp:52]   --->   Operation 32 'alloca' 'j' <Predicate = true> <Delay = 0.00>
ST_1 : Operation 33 [1/1] (0.00ns)   --->   "%indvar_flatten21 = alloca i32 1"   --->   Operation 33 'alloca' 'indvar_flatten21' <Predicate = true> <Delay = 0.00>
ST_1 : Operation 34 [1/1] (0.00ns)   --->   "%i = alloca i32 1" [../stream_matmul.cpp:52]   --->   Operation 34 'alloca' 'i' <Predicate = true> <Delay = 0.00>
ST_1 : Operation 35 [1/1] (0.00ns)   --->   "%indvar_flatten35 = alloca i32 1"   --->   Operation 35 'alloca' 'indvar_flatten35' <Predicate = true> <Delay = 0.00>
ST_1 : Operation 36 [1/1] (0.00ns)   --->   "%acc_1 = alloca i32 1" [../stream_matmul.cpp:85]   --->   Operation 36 'alloca' 'acc_1' <Predicate = true> <Delay = 0.00>
ST_1 : Operation 37 [1/1] (1.58ns)   --->   "%store_ln0 = store i11 0, i11 %indvar_flatten35"   --->   Operation 37 'store' 'store_ln0' <Predicate = true> <Delay = 1.58>
ST_1 : Operation 38 [1/1] (1.58ns)   --->   "%store_ln52 = store i5 0, i5 %i" [../stream_matmul.cpp:52]   --->   Operation 38 'store' 'store_ln52' <Predicate = true> <Delay = 1.58>
ST_1 : Operation 39 [1/1] (1.58ns)   --->   "%store_ln0 = store i8 0, i8 %indvar_flatten21"   --->   Operation 39 'store' 'store_ln0' <Predicate = true> <Delay = 1.58>
ST_1 : Operation 40 [1/1] (1.58ns)   --->   "%store_ln52 = store i5 0, i5 %j" [../stream_matmul.cpp:52]   --->   Operation 40 'store' 'store_ln52' <Predicate = true> <Delay = 1.58>
ST_1 : Operation 41 [1/1] (1.58ns)   --->   "%store_ln52 = store i5 0, i5 %k" [../stream_matmul.cpp:52]   --->   Operation 41 'store' 'store_ln52' <Predicate = true> <Delay = 1.58>
ST_1 : Operation 42 [1/1] (0.00ns)   --->   "%br_ln0 = br void %for.inc67"   --->   Operation 42 'br' 'br_ln0' <Predicate = true> <Delay = 0.00>

State 2 <SV = 1> <Delay = 4.91>
ST_2 : Operation 43 [1/1] (0.00ns)   --->   "%indvar_flatten21_load = load i8 %indvar_flatten21" [../stream_matmul.cpp:84]   --->   Operation 43 'load' 'indvar_flatten21_load' <Predicate = true> <Delay = 0.00>
ST_2 : Operation 44 [1/1] (0.00ns)   --->   "%indvar_flatten35_load = load i11 %indvar_flatten35" [../stream_matmul.cpp:83]   --->   Operation 44 'load' 'indvar_flatten35_load' <Predicate = true> <Delay = 0.00>
ST_2 : Operation 45 [1/1] (1.63ns)   --->   "%icmp_ln83 = icmp_eq  i11 %indvar_flatten35_load, i11 1024" [../stream_matmul.cpp:83]   --->   Operation 45 'icmp' 'icmp_ln83' <Predicate = true> <Delay = 1.63> <CoreInst = "Cmp">   --->   Core 9 'Cmp' <Latency = 0> <II = 1> <Delay = 1.63> <FuncUnit> <Opcode : 'seteq' 'setne' 'setle' 'setge' 'setlt' 'setgt'> <InPorts = 2> <OutPorts = 1>
ST_2 : Operation 46 [1/1] (1.63ns)   --->   "%add_ln83_1 = add i11 %indvar_flatten35_load, i11 1" [../stream_matmul.cpp:83]   --->   Operation 46 'add' 'add_ln83_1' <Predicate = true> <Delay = 1.63> <CoreInst = "Adder">   --->   Core 1 'Adder' <Latency = 0> <II = 1> <Delay = 1.63> <FuncUnit> <Opcode : 'add' 'sub'> <InPorts = 2> <OutPorts = 1>
ST_2 : Operation 47 [1/1] (0.00ns)   --->   "%br_ln83 = br i1 %icmp_ln83, void %for.inc77, void %for.inc80.exitStub" [../stream_matmul.cpp:83]   --->   Operation 47 'br' 'br_ln83' <Predicate = true> <Delay = 0.00>
ST_2 : Operation 48 [1/1] (0.00ns)   --->   "%k_load = load i5 %k" [../stream_matmul.cpp:87]   --->   Operation 48 'load' 'k_load' <Predicate = (!icmp_ln83)> <Delay = 0.00>
ST_2 : Operation 49 [1/1] (0.00ns)   --->   "%j_load = load i5 %j" [../stream_matmul.cpp:52]   --->   Operation 49 'load' 'j_load' <Predicate = (!icmp_ln83)> <Delay = 0.00>
ST_2 : Operation 50 [1/1] (0.00ns)   --->   "%i_load = load i5 %i" [../stream_matmul.cpp:83]   --->   Operation 50 'load' 'i_load' <Predicate = (!icmp_ln83)> <Delay = 0.00>
ST_2 : Operation 51 [1/1] (1.78ns)   --->   "%add_ln83 = add i5 %i_load, i5 1" [../stream_matmul.cpp:83]   --->   Operation 51 'add' 'add_ln83' <Predicate = (!icmp_ln83)> <Delay = 1.78> <CoreInst = "Adder">   --->   Core 1 'Adder' <Latency = 0> <II = 1> <Delay = 1.78> <FuncUnit> <Opcode : 'add' 'sub'> <InPorts = 2> <OutPorts = 1>
ST_2 : Operation 52 [1/1] (1.91ns)   --->   "%icmp_ln84 = icmp_eq  i8 %indvar_flatten21_load, i8 64" [../stream_matmul.cpp:84]   --->   Operation 52 'icmp' 'icmp_ln84' <Predicate = (!icmp_ln83)> <Delay = 1.91> <CoreInst = "Cmp">   --->   Core 9 'Cmp' <Latency = 0> <II = 1> <Delay = 1.91> <FuncUnit> <Opcode : 'seteq' 'setne' 'setle' 'setge' 'setlt' 'setgt'> <InPorts = 2> <OutPorts = 1>
ST_2 : Operation 53 [1/1] (1.21ns)   --->   "%select_ln52 = select i1 %icmp_ln84, i5 0, i5 %j_load" [../stream_matmul.cpp:52]   --->   Operation 53 'select' 'select_ln52' <Predicate = (!icmp_ln83)> <Delay = 1.21> <CoreInst = "Sel">   --->   Core 73 'Sel' <Latency = 0> <II = 1> <Delay = 1.21> <FuncUnit> <Opcode : 'select'> <InPorts = 3> <OutPorts = 1>
ST_2 : Operation 54 [1/1] (0.00ns) (grouped into LUT with out node k_mid2)   --->   "%select_ln52_1 = select i1 %icmp_ln84, i5 0, i5 %k_load" [../stream_matmul.cpp:52]   --->   Operation 54 'select' 'select_ln52_1' <Predicate = (!icmp_ln83)> <Delay = 0.00> <CoreInst = "Sel">   --->   Core 73 'Sel' <Latency = 0> <II = 1> <Delay = 1.21> <FuncUnit> <Opcode : 'select'> <InPorts = 3> <OutPorts = 1>
ST_2 : Operation 55 [1/1] (0.00ns) (grouped into LUT with out node or_ln52)   --->   "%tmp = bitselect i1 @_ssdm_op_BitSelect.i1.i5.i32, i5 %k_load, i32 4" [../stream_matmul.cpp:87]   --->   Operation 55 'bitselect' 'tmp' <Predicate = (!icmp_ln83)> <Delay = 0.00>
ST_2 : Operation 56 [1/1] (0.00ns) (grouped into LUT with out node or_ln52)   --->   "%xor_ln87 = xor i1 %tmp, i1 1" [../stream_matmul.cpp:87]   --->   Operation 56 'xor' 'xor_ln87' <Predicate = (!icmp_ln83)> <Delay = 0.00> <CoreInst = "LogicGate">   --->   Core 74 'LogicGate' <Latency = 0> <II = 1> <Delay = 0.97> <FuncUnit> <Opcode : 'and' 'or' 'xor'> <InPorts = 2> <OutPorts = 1>
ST_2 : Operation 57 [1/1] (0.97ns) (out node of the LUT)   --->   "%or_ln52 = or i1 %icmp_ln84, i1 %xor_ln87" [../stream_matmul.cpp:52]   --->   Operation 57 'or' 'or_ln52' <Predicate = (!icmp_ln83)> <Delay = 0.97> <CoreInst = "LogicGate">   --->   Core 74 'LogicGate' <Latency = 0> <II = 1> <Delay = 0.97> <FuncUnit> <Opcode : 'and' 'or' 'xor'> <InPorts = 2> <OutPorts = 1>
ST_2 : Operation 58 [1/1] (1.21ns)   --->   "%select_ln83 = select i1 %icmp_ln84, i5 %add_ln83, i5 %i_load" [../stream_matmul.cpp:83]   --->   Operation 58 'select' 'select_ln83' <Predicate = (!icmp_ln83)> <Delay = 1.21> <CoreInst = "Sel">   --->   Core 73 'Sel' <Latency = 0> <II = 1> <Delay = 1.21> <FuncUnit> <Opcode : 'select'> <InPorts = 3> <OutPorts = 1>
ST_2 : Operation 59 [1/1] (0.00ns)   --->   "%trunc_ln84 = trunc i5 %select_ln83" [../stream_matmul.cpp:84]   --->   Operation 59 'trunc' 'trunc_ln84' <Predicate = (!icmp_ln83)> <Delay = 0.00>
ST_2 : Operation 60 [1/1] (1.78ns)   --->   "%add_ln84 = add i5 %select_ln52, i5 1" [../stream_matmul.cpp:84]   --->   Operation 60 'add' 'add_ln84' <Predicate = (!icmp_ln83)> <Delay = 1.78> <CoreInst = "Adder">   --->   Core 1 'Adder' <Latency = 0> <II = 1> <Delay = 1.78> <FuncUnit> <Opcode : 'add' 'sub'> <InPorts = 2> <OutPorts = 1>
ST_2 : Operation 61 [1/1] (1.21ns) (out node of the LUT)   --->   "%k_mid2 = select i1 %or_ln52, i5 %select_ln52_1, i5 0" [../stream_matmul.cpp:52]   --->   Operation 61 'select' 'k_mid2' <Predicate = (!icmp_ln83)> <Delay = 1.21> <CoreInst = "Sel">   --->   Core 73 'Sel' <Latency = 0> <II = 1> <Delay = 1.21> <FuncUnit> <Opcode : 'select'> <InPorts = 3> <OutPorts = 1>
ST_2 : Operation 62 [1/1] (1.91ns)   --->   "%add_ln84_1 = add i8 %indvar_flatten21_load, i8 1" [../stream_matmul.cpp:84]   --->   Operation 62 'add' 'add_ln84_1' <Predicate = (!icmp_ln83)> <Delay = 1.91> <CoreInst = "Adder">   --->   Core 1 'Adder' <Latency = 0> <II = 1> <Delay = 1.91> <FuncUnit> <Opcode : 'add' 'sub'> <InPorts = 2> <OutPorts = 1>
ST_2 : Operation 63 [1/1] (1.24ns)   --->   "%select_ln84_1 = select i1 %icmp_ln84, i8 1, i8 %add_ln84_1" [../stream_matmul.cpp:84]   --->   Operation 63 'select' 'select_ln84_1' <Predicate = (!icmp_ln83)> <Delay = 1.24> <CoreInst = "Sel">   --->   Core 73 'Sel' <Latency = 0> <II = 1> <Delay = 1.24> <FuncUnit> <Opcode : 'select'> <InPorts = 3> <OutPorts = 1>
ST_2 : Operation 64 [1/1] (1.58ns)   --->   "%store_ln83 = store i11 %add_ln83_1, i11 %indvar_flatten35" [../stream_matmul.cpp:83]   --->   Operation 64 'store' 'store_ln83' <Predicate = (!icmp_ln83)> <Delay = 1.58>
ST_2 : Operation 65 [1/1] (1.58ns)   --->   "%store_ln52 = store i5 %select_ln83, i5 %i" [../stream_matmul.cpp:52]   --->   Operation 65 'store' 'store_ln52' <Predicate = (!icmp_ln83)> <Delay = 1.58>
ST_2 : Operation 66 [1/1] (1.58ns)   --->   "%store_ln84 = store i8 %select_ln84_1, i8 %indvar_flatten21" [../stream_matmul.cpp:84]   --->   Operation 66 'store' 'store_ln84' <Predicate = (!icmp_ln83)> <Delay = 1.58>

State 3 <SV = 2> <Delay = 6.38>
ST_3 : Operation 67 [1/1] (0.00ns)   --->   "%specloopname_ln0 = specloopname void @_ssdm_op_SpecLoopName, void @VITIS_LOOP_83_8_VITIS_LOOP_84_9_VITIS_LOOP_87_10_str"   --->   Operation 67 'specloopname' 'specloopname_ln0' <Predicate = (!icmp_ln83)> <Delay = 0.00>
ST_3 : Operation 68 [1/1] (0.00ns)   --->   "%speclooptripcount_ln0 = speclooptripcount void @_ssdm_op_SpecLoopTripCount, i64 1024, i64 1024, i64 1024"   --->   Operation 68 'speclooptripcount' 'speclooptripcount_ln0' <Predicate = (!icmp_ln83)> <Delay = 0.00>
ST_3 : Operation 69 [1/1] (1.21ns)   --->   "%select_ln84 = select i1 %or_ln52, i5 %select_ln52, i5 %add_ln84" [../stream_matmul.cpp:84]   --->   Operation 69 'select' 'select_ln84' <Predicate = (!icmp_ln83)> <Delay = 1.21> <CoreInst = "Sel">   --->   Core 73 'Sel' <Latency = 0> <II = 1> <Delay = 1.21> <FuncUnit> <Opcode : 'select'> <InPorts = 3> <OutPorts = 1>
ST_3 : Operation 70 [1/1] (1.78ns)   --->   "%first_iter_3 = icmp_eq  i5 %k_mid2, i5 0" [../stream_matmul.cpp:52]   --->   Operation 70 'icmp' 'first_iter_3' <Predicate = (!icmp_ln83)> <Delay = 1.78> <CoreInst = "Cmp">   --->   Core 9 'Cmp' <Latency = 0> <II = 1> <Delay = 1.78> <FuncUnit> <Opcode : 'seteq' 'setne' 'setle' 'setge' 'setlt' 'setgt'> <InPorts = 2> <OutPorts = 1>
ST_3 : Operation 71 [1/1] (0.00ns)   --->   "%tmp_4 = bitconcatenate i8 @_ssdm_op_BitConcatenate.i8.i4.i4, i4 %trunc_ln84, i4 0" [../stream_matmul.cpp:85]   --->   Operation 71 'bitconcatenate' 'tmp_4' <Predicate = (!icmp_ln83)> <Delay = 0.00>
ST_3 : Operation 72 [1/1] (0.00ns)   --->   "%zext_ln85 = zext i5 %select_ln84" [../stream_matmul.cpp:85]   --->   Operation 72 'zext' 'zext_ln85' <Predicate = (!icmp_ln83)> <Delay = 0.00>
ST_3 : Operation 73 [1/1] (0.00ns)   --->   "%zext_ln85_1 = zext i5 %select_ln84" [../stream_matmul.cpp:85]   --->   Operation 73 'zext' 'zext_ln85_1' <Predicate = (!icmp_ln83)> <Delay = 0.00>
ST_3 : Operation 74 [1/1] (1.91ns)   --->   "%add_ln85 = add i8 %tmp_4, i8 %zext_ln85_1" [../stream_matmul.cpp:85]   --->   Operation 74 'add' 'add_ln85' <Predicate = (!icmp_ln83)> <Delay = 1.91> <CoreInst = "Adder">   --->   Core 1 'Adder' <Latency = 0> <II = 1> <Delay = 1.91> <FuncUnit> <Opcode : 'add' 'sub'> <InPorts = 2> <OutPorts = 1>
ST_3 : Operation 75 [1/1] (0.00ns)   --->   "%zext_ln85_2 = zext i8 %add_ln85" [../stream_matmul.cpp:85]   --->   Operation 75 'zext' 'zext_ln85_2' <Predicate = (!icmp_ln83)> <Delay = 0.00>
ST_3 : Operation 76 [1/1] (0.00ns)   --->   "%C_addr = getelementptr i32 %C, i64 0, i64 %zext_ln85_2" [../stream_matmul.cpp:85]   --->   Operation 76 'getelementptr' 'C_addr' <Predicate = (!icmp_ln83)> <Delay = 0.00>
ST_3 : Operation 77 [1/1] (0.00ns)   --->   "%br_ln87 = br i1 %first_iter_3, void %for.inc67.split, void %new.body.VITIS_LOOP_87_10" [../stream_matmul.cpp:87]   --->   Operation 77 'br' 'br_ln87' <Predicate = (!icmp_ln83)> <Delay = 0.00>
ST_3 : Operation 78 [2/2] (3.25ns)   --->   "%acc = load i8 %C_addr" [../stream_matmul.cpp:85]   --->   Operation 78 'load' 'acc' <Predicate = (!icmp_ln83 & first_iter_3)> <Delay = 3.25> <CoreInst = "RAM">   --->   Core 81 'RAM' <Latency = 1> <II = 1> <Delay = 3.25> <Storage> <Opcode : 'load' 'store'> <Ports = 2> <Width = 32> <Depth = 256> <RAM>
ST_3 : Operation 79 [1/1] (0.00ns)   --->   "%lshr_ln52_2 = partselect i2 @_ssdm_op_PartSelect.i2.i5.i32.i32, i5 %k_mid2, i32 2, i32 3" [../stream_matmul.cpp:52]   --->   Operation 79 'partselect' 'lshr_ln52_2' <Predicate = (!icmp_ln83)> <Delay = 0.00>
ST_3 : Operation 80 [1/1] (0.00ns)   --->   "%tmp_6 = bitconcatenate i6 @_ssdm_op_BitConcatenate.i6.i4.i2, i4 %trunc_ln84, i2 %lshr_ln52_2" [../stream_matmul.cpp:89]   --->   Operation 80 'bitconcatenate' 'tmp_6' <Predicate = (!icmp_ln83)> <Delay = 0.00>
ST_3 : Operation 81 [1/1] (0.00ns)   --->   "%zext_ln89 = zext i6 %tmp_6" [../stream_matmul.cpp:89]   --->   Operation 81 'zext' 'zext_ln89' <Predicate = (!icmp_ln83)> <Delay = 0.00>
ST_3 : Operation 82 [1/1] (0.00ns)   --->   "%A_addr = getelementptr i32 %A, i64 0, i64 %zext_ln89" [../stream_matmul.cpp:89]   --->   Operation 82 'getelementptr' 'A_addr' <Predicate = (!icmp_ln83)> <Delay = 0.00>
ST_3 : Operation 83 [1/1] (0.00ns)   --->   "%A_1_addr = getelementptr i32 %A_1, i64 0, i64 %zext_ln89" [../stream_matmul.cpp:89]   --->   Operation 83 'getelementptr' 'A_1_addr' <Predicate = (!icmp_ln83)> <Delay = 0.00>
ST_3 : Operation 84 [1/1] (0.00ns)   --->   "%A_2_addr = getelementptr i32 %A_2, i64 0, i64 %zext_ln89" [../stream_matmul.cpp:89]   --->   Operation 84 'getelementptr' 'A_2_addr' <Predicate = (!icmp_ln83)> <Delay = 0.00>
ST_3 : Operation 85 [1/1] (0.00ns)   --->   "%A_3_addr = getelementptr i32 %A_3, i64 0, i64 %zext_ln89" [../stream_matmul.cpp:89]   --->   Operation 85 'getelementptr' 'A_3_addr' <Predicate = (!icmp_ln83)> <Delay = 0.00>
ST_3 : Operation 86 [1/1] (0.00ns)   --->   "%tmp_7 = bitconcatenate i6 @_ssdm_op_BitConcatenate.i6.i2.i4, i2 %lshr_ln52_2, i4 0" [../stream_matmul.cpp:89]   --->   Operation 86 'bitconcatenate' 'tmp_7' <Predicate = (!icmp_ln83)> <Delay = 0.00>
ST_3 : Operation 87 [1/1] (1.82ns)   --->   "%add_ln89 = add i6 %tmp_7, i6 %zext_ln85" [../stream_matmul.cpp:89]   --->   Operation 87 'add' 'add_ln89' <Predicate = (!icmp_ln83)> <Delay = 1.82> <CoreInst = "Adder">   --->   Core 1 'Adder' <Latency = 0> <II = 1> <Delay = 1.82> <FuncUnit> <Opcode : 'add' 'sub'> <InPorts = 2> <OutPorts = 1>
ST_3 : Operation 88 [1/1] (0.00ns)   --->   "%zext_ln89_1 = zext i6 %add_ln89" [../stream_matmul.cpp:89]   --->   Operation 88 'zext' 'zext_ln89_1' <Predicate = (!icmp_ln83)> <Delay = 0.00>
ST_3 : Operation 89 [1/1] (0.00ns)   --->   "%B_addr = getelementptr i32 %B, i64 0, i64 %zext_ln89_1" [../stream_matmul.cpp:89]   --->   Operation 89 'getelementptr' 'B_addr' <Predicate = (!icmp_ln83)> <Delay = 0.00>
ST_3 : Operation 90 [1/1] (0.00ns)   --->   "%B_1_addr = getelementptr i32 %B_1, i64 0, i64 %zext_ln89_1" [../stream_matmul.cpp:89]   --->   Operation 90 'getelementptr' 'B_1_addr' <Predicate = (!icmp_ln83)> <Delay = 0.00>
ST_3 : Operation 91 [1/1] (0.00ns)   --->   "%B_2_addr = getelementptr i32 %B_2, i64 0, i64 %zext_ln89_1" [../stream_matmul.cpp:89]   --->   Operation 91 'getelementptr' 'B_2_addr' <Predicate = (!icmp_ln83)> <Delay = 0.00>
ST_3 : Operation 92 [1/1] (0.00ns)   --->   "%B_3_addr = getelementptr i32 %B_3, i64 0, i64 %zext_ln89_1" [../stream_matmul.cpp:89]   --->   Operation 92 'getelementptr' 'B_3_addr' <Predicate = (!icmp_ln83)> <Delay = 0.00>
ST_3 : Operation 93 [2/2] (3.25ns)   --->   "%A_load = load i6 %A_addr" [../stream_matmul.cpp:89]   --->   Operation 93 'load' 'A_load' <Predicate = (!icmp_ln83)> <Delay = 3.25> <CoreInst = "RAM">   --->   Core 81 'RAM' <Latency = 1> <II = 1> <Delay = 3.25> <Storage> <Opcode : 'load' 'store'> <Ports = 2> <Width = 32> <Depth = 64> <RAM>
ST_3 : Operation 94 [2/2] (3.25ns)   --->   "%B_load = load i6 %B_addr" [../stream_matmul.cpp:89]   --->   Operation 94 'load' 'B_load' <Predicate = (!icmp_ln83)> <Delay = 3.25> <CoreInst = "RAM">   --->   Core 81 'RAM' <Latency = 1> <II = 1> <Delay = 3.25> <Storage> <Opcode : 'load' 'store'> <Ports = 2> <Width = 32> <Depth = 64> <RAM>
ST_3 : Operation 95 [2/2] (3.25ns)   --->   "%A_1_load = load i6 %A_1_addr" [../stream_matmul.cpp:89]   --->   Operation 95 'load' 'A_1_load' <Predicate = (!icmp_ln83)> <Delay = 3.25> <CoreInst = "RAM">   --->   Core 81 'RAM' <Latency = 1> <II = 1> <Delay = 3.25> <Storage> <Opcode : 'load' 'store'> <Ports = 2> <Width = 32> <Depth = 64> <RAM>
ST_3 : Operation 96 [2/2] (3.25ns)   --->   "%B_1_load = load i6 %B_1_addr" [../stream_matmul.cpp:89]   --->   Operation 96 'load' 'B_1_load' <Predicate = (!icmp_ln83)> <Delay = 3.25> <CoreInst = "RAM">   --->   Core 81 'RAM' <Latency = 1> <II = 1> <Delay = 3.25> <Storage> <Opcode : 'load' 'store'> <Ports = 2> <Width = 32> <Depth = 64> <RAM>
ST_3 : Operation 97 [2/2] (3.25ns)   --->   "%A_2_load = load i6 %A_2_addr" [../stream_matmul.cpp:89]   --->   Operation 97 'load' 'A_2_load' <Predicate = (!icmp_ln83)> <Delay = 3.25> <CoreInst = "RAM">   --->   Core 81 'RAM' <Latency = 1> <II = 1> <Delay = 3.25> <Storage> <Opcode : 'load' 'store'> <Ports = 2> <Width = 32> <Depth = 64> <RAM>
ST_3 : Operation 98 [2/2] (3.25ns)   --->   "%B_2_load = load i6 %B_2_addr" [../stream_matmul.cpp:89]   --->   Operation 98 'load' 'B_2_load' <Predicate = (!icmp_ln83)> <Delay = 3.25> <CoreInst = "RAM">   --->   Core 81 'RAM' <Latency = 1> <II = 1> <Delay = 3.25> <Storage> <Opcode : 'load' 'store'> <Ports = 2> <Width = 32> <Depth = 64> <RAM>
ST_3 : Operation 99 [2/2] (3.25ns)   --->   "%A_3_load = load i6 %A_3_addr" [../stream_matmul.cpp:89]   --->   Operation 99 'load' 'A_3_load' <Predicate = (!icmp_ln83)> <Delay = 3.25> <CoreInst = "RAM">   --->   Core 81 'RAM' <Latency = 1> <II = 1> <Delay = 3.25> <Storage> <Opcode : 'load' 'store'> <Ports = 2> <Width = 32> <Depth = 64> <RAM>
ST_3 : Operation 100 [2/2] (3.25ns)   --->   "%B_3_load = load i6 %B_3_addr" [../stream_matmul.cpp:89]   --->   Operation 100 'load' 'B_3_load' <Predicate = (!icmp_ln83)> <Delay = 3.25> <CoreInst = "RAM">   --->   Core 81 'RAM' <Latency = 1> <II = 1> <Delay = 3.25> <Storage> <Opcode : 'load' 'store'> <Ports = 2> <Width = 32> <Depth = 64> <RAM>
ST_3 : Operation 101 [1/1] (1.78ns)   --->   "%add_ln87 = add i5 %k_mid2, i5 4" [../stream_matmul.cpp:87]   --->   Operation 101 'add' 'add_ln87' <Predicate = (!icmp_ln83)> <Delay = 1.78> <CoreInst = "Adder">   --->   Core 1 'Adder' <Latency = 0> <II = 1> <Delay = 1.78> <FuncUnit> <Opcode : 'add' 'sub'> <InPorts = 2> <OutPorts = 1>
ST_3 : Operation 102 [1/1] (0.00ns)   --->   "%tmp_1 = bitselect i1 @_ssdm_op_BitSelect.i1.i5.i32, i5 %add_ln87, i32 4" [../stream_matmul.cpp:87]   --->   Operation 102 'bitselect' 'tmp_1' <Predicate = (!icmp_ln83)> <Delay = 0.00>
ST_3 : Operation 103 [1/1] (0.00ns)   --->   "%br_ln87 = br i1 %tmp_1, void %new.latch.for.inc67.split, void %last.iter.for.inc67.split" [../stream_matmul.cpp:87]   --->   Operation 103 'br' 'br_ln87' <Predicate = (!icmp_ln83)> <Delay = 0.00>
ST_3 : Operation 104 [1/1] (1.58ns)   --->   "%store_ln52 = store i5 %select_ln84, i5 %j" [../stream_matmul.cpp:52]   --->   Operation 104 'store' 'store_ln52' <Predicate = (!icmp_ln83)> <Delay = 1.58>
ST_3 : Operation 105 [1/1] (1.58ns)   --->   "%store_ln52 = store i5 %add_ln87, i5 %k" [../stream_matmul.cpp:52]   --->   Operation 105 'store' 'store_ln52' <Predicate = (!icmp_ln83)> <Delay = 1.58>

State 4 <SV = 3> <Delay = 3.25>
ST_4 : Operation 106 [1/2] ( I:3.25ns O:3.25ns )   --->   "%acc = load i8 %C_addr" [../stream_matmul.cpp:85]   --->   Operation 106 'load' 'acc' <Predicate = (!icmp_ln83 & first_iter_3)> <Delay = 3.25> <CoreInst = "RAM">   --->   Core 81 'RAM' <Latency = 1> <II = 1> <Delay = 3.25> <Storage> <Opcode : 'load' 'store'> <Ports = 2> <Width = 32> <Depth = 256> <RAM>
ST_4 : Operation 107 [1/2] ( I:3.25ns O:3.25ns )   --->   "%A_load = load i6 %A_addr" [../stream_matmul.cpp:89]   --->   Operation 107 'load' 'A_load' <Predicate = (!icmp_ln83)> <Delay = 3.25> <CoreInst = "RAM">   --->   Core 81 'RAM' <Latency = 1> <II = 1> <Delay = 3.25> <Storage> <Opcode : 'load' 'store'> <Ports = 2> <Width = 32> <Depth = 64> <RAM>
ST_4 : Operation 108 [1/2] ( I:3.25ns O:3.25ns )   --->   "%B_load = load i6 %B_addr" [../stream_matmul.cpp:89]   --->   Operation 108 'load' 'B_load' <Predicate = (!icmp_ln83)> <Delay = 3.25> <CoreInst = "RAM">   --->   Core 81 'RAM' <Latency = 1> <II = 1> <Delay = 3.25> <Storage> <Opcode : 'load' 'store'> <Ports = 2> <Width = 32> <Depth = 64> <RAM>
ST_4 : Operation 109 [1/2] ( I:3.25ns O:3.25ns )   --->   "%A_1_load = load i6 %A_1_addr" [../stream_matmul.cpp:89]   --->   Operation 109 'load' 'A_1_load' <Predicate = (!icmp_ln83)> <Delay = 3.25> <CoreInst = "RAM">   --->   Core 81 'RAM' <Latency = 1> <II = 1> <Delay = 3.25> <Storage> <Opcode : 'load' 'store'> <Ports = 2> <Width = 32> <Depth = 64> <RAM>
ST_4 : Operation 110 [1/2] ( I:3.25ns O:3.25ns )   --->   "%B_1_load = load i6 %B_1_addr" [../stream_matmul.cpp:89]   --->   Operation 110 'load' 'B_1_load' <Predicate = (!icmp_ln83)> <Delay = 3.25> <CoreInst = "RAM">   --->   Core 81 'RAM' <Latency = 1> <II = 1> <Delay = 3.25> <Storage> <Opcode : 'load' 'store'> <Ports = 2> <Width = 32> <Depth = 64> <RAM>
ST_4 : Operation 111 [1/2] ( I:3.25ns O:3.25ns )   --->   "%A_2_load = load i6 %A_2_addr" [../stream_matmul.cpp:89]   --->   Operation 111 'load' 'A_2_load' <Predicate = (!icmp_ln83)> <Delay = 3.25> <CoreInst = "RAM">   --->   Core 81 'RAM' <Latency = 1> <II = 1> <Delay = 3.25> <Storage> <Opcode : 'load' 'store'> <Ports = 2> <Width = 32> <Depth = 64> <RAM>
ST_4 : Operation 112 [1/2] ( I:3.25ns O:3.25ns )   --->   "%B_2_load = load i6 %B_2_addr" [../stream_matmul.cpp:89]   --->   Operation 112 'load' 'B_2_load' <Predicate = (!icmp_ln83)> <Delay = 3.25> <CoreInst = "RAM">   --->   Core 81 'RAM' <Latency = 1> <II = 1> <Delay = 3.25> <Storage> <Opcode : 'load' 'store'> <Ports = 2> <Width = 32> <Depth = 64> <RAM>
ST_4 : Operation 113 [1/2] ( I:3.25ns O:3.25ns )   --->   "%A_3_load = load i6 %A_3_addr" [../stream_matmul.cpp:89]   --->   Operation 113 'load' 'A_3_load' <Predicate = (!icmp_ln83)> <Delay = 3.25> <CoreInst = "RAM">   --->   Core 81 'RAM' <Latency = 1> <II = 1> <Delay = 3.25> <Storage> <Opcode : 'load' 'store'> <Ports = 2> <Width = 32> <Depth = 64> <RAM>
ST_4 : Operation 114 [1/2] ( I:3.25ns O:3.25ns )   --->   "%B_3_load = load i6 %B_3_addr" [../stream_matmul.cpp:89]   --->   Operation 114 'load' 'B_3_load' <Predicate = (!icmp_ln83)> <Delay = 3.25> <CoreInst = "RAM">   --->   Core 81 'RAM' <Latency = 1> <II = 1> <Delay = 3.25> <Storage> <Opcode : 'load' 'store'> <Ports = 2> <Width = 32> <Depth = 64> <RAM>

State 5 <SV = 4> <Delay = 5.70>
ST_5 : Operation 115 [4/4] (5.70ns)   --->   "%mul = fmul i32 %A_load, i32 %B_load" [../stream_matmul.cpp:89]   --->   Operation 115 'fmul' 'mul' <Predicate = (!icmp_ln83)> <Delay = 5.70> <CoreInst = "FMul_maxdsp">   --->   Core 30 'FMul_maxdsp' <Latency = 3> <II = 1> <Delay = 5.70> <FuncUnit> <Opcode : 'fmul'> <InPorts = 2> <OutPorts = 1>

State 6 <SV = 5> <Delay = 5.70>
ST_6 : Operation 116 [3/4] (5.70ns)   --->   "%mul = fmul i32 %A_load, i32 %B_load" [../stream_matmul.cpp:89]   --->   Operation 116 'fmul' 'mul' <Predicate = (!icmp_ln83)> <Delay = 5.70> <CoreInst = "FMul_maxdsp">   --->   Core 30 'FMul_maxdsp' <Latency = 3> <II = 1> <Delay = 5.70> <FuncUnit> <Opcode : 'fmul'> <InPorts = 2> <OutPorts = 1>
ST_6 : Operation 117 [4/4] (5.70ns)   --->   "%mul_1 = fmul i32 %A_1_load, i32 %B_1_load" [../stream_matmul.cpp:89]   --->   Operation 117 'fmul' 'mul_1' <Predicate = (!icmp_ln83)> <Delay = 5.70> <CoreInst = "FMul_maxdsp">   --->   Core 30 'FMul_maxdsp' <Latency = 3> <II = 1> <Delay = 5.70> <FuncUnit> <Opcode : 'fmul'> <InPorts = 2> <OutPorts = 1>

State 7 <SV = 6> <Delay = 5.70>
ST_7 : Operation 118 [2/4] (5.70ns)   --->   "%mul = fmul i32 %A_load, i32 %B_load" [../stream_matmul.cpp:89]   --->   Operation 118 'fmul' 'mul' <Predicate = (!icmp_ln83)> <Delay = 5.70> <CoreInst = "FMul_maxdsp">   --->   Core 30 'FMul_maxdsp' <Latency = 3> <II = 1> <Delay = 5.70> <FuncUnit> <Opcode : 'fmul'> <InPorts = 2> <OutPorts = 1>
ST_7 : Operation 119 [3/4] (5.70ns)   --->   "%mul_1 = fmul i32 %A_1_load, i32 %B_1_load" [../stream_matmul.cpp:89]   --->   Operation 119 'fmul' 'mul_1' <Predicate = (!icmp_ln83)> <Delay = 5.70> <CoreInst = "FMul_maxdsp">   --->   Core 30 'FMul_maxdsp' <Latency = 3> <II = 1> <Delay = 5.70> <FuncUnit> <Opcode : 'fmul'> <InPorts = 2> <OutPorts = 1>
ST_7 : Operation 120 [4/4] (5.70ns)   --->   "%mul_2 = fmul i32 %A_2_load, i32 %B_2_load" [../stream_matmul.cpp:89]   --->   Operation 120 'fmul' 'mul_2' <Predicate = (!icmp_ln83)> <Delay = 5.70> <CoreInst = "FMul_maxdsp">   --->   Core 30 'FMul_maxdsp' <Latency = 3> <II = 1> <Delay = 5.70> <FuncUnit> <Opcode : 'fmul'> <InPorts = 2> <OutPorts = 1>

State 8 <SV = 7> <Delay = 5.70>
ST_8 : Operation 121 [1/1] (1.58ns)   --->   "%store_ln85 = store i32 %acc, i32 %acc_1" [../stream_matmul.cpp:85]   --->   Operation 121 'store' 'store_ln85' <Predicate = (!icmp_ln83 & first_iter_3)> <Delay = 1.58>
ST_8 : Operation 122 [1/1] (0.00ns)   --->   "%br_ln87 = br void %for.inc67.split" [../stream_matmul.cpp:87]   --->   Operation 122 'br' 'br_ln87' <Predicate = (!icmp_ln83 & first_iter_3)> <Delay = 0.00>
ST_8 : Operation 123 [1/4] (5.70ns)   --->   "%mul = fmul i32 %A_load, i32 %B_load" [../stream_matmul.cpp:89]   --->   Operation 123 'fmul' 'mul' <Predicate = (!icmp_ln83)> <Delay = 5.70> <CoreInst = "FMul_maxdsp">   --->   Core 30 'FMul_maxdsp' <Latency = 3> <II = 1> <Delay = 5.70> <FuncUnit> <Opcode : 'fmul'> <InPorts = 2> <OutPorts = 1>
ST_8 : Operation 124 [2/4] (5.70ns)   --->   "%mul_1 = fmul i32 %A_1_load, i32 %B_1_load" [../stream_matmul.cpp:89]   --->   Operation 124 'fmul' 'mul_1' <Predicate = (!icmp_ln83)> <Delay = 5.70> <CoreInst = "FMul_maxdsp">   --->   Core 30 'FMul_maxdsp' <Latency = 3> <II = 1> <Delay = 5.70> <FuncUnit> <Opcode : 'fmul'> <InPorts = 2> <OutPorts = 1>
ST_8 : Operation 125 [3/4] (5.70ns)   --->   "%mul_2 = fmul i32 %A_2_load, i32 %B_2_load" [../stream_matmul.cpp:89]   --->   Operation 125 'fmul' 'mul_2' <Predicate = (!icmp_ln83)> <Delay = 5.70> <CoreInst = "FMul_maxdsp">   --->   Core 30 'FMul_maxdsp' <Latency = 3> <II = 1> <Delay = 5.70> <FuncUnit> <Opcode : 'fmul'> <InPorts = 2> <OutPorts = 1>
ST_8 : Operation 126 [4/4] (5.70ns)   --->   "%mul_3 = fmul i32 %A_3_load, i32 %B_3_load" [../stream_matmul.cpp:89]   --->   Operation 126 'fmul' 'mul_3' <Predicate = (!icmp_ln83)> <Delay = 5.70> <CoreInst = "FMul_maxdsp">   --->   Core 30 'FMul_maxdsp' <Latency = 3> <II = 1> <Delay = 5.70> <FuncUnit> <Opcode : 'fmul'> <InPorts = 2> <OutPorts = 1>
ST_8 : Operation 159 [1/1] (1.58ns)   --->   "%ret_ln0 = ret"   --->   Operation 159 'ret' 'ret_ln0' <Predicate = (icmp_ln83)> <Delay = 1.58>

State 9 <SV = 8> <Delay = 7.25>
ST_9 : Operation 127 [1/1] (0.00ns)   --->   "%acc_1_load = load i32 %acc_1" [../stream_matmul.cpp:89]   --->   Operation 127 'load' 'acc_1_load' <Predicate = (!icmp_ln83)> <Delay = 0.00>
ST_9 : Operation 128 [5/5] (7.25ns)   --->   "%acc_2 = fadd i32 %acc_1_load, i32 %mul" [../stream_matmul.cpp:89]   --->   Operation 128 'fadd' 'acc_2' <Predicate = (!icmp_ln83)> <Delay = 7.25> <CoreInst = "FAddSub_fulldsp">   --->   Core 18 'FAddSub_fulldsp' <Latency = 4> <II = 1> <Delay = 7.25> <FuncUnit> <Opcode : 'fadd' 'fsub'> <InPorts = 2> <OutPorts = 1>
ST_9 : Operation 129 [1/4] (5.70ns)   --->   "%mul_1 = fmul i32 %A_1_load, i32 %B_1_load" [../stream_matmul.cpp:89]   --->   Operation 129 'fmul' 'mul_1' <Predicate = (!icmp_ln83)> <Delay = 5.70> <CoreInst = "FMul_maxdsp">   --->   Core 30 'FMul_maxdsp' <Latency = 3> <II = 1> <Delay = 5.70> <FuncUnit> <Opcode : 'fmul'> <InPorts = 2> <OutPorts = 1>
ST_9 : Operation 130 [2/4] (5.70ns)   --->   "%mul_2 = fmul i32 %A_2_load, i32 %B_2_load" [../stream_matmul.cpp:89]   --->   Operation 130 'fmul' 'mul_2' <Predicate = (!icmp_ln83)> <Delay = 5.70> <CoreInst = "FMul_maxdsp">   --->   Core 30 'FMul_maxdsp' <Latency = 3> <II = 1> <Delay = 5.70> <FuncUnit> <Opcode : 'fmul'> <InPorts = 2> <OutPorts = 1>
ST_9 : Operation 131 [3/4] (5.70ns)   --->   "%mul_3 = fmul i32 %A_3_load, i32 %B_3_load" [../stream_matmul.cpp:89]   --->   Operation 131 'fmul' 'mul_3' <Predicate = (!icmp_ln83)> <Delay = 5.70> <CoreInst = "FMul_maxdsp">   --->   Core 30 'FMul_maxdsp' <Latency = 3> <II = 1> <Delay = 5.70> <FuncUnit> <Opcode : 'fmul'> <InPorts = 2> <OutPorts = 1>

State 10 <SV = 9> <Delay = 7.25>
ST_10 : Operation 132 [4/5] (7.25ns)   --->   "%acc_2 = fadd i32 %acc_1_load, i32 %mul" [../stream_matmul.cpp:89]   --->   Operation 132 'fadd' 'acc_2' <Predicate = (!icmp_ln83)> <Delay = 7.25> <CoreInst = "FAddSub_fulldsp">   --->   Core 18 'FAddSub_fulldsp' <Latency = 4> <II = 1> <Delay = 7.25> <FuncUnit> <Opcode : 'fadd' 'fsub'> <InPorts = 2> <OutPorts = 1>
ST_10 : Operation 133 [1/4] (5.70ns)   --->   "%mul_2 = fmul i32 %A_2_load, i32 %B_2_load" [../stream_matmul.cpp:89]   --->   Operation 133 'fmul' 'mul_2' <Predicate = (!icmp_ln83)> <Delay = 5.70> <CoreInst = "FMul_maxdsp">   --->   Core 30 'FMul_maxdsp' <Latency = 3> <II = 1> <Delay = 5.70> <FuncUnit> <Opcode : 'fmul'> <InPorts = 2> <OutPorts = 1>
ST_10 : Operation 134 [2/4] (5.70ns)   --->   "%mul_3 = fmul i32 %A_3_load, i32 %B_3_load" [../stream_matmul.cpp:89]   --->   Operation 134 'fmul' 'mul_3' <Predicate = (!icmp_ln83)> <Delay = 5.70> <CoreInst = "FMul_maxdsp">   --->   Core 30 'FMul_maxdsp' <Latency = 3> <II = 1> <Delay = 5.70> <FuncUnit> <Opcode : 'fmul'> <InPorts = 2> <OutPorts = 1>

State 11 <SV = 10> <Delay = 7.25>
ST_11 : Operation 135 [3/5] (7.25ns)   --->   "%acc_2 = fadd i32 %acc_1_load, i32 %mul" [../stream_matmul.cpp:89]   --->   Operation 135 'fadd' 'acc_2' <Predicate = (!icmp_ln83)> <Delay = 7.25> <CoreInst = "FAddSub_fulldsp">   --->   Core 18 'FAddSub_fulldsp' <Latency = 4> <II = 1> <Delay = 7.25> <FuncUnit> <Opcode : 'fadd' 'fsub'> <InPorts = 2> <OutPorts = 1>
ST_11 : Operation 136 [1/4] (5.70ns)   --->   "%mul_3 = fmul i32 %A_3_load, i32 %B_3_load" [../stream_matmul.cpp:89]   --->   Operation 136 'fmul' 'mul_3' <Predicate = (!icmp_ln83)> <Delay = 5.70> <CoreInst = "FMul_maxdsp">   --->   Core 30 'FMul_maxdsp' <Latency = 3> <II = 1> <Delay = 5.70> <FuncUnit> <Opcode : 'fmul'> <InPorts = 2> <OutPorts = 1>

State 12 <SV = 11> <Delay = 7.25>
ST_12 : Operation 137 [2/5] (7.25ns)   --->   "%acc_2 = fadd i32 %acc_1_load, i32 %mul" [../stream_matmul.cpp:89]   --->   Operation 137 'fadd' 'acc_2' <Predicate = (!icmp_ln83)> <Delay = 7.25> <CoreInst = "FAddSub_fulldsp">   --->   Core 18 'FAddSub_fulldsp' <Latency = 4> <II = 1> <Delay = 7.25> <FuncUnit> <Opcode : 'fadd' 'fsub'> <InPorts = 2> <OutPorts = 1>

State 13 <SV = 12> <Delay = 7.25>
ST_13 : Operation 138 [1/5] (7.25ns)   --->   "%acc_2 = fadd i32 %acc_1_load, i32 %mul" [../stream_matmul.cpp:89]   --->   Operation 138 'fadd' 'acc_2' <Predicate = (!icmp_ln83)> <Delay = 7.25> <CoreInst = "FAddSub_fulldsp">   --->   Core 18 'FAddSub_fulldsp' <Latency = 4> <II = 1> <Delay = 7.25> <FuncUnit> <Opcode : 'fadd' 'fsub'> <InPorts = 2> <OutPorts = 1>

State 14 <SV = 13> <Delay = 7.25>
ST_14 : Operation 139 [5/5] (7.25ns)   --->   "%acc_3 = fadd i32 %acc_2, i32 %mul_1" [../stream_matmul.cpp:89]   --->   Operation 139 'fadd' 'acc_3' <Predicate = (!icmp_ln83)> <Delay = 7.25> <CoreInst = "FAddSub_fulldsp">   --->   Core 18 'FAddSub_fulldsp' <Latency = 4> <II = 1> <Delay = 7.25> <FuncUnit> <Opcode : 'fadd' 'fsub'> <InPorts = 2> <OutPorts = 1>

State 15 <SV = 14> <Delay = 7.25>
ST_15 : Operation 140 [4/5] (7.25ns)   --->   "%acc_3 = fadd i32 %acc_2, i32 %mul_1" [../stream_matmul.cpp:89]   --->   Operation 140 'fadd' 'acc_3' <Predicate = (!icmp_ln83)> <Delay = 7.25> <CoreInst = "FAddSub_fulldsp">   --->   Core 18 'FAddSub_fulldsp' <Latency = 4> <II = 1> <Delay = 7.25> <FuncUnit> <Opcode : 'fadd' 'fsub'> <InPorts = 2> <OutPorts = 1>

State 16 <SV = 15> <Delay = 7.25>
ST_16 : Operation 141 [3/5] (7.25ns)   --->   "%acc_3 = fadd i32 %acc_2, i32 %mul_1" [../stream_matmul.cpp:89]   --->   Operation 141 'fadd' 'acc_3' <Predicate = (!icmp_ln83)> <Delay = 7.25> <CoreInst = "FAddSub_fulldsp">   --->   Core 18 'FAddSub_fulldsp' <Latency = 4> <II = 1> <Delay = 7.25> <FuncUnit> <Opcode : 'fadd' 'fsub'> <InPorts = 2> <OutPorts = 1>

State 17 <SV = 16> <Delay = 7.25>
ST_17 : Operation 142 [2/5] (7.25ns)   --->   "%acc_3 = fadd i32 %acc_2, i32 %mul_1" [../stream_matmul.cpp:89]   --->   Operation 142 'fadd' 'acc_3' <Predicate = (!icmp_ln83)> <Delay = 7.25> <CoreInst = "FAddSub_fulldsp">   --->   Core 18 'FAddSub_fulldsp' <Latency = 4> <II = 1> <Delay = 7.25> <FuncUnit> <Opcode : 'fadd' 'fsub'> <InPorts = 2> <OutPorts = 1>

State 18 <SV = 17> <Delay = 7.25>
ST_18 : Operation 143 [1/5] (7.25ns)   --->   "%acc_3 = fadd i32 %acc_2, i32 %mul_1" [../stream_matmul.cpp:89]   --->   Operation 143 'fadd' 'acc_3' <Predicate = (!icmp_ln83)> <Delay = 7.25> <CoreInst = "FAddSub_fulldsp">   --->   Core 18 'FAddSub_fulldsp' <Latency = 4> <II = 1> <Delay = 7.25> <FuncUnit> <Opcode : 'fadd' 'fsub'> <InPorts = 2> <OutPorts = 1>

State 19 <SV = 18> <Delay = 7.25>
ST_19 : Operation 144 [5/5] (7.25ns)   --->   "%acc_4 = fadd i32 %acc_3, i32 %mul_2" [../stream_matmul.cpp:89]   --->   Operation 144 'fadd' 'acc_4' <Predicate = (!icmp_ln83)> <Delay = 7.25> <CoreInst = "FAddSub_fulldsp">   --->   Core 18 'FAddSub_fulldsp' <Latency = 4> <II = 1> <Delay = 7.25> <FuncUnit> <Opcode : 'fadd' 'fsub'> <InPorts = 2> <OutPorts = 1>

State 20 <SV = 19> <Delay = 7.25>
ST_20 : Operation 145 [4/5] (7.25ns)   --->   "%acc_4 = fadd i32 %acc_3, i32 %mul_2" [../stream_matmul.cpp:89]   --->   Operation 145 'fadd' 'acc_4' <Predicate = (!icmp_ln83)> <Delay = 7.25> <CoreInst = "FAddSub_fulldsp">   --->   Core 18 'FAddSub_fulldsp' <Latency = 4> <II = 1> <Delay = 7.25> <FuncUnit> <Opcode : 'fadd' 'fsub'> <InPorts = 2> <OutPorts = 1>

State 21 <SV = 20> <Delay = 7.25>
ST_21 : Operation 146 [3/5] (7.25ns)   --->   "%acc_4 = fadd i32 %acc_3, i32 %mul_2" [../stream_matmul.cpp:89]   --->   Operation 146 'fadd' 'acc_4' <Predicate = (!icmp_ln83)> <Delay = 7.25> <CoreInst = "FAddSub_fulldsp">   --->   Core 18 'FAddSub_fulldsp' <Latency = 4> <II = 1> <Delay = 7.25> <FuncUnit> <Opcode : 'fadd' 'fsub'> <InPorts = 2> <OutPorts = 1>

State 22 <SV = 21> <Delay = 7.25>
ST_22 : Operation 147 [2/5] (7.25ns)   --->   "%acc_4 = fadd i32 %acc_3, i32 %mul_2" [../stream_matmul.cpp:89]   --->   Operation 147 'fadd' 'acc_4' <Predicate = (!icmp_ln83)> <Delay = 7.25> <CoreInst = "FAddSub_fulldsp">   --->   Core 18 'FAddSub_fulldsp' <Latency = 4> <II = 1> <Delay = 7.25> <FuncUnit> <Opcode : 'fadd' 'fsub'> <InPorts = 2> <OutPorts = 1>

State 23 <SV = 22> <Delay = 7.25>
ST_23 : Operation 148 [1/5] (7.25ns)   --->   "%acc_4 = fadd i32 %acc_3, i32 %mul_2" [../stream_matmul.cpp:89]   --->   Operation 148 'fadd' 'acc_4' <Predicate = true> <Delay = 7.25> <CoreInst = "FAddSub_fulldsp">   --->   Core 18 'FAddSub_fulldsp' <Latency = 4> <II = 1> <Delay = 7.25> <FuncUnit> <Opcode : 'fadd' 'fsub'> <InPorts = 2> <OutPorts = 1>

State 24 <SV = 23> <Delay = 7.25>
ST_24 : Operation 149 [5/5] (7.25ns)   --->   "%acc_5 = fadd i32 %acc_4, i32 %mul_3" [../stream_matmul.cpp:89]   --->   Operation 149 'fadd' 'acc_5' <Predicate = true> <Delay = 7.25> <CoreInst = "FAddSub_fulldsp">   --->   Core 18 'FAddSub_fulldsp' <Latency = 4> <II = 1> <Delay = 7.25> <FuncUnit> <Opcode : 'fadd' 'fsub'> <InPorts = 2> <OutPorts = 1>

State 25 <SV = 24> <Delay = 7.25>
ST_25 : Operation 150 [4/5] (7.25ns)   --->   "%acc_5 = fadd i32 %acc_4, i32 %mul_3" [../stream_matmul.cpp:89]   --->   Operation 150 'fadd' 'acc_5' <Predicate = true> <Delay = 7.25> <CoreInst = "FAddSub_fulldsp">   --->   Core 18 'FAddSub_fulldsp' <Latency = 4> <II = 1> <Delay = 7.25> <FuncUnit> <Opcode : 'fadd' 'fsub'> <InPorts = 2> <OutPorts = 1>

State 26 <SV = 25> <Delay = 7.25>
ST_26 : Operation 151 [3/5] (7.25ns)   --->   "%acc_5 = fadd i32 %acc_4, i32 %mul_3" [../stream_matmul.cpp:89]   --->   Operation 151 'fadd' 'acc_5' <Predicate = true> <Delay = 7.25> <CoreInst = "FAddSub_fulldsp">   --->   Core 18 'FAddSub_fulldsp' <Latency = 4> <II = 1> <Delay = 7.25> <FuncUnit> <Opcode : 'fadd' 'fsub'> <InPorts = 2> <OutPorts = 1>

State 27 <SV = 26> <Delay = 7.25>
ST_27 : Operation 152 [2/5] (7.25ns)   --->   "%acc_5 = fadd i32 %acc_4, i32 %mul_3" [../stream_matmul.cpp:89]   --->   Operation 152 'fadd' 'acc_5' <Predicate = true> <Delay = 7.25> <CoreInst = "FAddSub_fulldsp">   --->   Core 18 'FAddSub_fulldsp' <Latency = 4> <II = 1> <Delay = 7.25> <FuncUnit> <Opcode : 'fadd' 'fsub'> <InPorts = 2> <OutPorts = 1>

State 28 <SV = 27> <Delay = 7.25>
ST_28 : Operation 153 [1/1] (0.00ns)   --->   "%specpipeline_ln52 = specpipeline void @_ssdm_op_SpecPipeline, i32 4294967295, i32 0, i32 0, i32 0, void @empty_1" [../stream_matmul.cpp:52]   --->   Operation 153 'specpipeline' 'specpipeline_ln52' <Predicate = true> <Delay = 0.00>
ST_28 : Operation 154 [1/5] (7.25ns)   --->   "%acc_5 = fadd i32 %acc_4, i32 %mul_3" [../stream_matmul.cpp:89]   --->   Operation 154 'fadd' 'acc_5' <Predicate = true> <Delay = 7.25> <CoreInst = "FAddSub_fulldsp">   --->   Core 18 'FAddSub_fulldsp' <Latency = 4> <II = 1> <Delay = 7.25> <FuncUnit> <Opcode : 'fadd' 'fsub'> <InPorts = 2> <OutPorts = 1>

State 29 <SV = 28> <Delay = 3.25>
ST_29 : Operation 155 [1/1] ( I:3.25ns O:3.25ns )   --->   "%store_ln92 = store i32 %acc_5, i8 %C_addr" [../stream_matmul.cpp:92]   --->   Operation 155 'store' 'store_ln92' <Predicate = (tmp_1)> <Delay = 3.25> <CoreInst = "RAM">   --->   Core 81 'RAM' <Latency = 1> <II = 1> <Delay = 3.25> <Storage> <Opcode : 'load' 'store'> <Ports = 2> <Width = 32> <Depth = 256> <RAM>
ST_29 : Operation 156 [1/1] (0.00ns)   --->   "%br_ln87 = br void %new.latch.for.inc67.split" [../stream_matmul.cpp:87]   --->   Operation 156 'br' 'br_ln87' <Predicate = (tmp_1)> <Delay = 0.00>
ST_29 : Operation 157 [1/1] (1.58ns)   --->   "%store_ln85 = store i32 %acc_5, i32 %acc_1" [../stream_matmul.cpp:85]   --->   Operation 157 'store' 'store_ln85' <Predicate = true> <Delay = 1.58>
ST_29 : Operation 158 [1/1] (0.00ns)   --->   "%br_ln87 = br void %for.inc67" [../stream_matmul.cpp:87]   --->   Operation 158 'br' 'br_ln87' <Predicate = true> <Delay = 0.00>


============================================================
+ Verbose Summary: Timing violations
============================================================
Target clock period: 10.000ns, clock uncertainty: 2.700ns.

 <State 1>: 1.588ns
The critical path consists of the following:
	'alloca' operation 11 bit ('indvar_flatten35') [14]  (0.000 ns)
	'store' operation 0 bit ('store_ln0') of constant 0 on local variable 'indvar_flatten35' [16]  (1.588 ns)

 <State 2>: 4.910ns
The critical path consists of the following:
	'load' operation 8 bit ('indvar_flatten21_load', ../stream_matmul.cpp:84) on local variable 'indvar_flatten21' [23]  (0.000 ns)
	'icmp' operation 1 bit ('icmp_ln84', ../stream_matmul.cpp:84) [35]  (1.915 ns)
	'select' operation 5 bit ('select_ln52', ../stream_matmul.cpp:52) [36]  (1.215 ns)
	'add' operation 5 bit ('add_ln84', ../stream_matmul.cpp:84) [43]  (1.780 ns)

 <State 3>: 6.384ns
The critical path consists of the following:
	'select' operation 5 bit ('select_ln84', ../stream_matmul.cpp:84) [45]  (1.215 ns)
	'add' operation 8 bit ('add_ln85', ../stream_matmul.cpp:85) [50]  (1.915 ns)
	'getelementptr' operation 8 bit ('C_addr', ../stream_matmul.cpp:85) [52]  (0.000 ns)
	'load' operation 32 bit ('acc', ../stream_matmul.cpp:85) on array 'C' [55]  (3.254 ns)

 <State 4>: 3.254ns
The critical path consists of the following:
	'load' operation 32 bit ('acc', ../stream_matmul.cpp:85) on array 'C' [55]  (3.254 ns)

 <State 5>: 5.702ns
The critical path consists of the following:
	'fmul' operation 32 bit ('mul', ../stream_matmul.cpp:89) [77]  (5.702 ns)

 <State 6>: 5.702ns
The critical path consists of the following:
	'fmul' operation 32 bit ('mul', ../stream_matmul.cpp:89) [77]  (5.702 ns)

 <State 7>: 5.702ns
The critical path consists of the following:
	'fmul' operation 32 bit ('mul', ../stream_matmul.cpp:89) [77]  (5.702 ns)

 <State 8>: 5.702ns
The critical path consists of the following:
	'fmul' operation 32 bit ('mul', ../stream_matmul.cpp:89) [77]  (5.702 ns)

 <State 9>: 7.256ns
The critical path consists of the following:
	'load' operation 32 bit ('acc_1_load', ../stream_matmul.cpp:89) on local variable 'acc', ../stream_matmul.cpp:85 [59]  (0.000 ns)
	'fadd' operation 32 bit ('acc', ../stream_matmul.cpp:89) [78]  (7.256 ns)

 <State 10>: 7.256ns
The critical path consists of the following:
	'fadd' operation 32 bit ('acc', ../stream_matmul.cpp:89) [78]  (7.256 ns)

 <State 11>: 7.256ns
The critical path consists of the following:
	'fadd' operation 32 bit ('acc', ../stream_matmul.cpp:89) [78]  (7.256 ns)

 <State 12>: 7.256ns
The critical path consists of the following:
	'fadd' operation 32 bit ('acc', ../stream_matmul.cpp:89) [78]  (7.256 ns)

 <State 13>: 7.256ns
The critical path consists of the following:
	'fadd' operation 32 bit ('acc', ../stream_matmul.cpp:89) [78]  (7.256 ns)

 <State 14>: 7.256ns
The critical path consists of the following:
	'fadd' operation 32 bit ('acc', ../stream_matmul.cpp:89) [82]  (7.256 ns)

 <State 15>: 7.256ns
The critical path consists of the following:
	'fadd' operation 32 bit ('acc', ../stream_matmul.cpp:89) [82]  (7.256 ns)

 <State 16>: 7.256ns
The critical path consists of the following:
	'fadd' operation 32 bit ('acc', ../stream_matmul.cpp:89) [82]  (7.256 ns)

 <State 17>: 7.256ns
The critical path consists of the following:
	'fadd' operation 32 bit ('acc', ../stream_matmul.cpp:89) [82]  (7.256 ns)

 <State 18>: 7.256ns
The critical path consists of the following:
	'fadd' operation 32 bit ('acc', ../stream_matmul.cpp:89) [82]  (7.256 ns)

 <State 19>: 7.256ns
The critical path consists of the following:
	'fadd' operation 32 bit ('acc', ../stream_matmul.cpp:89) [86]  (7.256 ns)

 <State 20>: 7.256ns
The critical path consists of the following:
	'fadd' operation 32 bit ('acc', ../stream_matmul.cpp:89) [86]  (7.256 ns)

 <State 21>: 7.256ns
The critical path consists of the following:
	'fadd' operation 32 bit ('acc', ../stream_matmul.cpp:89) [86]  (7.256 ns)

 <State 22>: 7.256ns
The critical path consists of the following:
	'fadd' operation 32 bit ('acc', ../stream_matmul.cpp:89) [86]  (7.256 ns)

 <State 23>: 7.256ns
The critical path consists of the following:
	'fadd' operation 32 bit ('acc', ../stream_matmul.cpp:89) [86]  (7.256 ns)

 <State 24>: 7.256ns
The critical path consists of the following:
	'fadd' operation 32 bit ('acc', ../stream_matmul.cpp:89) [90]  (7.256 ns)

 <State 25>: 7.256ns
The critical path consists of the following:
	'fadd' operation 32 bit ('acc', ../stream_matmul.cpp:89) [90]  (7.256 ns)

 <State 26>: 7.256ns
The critical path consists of the following:
	'fadd' operation 32 bit ('acc', ../stream_matmul.cpp:89) [90]  (7.256 ns)

 <State 27>: 7.256ns
The critical path consists of the following:
	'fadd' operation 32 bit ('acc', ../stream_matmul.cpp:89) [90]  (7.256 ns)

 <State 28>: 7.256ns
The critical path consists of the following:
	'fadd' operation 32 bit ('acc', ../stream_matmul.cpp:89) [90]  (7.256 ns)

 <State 29>: 3.254ns
The critical path consists of the following:
	'store' operation 0 bit ('store_ln92', ../stream_matmul.cpp:92) of variable 'acc', ../stream_matmul.cpp:89 on array 'C' [95]  (3.254 ns)


============================================================
+ Verbose Summary: Binding
============================================================
N/A
* FSMD analyzer results:
  - Output states:
 - Input state : 
  - Chain level:
	State 1
	State 2
	State 3
	State 4
	State 5
	State 6
	State 7
	State 8
	State 9
	State 10
	State 11
	State 12
	State 13
	State 14
	State 15
	State 16
	State 17
	State 18
	State 19
	State 20
	State 21
	State 22
	State 23
	State 24
	State 25
	State 26
	State 27
	State 28
	State 29


============================================================
+ Verbose Summary: Datapath Resource usage 
============================================================
N/A
