

================================================================
== Vitis HLS Report for 'stream_matmul_Pipeline_compute_k'
================================================================
* Date:           Tue May 19 17:15:01 2026

* Version:        2025.2 (Build 6295257 on Nov 14 2025)
* Project:        stream_matmul
* Solution:       hls (Vivado IP Flow Target)
* Product family: zynq
* Target device:  xc7z010-clg400-1


================================================================
== Performance Estimates
================================================================
+ Timing: 
    * Summary: 
    +--------+----------+----------+------------+
    |  Clock |  Target  | Estimated| Uncertainty|
    +--------+----------+----------+------------+
    |ap_clk  |  10.00 ns|  7.060 ns|     2.70 ns|
    +--------+----------+----------+------------+

+ Latency: 
    * Summary: 
    +---------+---------+----------+----------+-----+-----+-------------------+
    |  Latency (cycles) |  Latency (absolute) |  Interval |      Pipeline     |
    |   min   |   max   |    min   |    max   | min | max |        Type       |
    +---------+---------+----------+----------+-----+-----+-------------------+
    |       16|       16|  0.160 us|  0.160 us|    0|    0|  loop pipeline stp|
    +---------+---------+----------+----------+-----+-----+-------------------+

    + Detail: 
        * Instance: 
        N/A

        * Loop: 
        +-------------+---------+---------+----------+-----------+-----------+------+----------+
        |             |  Latency (cycles) | Iteration|  Initiation Interval  | Trip |          |
        |  Loop Name  |   min   |   max   |  Latency |  achieved |   target  | Count| Pipelined|
        +-------------+---------+---------+----------+-----------+-----------+------+----------+
        |- compute_k  |       14|       14|         6|          3|          1|     4|       yes|
        +-------------+---------+---------+----------+-----------+-----------+------+----------+

============================================================
+ Verbose Summary: Synthesis Manager
============================================================
InlineROM: 1
ExposeGlobal: 0
============================================================
+ Verbose Summary: CDFG Model
============================================================
IsTopModel: 0
ResetActiveHigh: 1
IsCombinational: 0
IsDatapathOnly: 0
HasWiredReturn: 1
HasMFsm: 2
HasVarLatency: 1
IsPipeline: 0
IsRtlPipelined: 0
IsInstanceOverlapped: 0
IsDontTouch: 0
HasImplIP: 0
IsGatedGlobalClock: 0

+ Individual pipeline summary: 
  * Pipeline-0: initiation interval (II) = 3, depth = 6


============================================================
+ Verbose Summary: Schedule
============================================================
* Number of FSM states : 6
* Pipeline : 1
  Pipeline-0 : II = 3, D = 6, States = { 1 2 3 4 5 6 }
* Dataflow Pipeline: 0

* FSM state transitions: 
1 --> 2 
2 --> 3 
3 --> 4 
4 --> 5 
5 --> 6 
6 --> 

* FSM state operations: 

State 1 <SV = 0> <Delay = 4.95>
ST_1 : Operation 9 [1/1] (0.00ns)   --->   "%acc_1 = alloca i32 1" [../stream_matmul_fixedPoint.cpp:148]   --->   Operation 9 'alloca' 'acc_1' <Predicate = true> <Delay = 0.00>
ST_1 : Operation 10 [1/1] (0.00ns)   --->   "%k = alloca i32 1" [../stream_matmul_fixedPoint.cpp:84]   --->   Operation 10 'alloca' 'k' <Predicate = true> <Delay = 0.00>
ST_1 : Operation 11 [1/1] (0.00ns)   --->   "%zext_ln147_read = read i4 @_ssdm_op_Read.ap_auto.i4, i4 %zext_ln147"   --->   Operation 11 'read' 'zext_ln147_read' <Predicate = true> <Delay = 0.00>
ST_1 : Operation 12 [1/1] (0.00ns)   --->   "%i_4_read = read i4 @_ssdm_op_Read.ap_auto.i4, i4 %i_4"   --->   Operation 12 'read' 'i_4_read' <Predicate = true> <Delay = 0.00>
ST_1 : Operation 13 [1/1] (0.00ns)   --->   "%acc_read = read i32 @_ssdm_op_Read.ap_auto.i32, i32 %acc"   --->   Operation 13 'read' 'acc_read' <Predicate = true> <Delay = 0.00>
ST_1 : Operation 14 [1/1] (1.58ns)   --->   "%store_ln84 = store i5 0, i5 %k" [../stream_matmul_fixedPoint.cpp:84]   --->   Operation 14 'store' 'store_ln84' <Predicate = true> <Delay = 1.58>
ST_1 : Operation 15 [1/1] (1.58ns)   --->   "%store_ln148 = store i32 %acc_read, i32 %acc_1" [../stream_matmul_fixedPoint.cpp:148]   --->   Operation 15 'store' 'store_ln148' <Predicate = true> <Delay = 1.58>
ST_1 : Operation 16 [1/1] (0.00ns)   --->   "%br_ln0 = br void %for.body64"   --->   Operation 16 'br' 'br_ln0' <Predicate = true> <Delay = 0.00>
ST_1 : Operation 17 [1/1] (0.00ns)   --->   "%k_1 = load i5 %k" [../stream_matmul_fixedPoint.cpp:151]   --->   Operation 17 'load' 'k_1' <Predicate = true> <Delay = 0.00>
ST_1 : Operation 18 [1/1] (0.00ns)   --->   "%tmp = bitselect i1 @_ssdm_op_BitSelect.i1.i5.i32, i5 %k_1, i32 4" [../stream_matmul_fixedPoint.cpp:151]   --->   Operation 18 'bitselect' 'tmp' <Predicate = true> <Delay = 0.00>
ST_1 : Operation 19 [1/1] (0.00ns)   --->   "%br_ln151 = br i1 %tmp, void %for.body64.split, void %for.inc82.exitStub" [../stream_matmul_fixedPoint.cpp:151]   --->   Operation 19 'br' 'br_ln151' <Predicate = true> <Delay = 0.00>
ST_1 : Operation 20 [1/1] (0.00ns)   --->   "%lshr_ln2 = partselect i2 @_ssdm_op_PartSelect.i2.i5.i32.i32, i5 %k_1, i32 2, i32 3" [../stream_matmul_fixedPoint.cpp:148]   --->   Operation 20 'partselect' 'lshr_ln2' <Predicate = (!tmp)> <Delay = 0.00>
ST_1 : Operation 21 [1/1] (0.00ns)   --->   "%tmp_s = bitconcatenate i6 @_ssdm_op_BitConcatenate.i6.i4.i2, i4 %i_4_read, i2 %lshr_ln2" [../stream_matmul_fixedPoint.cpp:153]   --->   Operation 21 'bitconcatenate' 'tmp_s' <Predicate = (!tmp)> <Delay = 0.00>
ST_1 : Operation 22 [1/1] (0.00ns)   --->   "%zext_ln153_4 = zext i6 %tmp_s" [../stream_matmul_fixedPoint.cpp:153]   --->   Operation 22 'zext' 'zext_ln153_4' <Predicate = (!tmp)> <Delay = 0.00>
ST_1 : Operation 23 [1/1] (0.00ns)   --->   "%A_addr = getelementptr i16 %A, i64 0, i64 %zext_ln153_4" [../stream_matmul_fixedPoint.cpp:153]   --->   Operation 23 'getelementptr' 'A_addr' <Predicate = (!tmp)> <Delay = 0.00>
ST_1 : Operation 24 [1/1] (0.00ns)   --->   "%A_1_addr = getelementptr i16 %A_1, i64 0, i64 %zext_ln153_4" [../stream_matmul_fixedPoint.cpp:153]   --->   Operation 24 'getelementptr' 'A_1_addr' <Predicate = (!tmp)> <Delay = 0.00>
ST_1 : Operation 25 [1/1] (0.00ns)   --->   "%A_2_addr = getelementptr i16 %A_2, i64 0, i64 %zext_ln153_4" [../stream_matmul_fixedPoint.cpp:153]   --->   Operation 25 'getelementptr' 'A_2_addr' <Predicate = (!tmp)> <Delay = 0.00>
ST_1 : Operation 26 [1/1] (0.00ns)   --->   "%A_3_addr = getelementptr i16 %A_3, i64 0, i64 %zext_ln153_4" [../stream_matmul_fixedPoint.cpp:153]   --->   Operation 26 'getelementptr' 'A_3_addr' <Predicate = (!tmp)> <Delay = 0.00>
ST_1 : Operation 27 [1/1] (0.00ns)   --->   "%add_ln153_s = bitconcatenate i6 @_ssdm_op_BitConcatenate.i6.i2.i4, i2 %lshr_ln2, i4 %zext_ln147_read" [../stream_matmul_fixedPoint.cpp:153]   --->   Operation 27 'bitconcatenate' 'add_ln153_s' <Predicate = (!tmp)> <Delay = 0.00>
ST_1 : Operation 28 [1/1] (0.00ns)   --->   "%zext_ln153_5 = zext i6 %add_ln153_s" [../stream_matmul_fixedPoint.cpp:153]   --->   Operation 28 'zext' 'zext_ln153_5' <Predicate = (!tmp)> <Delay = 0.00>
ST_1 : Operation 29 [1/1] (0.00ns)   --->   "%B_addr = getelementptr i16 %B, i64 0, i64 %zext_ln153_5" [../stream_matmul_fixedPoint.cpp:153]   --->   Operation 29 'getelementptr' 'B_addr' <Predicate = (!tmp)> <Delay = 0.00>
ST_1 : Operation 30 [1/1] (0.00ns)   --->   "%B_1_addr = getelementptr i16 %B_1, i64 0, i64 %zext_ln153_5" [../stream_matmul_fixedPoint.cpp:153]   --->   Operation 30 'getelementptr' 'B_1_addr' <Predicate = (!tmp)> <Delay = 0.00>
ST_1 : Operation 31 [1/1] (0.00ns)   --->   "%B_2_addr = getelementptr i16 %B_2, i64 0, i64 %zext_ln153_5" [../stream_matmul_fixedPoint.cpp:153]   --->   Operation 31 'getelementptr' 'B_2_addr' <Predicate = (!tmp)> <Delay = 0.00>
ST_1 : Operation 32 [1/1] (0.00ns)   --->   "%B_3_addr = getelementptr i16 %B_3, i64 0, i64 %zext_ln153_5" [../stream_matmul_fixedPoint.cpp:153]   --->   Operation 32 'getelementptr' 'B_3_addr' <Predicate = (!tmp)> <Delay = 0.00>
ST_1 : Operation 33 [2/2] (3.25ns)   --->   "%A_load = load i6 %A_addr" [../stream_matmul_fixedPoint.cpp:153]   --->   Operation 33 'load' 'A_load' <Predicate = (!tmp)> <Delay = 3.25> <CoreInst = "RAM">   --->   Core 81 'RAM' <Latency = 1> <II = 1> <Delay = 3.25> <Storage> <Opcode : 'load' 'store'> <Ports = 2> <Width = 16> <Depth = 64> <RAM>
ST_1 : Operation 34 [2/2] (3.25ns)   --->   "%B_load = load i6 %B_addr" [../stream_matmul_fixedPoint.cpp:153]   --->   Operation 34 'load' 'B_load' <Predicate = (!tmp)> <Delay = 3.25> <CoreInst = "RAM">   --->   Core 81 'RAM' <Latency = 1> <II = 1> <Delay = 3.25> <Storage> <Opcode : 'load' 'store'> <Ports = 2> <Width = 16> <Depth = 64> <RAM>
ST_1 : Operation 35 [2/2] (3.25ns)   --->   "%A_1_load = load i6 %A_1_addr" [../stream_matmul_fixedPoint.cpp:153]   --->   Operation 35 'load' 'A_1_load' <Predicate = (!tmp)> <Delay = 3.25> <CoreInst = "RAM">   --->   Core 81 'RAM' <Latency = 1> <II = 1> <Delay = 3.25> <Storage> <Opcode : 'load' 'store'> <Ports = 2> <Width = 16> <Depth = 64> <RAM>
ST_1 : Operation 36 [2/2] (3.25ns)   --->   "%B_1_load = load i6 %B_1_addr" [../stream_matmul_fixedPoint.cpp:153]   --->   Operation 36 'load' 'B_1_load' <Predicate = (!tmp)> <Delay = 3.25> <CoreInst = "RAM">   --->   Core 81 'RAM' <Latency = 1> <II = 1> <Delay = 3.25> <Storage> <Opcode : 'load' 'store'> <Ports = 2> <Width = 16> <Depth = 64> <RAM>
ST_1 : Operation 37 [2/2] (3.25ns)   --->   "%A_2_load = load i6 %A_2_addr" [../stream_matmul_fixedPoint.cpp:153]   --->   Operation 37 'load' 'A_2_load' <Predicate = (!tmp)> <Delay = 3.25> <CoreInst = "RAM">   --->   Core 81 'RAM' <Latency = 1> <II = 1> <Delay = 3.25> <Storage> <Opcode : 'load' 'store'> <Ports = 2> <Width = 16> <Depth = 64> <RAM>
ST_1 : Operation 38 [2/2] (3.25ns)   --->   "%B_2_load = load i6 %B_2_addr" [../stream_matmul_fixedPoint.cpp:153]   --->   Operation 38 'load' 'B_2_load' <Predicate = (!tmp)> <Delay = 3.25> <CoreInst = "RAM">   --->   Core 81 'RAM' <Latency = 1> <II = 1> <Delay = 3.25> <Storage> <Opcode : 'load' 'store'> <Ports = 2> <Width = 16> <Depth = 64> <RAM>
ST_1 : Operation 39 [2/2] (3.25ns)   --->   "%A_3_load = load i6 %A_3_addr" [../stream_matmul_fixedPoint.cpp:153]   --->   Operation 39 'load' 'A_3_load' <Predicate = (!tmp)> <Delay = 3.25> <CoreInst = "RAM">   --->   Core 81 'RAM' <Latency = 1> <II = 1> <Delay = 3.25> <Storage> <Opcode : 'load' 'store'> <Ports = 2> <Width = 16> <Depth = 64> <RAM>
ST_1 : Operation 40 [2/2] (3.25ns)   --->   "%B_3_load = load i6 %B_3_addr" [../stream_matmul_fixedPoint.cpp:153]   --->   Operation 40 'load' 'B_3_load' <Predicate = (!tmp)> <Delay = 3.25> <CoreInst = "RAM">   --->   Core 81 'RAM' <Latency = 1> <II = 1> <Delay = 3.25> <Storage> <Opcode : 'load' 'store'> <Ports = 2> <Width = 16> <Depth = 64> <RAM>
ST_1 : Operation 41 [1/1] (1.78ns)   --->   "%add_ln151 = add i5 %k_1, i5 4" [../stream_matmul_fixedPoint.cpp:151]   --->   Operation 41 'add' 'add_ln151' <Predicate = (!tmp)> <Delay = 1.78> <CoreInst = "Adder">   --->   Core 1 'Adder' <Latency = 0> <II = 1> <Delay = 1.78> <FuncUnit> <Opcode : 'add' 'sub'> <InPorts = 2> <OutPorts = 1>
ST_1 : Operation 42 [1/1] (1.58ns)   --->   "%store_ln84 = store i5 %add_ln151, i5 %k" [../stream_matmul_fixedPoint.cpp:84]   --->   Operation 42 'store' 'store_ln84' <Predicate = (!tmp)> <Delay = 1.58>

State 2 <SV = 1> <Delay = 3.25>
ST_2 : Operation 43 [1/2] ( I:3.25ns O:3.25ns )   --->   "%A_load = load i6 %A_addr" [../stream_matmul_fixedPoint.cpp:153]   --->   Operation 43 'load' 'A_load' <Predicate = (!tmp)> <Delay = 3.25> <CoreInst = "RAM">   --->   Core 81 'RAM' <Latency = 1> <II = 1> <Delay = 3.25> <Storage> <Opcode : 'load' 'store'> <Ports = 2> <Width = 16> <Depth = 64> <RAM>
ST_2 : Operation 44 [1/2] ( I:3.25ns O:3.25ns )   --->   "%B_load = load i6 %B_addr" [../stream_matmul_fixedPoint.cpp:153]   --->   Operation 44 'load' 'B_load' <Predicate = (!tmp)> <Delay = 3.25> <CoreInst = "RAM">   --->   Core 81 'RAM' <Latency = 1> <II = 1> <Delay = 3.25> <Storage> <Opcode : 'load' 'store'> <Ports = 2> <Width = 16> <Depth = 64> <RAM>
ST_2 : Operation 45 [1/2] ( I:3.25ns O:3.25ns )   --->   "%A_1_load = load i6 %A_1_addr" [../stream_matmul_fixedPoint.cpp:153]   --->   Operation 45 'load' 'A_1_load' <Predicate = (!tmp)> <Delay = 3.25> <CoreInst = "RAM">   --->   Core 81 'RAM' <Latency = 1> <II = 1> <Delay = 3.25> <Storage> <Opcode : 'load' 'store'> <Ports = 2> <Width = 16> <Depth = 64> <RAM>
ST_2 : Operation 46 [1/2] ( I:3.25ns O:3.25ns )   --->   "%B_1_load = load i6 %B_1_addr" [../stream_matmul_fixedPoint.cpp:153]   --->   Operation 46 'load' 'B_1_load' <Predicate = (!tmp)> <Delay = 3.25> <CoreInst = "RAM">   --->   Core 81 'RAM' <Latency = 1> <II = 1> <Delay = 3.25> <Storage> <Opcode : 'load' 'store'> <Ports = 2> <Width = 16> <Depth = 64> <RAM>
ST_2 : Operation 47 [1/2] ( I:3.25ns O:3.25ns )   --->   "%A_2_load = load i6 %A_2_addr" [../stream_matmul_fixedPoint.cpp:153]   --->   Operation 47 'load' 'A_2_load' <Predicate = (!tmp)> <Delay = 3.25> <CoreInst = "RAM">   --->   Core 81 'RAM' <Latency = 1> <II = 1> <Delay = 3.25> <Storage> <Opcode : 'load' 'store'> <Ports = 2> <Width = 16> <Depth = 64> <RAM>
ST_2 : Operation 48 [1/2] ( I:3.25ns O:3.25ns )   --->   "%B_2_load = load i6 %B_2_addr" [../stream_matmul_fixedPoint.cpp:153]   --->   Operation 48 'load' 'B_2_load' <Predicate = (!tmp)> <Delay = 3.25> <CoreInst = "RAM">   --->   Core 81 'RAM' <Latency = 1> <II = 1> <Delay = 3.25> <Storage> <Opcode : 'load' 'store'> <Ports = 2> <Width = 16> <Depth = 64> <RAM>
ST_2 : Operation 49 [1/2] ( I:3.25ns O:3.25ns )   --->   "%A_3_load = load i6 %A_3_addr" [../stream_matmul_fixedPoint.cpp:153]   --->   Operation 49 'load' 'A_3_load' <Predicate = (!tmp)> <Delay = 3.25> <CoreInst = "RAM">   --->   Core 81 'RAM' <Latency = 1> <II = 1> <Delay = 3.25> <Storage> <Opcode : 'load' 'store'> <Ports = 2> <Width = 16> <Depth = 64> <RAM>
ST_2 : Operation 50 [1/2] ( I:3.25ns O:3.25ns )   --->   "%B_3_load = load i6 %B_3_addr" [../stream_matmul_fixedPoint.cpp:153]   --->   Operation 50 'load' 'B_3_load' <Predicate = (!tmp)> <Delay = 3.25> <CoreInst = "RAM">   --->   Core 81 'RAM' <Latency = 1> <II = 1> <Delay = 3.25> <Storage> <Opcode : 'load' 'store'> <Ports = 2> <Width = 16> <Depth = 64> <RAM>

State 3 <SV = 2> <Delay = 5.58>
ST_3 : Operation 51 [1/1] (0.00ns)   --->   "%sext_ln153 = sext i16 %A_load" [../stream_matmul_fixedPoint.cpp:153]   --->   Operation 51 'sext' 'sext_ln153' <Predicate = (!tmp)> <Delay = 0.00>
ST_3 : Operation 52 [1/1] (0.00ns)   --->   "%sext_ln153_1 = sext i16 %B_load" [../stream_matmul_fixedPoint.cpp:153]   --->   Operation 52 'sext' 'sext_ln153_1' <Predicate = (!tmp)> <Delay = 0.00>
ST_3 : Operation 53 [1/1] (5.58ns)   --->   "%mul_ln153 = mul i32 %sext_ln153_1, i32 %sext_ln153" [../stream_matmul_fixedPoint.cpp:153]   --->   Operation 53 'mul' 'mul_ln153' <Predicate = (!tmp)> <Delay = 5.58> <CoreInst = "Multiplier">   --->   Core 3 'Multiplier' <Latency = 0> <II = 1> <Delay = 5.58> <FuncUnit> <Opcode : 'mul'> <InPorts = 2> <OutPorts = 1>
ST_3 : Operation 54 [1/1] (0.00ns)   --->   "%trunc_ln1 = partselect i24 @_ssdm_op_PartSelect.i24.i32.i32.i32, i32 %mul_ln153, i32 8, i32 31" [../stream_matmul_fixedPoint.cpp:153]   --->   Operation 54 'partselect' 'trunc_ln1' <Predicate = (!tmp)> <Delay = 0.00>
ST_3 : Operation 55 [1/1] (0.00ns)   --->   "%tmp_1 = bitselect i1 @_ssdm_op_BitSelect.i1.i32.i32, i32 %mul_ln153, i32 7" [../stream_matmul_fixedPoint.cpp:153]   --->   Operation 55 'bitselect' 'tmp_1' <Predicate = (!tmp)> <Delay = 0.00>
ST_3 : Operation 56 [1/1] (0.00ns)   --->   "%sext_ln153_4 = sext i16 %A_1_load" [../stream_matmul_fixedPoint.cpp:153]   --->   Operation 56 'sext' 'sext_ln153_4' <Predicate = (!tmp)> <Delay = 0.00>
ST_3 : Operation 57 [1/1] (0.00ns)   --->   "%sext_ln153_5 = sext i16 %B_1_load" [../stream_matmul_fixedPoint.cpp:153]   --->   Operation 57 'sext' 'sext_ln153_5' <Predicate = (!tmp)> <Delay = 0.00>
ST_3 : Operation 58 [1/1] (5.58ns)   --->   "%mul_ln153_1 = mul i32 %sext_ln153_5, i32 %sext_ln153_4" [../stream_matmul_fixedPoint.cpp:153]   --->   Operation 58 'mul' 'mul_ln153_1' <Predicate = (!tmp)> <Delay = 5.58> <CoreInst = "Multiplier">   --->   Core 3 'Multiplier' <Latency = 0> <II = 1> <Delay = 5.58> <FuncUnit> <Opcode : 'mul'> <InPorts = 2> <OutPorts = 1>
ST_3 : Operation 59 [1/1] (0.00ns)   --->   "%trunc_ln153_2 = partselect i24 @_ssdm_op_PartSelect.i24.i32.i32.i32, i32 %mul_ln153_1, i32 8, i32 31" [../stream_matmul_fixedPoint.cpp:153]   --->   Operation 59 'partselect' 'trunc_ln153_2' <Predicate = (!tmp)> <Delay = 0.00>
ST_3 : Operation 60 [1/1] (0.00ns)   --->   "%tmp_4 = bitselect i1 @_ssdm_op_BitSelect.i1.i32.i32, i32 %mul_ln153_1, i32 7" [../stream_matmul_fixedPoint.cpp:153]   --->   Operation 60 'bitselect' 'tmp_4' <Predicate = (!tmp)> <Delay = 0.00>
ST_3 : Operation 141 [1/1] (0.00ns)   --->   "%acc_1_load_1 = load i32 %acc_1"   --->   Operation 141 'load' 'acc_1_load_1' <Predicate = (tmp)> <Delay = 0.00>
ST_3 : Operation 142 [1/1] (0.00ns)   --->   "%write_ln0 = write void @_ssdm_op_Write.ap_auto.i32P0A, i32 %acc_1_out, i32 %acc_1_load_1"   --->   Operation 142 'write' 'write_ln0' <Predicate = (tmp)> <Delay = 0.00>
ST_3 : Operation 143 [1/1] (1.58ns)   --->   "%ret_ln0 = ret"   --->   Operation 143 'ret' 'ret_ln0' <Predicate = (tmp)> <Delay = 1.58>

State 4 <SV = 3> <Delay = 5.84>
ST_4 : Operation 61 [1/1] (0.00ns)   --->   "%acc_1_load = load i32 %acc_1" [../stream_matmul_fixedPoint.cpp:153]   --->   Operation 61 'load' 'acc_1_load' <Predicate = true> <Delay = 0.00>
ST_4 : Operation 62 [1/1] (0.00ns)   --->   "%sext_ln153_16 = sext i24 %trunc_ln1" [../stream_matmul_fixedPoint.cpp:153]   --->   Operation 62 'sext' 'sext_ln153_16' <Predicate = true> <Delay = 0.00>
ST_4 : Operation 63 [1/1] (0.00ns)   --->   "%zext_ln153 = zext i1 %tmp_1" [../stream_matmul_fixedPoint.cpp:153]   --->   Operation 63 'zext' 'zext_ln153' <Predicate = true> <Delay = 0.00>
ST_4 : Operation 64 [1/1] (2.31ns)   --->   "%add_ln153 = add i25 %sext_ln153_16, i25 %zext_ln153" [../stream_matmul_fixedPoint.cpp:153]   --->   Operation 64 'add' 'add_ln153' <Predicate = true> <Delay = 2.31> <CoreInst = "Adder">   --->   Core 1 'Adder' <Latency = 0> <II = 1> <Delay = 2.31> <FuncUnit> <Opcode : 'add' 'sub'> <InPorts = 2> <OutPorts = 1>
ST_4 : Operation 65 [1/1] (0.00ns)   --->   "%sext_ln153_17 = sext i25 %add_ln153" [../stream_matmul_fixedPoint.cpp:153]   --->   Operation 65 'sext' 'sext_ln153_17' <Predicate = true> <Delay = 0.00>
ST_4 : Operation 66 [1/1] (0.00ns)   --->   "%sext_ln153_2 = sext i32 %acc_1_load" [../stream_matmul_fixedPoint.cpp:153]   --->   Operation 66 'sext' 'sext_ln153_2' <Predicate = true> <Delay = 0.00>
ST_4 : Operation 67 [1/1] (0.00ns)   --->   "%sext_ln153_3 = sext i25 %add_ln153" [../stream_matmul_fixedPoint.cpp:153]   --->   Operation 67 'sext' 'sext_ln153_3' <Predicate = true> <Delay = 0.00>
ST_4 : Operation 68 [1/1] (2.55ns)   --->   "%add_ln153_8 = add i32 %sext_ln153_17, i32 %acc_1_load" [../stream_matmul_fixedPoint.cpp:153]   --->   Operation 68 'add' 'add_ln153_8' <Predicate = true> <Delay = 2.55> <CoreInst = "Adder">   --->   Core 1 'Adder' <Latency = 0> <II = 1> <Delay = 2.55> <FuncUnit> <Opcode : 'add' 'sub'> <InPorts = 2> <OutPorts = 1>
ST_4 : Operation 69 [1/1] (2.55ns)   --->   "%add_ln153_1 = add i33 %sext_ln153_3, i33 %sext_ln153_2" [../stream_matmul_fixedPoint.cpp:153]   --->   Operation 69 'add' 'add_ln153_1' <Predicate = true> <Delay = 2.55> <CoreInst = "Adder">   --->   Core 1 'Adder' <Latency = 0> <II = 1> <Delay = 2.55> <FuncUnit> <Opcode : 'add' 'sub'> <InPorts = 2> <OutPorts = 1>
ST_4 : Operation 70 [1/1] (0.00ns)   --->   "%tmp_2 = bitselect i1 @_ssdm_op_BitSelect.i1.i33.i32, i33 %add_ln153_1, i32 32" [../stream_matmul_fixedPoint.cpp:153]   --->   Operation 70 'bitselect' 'tmp_2' <Predicate = true> <Delay = 0.00>
ST_4 : Operation 71 [1/1] (0.00ns) (grouped into LUT with out node acc_3)   --->   "%acc_2 = trunc i33 %add_ln153_1" [../stream_matmul_fixedPoint.cpp:153]   --->   Operation 71 'trunc' 'acc_2' <Predicate = true> <Delay = 0.00>
ST_4 : Operation 72 [1/1] (0.00ns)   --->   "%tmp_3 = bitselect i1 @_ssdm_op_BitSelect.i1.i32.i32, i32 %add_ln153_8, i32 31" [../stream_matmul_fixedPoint.cpp:153]   --->   Operation 72 'bitselect' 'tmp_3' <Predicate = true> <Delay = 0.00>
ST_4 : Operation 73 [1/1] (0.00ns) (grouped into LUT with out node acc_3)   --->   "%xor_ln153 = xor i1 %tmp_2, i1 1" [../stream_matmul_fixedPoint.cpp:153]   --->   Operation 73 'xor' 'xor_ln153' <Predicate = true> <Delay = 0.00> <CoreInst = "LogicGate">   --->   Core 74 'LogicGate' <Latency = 0> <II = 1> <Delay = 0.97> <FuncUnit> <Opcode : 'and' 'or' 'xor'> <InPorts = 2> <OutPorts = 1>
ST_4 : Operation 74 [1/1] (0.00ns) (grouped into LUT with out node acc_3)   --->   "%and_ln153 = and i1 %tmp_3, i1 %xor_ln153" [../stream_matmul_fixedPoint.cpp:153]   --->   Operation 74 'and' 'and_ln153' <Predicate = true> <Delay = 0.00> <CoreInst = "LogicGate">   --->   Core 74 'LogicGate' <Latency = 0> <II = 1> <Delay = 0.97> <FuncUnit> <Opcode : 'and' 'or' 'xor'> <InPorts = 2> <OutPorts = 1>
ST_4 : Operation 75 [1/1] (0.00ns) (grouped into LUT with out node acc_3)   --->   "%xor_ln153_1 = xor i1 %tmp_2, i1 %tmp_3" [../stream_matmul_fixedPoint.cpp:153]   --->   Operation 75 'xor' 'xor_ln153_1' <Predicate = true> <Delay = 0.00> <CoreInst = "LogicGate">   --->   Core 74 'LogicGate' <Latency = 0> <II = 1> <Delay = 0.97> <FuncUnit> <Opcode : 'and' 'or' 'xor'> <InPorts = 2> <OutPorts = 1>
ST_4 : Operation 76 [1/1] (0.00ns) (grouped into LUT with out node acc_3)   --->   "%select_ln153 = select i1 %and_ln153, i32 2147483647, i32 2147483648" [../stream_matmul_fixedPoint.cpp:153]   --->   Operation 76 'select' 'select_ln153' <Predicate = true> <Delay = 0.00> <CoreInst = "Sel">   --->   Core 73 'Sel' <Latency = 0> <II = 1> <Delay = 0.69> <FuncUnit> <Opcode : 'select'> <InPorts = 3> <OutPorts = 1>
ST_4 : Operation 77 [1/1] (0.97ns) (out node of the LUT)   --->   "%acc_3 = select i1 %xor_ln153_1, i32 %select_ln153, i32 %acc_2" [../stream_matmul_fixedPoint.cpp:153]   --->   Operation 77 'select' 'acc_3' <Predicate = true> <Delay = 0.97> <CoreInst = "Sel">   --->   Core 73 'Sel' <Latency = 0> <II = 1> <Delay = 0.69> <FuncUnit> <Opcode : 'select'> <InPorts = 3> <OutPorts = 1>
ST_4 : Operation 78 [1/1] (0.00ns)   --->   "%sext_ln153_18 = sext i24 %trunc_ln153_2" [../stream_matmul_fixedPoint.cpp:153]   --->   Operation 78 'sext' 'sext_ln153_18' <Predicate = true> <Delay = 0.00>
ST_4 : Operation 79 [1/1] (0.00ns)   --->   "%zext_ln153_1 = zext i1 %tmp_4" [../stream_matmul_fixedPoint.cpp:153]   --->   Operation 79 'zext' 'zext_ln153_1' <Predicate = true> <Delay = 0.00>
ST_4 : Operation 80 [1/1] (2.31ns)   --->   "%add_ln153_2 = add i25 %sext_ln153_18, i25 %zext_ln153_1" [../stream_matmul_fixedPoint.cpp:153]   --->   Operation 80 'add' 'add_ln153_2' <Predicate = true> <Delay = 2.31> <CoreInst = "Adder">   --->   Core 1 'Adder' <Latency = 0> <II = 1> <Delay = 2.31> <FuncUnit> <Opcode : 'add' 'sub'> <InPorts = 2> <OutPorts = 1>
ST_4 : Operation 81 [1/1] (0.00ns)   --->   "%sext_ln153_8 = sext i16 %A_2_load" [../stream_matmul_fixedPoint.cpp:153]   --->   Operation 81 'sext' 'sext_ln153_8' <Predicate = true> <Delay = 0.00>
ST_4 : Operation 82 [1/1] (0.00ns)   --->   "%sext_ln153_9 = sext i16 %B_2_load" [../stream_matmul_fixedPoint.cpp:153]   --->   Operation 82 'sext' 'sext_ln153_9' <Predicate = true> <Delay = 0.00>
ST_4 : Operation 83 [1/1] (5.58ns)   --->   "%mul_ln153_2 = mul i32 %sext_ln153_9, i32 %sext_ln153_8" [../stream_matmul_fixedPoint.cpp:153]   --->   Operation 83 'mul' 'mul_ln153_2' <Predicate = true> <Delay = 5.58> <CoreInst = "Multiplier">   --->   Core 3 'Multiplier' <Latency = 0> <II = 1> <Delay = 5.58> <FuncUnit> <Opcode : 'mul'> <InPorts = 2> <OutPorts = 1>
ST_4 : Operation 84 [1/1] (0.00ns)   --->   "%trunc_ln153_4 = partselect i24 @_ssdm_op_PartSelect.i24.i32.i32.i32, i32 %mul_ln153_2, i32 8, i32 31" [../stream_matmul_fixedPoint.cpp:153]   --->   Operation 84 'partselect' 'trunc_ln153_4' <Predicate = true> <Delay = 0.00>
ST_4 : Operation 85 [1/1] (0.00ns)   --->   "%tmp_7 = bitselect i1 @_ssdm_op_BitSelect.i1.i32.i32, i32 %mul_ln153_2, i32 7" [../stream_matmul_fixedPoint.cpp:153]   --->   Operation 85 'bitselect' 'tmp_7' <Predicate = true> <Delay = 0.00>
ST_4 : Operation 86 [1/1] (0.00ns)   --->   "%sext_ln153_12 = sext i16 %A_3_load" [../stream_matmul_fixedPoint.cpp:153]   --->   Operation 86 'sext' 'sext_ln153_12' <Predicate = true> <Delay = 0.00>
ST_4 : Operation 87 [1/1] (0.00ns)   --->   "%sext_ln153_13 = sext i16 %B_3_load" [../stream_matmul_fixedPoint.cpp:153]   --->   Operation 87 'sext' 'sext_ln153_13' <Predicate = true> <Delay = 0.00>
ST_4 : Operation 88 [1/1] (5.58ns)   --->   "%mul_ln153_3 = mul i32 %sext_ln153_13, i32 %sext_ln153_12" [../stream_matmul_fixedPoint.cpp:153]   --->   Operation 88 'mul' 'mul_ln153_3' <Predicate = true> <Delay = 5.58> <CoreInst = "Multiplier">   --->   Core 3 'Multiplier' <Latency = 0> <II = 1> <Delay = 5.58> <FuncUnit> <Opcode : 'mul'> <InPorts = 2> <OutPorts = 1>
ST_4 : Operation 89 [1/1] (0.00ns)   --->   "%trunc_ln153_6 = partselect i24 @_ssdm_op_PartSelect.i24.i32.i32.i32, i32 %mul_ln153_3, i32 8, i32 31" [../stream_matmul_fixedPoint.cpp:153]   --->   Operation 89 'partselect' 'trunc_ln153_6' <Predicate = true> <Delay = 0.00>
ST_4 : Operation 90 [1/1] (0.00ns)   --->   "%tmp_10 = bitselect i1 @_ssdm_op_BitSelect.i1.i32.i32, i32 %mul_ln153_3, i32 7" [../stream_matmul_fixedPoint.cpp:153]   --->   Operation 90 'bitselect' 'tmp_10' <Predicate = true> <Delay = 0.00>

State 5 <SV = 4> <Delay = 7.06>
ST_5 : Operation 91 [1/1] (0.00ns)   --->   "%sext_ln153_19 = sext i25 %add_ln153_2" [../stream_matmul_fixedPoint.cpp:153]   --->   Operation 91 'sext' 'sext_ln153_19' <Predicate = true> <Delay = 0.00>
ST_5 : Operation 92 [1/1] (0.00ns)   --->   "%sext_ln153_6 = sext i32 %acc_3" [../stream_matmul_fixedPoint.cpp:153]   --->   Operation 92 'sext' 'sext_ln153_6' <Predicate = true> <Delay = 0.00>
ST_5 : Operation 93 [1/1] (0.00ns)   --->   "%sext_ln153_7 = sext i25 %add_ln153_2" [../stream_matmul_fixedPoint.cpp:153]   --->   Operation 93 'sext' 'sext_ln153_7' <Predicate = true> <Delay = 0.00>
ST_5 : Operation 94 [1/1] (2.55ns)   --->   "%add_ln153_9 = add i32 %sext_ln153_19, i32 %acc_3" [../stream_matmul_fixedPoint.cpp:153]   --->   Operation 94 'add' 'add_ln153_9' <Predicate = true> <Delay = 2.55> <CoreInst = "Adder">   --->   Core 1 'Adder' <Latency = 0> <II = 1> <Delay = 2.55> <FuncUnit> <Opcode : 'add' 'sub'> <InPorts = 2> <OutPorts = 1>
ST_5 : Operation 95 [1/1] (2.55ns)   --->   "%add_ln153_3 = add i33 %sext_ln153_7, i33 %sext_ln153_6" [../stream_matmul_fixedPoint.cpp:153]   --->   Operation 95 'add' 'add_ln153_3' <Predicate = true> <Delay = 2.55> <CoreInst = "Adder">   --->   Core 1 'Adder' <Latency = 0> <II = 1> <Delay = 2.55> <FuncUnit> <Opcode : 'add' 'sub'> <InPorts = 2> <OutPorts = 1>
ST_5 : Operation 96 [1/1] (0.00ns)   --->   "%tmp_5 = bitselect i1 @_ssdm_op_BitSelect.i1.i33.i32, i33 %add_ln153_3, i32 32" [../stream_matmul_fixedPoint.cpp:153]   --->   Operation 96 'bitselect' 'tmp_5' <Predicate = true> <Delay = 0.00>
ST_5 : Operation 97 [1/1] (0.00ns) (grouped into LUT with out node acc_5)   --->   "%acc_4 = trunc i33 %add_ln153_3" [../stream_matmul_fixedPoint.cpp:153]   --->   Operation 97 'trunc' 'acc_4' <Predicate = true> <Delay = 0.00>
ST_5 : Operation 98 [1/1] (0.00ns)   --->   "%tmp_6 = bitselect i1 @_ssdm_op_BitSelect.i1.i32.i32, i32 %add_ln153_9, i32 31" [../stream_matmul_fixedPoint.cpp:153]   --->   Operation 98 'bitselect' 'tmp_6' <Predicate = true> <Delay = 0.00>
ST_5 : Operation 99 [1/1] (0.00ns) (grouped into LUT with out node acc_5)   --->   "%xor_ln153_2 = xor i1 %tmp_5, i1 1" [../stream_matmul_fixedPoint.cpp:153]   --->   Operation 99 'xor' 'xor_ln153_2' <Predicate = true> <Delay = 0.00> <CoreInst = "LogicGate">   --->   Core 74 'LogicGate' <Latency = 0> <II = 1> <Delay = 0.97> <FuncUnit> <Opcode : 'and' 'or' 'xor'> <InPorts = 2> <OutPorts = 1>
ST_5 : Operation 100 [1/1] (0.00ns) (grouped into LUT with out node acc_5)   --->   "%and_ln153_1 = and i1 %tmp_6, i1 %xor_ln153_2" [../stream_matmul_fixedPoint.cpp:153]   --->   Operation 100 'and' 'and_ln153_1' <Predicate = true> <Delay = 0.00> <CoreInst = "LogicGate">   --->   Core 74 'LogicGate' <Latency = 0> <II = 1> <Delay = 0.97> <FuncUnit> <Opcode : 'and' 'or' 'xor'> <InPorts = 2> <OutPorts = 1>
ST_5 : Operation 101 [1/1] (0.00ns) (grouped into LUT with out node acc_5)   --->   "%xor_ln153_3 = xor i1 %tmp_5, i1 %tmp_6" [../stream_matmul_fixedPoint.cpp:153]   --->   Operation 101 'xor' 'xor_ln153_3' <Predicate = true> <Delay = 0.00> <CoreInst = "LogicGate">   --->   Core 74 'LogicGate' <Latency = 0> <II = 1> <Delay = 0.97> <FuncUnit> <Opcode : 'and' 'or' 'xor'> <InPorts = 2> <OutPorts = 1>
ST_5 : Operation 102 [1/1] (0.00ns) (grouped into LUT with out node acc_5)   --->   "%select_ln153_2 = select i1 %and_ln153_1, i32 2147483647, i32 2147483648" [../stream_matmul_fixedPoint.cpp:153]   --->   Operation 102 'select' 'select_ln153_2' <Predicate = true> <Delay = 0.00> <CoreInst = "Sel">   --->   Core 73 'Sel' <Latency = 0> <II = 1> <Delay = 0.69> <FuncUnit> <Opcode : 'select'> <InPorts = 3> <OutPorts = 1>
ST_5 : Operation 103 [1/1] (0.97ns) (out node of the LUT)   --->   "%acc_5 = select i1 %xor_ln153_3, i32 %select_ln153_2, i32 %acc_4" [../stream_matmul_fixedPoint.cpp:153]   --->   Operation 103 'select' 'acc_5' <Predicate = true> <Delay = 0.97> <CoreInst = "Sel">   --->   Core 73 'Sel' <Latency = 0> <II = 1> <Delay = 0.69> <FuncUnit> <Opcode : 'select'> <InPorts = 3> <OutPorts = 1>
ST_5 : Operation 104 [1/1] (0.00ns)   --->   "%sext_ln153_20 = sext i24 %trunc_ln153_4" [../stream_matmul_fixedPoint.cpp:153]   --->   Operation 104 'sext' 'sext_ln153_20' <Predicate = true> <Delay = 0.00>
ST_5 : Operation 105 [1/1] (0.00ns)   --->   "%zext_ln153_2 = zext i1 %tmp_7" [../stream_matmul_fixedPoint.cpp:153]   --->   Operation 105 'zext' 'zext_ln153_2' <Predicate = true> <Delay = 0.00>
ST_5 : Operation 106 [1/1] (2.31ns)   --->   "%add_ln153_4 = add i25 %sext_ln153_20, i25 %zext_ln153_2" [../stream_matmul_fixedPoint.cpp:153]   --->   Operation 106 'add' 'add_ln153_4' <Predicate = true> <Delay = 2.31> <CoreInst = "Adder">   --->   Core 1 'Adder' <Latency = 0> <II = 1> <Delay = 2.31> <FuncUnit> <Opcode : 'add' 'sub'> <InPorts = 2> <OutPorts = 1>
ST_5 : Operation 107 [1/1] (0.00ns)   --->   "%sext_ln153_21 = sext i25 %add_ln153_4" [../stream_matmul_fixedPoint.cpp:153]   --->   Operation 107 'sext' 'sext_ln153_21' <Predicate = true> <Delay = 0.00>
ST_5 : Operation 108 [1/1] (0.00ns)   --->   "%sext_ln153_10 = sext i32 %acc_5" [../stream_matmul_fixedPoint.cpp:153]   --->   Operation 108 'sext' 'sext_ln153_10' <Predicate = true> <Delay = 0.00>
ST_5 : Operation 109 [1/1] (0.00ns)   --->   "%sext_ln153_11 = sext i25 %add_ln153_4" [../stream_matmul_fixedPoint.cpp:153]   --->   Operation 109 'sext' 'sext_ln153_11' <Predicate = true> <Delay = 0.00>
ST_5 : Operation 110 [1/1] (2.55ns)   --->   "%add_ln153_10 = add i32 %sext_ln153_21, i32 %acc_5" [../stream_matmul_fixedPoint.cpp:153]   --->   Operation 110 'add' 'add_ln153_10' <Predicate = true> <Delay = 2.55> <CoreInst = "Adder">   --->   Core 1 'Adder' <Latency = 0> <II = 1> <Delay = 2.55> <FuncUnit> <Opcode : 'add' 'sub'> <InPorts = 2> <OutPorts = 1>
ST_5 : Operation 111 [1/1] (2.55ns)   --->   "%add_ln153_5 = add i33 %sext_ln153_11, i33 %sext_ln153_10" [../stream_matmul_fixedPoint.cpp:153]   --->   Operation 111 'add' 'add_ln153_5' <Predicate = true> <Delay = 2.55> <CoreInst = "Adder">   --->   Core 1 'Adder' <Latency = 0> <II = 1> <Delay = 2.55> <FuncUnit> <Opcode : 'add' 'sub'> <InPorts = 2> <OutPorts = 1>
ST_5 : Operation 112 [1/1] (0.00ns)   --->   "%tmp_8 = bitselect i1 @_ssdm_op_BitSelect.i1.i33.i32, i33 %add_ln153_5, i32 32" [../stream_matmul_fixedPoint.cpp:153]   --->   Operation 112 'bitselect' 'tmp_8' <Predicate = true> <Delay = 0.00>
ST_5 : Operation 113 [1/1] (0.00ns) (grouped into LUT with out node acc_7)   --->   "%acc_6 = trunc i33 %add_ln153_5" [../stream_matmul_fixedPoint.cpp:153]   --->   Operation 113 'trunc' 'acc_6' <Predicate = true> <Delay = 0.00>
ST_5 : Operation 114 [1/1] (0.00ns)   --->   "%tmp_9 = bitselect i1 @_ssdm_op_BitSelect.i1.i32.i32, i32 %add_ln153_10, i32 31" [../stream_matmul_fixedPoint.cpp:153]   --->   Operation 114 'bitselect' 'tmp_9' <Predicate = true> <Delay = 0.00>
ST_5 : Operation 115 [1/1] (0.00ns) (grouped into LUT with out node acc_7)   --->   "%xor_ln153_4 = xor i1 %tmp_8, i1 1" [../stream_matmul_fixedPoint.cpp:153]   --->   Operation 115 'xor' 'xor_ln153_4' <Predicate = true> <Delay = 0.00> <CoreInst = "LogicGate">   --->   Core 74 'LogicGate' <Latency = 0> <II = 1> <Delay = 0.97> <FuncUnit> <Opcode : 'and' 'or' 'xor'> <InPorts = 2> <OutPorts = 1>
ST_5 : Operation 116 [1/1] (0.00ns) (grouped into LUT with out node acc_7)   --->   "%and_ln153_2 = and i1 %tmp_9, i1 %xor_ln153_4" [../stream_matmul_fixedPoint.cpp:153]   --->   Operation 116 'and' 'and_ln153_2' <Predicate = true> <Delay = 0.00> <CoreInst = "LogicGate">   --->   Core 74 'LogicGate' <Latency = 0> <II = 1> <Delay = 0.97> <FuncUnit> <Opcode : 'and' 'or' 'xor'> <InPorts = 2> <OutPorts = 1>
ST_5 : Operation 117 [1/1] (0.00ns) (grouped into LUT with out node acc_7)   --->   "%xor_ln153_5 = xor i1 %tmp_8, i1 %tmp_9" [../stream_matmul_fixedPoint.cpp:153]   --->   Operation 117 'xor' 'xor_ln153_5' <Predicate = true> <Delay = 0.00> <CoreInst = "LogicGate">   --->   Core 74 'LogicGate' <Latency = 0> <II = 1> <Delay = 0.97> <FuncUnit> <Opcode : 'and' 'or' 'xor'> <InPorts = 2> <OutPorts = 1>
ST_5 : Operation 118 [1/1] (0.00ns) (grouped into LUT with out node acc_7)   --->   "%select_ln153_4 = select i1 %and_ln153_2, i32 2147483647, i32 2147483648" [../stream_matmul_fixedPoint.cpp:153]   --->   Operation 118 'select' 'select_ln153_4' <Predicate = true> <Delay = 0.00> <CoreInst = "Sel">   --->   Core 73 'Sel' <Latency = 0> <II = 1> <Delay = 0.69> <FuncUnit> <Opcode : 'select'> <InPorts = 3> <OutPorts = 1>
ST_5 : Operation 119 [1/1] (0.97ns) (out node of the LUT)   --->   "%acc_7 = select i1 %xor_ln153_5, i32 %select_ln153_4, i32 %acc_6" [../stream_matmul_fixedPoint.cpp:153]   --->   Operation 119 'select' 'acc_7' <Predicate = true> <Delay = 0.97> <CoreInst = "Sel">   --->   Core 73 'Sel' <Latency = 0> <II = 1> <Delay = 0.69> <FuncUnit> <Opcode : 'select'> <InPorts = 3> <OutPorts = 1>
ST_5 : Operation 120 [1/1] (0.00ns)   --->   "%sext_ln153_22 = sext i24 %trunc_ln153_6" [../stream_matmul_fixedPoint.cpp:153]   --->   Operation 120 'sext' 'sext_ln153_22' <Predicate = true> <Delay = 0.00>
ST_5 : Operation 121 [1/1] (0.00ns)   --->   "%zext_ln153_3 = zext i1 %tmp_10" [../stream_matmul_fixedPoint.cpp:153]   --->   Operation 121 'zext' 'zext_ln153_3' <Predicate = true> <Delay = 0.00>
ST_5 : Operation 122 [1/1] (2.31ns)   --->   "%add_ln153_6 = add i25 %sext_ln153_22, i25 %zext_ln153_3" [../stream_matmul_fixedPoint.cpp:153]   --->   Operation 122 'add' 'add_ln153_6' <Predicate = true> <Delay = 2.31> <CoreInst = "Adder">   --->   Core 1 'Adder' <Latency = 0> <II = 1> <Delay = 2.31> <FuncUnit> <Opcode : 'add' 'sub'> <InPorts = 2> <OutPorts = 1>

State 6 <SV = 5> <Delay = 5.11>
ST_6 : Operation 123 [1/1] (0.00ns)   --->   "%specpipeline_ln148 = specpipeline void @_ssdm_op_SpecPipeline, i32 4294967295, i32 0, i32 0, i32 0, i32 4294967295, void @empty_1" [../stream_matmul_fixedPoint.cpp:148]   --->   Operation 123 'specpipeline' 'specpipeline_ln148' <Predicate = true> <Delay = 0.00>
ST_6 : Operation 124 [1/1] (0.00ns)   --->   "%speclooptripcount_ln148 = speclooptripcount void @_ssdm_op_SpecLoopTripCount, i64 4, i64 4, i64 4" [../stream_matmul_fixedPoint.cpp:148]   --->   Operation 124 'speclooptripcount' 'speclooptripcount_ln148' <Predicate = true> <Delay = 0.00>
ST_6 : Operation 125 [1/1] (0.00ns)   --->   "%specloopname_ln151 = specloopname void @_ssdm_op_SpecLoopName, void @empty_9" [../stream_matmul_fixedPoint.cpp:151]   --->   Operation 125 'specloopname' 'specloopname_ln151' <Predicate = true> <Delay = 0.00>
ST_6 : Operation 126 [1/1] (0.00ns)   --->   "%sext_ln153_23 = sext i25 %add_ln153_6" [../stream_matmul_fixedPoint.cpp:153]   --->   Operation 126 'sext' 'sext_ln153_23' <Predicate = true> <Delay = 0.00>
ST_6 : Operation 127 [1/1] (0.00ns)   --->   "%sext_ln153_14 = sext i32 %acc_7" [../stream_matmul_fixedPoint.cpp:153]   --->   Operation 127 'sext' 'sext_ln153_14' <Predicate = true> <Delay = 0.00>
ST_6 : Operation 128 [1/1] (0.00ns)   --->   "%sext_ln153_15 = sext i25 %add_ln153_6" [../stream_matmul_fixedPoint.cpp:153]   --->   Operation 128 'sext' 'sext_ln153_15' <Predicate = true> <Delay = 0.00>
ST_6 : Operation 129 [1/1] (2.55ns)   --->   "%add_ln153_11 = add i32 %sext_ln153_23, i32 %acc_7" [../stream_matmul_fixedPoint.cpp:153]   --->   Operation 129 'add' 'add_ln153_11' <Predicate = true> <Delay = 2.55> <CoreInst = "Adder">   --->   Core 1 'Adder' <Latency = 0> <II = 1> <Delay = 2.55> <FuncUnit> <Opcode : 'add' 'sub'> <InPorts = 2> <OutPorts = 1>
ST_6 : Operation 130 [1/1] (2.55ns)   --->   "%add_ln153_7 = add i33 %sext_ln153_15, i33 %sext_ln153_14" [../stream_matmul_fixedPoint.cpp:153]   --->   Operation 130 'add' 'add_ln153_7' <Predicate = true> <Delay = 2.55> <CoreInst = "Adder">   --->   Core 1 'Adder' <Latency = 0> <II = 1> <Delay = 2.55> <FuncUnit> <Opcode : 'add' 'sub'> <InPorts = 2> <OutPorts = 1>
ST_6 : Operation 131 [1/1] (0.00ns)   --->   "%tmp_11 = bitselect i1 @_ssdm_op_BitSelect.i1.i33.i32, i33 %add_ln153_7, i32 32" [../stream_matmul_fixedPoint.cpp:153]   --->   Operation 131 'bitselect' 'tmp_11' <Predicate = true> <Delay = 0.00>
ST_6 : Operation 132 [1/1] (0.00ns) (grouped into LUT with out node acc_9)   --->   "%acc_8 = trunc i33 %add_ln153_7" [../stream_matmul_fixedPoint.cpp:153]   --->   Operation 132 'trunc' 'acc_8' <Predicate = true> <Delay = 0.00>
ST_6 : Operation 133 [1/1] (0.00ns)   --->   "%tmp_12 = bitselect i1 @_ssdm_op_BitSelect.i1.i32.i32, i32 %add_ln153_11, i32 31" [../stream_matmul_fixedPoint.cpp:153]   --->   Operation 133 'bitselect' 'tmp_12' <Predicate = true> <Delay = 0.00>
ST_6 : Operation 134 [1/1] (0.00ns) (grouped into LUT with out node acc_9)   --->   "%xor_ln153_6 = xor i1 %tmp_11, i1 1" [../stream_matmul_fixedPoint.cpp:153]   --->   Operation 134 'xor' 'xor_ln153_6' <Predicate = true> <Delay = 0.00> <CoreInst = "LogicGate">   --->   Core 74 'LogicGate' <Latency = 0> <II = 1> <Delay = 0.97> <FuncUnit> <Opcode : 'and' 'or' 'xor'> <InPorts = 2> <OutPorts = 1>
ST_6 : Operation 135 [1/1] (0.00ns) (grouped into LUT with out node acc_9)   --->   "%and_ln153_3 = and i1 %tmp_12, i1 %xor_ln153_6" [../stream_matmul_fixedPoint.cpp:153]   --->   Operation 135 'and' 'and_ln153_3' <Predicate = true> <Delay = 0.00> <CoreInst = "LogicGate">   --->   Core 74 'LogicGate' <Latency = 0> <II = 1> <Delay = 0.97> <FuncUnit> <Opcode : 'and' 'or' 'xor'> <InPorts = 2> <OutPorts = 1>
ST_6 : Operation 136 [1/1] (0.00ns) (grouped into LUT with out node acc_9)   --->   "%xor_ln153_7 = xor i1 %tmp_11, i1 %tmp_12" [../stream_matmul_fixedPoint.cpp:153]   --->   Operation 136 'xor' 'xor_ln153_7' <Predicate = true> <Delay = 0.00> <CoreInst = "LogicGate">   --->   Core 74 'LogicGate' <Latency = 0> <II = 1> <Delay = 0.97> <FuncUnit> <Opcode : 'and' 'or' 'xor'> <InPorts = 2> <OutPorts = 1>
ST_6 : Operation 137 [1/1] (0.00ns) (grouped into LUT with out node acc_9)   --->   "%select_ln153_6 = select i1 %and_ln153_3, i32 2147483647, i32 2147483648" [../stream_matmul_fixedPoint.cpp:153]   --->   Operation 137 'select' 'select_ln153_6' <Predicate = true> <Delay = 0.00> <CoreInst = "Sel">   --->   Core 73 'Sel' <Latency = 0> <II = 1> <Delay = 0.69> <FuncUnit> <Opcode : 'select'> <InPorts = 3> <OutPorts = 1>
ST_6 : Operation 138 [1/1] (0.97ns) (out node of the LUT)   --->   "%acc_9 = select i1 %xor_ln153_7, i32 %select_ln153_6, i32 %acc_8" [../stream_matmul_fixedPoint.cpp:153]   --->   Operation 138 'select' 'acc_9' <Predicate = true> <Delay = 0.97> <CoreInst = "Sel">   --->   Core 73 'Sel' <Latency = 0> <II = 1> <Delay = 0.69> <FuncUnit> <Opcode : 'select'> <InPorts = 3> <OutPorts = 1>
ST_6 : Operation 139 [1/1] (1.58ns)   --->   "%store_ln148 = store i32 %acc_9, i32 %acc_1" [../stream_matmul_fixedPoint.cpp:148]   --->   Operation 139 'store' 'store_ln148' <Predicate = true> <Delay = 1.58>
ST_6 : Operation 140 [1/1] (0.00ns)   --->   "%br_ln151 = br void %for.body64" [../stream_matmul_fixedPoint.cpp:151]   --->   Operation 140 'br' 'br_ln151' <Predicate = true> <Delay = 0.00>


============================================================
+ Verbose Summary: Timing violations
============================================================
Target clock period: 10.000ns, clock uncertainty: 2.700ns.

 <State 1>: 4.956ns
The critical path consists of the following:
	'store' operation ('store_ln84', ../stream_matmul_fixedPoint.cpp:84) of constant 0 5 bit on local variable 'k', ../stream_matmul_fixedPoint.cpp:84 [18]  (1.588 ns)
	'load' operation 5 bit ('k', ../stream_matmul_fixedPoint.cpp:151) on local variable 'k', ../stream_matmul_fixedPoint.cpp:84 [22]  (0.000 ns)
	'add' operation 5 bit ('add_ln151', ../stream_matmul_fixedPoint.cpp:151) [135]  (1.780 ns)
	'store' operation ('store_ln84', ../stream_matmul_fixedPoint.cpp:84) of variable 'add_ln151', ../stream_matmul_fixedPoint.cpp:151 5 bit on local variable 'k', ../stream_matmul_fixedPoint.cpp:84 [136]  (1.588 ns)

 <State 2>: 3.254ns
The critical path consists of the following:
	'load' operation 16 bit ('A_load', ../stream_matmul_fixedPoint.cpp:153) on array 'A' [43]  (3.254 ns)

 <State 3>: 5.580ns
The critical path consists of the following:
	'mul' operation 32 bit ('mul_ln153', ../stream_matmul_fixedPoint.cpp:153) [47]  (5.580 ns)

 <State 4>: 5.845ns
The critical path consists of the following:
	'add' operation 25 bit ('add_ln153', ../stream_matmul_fixedPoint.cpp:153) [52]  (2.314 ns)
	'add' operation 33 bit ('add_ln153_1', ../stream_matmul_fixedPoint.cpp:153) [57]  (2.552 ns)
	'select' operation 32 bit ('acc', ../stream_matmul_fixedPoint.cpp:153) [65]  (0.978 ns)

 <State 5>: 7.060ns
The critical path consists of the following:
	'add' operation 32 bit ('add_ln153_9', ../stream_matmul_fixedPoint.cpp:153) [79]  (2.552 ns)
	'xor' operation 1 bit ('xor_ln153_3', ../stream_matmul_fixedPoint.cpp:153) [86]  (0.000 ns)
	'select' operation 32 bit ('acc', ../stream_matmul_fixedPoint.cpp:153) [88]  (0.978 ns)
	'add' operation 33 bit ('add_ln153_5', ../stream_matmul_fixedPoint.cpp:153) [103]  (2.552 ns)
	'select' operation 32 bit ('acc', ../stream_matmul_fixedPoint.cpp:153) [111]  (0.978 ns)

 <State 6>: 5.118ns
The critical path consists of the following:
	'add' operation 32 bit ('add_ln153_11', ../stream_matmul_fixedPoint.cpp:153) [125]  (2.552 ns)
	'and' operation 1 bit ('and_ln153_3', ../stream_matmul_fixedPoint.cpp:153) [131]  (0.000 ns)
	'select' operation 32 bit ('select_ln153_6', ../stream_matmul_fixedPoint.cpp:153) [133]  (0.000 ns)
	'select' operation 32 bit ('acc', ../stream_matmul_fixedPoint.cpp:153) [134]  (0.978 ns)
	'store' operation ('store_ln148', ../stream_matmul_fixedPoint.cpp:148) of variable 'acc', ../stream_matmul_fixedPoint.cpp:153 32 bit on local variable 'acc', ../stream_matmul_fixedPoint.cpp:148 [137]  (1.588 ns)


============================================================
+ Verbose Summary: Binding
============================================================
N/A
* FSMD analyzer results:
  - Output states:
 - Input state : 
  - Chain level:
	State 1
	State 2
	State 3
	State 4
	State 5
	State 6


============================================================
+ Verbose Summary: Datapath Resource usage 
============================================================
N/A
