D:\HWSW\hls_component\stream_matmul\hls\.autopilot\db\stream_matmul.pp.0.cpp:2386:5: warning: Added loop label VITIS_LOOP_676_1:   [xilinx-label-all-loops]
    for (unsigned i = low; i != high+1; ++i) {
    ^~~
    VITIS_LOOP_676_1: 
D:\HWSW\hls_component\stream_matmul\hls\.autopilot\db\stream_matmul.pp.0.cpp:2386:5: note: FIX-IT applied suggested code changes
D:\HWSW\hls_component\stream_matmul\hls\.autopilot\db\stream_matmul.pp.0.cpp:2400:5: warning: Added loop label VITIS_LOOP_690_1:   [xilinx-label-all-loops]
    for (unsigned i = low; i != high+1; ++i) {
    ^~~
    VITIS_LOOP_690_1: 
D:\HWSW\hls_component\stream_matmul\hls\.autopilot\db\stream_matmul.pp.0.cpp:2400:5: note: FIX-IT applied suggested code changes
D:\HWSW\hls_component\stream_matmul\hls\.autopilot\db\stream_matmul.pp.0.cpp:2414:5: warning: Added loop label VITIS_LOOP_704_1:   [xilinx-label-all-loops]
    for (unsigned i = low; i != high+1; ++i) {
    ^~~
    VITIS_LOOP_704_1: 
D:\HWSW\hls_component\stream_matmul\hls\.autopilot\db\stream_matmul.pp.0.cpp:2414:5: note: FIX-IT applied suggested code changes
D:\HWSW\hls_component\stream_matmul\hls\.autopilot\db\stream_matmul.pp.0.cpp:4382:7: warning: Added loop label VITIS_LOOP_1248_1:   [xilinx-label-all-loops]
      for (i = 0; i < __N - 1; ++i) {
      ^~~
      VITIS_LOOP_1248_1: 
D:\HWSW\hls_component\stream_matmul\hls\.autopilot\db\stream_matmul.pp.0.cpp:4382:7: note: FIX-IT applied suggested code changes
D:\HWSW\hls_component\stream_matmul\hls\.autopilot\db\stream_matmul.pp.0.cpp:10299:5: warning: Added loop label VITIS_LOOP_55_1:   [xilinx-label-all-loops]
    for (i = 0; i < 16; i++) {
    ^~~
    VITIS_LOOP_55_1: 
D:\HWSW\hls_component\stream_matmul\hls\.autopilot\db\stream_matmul.pp.0.cpp:10299:5: note: FIX-IT applied suggested code changes
D:\HWSW\hls_component\stream_matmul\hls\.autopilot\db\stream_matmul.pp.0.cpp:10300:9: warning: Added loop label VITIS_LOOP_56_2:   [xilinx-label-all-loops]
        for (j = 0; j < 16; j++) {
        ^~~
        VITIS_LOOP_56_2: 
D:\HWSW\hls_component\stream_matmul\hls\.autopilot\db\stream_matmul.pp.0.cpp:10300:9: note: FIX-IT applied suggested code changes
D:\HWSW\hls_component\stream_matmul\hls\.autopilot\db\stream_matmul.pp.0.cpp:10307:5: warning: Added loop label VITIS_LOOP_63_3:   [xilinx-label-all-loops]
    for (kk = 0; kk < (64 / 16); kk++) {
    ^~~
    VITIS_LOOP_63_3: 
D:\HWSW\hls_component\stream_matmul\hls\.autopilot\db\stream_matmul.pp.0.cpp:10307:5: note: FIX-IT applied suggested code changes
D:\HWSW\hls_component\stream_matmul\hls\.autopilot\db\stream_matmul.pp.0.cpp:10310:9: warning: Added loop label VITIS_LOOP_66_4:   [xilinx-label-all-loops]
        for (i = 0; i < 16; i++) {
        ^~~
        VITIS_LOOP_66_4: 
D:\HWSW\hls_component\stream_matmul\hls\.autopilot\db\stream_matmul.pp.0.cpp:10310:9: note: FIX-IT applied suggested code changes
D:\HWSW\hls_component\stream_matmul\hls\.autopilot\db\stream_matmul.pp.0.cpp:10311:13: warning: Added loop label VITIS_LOOP_67_5:   [xilinx-label-all-loops]
            for (j = 0; j < 16; j++) {
            ^~~
            VITIS_LOOP_67_5: 
D:\HWSW\hls_component\stream_matmul\hls\.autopilot\db\stream_matmul.pp.0.cpp:10311:13: note: FIX-IT applied suggested code changes
D:\HWSW\hls_component\stream_matmul\hls\.autopilot\db\stream_matmul.pp.0.cpp:10318:9: warning: Added loop label VITIS_LOOP_74_6:   [xilinx-label-all-loops]
        for (i = 0; i < 16; i++) {
        ^~~
        VITIS_LOOP_74_6: 
D:\HWSW\hls_component\stream_matmul\hls\.autopilot\db\stream_matmul.pp.0.cpp:10318:9: note: FIX-IT applied suggested code changes
D:\HWSW\hls_component\stream_matmul\hls\.autopilot\db\stream_matmul.pp.0.cpp:10319:13: warning: Added loop label VITIS_LOOP_75_7:   [xilinx-label-all-loops]
            for (j = 0; j < 16; j++) {
            ^~~
            VITIS_LOOP_75_7: 
D:\HWSW\hls_component\stream_matmul\hls\.autopilot\db\stream_matmul.pp.0.cpp:10319:13: note: FIX-IT applied suggested code changes
D:\HWSW\hls_component\stream_matmul\hls\.autopilot\db\stream_matmul.pp.0.cpp:10327:9: warning: Added loop label VITIS_LOOP_83_8:   [xilinx-label-all-loops]
        for (i = 0; i < 16; i++) {
        ^~~
        VITIS_LOOP_83_8: 
D:\HWSW\hls_component\stream_matmul\hls\.autopilot\db\stream_matmul.pp.0.cpp:10327:9: note: FIX-IT applied suggested code changes
D:\HWSW\hls_component\stream_matmul\hls\.autopilot\db\stream_matmul.pp.0.cpp:10328:13: warning: Added loop label VITIS_LOOP_84_9:   [xilinx-label-all-loops]
            for (j = 0; j < 16; j++) {
            ^~~
            VITIS_LOOP_84_9: 
D:\HWSW\hls_component\stream_matmul\hls\.autopilot\db\stream_matmul.pp.0.cpp:10328:13: note: FIX-IT applied suggested code changes
D:\HWSW\hls_component\stream_matmul\hls\.autopilot\db\stream_matmul.pp.0.cpp:10331:17: warning: Added loop label VITIS_LOOP_87_10:   [xilinx-label-all-loops]
                for (k = 0; k < 16; k++) {
                ^~~
                VITIS_LOOP_87_10: 
D:\HWSW\hls_component\stream_matmul\hls\.autopilot\db\stream_matmul.pp.0.cpp:10331:17: note: FIX-IT applied suggested code changes
D:\HWSW\hls_component\stream_matmul\hls\.autopilot\db\stream_matmul.pp.0.cpp:10342:5: warning: Added loop label VITIS_LOOP_98_11:   [xilinx-label-all-loops]
    for (i = 0; i < 16; i++) {
    ^~~
    VITIS_LOOP_98_11: 
D:\HWSW\hls_component\stream_matmul\hls\.autopilot\db\stream_matmul.pp.0.cpp:10342:5: note: FIX-IT applied suggested code changes
D:\HWSW\hls_component\stream_matmul\hls\.autopilot\db\stream_matmul.pp.0.cpp:10343:9: warning: Added loop label VITIS_LOOP_99_12:   [xilinx-label-all-loops]
        for (j = 0; j < 16; j++) {
        ^~~
        VITIS_LOOP_99_12: 
D:\HWSW\hls_component\stream_matmul\hls\.autopilot\db\stream_matmul.pp.0.cpp:10343:9: note: FIX-IT applied suggested code changes
