

================================================================
== Vitis HLS Report for 'stream_matmul_Pipeline_write_c_i_write_c_j'
================================================================
* Date:           Tue May 19 17:15:04 2026

* Version:        2025.2 (Build 6295257 on Nov 14 2025)
* Project:        stream_matmul
* Solution:       hls (Vivado IP Flow Target)
* Product family: zynq
* Target device:  xc7z010-clg400-1


================================================================
== Performance Estimates
================================================================
+ Timing: 
    * Summary: 
    +--------+----------+----------+------------+
    |  Clock |  Target  | Estimated| Uncertainty|
    +--------+----------+----------+------------+
    |ap_clk  |  10.00 ns|  6.371 ns|     2.70 ns|
    +--------+----------+----------+------------+

+ Latency: 
    * Summary: 
    +---------+---------+----------+----------+-----+-----+-------------------+
    |  Latency (cycles) |  Latency (absolute) |  Interval |      Pipeline     |
    |   min   |   max   |    min   |    max   | min | max |        Type       |
    +---------+---------+----------+----------+-----+-----+-------------------+
    |      259|      259|  2.590 us|  2.590 us|    0|    0|  loop pipeline stp|
    +---------+---------+----------+----------+-----+-----+-------------------+

    + Detail: 
        * Instance: 
        N/A

        * Loop: 
        +-----------------------+---------+---------+----------+-----------+-----------+------+----------+
        |                       |  Latency (cycles) | Iteration|  Initiation Interval  | Trip |          |
        |       Loop Name       |   min   |   max   |  Latency |  achieved |   target  | Count| Pipelined|
        +-----------------------+---------+---------+----------+-----------+-----------+------+----------+
        |- write_c_i_write_c_j  |      257|      257|         3|          1|          1|   256|       yes|
        +-----------------------+---------+---------+----------+-----------+-----------+------+----------+



================================================================
== Utilization Estimates
================================================================
* Summary: 
+-----------------+---------+----+-------+-------+-----+
|       Name      | BRAM_18K| DSP|   FF  |  LUT  | URAM|
+-----------------+---------+----+-------+-------+-----+
|DSP              |        -|   -|      -|      -|    -|
|Expression       |        -|   -|      0|    109|    -|
|FIFO             |        -|   -|      -|      -|    -|
|Instance         |        -|   -|      0|     20|    -|
|Memory           |        -|   -|      -|      -|    -|
|Multiplexer      |        -|   -|      0|     63|    -|
|Register         |        -|   -|     27|      -|    -|
+-----------------+---------+----+-------+-------+-----+
|Total            |        0|   0|     27|    192|    0|
+-----------------+---------+----+-------+-------+-----+
|Available        |      120|  80|  35200|  17600|    0|
+-----------------+---------+----+-------+-------+-----+
|Utilization (%)  |        0|   0|     ~0|      1|    0|
+-----------------+---------+----+-------+-------+-----+

+ Detail: 
    * Instance: 
    +--------------------------+----------------------+---------+----+---+----+-----+
    |         Instance         |        Module        | BRAM_18K| DSP| FF| LUT| URAM|
    +--------------------------+----------------------+---------+----+---+----+-----+
    |sparsemux_9_2_32_1_1_U38  |sparsemux_9_2_32_1_1  |        0|   0|  0|  20|    0|
    +--------------------------+----------------------+---------+----+---+----+-----+
    |Total                     |                      |        0|   0|  0|  20|    0|
    +--------------------------+----------------------+---------+----+---+----+-----+

    * DSP: 
    N/A

    * Memory: 
    N/A

    * FIFO: 
    N/A

    * Expression: 
    +--------------------------------+----------+----+---+----+------------+------------+
    |          Variable Name         | Operation| DSP| FF| LUT| Bitwidth P0| Bitwidth P1|
    +--------------------------------+----------+----+---+----+------------+------------+
    |add_ln166_1_fu_192_p2           |         +|   0|  0|  14|           9|           1|
    |add_ln166_fu_209_p2             |         +|   0|  0|  13|           5|           1|
    |add_ln168_fu_289_p2             |         +|   0|  0|  13|           5|           1|
    |ap_block_pp0_stage0_01001_grp1  |       and|   0|  0|   2|           1|           1|
    |last_fu_283_p2                  |       and|   0|  0|   2|           1|           1|
    |icmp_ln166_fu_186_p2            |      icmp|   0|  0|  13|           9|          10|
    |icmp_ln168_fu_215_p2            |      icmp|   0|  0|  14|           5|           6|
    |icmp_ln170_1_fu_277_p2          |      icmp|   0|  0|  13|           5|           4|
    |icmp_ln170_fu_241_p2            |      icmp|   0|  0|  13|           5|           4|
    |select_ln166_fu_229_p3          |    select|   0|  0|   5|           1|           5|
    |select_ln84_fu_221_p3           |    select|   0|  0|   5|           1|           1|
    |ap_enable_pp0                   |       xor|   0|  0|   2|           1|           2|
    +--------------------------------+----------+----+---+----+------------+------------+
    |Total                           |          |   0|  0| 109|          48|          37|
    +--------------------------------+----------+----+---+----+------------+------------+

    * Multiplexer: 
    +----------------------------------------+----+-----------+-----+-----------+
    |                  Name                  | LUT| Input Size| Bits| Total Bits|
    +----------------------------------------+----+-----------+-----+-----------+
    |ap_done_int                             |   9|          2|    1|          2|
    |ap_enable_reg_pp0_iter1                 |   9|          2|    1|          2|
    |ap_sig_allocacmp_indvar_flatten20_load  |   9|          2|    9|         18|
    |i_fu_90                                 |   9|          2|    5|         10|
    |indvar_flatten20_fu_94                  |   9|          2|    9|         18|
    |j_fu_86                                 |   9|          2|    5|         10|
    |out_stream_TDATA_blk_n                  |   9|          2|    1|          2|
    +----------------------------------------+----+-----------+-----+-----------+
    |Total                                   |  63|         14|   31|         62|
    +----------------------------------------+----+-----------+-----+-----------+

    * Register: 
    +----------------------------------+---+----+-----+-----------+
    |               Name               | FF| LUT| Bits| Const Bits|
    +----------------------------------+---+----+-----+-----------+
    |ap_CS_fsm                         |  1|   0|    1|          0|
    |ap_done_reg                       |  1|   0|    1|          0|
    |ap_enable_reg_pp0_iter1           |  1|   0|    1|          0|
    |ap_enable_reg_pp0_iter2           |  1|   0|    1|          0|
    |ap_loop_exit_ready_pp0_iter1_reg  |  1|   0|    1|          0|
    |i_fu_90                           |  5|   0|    5|          0|
    |indvar_flatten20_fu_94            |  9|   0|    9|          0|
    |j_fu_86                           |  5|   0|    5|          0|
    |last_reg_379                      |  1|   0|    1|          0|
    |trunc_ln168_reg_354               |  2|   0|    2|          0|
    +----------------------------------+---+----+-----+-----------+
    |Total                             | 27|   0|   27|          0|
    +----------------------------------+---+----+-----+-----------+



================================================================
== Interface
================================================================
* Summary: 
+-------------------+-----+-----+------------+--------------------------------------------+--------------+
|     RTL Ports     | Dir | Bits|  Protocol  |                Source Object               |    C Type    |
+-------------------+-----+-----+------------+--------------------------------------------+--------------+
|ap_clk             |   in|    1|  ap_ctrl_hs|  stream_matmul_Pipeline_write_c_i_write_c_j|  return value|
|ap_rst             |   in|    1|  ap_ctrl_hs|  stream_matmul_Pipeline_write_c_i_write_c_j|  return value|
|ap_start           |   in|    1|  ap_ctrl_hs|  stream_matmul_Pipeline_write_c_i_write_c_j|  return value|
|ap_done            |  out|    1|  ap_ctrl_hs|  stream_matmul_Pipeline_write_c_i_write_c_j|  return value|
|ap_idle            |  out|    1|  ap_ctrl_hs|  stream_matmul_Pipeline_write_c_i_write_c_j|  return value|
|ap_ready           |  out|    1|  ap_ctrl_hs|  stream_matmul_Pipeline_write_c_i_write_c_j|  return value|
|out_stream_TREADY  |   in|    1|        axis|                         out_stream_V_data_V|       pointer|
|out_stream_TDATA   |  out|   32|        axis|                         out_stream_V_data_V|       pointer|
|C_address0         |  out|    6|   ap_memory|                                           C|         array|
|C_ce0              |  out|    1|   ap_memory|                                           C|         array|
|C_q0               |   in|   32|   ap_memory|                                           C|         array|
|C_1_address0       |  out|    6|   ap_memory|                                         C_1|         array|
|C_1_ce0            |  out|    1|   ap_memory|                                         C_1|         array|
|C_1_q0             |   in|   32|   ap_memory|                                         C_1|         array|
|C_2_address0       |  out|    6|   ap_memory|                                         C_2|         array|
|C_2_ce0            |  out|    1|   ap_memory|                                         C_2|         array|
|C_2_q0             |   in|   32|   ap_memory|                                         C_2|         array|
|C_3_address0       |  out|    6|   ap_memory|                                         C_3|         array|
|C_3_ce0            |  out|    1|   ap_memory|                                         C_3|         array|
|C_3_q0             |   in|   32|   ap_memory|                                         C_3|         array|
|out_stream_TVALID  |  out|    1|        axis|                         out_stream_V_last_V|       pointer|
|out_stream_TLAST   |  out|    1|        axis|                         out_stream_V_last_V|       pointer|
|out_stream_TKEEP   |  out|    4|        axis|                         out_stream_V_keep_V|       pointer|
|out_stream_TSTRB   |  out|    4|        axis|                         out_stream_V_strb_V|       pointer|
+-------------------+-----+-----+------------+--------------------------------------------+--------------+

============================================================
+ Verbose Summary: Synthesis Manager
============================================================
InlineROM: 1
ExposeGlobal: 0
============================================================
+ Verbose Summary: CDFG Model
============================================================
IsTopModel: 0
ResetActiveHigh: 1
IsCombinational: 2
IsDatapathOnly: 2
HasWiredReturn: 1
HasMFsm: 2
HasVarLatency: 1
IsPipeline: 0
IsRtlPipelined: 0
IsInstanceOverlapped: 0
IsDontTouch: 0
HasImplIP: 0
IsGatedGlobalClock: 0

+ Individual pipeline summary: 
  * Pipeline-0: initiation interval (II) = 1, depth = 3


============================================================
+ Verbose Summary: Schedule
============================================================
* Number of FSM states : 3
* Pipeline : 1
  Pipeline-0 : II = 1, D = 3, States = { 1 2 3 }
* Dataflow Pipeline: 0

* FSM state transitions: 
1 --> 2 
2 --> 3 
3 --> 

* FSM state operations: 

State 1 <SV = 0> <Delay = 4.99>
ST_1 : Operation 6 [1/1] (0.00ns)   --->   "%j = alloca i32 1" [../stream_matmul_fixedPoint.cpp:84]   --->   Operation 6 'alloca' 'j' <Predicate = true> <Delay = 0.00>
ST_1 : Operation 7 [1/1] (0.00ns)   --->   "%i = alloca i32 1" [../stream_matmul_fixedPoint.cpp:84]   --->   Operation 7 'alloca' 'i' <Predicate = true> <Delay = 0.00>
ST_1 : Operation 8 [1/1] (0.00ns)   --->   "%indvar_flatten20 = alloca i32 1"   --->   Operation 8 'alloca' 'indvar_flatten20' <Predicate = true> <Delay = 0.00>
ST_1 : Operation 9 [1/1] (0.00ns)   --->   "%specaxissidechannel_ln0 = specaxissidechannel void @_ssdm_op_SpecAXISSideChannel, i32 %out_stream_V_data_V, i4 %out_stream_V_keep_V, i4 %out_stream_V_strb_V, i1 0, i1 %out_stream_V_last_V, i1 0, i1 0, void @empty_6"   --->   Operation 9 'specaxissidechannel' 'specaxissidechannel_ln0' <Predicate = true> <Delay = 0.00>
ST_1 : Operation 10 [1/1] (0.00ns)   --->   "%specinterface_ln0 = specinterface void @_ssdm_op_SpecInterface, i1 %out_stream_V_last_V, i4 %out_stream_V_strb_V, i4 %out_stream_V_keep_V, i32 %out_stream_V_data_V, void @empty, i32 0, i32 0, void @empty_0, i32 0, i32 0, void @empty_1, void @empty_1, void @empty_1, i32 0, i32 0, i32 0, i32 0, void @empty_1, void @empty_1, i32 4294967295, i32 0, i32 0, i32 0"   --->   Operation 10 'specinterface' 'specinterface_ln0' <Predicate = true> <Delay = 0.00>
ST_1 : Operation 11 [1/1] (1.58ns)   --->   "%store_ln0 = store i9 0, i9 %indvar_flatten20"   --->   Operation 11 'store' 'store_ln0' <Predicate = true> <Delay = 1.58>
ST_1 : Operation 12 [1/1] (1.58ns)   --->   "%store_ln84 = store i5 0, i5 %i" [../stream_matmul_fixedPoint.cpp:84]   --->   Operation 12 'store' 'store_ln84' <Predicate = true> <Delay = 1.58>
ST_1 : Operation 13 [1/1] (1.58ns)   --->   "%store_ln84 = store i5 0, i5 %j" [../stream_matmul_fixedPoint.cpp:84]   --->   Operation 13 'store' 'store_ln84' <Predicate = true> <Delay = 1.58>
ST_1 : Operation 14 [1/1] (0.00ns)   --->   "%br_ln0 = br void %for.body96"   --->   Operation 14 'br' 'br_ln0' <Predicate = true> <Delay = 0.00>
ST_1 : Operation 15 [1/1] (0.00ns)   --->   "%indvar_flatten20_load = load i9 %indvar_flatten20" [../stream_matmul_fixedPoint.cpp:166]   --->   Operation 15 'load' 'indvar_flatten20_load' <Predicate = true> <Delay = 0.00>
ST_1 : Operation 16 [1/1] (1.82ns)   --->   "%icmp_ln166 = icmp_eq  i9 %indvar_flatten20_load, i9 256" [../stream_matmul_fixedPoint.cpp:166]   --->   Operation 16 'icmp' 'icmp_ln166' <Predicate = true> <Delay = 1.82> <CoreInst = "Cmp">   --->   Core 9 'Cmp' <Latency = 0> <II = 1> <Delay = 1.73> <FuncUnit> <Opcode : 'seteq' 'setne' 'setle' 'setge' 'setlt' 'setgt'> <InPorts = 2> <OutPorts = 1>
ST_1 : Operation 17 [1/1] (1.82ns)   --->   "%add_ln166_1 = add i9 %indvar_flatten20_load, i9 1" [../stream_matmul_fixedPoint.cpp:166]   --->   Operation 17 'add' 'add_ln166_1' <Predicate = true> <Delay = 1.82> <CoreInst = "Adder">   --->   Core 1 'Adder' <Latency = 0> <II = 1> <Delay = 1.82> <FuncUnit> <Opcode : 'add' 'sub'> <InPorts = 2> <OutPorts = 1>
ST_1 : Operation 18 [1/1] (0.00ns)   --->   "%br_ln166 = br i1 %icmp_ln166, void %for.inc108, void %for.end110.exitStub" [../stream_matmul_fixedPoint.cpp:166]   --->   Operation 18 'br' 'br_ln166' <Predicate = true> <Delay = 0.00>
ST_1 : Operation 19 [1/1] (1.58ns)   --->   "%store_ln166 = store i9 %add_ln166_1, i9 %indvar_flatten20" [../stream_matmul_fixedPoint.cpp:166]   --->   Operation 19 'store' 'store_ln166' <Predicate = (!icmp_ln166)> <Delay = 1.58>

State 2 <SV = 1> <Delay = 6.36>
ST_2 : Operation 20 [1/1] (0.00ns)   --->   "%j_load = load i5 %j" [../stream_matmul_fixedPoint.cpp:168]   --->   Operation 20 'load' 'j_load' <Predicate = true> <Delay = 0.00>
ST_2 : Operation 21 [1/1] (0.00ns)   --->   "%i_load = load i5 %i" [../stream_matmul_fixedPoint.cpp:166]   --->   Operation 21 'load' 'i_load' <Predicate = true> <Delay = 0.00>
ST_2 : Operation 22 [1/1] (1.78ns)   --->   "%add_ln166 = add i5 %i_load, i5 1" [../stream_matmul_fixedPoint.cpp:166]   --->   Operation 22 'add' 'add_ln166' <Predicate = true> <Delay = 1.78> <CoreInst = "Adder">   --->   Core 1 'Adder' <Latency = 0> <II = 1> <Delay = 1.78> <FuncUnit> <Opcode : 'add' 'sub'> <InPorts = 2> <OutPorts = 1>
ST_2 : Operation 23 [1/1] (1.78ns)   --->   "%icmp_ln168 = icmp_eq  i5 %j_load, i5 16" [../stream_matmul_fixedPoint.cpp:168]   --->   Operation 23 'icmp' 'icmp_ln168' <Predicate = true> <Delay = 1.78> <CoreInst = "Cmp">   --->   Core 9 'Cmp' <Latency = 0> <II = 1> <Delay = 1.82> <FuncUnit> <Opcode : 'seteq' 'setne' 'setle' 'setge' 'setlt' 'setgt'> <InPorts = 2> <OutPorts = 1>
ST_2 : Operation 24 [1/1] (1.21ns)   --->   "%select_ln84 = select i1 %icmp_ln168, i5 0, i5 %j_load" [../stream_matmul_fixedPoint.cpp:84]   --->   Operation 24 'select' 'select_ln84' <Predicate = true> <Delay = 1.21> <CoreInst = "Sel">   --->   Core 73 'Sel' <Latency = 0> <II = 1> <Delay = 1.21> <FuncUnit> <Opcode : 'select'> <InPorts = 3> <OutPorts = 1>
ST_2 : Operation 25 [1/1] (1.21ns)   --->   "%select_ln166 = select i1 %icmp_ln168, i5 %add_ln166, i5 %i_load" [../stream_matmul_fixedPoint.cpp:166]   --->   Operation 25 'select' 'select_ln166' <Predicate = true> <Delay = 1.21> <CoreInst = "Sel">   --->   Core 73 'Sel' <Latency = 0> <II = 1> <Delay = 1.21> <FuncUnit> <Opcode : 'select'> <InPorts = 3> <OutPorts = 1>
ST_2 : Operation 26 [1/1] (0.00ns)   --->   "%trunc_ln170 = trunc i5 %select_ln166" [../stream_matmul_fixedPoint.cpp:170]   --->   Operation 26 'trunc' 'trunc_ln170' <Predicate = true> <Delay = 0.00>
ST_2 : Operation 27 [1/1] (1.78ns)   --->   "%icmp_ln170 = icmp_eq  i5 %select_ln166, i5 15" [../stream_matmul_fixedPoint.cpp:170]   --->   Operation 27 'icmp' 'icmp_ln170' <Predicate = true> <Delay = 1.78> <CoreInst = "Cmp">   --->   Core 9 'Cmp' <Latency = 0> <II = 1> <Delay = 1.78> <FuncUnit> <Opcode : 'seteq' 'setne' 'setle' 'setge' 'setlt' 'setgt'> <InPorts = 2> <OutPorts = 1>
ST_2 : Operation 28 [1/1] (0.00ns)   --->   "%trunc_ln168 = trunc i5 %select_ln84" [../stream_matmul_fixedPoint.cpp:168]   --->   Operation 28 'trunc' 'trunc_ln168' <Predicate = true> <Delay = 0.00>
ST_2 : Operation 29 [1/1] (0.00ns)   --->   "%lshr_ln84_1 = partselect i2 @_ssdm_op_PartSelect.i2.i5.i32.i32, i5 %select_ln84, i32 2, i32 3" [../stream_matmul_fixedPoint.cpp:84]   --->   Operation 29 'partselect' 'lshr_ln84_1' <Predicate = true> <Delay = 0.00>
ST_2 : Operation 30 [1/1] (0.00ns)   --->   "%tmp_s = bitconcatenate i6 @_ssdm_op_BitConcatenate.i6.i4.i2, i4 %trunc_ln170, i2 %lshr_ln84_1" [../stream_matmul_fixedPoint.cpp:171]   --->   Operation 30 'bitconcatenate' 'tmp_s' <Predicate = true> <Delay = 0.00>
ST_2 : Operation 31 [1/1] (0.00ns)   --->   "%zext_ln171 = zext i6 %tmp_s" [../stream_matmul_fixedPoint.cpp:171]   --->   Operation 31 'zext' 'zext_ln171' <Predicate = true> <Delay = 0.00>
ST_2 : Operation 32 [1/1] (0.00ns)   --->   "%C_addr = getelementptr i32 %C, i64 0, i64 %zext_ln171" [../stream_matmul_fixedPoint.cpp:171]   --->   Operation 32 'getelementptr' 'C_addr' <Predicate = true> <Delay = 0.00>
ST_2 : Operation 33 [1/1] (0.00ns)   --->   "%C_1_addr = getelementptr i32 %C_1, i64 0, i64 %zext_ln171" [../stream_matmul_fixedPoint.cpp:171]   --->   Operation 33 'getelementptr' 'C_1_addr' <Predicate = true> <Delay = 0.00>
ST_2 : Operation 34 [1/1] (0.00ns)   --->   "%C_2_addr = getelementptr i32 %C_2, i64 0, i64 %zext_ln171" [../stream_matmul_fixedPoint.cpp:171]   --->   Operation 34 'getelementptr' 'C_2_addr' <Predicate = true> <Delay = 0.00>
ST_2 : Operation 35 [1/1] (0.00ns)   --->   "%C_3_addr = getelementptr i32 %C_3, i64 0, i64 %zext_ln171" [../stream_matmul_fixedPoint.cpp:171]   --->   Operation 35 'getelementptr' 'C_3_addr' <Predicate = true> <Delay = 0.00>
ST_2 : Operation 36 [1/1] (1.78ns)   --->   "%icmp_ln170_1 = icmp_eq  i5 %select_ln84, i5 15" [../stream_matmul_fixedPoint.cpp:170]   --->   Operation 36 'icmp' 'icmp_ln170_1' <Predicate = true> <Delay = 1.78> <CoreInst = "Cmp">   --->   Core 9 'Cmp' <Latency = 0> <II = 1> <Delay = 1.78> <FuncUnit> <Opcode : 'seteq' 'setne' 'setle' 'setge' 'setlt' 'setgt'> <InPorts = 2> <OutPorts = 1>
ST_2 : Operation 37 [1/1] (0.97ns)   --->   "%last = and i1 %icmp_ln170, i1 %icmp_ln170_1" [../stream_matmul_fixedPoint.cpp:170]   --->   Operation 37 'and' 'last' <Predicate = true> <Delay = 0.97> <CoreInst = "LogicGate">   --->   Core 74 'LogicGate' <Latency = 0> <II = 1> <Delay = 0.97> <FuncUnit> <Opcode : 'and' 'or' 'xor'> <InPorts = 2> <OutPorts = 1>
ST_2 : Operation 38 [2/2] (3.25ns)   --->   "%C_load = load i6 %C_addr" [../stream_matmul_fixedPoint.cpp:171]   --->   Operation 38 'load' 'C_load' <Predicate = true> <Delay = 3.25> <CoreInst = "RAM">   --->   Core 81 'RAM' <Latency = 1> <II = 1> <Delay = 3.25> <Storage> <Opcode : 'load' 'store'> <Ports = 2> <Width = 32> <Depth = 64> <RAM>
ST_2 : Operation 39 [2/2] (3.25ns)   --->   "%C_1_load = load i6 %C_1_addr" [../stream_matmul_fixedPoint.cpp:171]   --->   Operation 39 'load' 'C_1_load' <Predicate = true> <Delay = 3.25> <CoreInst = "RAM">   --->   Core 81 'RAM' <Latency = 1> <II = 1> <Delay = 3.25> <Storage> <Opcode : 'load' 'store'> <Ports = 2> <Width = 32> <Depth = 64> <RAM>
ST_2 : Operation 40 [2/2] (3.25ns)   --->   "%C_2_load = load i6 %C_2_addr" [../stream_matmul_fixedPoint.cpp:171]   --->   Operation 40 'load' 'C_2_load' <Predicate = true> <Delay = 3.25> <CoreInst = "RAM">   --->   Core 81 'RAM' <Latency = 1> <II = 1> <Delay = 3.25> <Storage> <Opcode : 'load' 'store'> <Ports = 2> <Width = 32> <Depth = 64> <RAM>
ST_2 : Operation 41 [2/2] (3.25ns)   --->   "%C_3_load = load i6 %C_3_addr" [../stream_matmul_fixedPoint.cpp:171]   --->   Operation 41 'load' 'C_3_load' <Predicate = true> <Delay = 3.25> <CoreInst = "RAM">   --->   Core 81 'RAM' <Latency = 1> <II = 1> <Delay = 3.25> <Storage> <Opcode : 'load' 'store'> <Ports = 2> <Width = 32> <Depth = 64> <RAM>
ST_2 : Operation 42 [1/1] (1.78ns)   --->   "%add_ln168 = add i5 %select_ln84, i5 1" [../stream_matmul_fixedPoint.cpp:168]   --->   Operation 42 'add' 'add_ln168' <Predicate = true> <Delay = 1.78> <CoreInst = "Adder">   --->   Core 1 'Adder' <Latency = 0> <II = 1> <Delay = 1.78> <FuncUnit> <Opcode : 'add' 'sub'> <InPorts = 2> <OutPorts = 1>
ST_2 : Operation 43 [1/1] (1.58ns)   --->   "%store_ln84 = store i5 %select_ln166, i5 %i" [../stream_matmul_fixedPoint.cpp:84]   --->   Operation 43 'store' 'store_ln84' <Predicate = true> <Delay = 1.58>
ST_2 : Operation 44 [1/1] (1.58ns)   --->   "%store_ln84 = store i5 %add_ln168, i5 %j" [../stream_matmul_fixedPoint.cpp:84]   --->   Operation 44 'store' 'store_ln84' <Predicate = true> <Delay = 1.58>
ST_2 : Operation 55 [1/1] (1.58ns)   --->   "%ret_ln0 = ret"   --->   Operation 55 'ret' 'ret_ln0' <Predicate = (icmp_ln166)> <Delay = 1.58>

State 3 <SV = 2> <Delay = 6.37>
ST_3 : Operation 45 [1/1] (0.00ns)   --->   "%specloopname_ln0 = specloopname void @_ssdm_op_SpecLoopName, void @write_c_i_write_c_j_str"   --->   Operation 45 'specloopname' 'specloopname_ln0' <Predicate = true> <Delay = 0.00>
ST_3 : Operation 46 [1/1] (0.00ns)   --->   "%speclooptripcount_ln0 = speclooptripcount void @_ssdm_op_SpecLoopTripCount, i64 256, i64 256, i64 256"   --->   Operation 46 'speclooptripcount' 'speclooptripcount_ln0' <Predicate = true> <Delay = 0.00>
ST_3 : Operation 47 [1/1] (0.00ns)   --->   "%specpipeline_ln169 = specpipeline void @_ssdm_op_SpecPipeline, i32 1, i32 0, i32 0, i32 0, i32 4294967295, void @empty_1" [../stream_matmul_fixedPoint.cpp:169]   --->   Operation 47 'specpipeline' 'specpipeline_ln169' <Predicate = true> <Delay = 0.00>
ST_3 : Operation 48 [1/2] ( I:3.25ns O:3.25ns )   --->   "%C_load = load i6 %C_addr" [../stream_matmul_fixedPoint.cpp:171]   --->   Operation 48 'load' 'C_load' <Predicate = true> <Delay = 3.25> <CoreInst = "RAM">   --->   Core 81 'RAM' <Latency = 1> <II = 1> <Delay = 3.25> <Storage> <Opcode : 'load' 'store'> <Ports = 2> <Width = 32> <Depth = 64> <RAM>
ST_3 : Operation 49 [1/2] ( I:3.25ns O:3.25ns )   --->   "%C_1_load = load i6 %C_1_addr" [../stream_matmul_fixedPoint.cpp:171]   --->   Operation 49 'load' 'C_1_load' <Predicate = true> <Delay = 3.25> <CoreInst = "RAM">   --->   Core 81 'RAM' <Latency = 1> <II = 1> <Delay = 3.25> <Storage> <Opcode : 'load' 'store'> <Ports = 2> <Width = 32> <Depth = 64> <RAM>
ST_3 : Operation 50 [1/2] ( I:3.25ns O:3.25ns )   --->   "%C_2_load = load i6 %C_2_addr" [../stream_matmul_fixedPoint.cpp:171]   --->   Operation 50 'load' 'C_2_load' <Predicate = true> <Delay = 3.25> <CoreInst = "RAM">   --->   Core 81 'RAM' <Latency = 1> <II = 1> <Delay = 3.25> <Storage> <Opcode : 'load' 'store'> <Ports = 2> <Width = 32> <Depth = 64> <RAM>
ST_3 : Operation 51 [1/2] ( I:3.25ns O:3.25ns )   --->   "%C_3_load = load i6 %C_3_addr" [../stream_matmul_fixedPoint.cpp:171]   --->   Operation 51 'load' 'C_3_load' <Predicate = true> <Delay = 3.25> <CoreInst = "RAM">   --->   Core 81 'RAM' <Latency = 1> <II = 1> <Delay = 3.25> <Storage> <Opcode : 'load' 'store'> <Ports = 2> <Width = 32> <Depth = 64> <RAM>
ST_3 : Operation 52 [1/1] (1.82ns)   --->   "%value = sparsemux i32 @_ssdm_op_SparseMux.ap_auto.4i32.i32.i2, i2 0, i32 %C_load, i2 1, i32 %C_1_load, i2 2, i32 %C_2_load, i2 3, i32 %C_3_load, i32 0, i2 %trunc_ln168" [../stream_matmul_fixedPoint.cpp:171]   --->   Operation 52 'sparsemux' 'value' <Predicate = true> <Delay = 1.82> <CoreInst = "BinarySparseMux_DontCare">   --->   Core 137 'BinarySparseMux_DontCare' <Latency = 0> <II = 1> <Delay = 1.82> <FuncUnit> <Opcode : 'sparsemux'> <InPorts = 2> <OutPorts = 1>
ST_3 : Operation 53 [1/1] ( I:1.29ns O:1.29ns )   --->   "%write_ln171 = write void @_ssdm_op_Write.axis.volatile.i32P0A.i4P0A.i4P0A.i1P0A, i32 %out_stream_V_data_V, i4 %out_stream_V_keep_V, i4 %out_stream_V_strb_V, i1 %out_stream_V_last_V, i32 %value, i4 15, i4 15, i1 %last" [../stream_matmul_fixedPoint.cpp:171]   --->   Operation 53 'write' 'write_ln171' <Predicate = true> <Delay = 1.29> <CoreInst = "regslice">   --->   Core 135 'regslice' <Latency = 0> <II = 1> <Delay = 1.86> <Adapter> <Opcode : 'read' 'write'>
ST_3 : Operation 54 [1/1] (0.00ns)   --->   "%br_ln168 = br void %for.body96" [../stream_matmul_fixedPoint.cpp:168]   --->   Operation 54 'br' 'br_ln168' <Predicate = true> <Delay = 0.00>


============================================================
+ Verbose Summary: Binding
============================================================
STG Binding: 
---------------- STG Properties BEGIN ----------------
- Is combinational: 0
- Is one-state seq: 0
- Is datapath-only: 0
- Is pipelined: 0
- Is top level: 0
Port [ Return ] is wired: 1; IO mode=ap_ctrl_hs:ce=0
Port [ C]:  wired=1; compound=1; hidden=0; nouse=0; global=0; static=0; extern=0; dir=0; type=1; pingpong=0; private_global=0; MemPort=[13]; IO mode=ap_memory:ce=0
Port [ C_1]:  wired=1; compound=1; hidden=0; nouse=0; global=0; static=0; extern=0; dir=0; type=1; pingpong=0; private_global=0; MemPort=[13]; IO mode=ap_memory:ce=0
Port [ C_2]:  wired=1; compound=1; hidden=0; nouse=0; global=0; static=0; extern=0; dir=0; type=1; pingpong=0; private_global=0; MemPort=[13]; IO mode=ap_memory:ce=0
Port [ C_3]:  wired=1; compound=1; hidden=0; nouse=0; global=0; static=0; extern=0; dir=0; type=1; pingpong=0; private_global=0; MemPort=[13]; IO mode=ap_memory:ce=0
Port [ out_stream_V_data_V]:  wired=1; compound=1; hidden=0; nouse=0; global=0; static=0; extern=0; dir=1; type=0; pingpong=0; private_global=0; IO mode=axis:ce=0
Port [ out_stream_V_keep_V]:  wired=1; compound=1; hidden=0; nouse=0; global=0; static=0; extern=0; dir=1; type=0; pingpong=0; private_global=0; IO mode=axis:ce=0
Port [ out_stream_V_strb_V]:  wired=1; compound=1; hidden=0; nouse=0; global=0; static=0; extern=0; dir=1; type=0; pingpong=0; private_global=0; IO mode=axis:ce=0
Port [ out_stream_V_last_V]:  wired=1; compound=1; hidden=0; nouse=0; global=0; static=0; extern=0; dir=1; type=0; pingpong=0; private_global=0; IO mode=axis:ce=0
---------------- STG Properties END ------------------

---------------- Datapath Model BEGIN ----------------

<LifeTime>
<method=bitvector/>
j                       (alloca             ) [ 0110]
i                       (alloca             ) [ 0110]
indvar_flatten20        (alloca             ) [ 0100]
specaxissidechannel_ln0 (specaxissidechannel) [ 0000]
specinterface_ln0       (specinterface      ) [ 0000]
store_ln0               (store              ) [ 0000]
store_ln84              (store              ) [ 0000]
store_ln84              (store              ) [ 0000]
br_ln0                  (br                 ) [ 0000]
indvar_flatten20_load   (load               ) [ 0000]
icmp_ln166              (icmp               ) [ 0110]
add_ln166_1             (add                ) [ 0000]
br_ln166                (br                 ) [ 0000]
store_ln166             (store              ) [ 0000]
j_load                  (load               ) [ 0000]
i_load                  (load               ) [ 0000]
add_ln166               (add                ) [ 0000]
icmp_ln168              (icmp               ) [ 0000]
select_ln84             (select             ) [ 0000]
select_ln166            (select             ) [ 0000]
trunc_ln170             (trunc              ) [ 0000]
icmp_ln170              (icmp               ) [ 0000]
trunc_ln168             (trunc              ) [ 0101]
lshr_ln84_1             (partselect         ) [ 0000]
tmp_s                   (bitconcatenate     ) [ 0000]
zext_ln171              (zext               ) [ 0000]
C_addr                  (getelementptr      ) [ 0101]
C_1_addr                (getelementptr      ) [ 0101]
C_2_addr                (getelementptr      ) [ 0101]
C_3_addr                (getelementptr      ) [ 0101]
icmp_ln170_1            (icmp               ) [ 0000]
last                    (and                ) [ 0101]
add_ln168               (add                ) [ 0000]
store_ln84              (store              ) [ 0000]
store_ln84              (store              ) [ 0000]
specloopname_ln0        (specloopname       ) [ 0000]
speclooptripcount_ln0   (speclooptripcount  ) [ 0000]
specpipeline_ln169      (specpipeline       ) [ 0000]
C_load                  (load               ) [ 0000]
C_1_load                (load               ) [ 0000]
C_2_load                (load               ) [ 0000]
C_3_load                (load               ) [ 0000]
value                   (sparsemux          ) [ 0000]
write_ln171             (write              ) [ 0000]
br_ln168                (br                 ) [ 0000]
ret_ln0                 (ret                ) [ 0000]
</LifeTime>

<model>

<comp_list>
<comp id="0" class="1000" name="C">
<pin_list>
<pin id="1" dir="1" index="0" bw="1" slack="0"/>
</pin_list>
<bind>
<StgValue><ssdm name="C"/><MemPortTyVec>1 3 </MemPortTyVec>
</StgValue>
</bind>
</comp>

<comp id="2" class="1000" name="C_1">
<pin_list>
<pin id="3" dir="1" index="0" bw="1" slack="0"/>
</pin_list>
<bind>
<StgValue><ssdm name="C_1"/><MemPortTyVec>1 3 </MemPortTyVec>
</StgValue>
</bind>
</comp>

<comp id="4" class="1000" name="C_2">
<pin_list>
<pin id="5" dir="1" index="0" bw="1" slack="0"/>
</pin_list>
<bind>
<StgValue><ssdm name="C_2"/><MemPortTyVec>1 3 </MemPortTyVec>
</StgValue>
</bind>
</comp>

<comp id="6" class="1000" name="C_3">
<pin_list>
<pin id="7" dir="1" index="0" bw="1" slack="0"/>
</pin_list>
<bind>
<StgValue><ssdm name="C_3"/><MemPortTyVec>1 3 </MemPortTyVec>
</StgValue>
</bind>
</comp>

<comp id="8" class="1000" name="out_stream_V_data_V">
<pin_list>
<pin id="9" dir="1" index="0" bw="1" slack="0"/>
</pin_list>
<bind>
<StgValue><ssdm name="out_stream_V_data_V"/></StgValue>
</bind>
</comp>

<comp id="10" class="1000" name="out_stream_V_keep_V">
<pin_list>
<pin id="11" dir="1" index="0" bw="1" slack="0"/>
</pin_list>
<bind>
<StgValue><ssdm name="out_stream_V_keep_V"/></StgValue>
</bind>
</comp>

<comp id="12" class="1000" name="out_stream_V_strb_V">
<pin_list>
<pin id="13" dir="1" index="0" bw="1" slack="0"/>
</pin_list>
<bind>
<StgValue><ssdm name="out_stream_V_strb_V"/></StgValue>
</bind>
</comp>

<comp id="14" class="1000" name="out_stream_V_last_V">
<pin_list>
<pin id="15" dir="1" index="0" bw="1" slack="0"/>
</pin_list>
<bind>
<StgValue><ssdm name="out_stream_V_last_V"/></StgValue>
</bind>
</comp>

<comp id="16" class="1001" name="const_16">
<pin_list>
<pin id="17" dir="1" index="0" bw="1" slack="0"/>
</pin_list>
<bind>
<StgValue><ssdm name=""/></StgValue>
</bind>
</comp>

<comp id="18" class="1001" name="const_18">
<pin_list>
<pin id="19" dir="1" index="0" bw="1" slack="2147483647"/>
</pin_list>
<bind>
<StgValue><ssdm name="_ssdm_op_SpecAXISSideChannel"/></StgValue>
</bind>
</comp>

<comp id="20" class="1001" name="const_20">
<pin_list>
<pin id="21" dir="1" index="0" bw="1" slack="2147483647"/>
</pin_list>
<bind>
<StgValue><ssdm name=""/></StgValue>
</bind>
</comp>

<comp id="22" class="1001" name="const_22">
<pin_list>
<pin id="23" dir="1" index="0" bw="1" slack="2147483647"/>
</pin_list>
<bind>
<StgValue><ssdm name="empty_6"/></StgValue>
</bind>
</comp>

<comp id="24" class="1001" name="const_24">
<pin_list>
<pin id="25" dir="1" index="0" bw="1" slack="2147483647"/>
</pin_list>
<bind>
<StgValue><ssdm name="_ssdm_op_SpecInterface"/></StgValue>
</bind>
</comp>

<comp id="26" class="1001" name="const_26">
<pin_list>
<pin id="27" dir="1" index="0" bw="1" slack="2147483647"/>
</pin_list>
<bind>
<StgValue><ssdm name="empty"/></StgValue>
</bind>
</comp>

<comp id="28" class="1001" name="const_28">
<pin_list>
<pin id="29" dir="1" index="0" bw="1" slack="2147483647"/>
</pin_list>
<bind>
<StgValue><ssdm name=""/></StgValue>
</bind>
</comp>

<comp id="30" class="1001" name="const_30">
<pin_list>
<pin id="31" dir="1" index="0" bw="1" slack="2147483647"/>
</pin_list>
<bind>
<StgValue><ssdm name="empty_0"/></StgValue>
</bind>
</comp>

<comp id="32" class="1001" name="const_32">
<pin_list>
<pin id="33" dir="1" index="0" bw="1" slack="2147483647"/>
</pin_list>
<bind>
<StgValue><ssdm name="empty_1"/></StgValue>
</bind>
</comp>

<comp id="34" class="1001" name="const_34">
<pin_list>
<pin id="35" dir="1" index="0" bw="1" slack="2147483647"/>
</pin_list>
<bind>
<StgValue><ssdm name=""/></StgValue>
</bind>
</comp>

<comp id="36" class="1001" name="const_36">
<pin_list>
<pin id="37" dir="1" index="0" bw="1" slack="0"/>
</pin_list>
<bind>
<StgValue><ssdm name=""/></StgValue>
</bind>
</comp>

<comp id="38" class="1001" name="const_38">
<pin_list>
<pin id="39" dir="1" index="0" bw="1" slack="0"/>
</pin_list>
<bind>
<StgValue><ssdm name=""/></StgValue>
</bind>
</comp>

<comp id="40" class="1001" name="const_40">
<pin_list>
<pin id="41" dir="1" index="0" bw="1" slack="0"/>
</pin_list>
<bind>
<StgValue><ssdm name=""/></StgValue>
</bind>
</comp>

<comp id="42" class="1001" name="const_42">
<pin_list>
<pin id="43" dir="1" index="0" bw="1" slack="0"/>
</pin_list>
<bind>
<StgValue><ssdm name=""/></StgValue>
</bind>
</comp>

<comp id="44" class="1001" name="const_44">
<pin_list>
<pin id="45" dir="1" index="0" bw="1" slack="0"/>
</pin_list>
<bind>
<StgValue><ssdm name=""/></StgValue>
</bind>
</comp>

<comp id="46" class="1001" name="const_46">
<pin_list>
<pin id="47" dir="1" index="0" bw="1" slack="0"/>
</pin_list>
<bind>
<StgValue><ssdm name=""/></StgValue>
</bind>
</comp>

<comp id="48" class="1001" name="const_48">
<pin_list>
<pin id="49" dir="1" index="0" bw="1" slack="0"/>
</pin_list>
<bind>
<StgValue><ssdm name=""/></StgValue>
</bind>
</comp>

<comp id="50" class="1001" name="const_50">
<pin_list>
<pin id="51" dir="1" index="0" bw="1" slack="0"/>
</pin_list>
<bind>
<StgValue><ssdm name="_ssdm_op_PartSelect.i2.i5.i32.i32"/></StgValue>
</bind>
</comp>

<comp id="52" class="1001" name="const_52">
<pin_list>
<pin id="53" dir="1" index="0" bw="1" slack="0"/>
</pin_list>
<bind>
<StgValue><ssdm name=""/></StgValue>
</bind>
</comp>

<comp id="54" class="1001" name="const_54">
<pin_list>
<pin id="55" dir="1" index="0" bw="1" slack="0"/>
</pin_list>
<bind>
<StgValue><ssdm name=""/></StgValue>
</bind>
</comp>

<comp id="56" class="1001" name="const_56">
<pin_list>
<pin id="57" dir="1" index="0" bw="1" slack="0"/>
</pin_list>
<bind>
<StgValue><ssdm name="_ssdm_op_BitConcatenate.i6.i4.i2"/></StgValue>
</bind>
</comp>

<comp id="58" class="1001" name="const_58">
<pin_list>
<pin id="59" dir="1" index="0" bw="1" slack="0"/>
</pin_list>
<bind>
<StgValue><ssdm name=""/></StgValue>
</bind>
</comp>

<comp id="60" class="1001" name="const_60">
<pin_list>
<pin id="61" dir="1" index="0" bw="1" slack="2147483647"/>
</pin_list>
<bind>
<StgValue><ssdm name="_ssdm_op_SpecLoopName"/></StgValue>
</bind>
</comp>

<comp id="62" class="1001" name="const_62">
<pin_list>
<pin id="63" dir="1" index="0" bw="1" slack="2147483647"/>
</pin_list>
<bind>
<StgValue><ssdm name="write_c_i_write_c_j_str"/></StgValue>
</bind>
</comp>

<comp id="64" class="1001" name="const_64">
<pin_list>
<pin id="65" dir="1" index="0" bw="1" slack="2147483647"/>
</pin_list>
<bind>
<StgValue><ssdm name="_ssdm_op_SpecLoopTripCount"/></StgValue>
</bind>
</comp>

<comp id="66" class="1001" name="const_66">
<pin_list>
<pin id="67" dir="1" index="0" bw="1" slack="2147483647"/>
</pin_list>
<bind>
<StgValue><ssdm name=""/></StgValue>
</bind>
</comp>

<comp id="68" class="1001" name="const_68">
<pin_list>
<pin id="69" dir="1" index="0" bw="1" slack="2147483647"/>
</pin_list>
<bind>
<StgValue><ssdm name="_ssdm_op_SpecPipeline"/></StgValue>
</bind>
</comp>

<comp id="70" class="1001" name="const_70">
<pin_list>
<pin id="71" dir="1" index="0" bw="1" slack="0"/>
</pin_list>
<bind>
<StgValue><ssdm name="_ssdm_op_SparseMux.ap_auto.4i32.i32.i2"/></StgValue>
</bind>
</comp>

<comp id="72" class="1001" name="const_72">
<pin_list>
<pin id="73" dir="1" index="0" bw="1" slack="0"/>
</pin_list>
<bind>
<StgValue><ssdm name=""/></StgValue>
</bind>
</comp>

<comp id="74" class="1001" name="const_74">
<pin_list>
<pin id="75" dir="1" index="0" bw="1" slack="0"/>
</pin_list>
<bind>
<StgValue><ssdm name=""/></StgValue>
</bind>
</comp>

<comp id="76" class="1001" name="const_76">
<pin_list>
<pin id="77" dir="1" index="0" bw="1" slack="0"/>
</pin_list>
<bind>
<StgValue><ssdm name=""/></StgValue>
</bind>
</comp>

<comp id="78" class="1001" name="const_78">
<pin_list>
<pin id="79" dir="1" index="0" bw="1" slack="0"/>
</pin_list>
<bind>
<StgValue><ssdm name=""/></StgValue>
</bind>
</comp>

<comp id="80" class="1001" name="const_80">
<pin_list>
<pin id="81" dir="1" index="0" bw="1" slack="0"/>
</pin_list>
<bind>
<StgValue><ssdm name=""/></StgValue>
</bind>
</comp>

<comp id="82" class="1001" name="const_82">
<pin_list>
<pin id="83" dir="1" index="0" bw="1" slack="0"/>
</pin_list>
<bind>
<StgValue><ssdm name="_ssdm_op_Write.axis.volatile.i32P0A.i4P0A.i4P0A.i1P0A"/></StgValue>
</bind>
</comp>

<comp id="84" class="1001" name="const_84">
<pin_list>
<pin id="85" dir="1" index="0" bw="1" slack="0"/>
</pin_list>
<bind>
<StgValue><ssdm name=""/></StgValue>
</bind>
</comp>

<comp id="86" class="1004" name="j_fu_86">
<pin_list>
<pin id="87" dir="0" index="0" bw="1" slack="0"/>
<pin id="88" dir="1" index="1" bw="5" slack="0"/>
</pin_list>
<bind>
<opcode="alloca(26) " fcode="alloca"/>
<opset="j/1 "/>
</bind>
</comp>

<comp id="90" class="1004" name="i_fu_90">
<pin_list>
<pin id="91" dir="0" index="0" bw="1" slack="0"/>
<pin id="92" dir="1" index="1" bw="5" slack="0"/>
</pin_list>
<bind>
<opcode="alloca(26) " fcode="alloca"/>
<opset="i/1 "/>
</bind>
</comp>

<comp id="94" class="1004" name="indvar_flatten20_fu_94">
<pin_list>
<pin id="95" dir="0" index="0" bw="1" slack="0"/>
<pin id="96" dir="1" index="1" bw="9" slack="0"/>
</pin_list>
<bind>
<opcode="alloca(26) " fcode="alloca"/>
<opset="indvar_flatten20/1 "/>
</bind>
</comp>

<comp id="98" class="1004" name="write_ln171_write_fu_98">
<pin_list>
<pin id="99" dir="0" index="0" bw="0" slack="0"/>
<pin id="100" dir="0" index="1" bw="32" slack="0"/>
<pin id="101" dir="0" index="2" bw="4" slack="0"/>
<pin id="102" dir="0" index="3" bw="4" slack="0"/>
<pin id="103" dir="0" index="4" bw="1" slack="0"/>
<pin id="104" dir="0" index="5" bw="32" slack="0"/>
<pin id="105" dir="0" index="6" bw="1" slack="0"/>
<pin id="106" dir="0" index="7" bw="1" slack="0"/>
<pin id="107" dir="0" index="8" bw="1" slack="1"/>
<pin id="108" dir="1" index="9" bw="0" slack="2147483647"/>
</pin_list>
<bind>
<opcode="write(1151) " fcode="write"/>
<opset="write_ln171/3 "/>
</bind>
</comp>

<comp id="116" class="1004" name="C_addr_gep_fu_116">
<pin_list>
<pin id="117" dir="0" index="0" bw="32" slack="0"/>
<pin id="118" dir="0" index="1" bw="1" slack="0"/>
<pin id="119" dir="0" index="2" bw="6" slack="0"/>
<pin id="120" dir="1" index="3" bw="6" slack="0"/>
</pin_list>
<bind>
<opcode="getelementptr(29) " fcode="getelementptr"/>
<opset="C_addr/2 "/>
</bind>
</comp>

<comp id="123" class="1004" name="C_1_addr_gep_fu_123">
<pin_list>
<pin id="124" dir="0" index="0" bw="32" slack="0"/>
<pin id="125" dir="0" index="1" bw="1" slack="0"/>
<pin id="126" dir="0" index="2" bw="6" slack="0"/>
<pin id="127" dir="1" index="3" bw="6" slack="0"/>
</pin_list>
<bind>
<opcode="getelementptr(29) " fcode="getelementptr"/>
<opset="C_1_addr/2 "/>
</bind>
</comp>

<comp id="130" class="1004" name="C_2_addr_gep_fu_130">
<pin_list>
<pin id="131" dir="0" index="0" bw="32" slack="0"/>
<pin id="132" dir="0" index="1" bw="1" slack="0"/>
<pin id="133" dir="0" index="2" bw="6" slack="0"/>
<pin id="134" dir="1" index="3" bw="6" slack="0"/>
</pin_list>
<bind>
<opcode="getelementptr(29) " fcode="getelementptr"/>
<opset="C_2_addr/2 "/>
</bind>
</comp>

<comp id="137" class="1004" name="C_3_addr_gep_fu_137">
<pin_list>
<pin id="138" dir="0" index="0" bw="32" slack="0"/>
<pin id="139" dir="0" index="1" bw="1" slack="0"/>
<pin id="140" dir="0" index="2" bw="6" slack="0"/>
<pin id="141" dir="1" index="3" bw="6" slack="0"/>
</pin_list>
<bind>
<opcode="getelementptr(29) " fcode="getelementptr"/>
<opset="C_3_addr/2 "/>
</bind>
</comp>

<comp id="144" class="1004" name="grp_access_fu_144">
<pin_list>
<pin id="145" dir="0" index="0" bw="6" slack="0"/>
<pin id="146" dir="0" index="1" bw="32" slack="2147483647"/>
<pin id="147" dir="0" index="2" bw="0" slack="2147483647"/>
<pin id="148" dir="1" index="3" bw="32" slack="0"/>
</pin_list>
<bind>
<opcode="load(27) " fcode="load"/>
<opset="C_load/2 "/>
</bind>
</comp>

<comp id="150" class="1004" name="grp_access_fu_150">
<pin_list>
<pin id="151" dir="0" index="0" bw="6" slack="0"/>
<pin id="152" dir="0" index="1" bw="32" slack="2147483647"/>
<pin id="153" dir="0" index="2" bw="0" slack="2147483647"/>
<pin id="154" dir="1" index="3" bw="32" slack="0"/>
</pin_list>
<bind>
<opcode="load(27) " fcode="load"/>
<opset="C_1_load/2 "/>
</bind>
</comp>

<comp id="156" class="1004" name="grp_access_fu_156">
<pin_list>
<pin id="157" dir="0" index="0" bw="6" slack="0"/>
<pin id="158" dir="0" index="1" bw="32" slack="2147483647"/>
<pin id="159" dir="0" index="2" bw="0" slack="2147483647"/>
<pin id="160" dir="1" index="3" bw="32" slack="0"/>
</pin_list>
<bind>
<opcode="load(27) " fcode="load"/>
<opset="C_2_load/2 "/>
</bind>
</comp>

<comp id="162" class="1004" name="grp_access_fu_162">
<pin_list>
<pin id="163" dir="0" index="0" bw="6" slack="0"/>
<pin id="164" dir="0" index="1" bw="32" slack="2147483647"/>
<pin id="165" dir="0" index="2" bw="0" slack="2147483647"/>
<pin id="166" dir="1" index="3" bw="32" slack="0"/>
</pin_list>
<bind>
<opcode="load(27) " fcode="load"/>
<opset="C_3_load/2 "/>
</bind>
</comp>

<comp id="168" class="1004" name="store_ln0_store_fu_168">
<pin_list>
<pin id="169" dir="0" index="0" bw="1" slack="0"/>
<pin id="170" dir="0" index="1" bw="9" slack="0"/>
<pin id="171" dir="1" index="2" bw="0" slack="2147483647"/>
</pin_list>
<bind>
<opcode="store(28) " fcode="store"/>
<opset="store_ln0/1 "/>
</bind>
</comp>

<comp id="173" class="1004" name="store_ln84_store_fu_173">
<pin_list>
<pin id="174" dir="0" index="0" bw="1" slack="0"/>
<pin id="175" dir="0" index="1" bw="5" slack="0"/>
<pin id="176" dir="1" index="2" bw="0" slack="2147483647"/>
</pin_list>
<bind>
<opcode="store(28) " fcode="store"/>
<opset="store_ln84/1 "/>
</bind>
</comp>

<comp id="178" class="1004" name="store_ln84_store_fu_178">
<pin_list>
<pin id="179" dir="0" index="0" bw="1" slack="0"/>
<pin id="180" dir="0" index="1" bw="5" slack="0"/>
<pin id="181" dir="1" index="2" bw="0" slack="2147483647"/>
</pin_list>
<bind>
<opcode="store(28) " fcode="store"/>
<opset="store_ln84/1 "/>
</bind>
</comp>

<comp id="183" class="1004" name="indvar_flatten20_load_load_fu_183">
<pin_list>
<pin id="184" dir="0" index="0" bw="9" slack="0"/>
<pin id="185" dir="1" index="1" bw="9" slack="0"/>
</pin_list>
<bind>
<opcode="load(27) " fcode="load"/>
<opset="indvar_flatten20_load/1 "/>
</bind>
</comp>

<comp id="186" class="1004" name="icmp_ln166_fu_186">
<pin_list>
<pin id="187" dir="0" index="0" bw="9" slack="0"/>
<pin id="188" dir="0" index="1" bw="9" slack="0"/>
<pin id="189" dir="1" index="2" bw="1" slack="1"/>
</pin_list>
<bind>
<opcode="icmp(45) " fcode="icmp"/>
<opset="icmp_ln166/1 "/>
</bind>
</comp>

<comp id="192" class="1004" name="add_ln166_1_fu_192">
<pin_list>
<pin id="193" dir="0" index="0" bw="9" slack="0"/>
<pin id="194" dir="0" index="1" bw="1" slack="0"/>
<pin id="195" dir="1" index="2" bw="9" slack="0"/>
</pin_list>
<bind>
<opcode="add(8) " fcode="add"/>
<opset="add_ln166_1/1 "/>
</bind>
</comp>

<comp id="198" class="1004" name="store_ln166_store_fu_198">
<pin_list>
<pin id="199" dir="0" index="0" bw="9" slack="0"/>
<pin id="200" dir="0" index="1" bw="9" slack="0"/>
<pin id="201" dir="1" index="2" bw="0" slack="2147483647"/>
</pin_list>
<bind>
<opcode="store(28) " fcode="store"/>
<opset="store_ln166/1 "/>
</bind>
</comp>

<comp id="203" class="1004" name="j_load_load_fu_203">
<pin_list>
<pin id="204" dir="0" index="0" bw="5" slack="1"/>
<pin id="205" dir="1" index="1" bw="5" slack="0"/>
</pin_list>
<bind>
<opcode="load(27) " fcode="load"/>
<opset="j_load/2 "/>
</bind>
</comp>

<comp id="206" class="1004" name="i_load_load_fu_206">
<pin_list>
<pin id="207" dir="0" index="0" bw="5" slack="1"/>
<pin id="208" dir="1" index="1" bw="5" slack="0"/>
</pin_list>
<bind>
<opcode="load(27) " fcode="load"/>
<opset="i_load/2 "/>
</bind>
</comp>

<comp id="209" class="1004" name="add_ln166_fu_209">
<pin_list>
<pin id="210" dir="0" index="0" bw="5" slack="0"/>
<pin id="211" dir="0" index="1" bw="1" slack="0"/>
<pin id="212" dir="1" index="2" bw="5" slack="0"/>
</pin_list>
<bind>
<opcode="add(8) " fcode="add"/>
<opset="add_ln166/2 "/>
</bind>
</comp>

<comp id="215" class="1004" name="icmp_ln168_fu_215">
<pin_list>
<pin id="216" dir="0" index="0" bw="5" slack="0"/>
<pin id="217" dir="0" index="1" bw="5" slack="0"/>
<pin id="218" dir="1" index="2" bw="1" slack="0"/>
</pin_list>
<bind>
<opcode="icmp(45) " fcode="icmp"/>
<opset="icmp_ln168/2 "/>
</bind>
</comp>

<comp id="221" class="1004" name="select_ln84_fu_221">
<pin_list>
<pin id="222" dir="0" index="0" bw="1" slack="0"/>
<pin id="223" dir="0" index="1" bw="5" slack="0"/>
<pin id="224" dir="0" index="2" bw="5" slack="0"/>
<pin id="225" dir="1" index="3" bw="5" slack="0"/>
</pin_list>
<bind>
<opcode="select(49) " fcode="select"/>
<opset="select_ln84/2 "/>
</bind>
</comp>

<comp id="229" class="1004" name="select_ln166_fu_229">
<pin_list>
<pin id="230" dir="0" index="0" bw="1" slack="0"/>
<pin id="231" dir="0" index="1" bw="5" slack="0"/>
<pin id="232" dir="0" index="2" bw="5" slack="0"/>
<pin id="233" dir="1" index="3" bw="5" slack="0"/>
</pin_list>
<bind>
<opcode="select(49) " fcode="select"/>
<opset="select_ln166/2 "/>
</bind>
</comp>

<comp id="237" class="1004" name="trunc_ln170_fu_237">
<pin_list>
<pin id="238" dir="0" index="0" bw="5" slack="0"/>
<pin id="239" dir="1" index="1" bw="4" slack="0"/>
</pin_list>
<bind>
<opcode="trunc(33) " fcode="trunc"/>
<opset="trunc_ln170/2 "/>
</bind>
</comp>

<comp id="241" class="1004" name="icmp_ln170_fu_241">
<pin_list>
<pin id="242" dir="0" index="0" bw="5" slack="0"/>
<pin id="243" dir="0" index="1" bw="5" slack="0"/>
<pin id="244" dir="1" index="2" bw="1" slack="0"/>
</pin_list>
<bind>
<opcode="icmp(45) " fcode="icmp"/>
<opset="icmp_ln170/2 "/>
</bind>
</comp>

<comp id="247" class="1004" name="trunc_ln168_fu_247">
<pin_list>
<pin id="248" dir="0" index="0" bw="5" slack="0"/>
<pin id="249" dir="1" index="1" bw="2" slack="1"/>
</pin_list>
<bind>
<opcode="trunc(33) " fcode="trunc"/>
<opset="trunc_ln168/2 "/>
</bind>
</comp>

<comp id="251" class="1004" name="lshr_ln84_1_fu_251">
<pin_list>
<pin id="252" dir="0" index="0" bw="2" slack="0"/>
<pin id="253" dir="0" index="1" bw="5" slack="0"/>
<pin id="254" dir="0" index="2" bw="3" slack="0"/>
<pin id="255" dir="0" index="3" bw="3" slack="0"/>
<pin id="256" dir="1" index="4" bw="2" slack="0"/>
</pin_list>
<bind>
<opcode="partselect(1002) " fcode="partselect"/>
<opset="lshr_ln84_1/2 "/>
</bind>
</comp>

<comp id="261" class="1004" name="tmp_s_fu_261">
<pin_list>
<pin id="262" dir="0" index="0" bw="6" slack="0"/>
<pin id="263" dir="0" index="1" bw="4" slack="0"/>
<pin id="264" dir="0" index="2" bw="2" slack="0"/>
<pin id="265" dir="1" index="3" bw="6" slack="0"/>
</pin_list>
<bind>
<opcode="bitconcatenate(1004) " fcode="bitconcatenate"/>
<opset="tmp_s/2 "/>
</bind>
</comp>

<comp id="269" class="1004" name="zext_ln171_fu_269">
<pin_list>
<pin id="270" dir="0" index="0" bw="6" slack="0"/>
<pin id="271" dir="1" index="1" bw="64" slack="0"/>
</pin_list>
<bind>
<opcode="zext(34) " fcode="zext"/>
<opset="zext_ln171/2 "/>
</bind>
</comp>

<comp id="277" class="1004" name="icmp_ln170_1_fu_277">
<pin_list>
<pin id="278" dir="0" index="0" bw="5" slack="0"/>
<pin id="279" dir="0" index="1" bw="5" slack="0"/>
<pin id="280" dir="1" index="2" bw="1" slack="0"/>
</pin_list>
<bind>
<opcode="icmp(45) " fcode="icmp"/>
<opset="icmp_ln170_1/2 "/>
</bind>
</comp>

<comp id="283" class="1004" name="last_fu_283">
<pin_list>
<pin id="284" dir="0" index="0" bw="1" slack="0"/>
<pin id="285" dir="0" index="1" bw="1" slack="0"/>
<pin id="286" dir="1" index="2" bw="1" slack="1"/>
</pin_list>
<bind>
<opcode="and(23) " fcode="and"/>
<opset="last/2 "/>
</bind>
</comp>

<comp id="289" class="1004" name="add_ln168_fu_289">
<pin_list>
<pin id="290" dir="0" index="0" bw="5" slack="0"/>
<pin id="291" dir="0" index="1" bw="1" slack="0"/>
<pin id="292" dir="1" index="2" bw="5" slack="0"/>
</pin_list>
<bind>
<opcode="add(8) " fcode="add"/>
<opset="add_ln168/2 "/>
</bind>
</comp>

<comp id="295" class="1004" name="store_ln84_store_fu_295">
<pin_list>
<pin id="296" dir="0" index="0" bw="5" slack="0"/>
<pin id="297" dir="0" index="1" bw="5" slack="1"/>
<pin id="298" dir="1" index="2" bw="0" slack="2147483647"/>
</pin_list>
<bind>
<opcode="store(28) " fcode="store"/>
<opset="store_ln84/2 "/>
</bind>
</comp>

<comp id="300" class="1004" name="store_ln84_store_fu_300">
<pin_list>
<pin id="301" dir="0" index="0" bw="5" slack="0"/>
<pin id="302" dir="0" index="1" bw="5" slack="1"/>
<pin id="303" dir="1" index="2" bw="0" slack="2147483647"/>
</pin_list>
<bind>
<opcode="store(28) " fcode="store"/>
<opset="store_ln84/2 "/>
</bind>
</comp>

<comp id="305" class="1004" name="value_fu_305">
<pin_list>
<pin id="306" dir="0" index="0" bw="32" slack="0"/>
<pin id="307" dir="0" index="1" bw="2" slack="0"/>
<pin id="308" dir="0" index="2" bw="32" slack="0"/>
<pin id="309" dir="0" index="3" bw="2" slack="0"/>
<pin id="310" dir="0" index="4" bw="32" slack="0"/>
<pin id="311" dir="0" index="5" bw="2" slack="0"/>
<pin id="312" dir="0" index="6" bw="32" slack="0"/>
<pin id="313" dir="0" index="7" bw="2" slack="0"/>
<pin id="314" dir="0" index="8" bw="32" slack="0"/>
<pin id="315" dir="0" index="9" bw="32" slack="0"/>
<pin id="316" dir="0" index="10" bw="2" slack="1"/>
<pin id="317" dir="1" index="11" bw="32" slack="0"/>
</pin_list>
<bind>
<opcode="sparsemux(1197) " fcode="sparsemux"/>
<opset="value/3 "/>
</bind>
</comp>

<comp id="329" class="1005" name="j_reg_329">
<pin_list>
<pin id="330" dir="0" index="0" bw="5" slack="0"/>
<pin id="331" dir="1" index="1" bw="5" slack="0"/>
</pin_list>
<bind>
<opset="j "/>
</bind>
</comp>

<comp id="336" class="1005" name="i_reg_336">
<pin_list>
<pin id="337" dir="0" index="0" bw="5" slack="0"/>
<pin id="338" dir="1" index="1" bw="5" slack="0"/>
</pin_list>
<bind>
<opset="i "/>
</bind>
</comp>

<comp id="343" class="1005" name="indvar_flatten20_reg_343">
<pin_list>
<pin id="344" dir="0" index="0" bw="9" slack="0"/>
<pin id="345" dir="1" index="1" bw="9" slack="0"/>
</pin_list>
<bind>
<opset="indvar_flatten20 "/>
</bind>
</comp>

<comp id="350" class="1005" name="icmp_ln166_reg_350">
<pin_list>
<pin id="351" dir="0" index="0" bw="1" slack="1"/>
<pin id="352" dir="1" index="1" bw="1" slack="2147483647"/>
</pin_list>
<bind>
<opset="icmp_ln166 "/>
</bind>
</comp>

<comp id="354" class="1005" name="trunc_ln168_reg_354">
<pin_list>
<pin id="355" dir="0" index="0" bw="2" slack="1"/>
<pin id="356" dir="1" index="1" bw="2" slack="1"/>
</pin_list>
<bind>
<opset="trunc_ln168 "/>
</bind>
</comp>

<comp id="359" class="1005" name="C_addr_reg_359">
<pin_list>
<pin id="360" dir="0" index="0" bw="6" slack="1"/>
<pin id="361" dir="1" index="1" bw="6" slack="1"/>
</pin_list>
<bind>
<opset="C_addr "/>
</bind>
</comp>

<comp id="364" class="1005" name="C_1_addr_reg_364">
<pin_list>
<pin id="365" dir="0" index="0" bw="6" slack="1"/>
<pin id="366" dir="1" index="1" bw="6" slack="1"/>
</pin_list>
<bind>
<opset="C_1_addr "/>
</bind>
</comp>

<comp id="369" class="1005" name="C_2_addr_reg_369">
<pin_list>
<pin id="370" dir="0" index="0" bw="6" slack="1"/>
<pin id="371" dir="1" index="1" bw="6" slack="1"/>
</pin_list>
<bind>
<opset="C_2_addr "/>
</bind>
</comp>

<comp id="374" class="1005" name="C_3_addr_reg_374">
<pin_list>
<pin id="375" dir="0" index="0" bw="6" slack="1"/>
<pin id="376" dir="1" index="1" bw="6" slack="1"/>
</pin_list>
<bind>
<opset="C_3_addr "/>
</bind>
</comp>

<comp id="379" class="1005" name="last_reg_379">
<pin_list>
<pin id="380" dir="0" index="0" bw="1" slack="1"/>
<pin id="381" dir="1" index="1" bw="1" slack="1"/>
</pin_list>
<bind>
<opset="last "/>
</bind>
</comp>

</comp_list>

<net_list>
<net id="89"><net_src comp="16" pin="0"/><net_sink comp="86" pin=0"/></net>

<net id="93"><net_src comp="16" pin="0"/><net_sink comp="90" pin=0"/></net>

<net id="97"><net_src comp="16" pin="0"/><net_sink comp="94" pin=0"/></net>

<net id="109"><net_src comp="82" pin="0"/><net_sink comp="98" pin=0"/></net>

<net id="110"><net_src comp="8" pin="0"/><net_sink comp="98" pin=1"/></net>

<net id="111"><net_src comp="10" pin="0"/><net_sink comp="98" pin=2"/></net>

<net id="112"><net_src comp="12" pin="0"/><net_sink comp="98" pin=3"/></net>

<net id="113"><net_src comp="14" pin="0"/><net_sink comp="98" pin=4"/></net>

<net id="114"><net_src comp="84" pin="0"/><net_sink comp="98" pin=6"/></net>

<net id="115"><net_src comp="84" pin="0"/><net_sink comp="98" pin=7"/></net>

<net id="121"><net_src comp="0" pin="0"/><net_sink comp="116" pin=0"/></net>

<net id="122"><net_src comp="58" pin="0"/><net_sink comp="116" pin=1"/></net>

<net id="128"><net_src comp="2" pin="0"/><net_sink comp="123" pin=0"/></net>

<net id="129"><net_src comp="58" pin="0"/><net_sink comp="123" pin=1"/></net>

<net id="135"><net_src comp="4" pin="0"/><net_sink comp="130" pin=0"/></net>

<net id="136"><net_src comp="58" pin="0"/><net_sink comp="130" pin=1"/></net>

<net id="142"><net_src comp="6" pin="0"/><net_sink comp="137" pin=0"/></net>

<net id="143"><net_src comp="58" pin="0"/><net_sink comp="137" pin=1"/></net>

<net id="149"><net_src comp="116" pin="3"/><net_sink comp="144" pin=0"/></net>

<net id="155"><net_src comp="123" pin="3"/><net_sink comp="150" pin=0"/></net>

<net id="161"><net_src comp="130" pin="3"/><net_sink comp="156" pin=0"/></net>

<net id="167"><net_src comp="137" pin="3"/><net_sink comp="162" pin=0"/></net>

<net id="172"><net_src comp="36" pin="0"/><net_sink comp="168" pin=0"/></net>

<net id="177"><net_src comp="38" pin="0"/><net_sink comp="173" pin=0"/></net>

<net id="182"><net_src comp="38" pin="0"/><net_sink comp="178" pin=0"/></net>

<net id="190"><net_src comp="183" pin="1"/><net_sink comp="186" pin=0"/></net>

<net id="191"><net_src comp="40" pin="0"/><net_sink comp="186" pin=1"/></net>

<net id="196"><net_src comp="183" pin="1"/><net_sink comp="192" pin=0"/></net>

<net id="197"><net_src comp="42" pin="0"/><net_sink comp="192" pin=1"/></net>

<net id="202"><net_src comp="192" pin="2"/><net_sink comp="198" pin=0"/></net>

<net id="213"><net_src comp="206" pin="1"/><net_sink comp="209" pin=0"/></net>

<net id="214"><net_src comp="44" pin="0"/><net_sink comp="209" pin=1"/></net>

<net id="219"><net_src comp="203" pin="1"/><net_sink comp="215" pin=0"/></net>

<net id="220"><net_src comp="46" pin="0"/><net_sink comp="215" pin=1"/></net>

<net id="226"><net_src comp="215" pin="2"/><net_sink comp="221" pin=0"/></net>

<net id="227"><net_src comp="38" pin="0"/><net_sink comp="221" pin=1"/></net>

<net id="228"><net_src comp="203" pin="1"/><net_sink comp="221" pin=2"/></net>

<net id="234"><net_src comp="215" pin="2"/><net_sink comp="229" pin=0"/></net>

<net id="235"><net_src comp="209" pin="2"/><net_sink comp="229" pin=1"/></net>

<net id="236"><net_src comp="206" pin="1"/><net_sink comp="229" pin=2"/></net>

<net id="240"><net_src comp="229" pin="3"/><net_sink comp="237" pin=0"/></net>

<net id="245"><net_src comp="229" pin="3"/><net_sink comp="241" pin=0"/></net>

<net id="246"><net_src comp="48" pin="0"/><net_sink comp="241" pin=1"/></net>

<net id="250"><net_src comp="221" pin="3"/><net_sink comp="247" pin=0"/></net>

<net id="257"><net_src comp="50" pin="0"/><net_sink comp="251" pin=0"/></net>

<net id="258"><net_src comp="221" pin="3"/><net_sink comp="251" pin=1"/></net>

<net id="259"><net_src comp="52" pin="0"/><net_sink comp="251" pin=2"/></net>

<net id="260"><net_src comp="54" pin="0"/><net_sink comp="251" pin=3"/></net>

<net id="266"><net_src comp="56" pin="0"/><net_sink comp="261" pin=0"/></net>

<net id="267"><net_src comp="237" pin="1"/><net_sink comp="261" pin=1"/></net>

<net id="268"><net_src comp="251" pin="4"/><net_sink comp="261" pin=2"/></net>

<net id="272"><net_src comp="261" pin="3"/><net_sink comp="269" pin=0"/></net>

<net id="273"><net_src comp="269" pin="1"/><net_sink comp="116" pin=2"/></net>

<net id="274"><net_src comp="269" pin="1"/><net_sink comp="123" pin=2"/></net>

<net id="275"><net_src comp="269" pin="1"/><net_sink comp="130" pin=2"/></net>

<net id="276"><net_src comp="269" pin="1"/><net_sink comp="137" pin=2"/></net>

<net id="281"><net_src comp="221" pin="3"/><net_sink comp="277" pin=0"/></net>

<net id="282"><net_src comp="48" pin="0"/><net_sink comp="277" pin=1"/></net>

<net id="287"><net_src comp="241" pin="2"/><net_sink comp="283" pin=0"/></net>

<net id="288"><net_src comp="277" pin="2"/><net_sink comp="283" pin=1"/></net>

<net id="293"><net_src comp="221" pin="3"/><net_sink comp="289" pin=0"/></net>

<net id="294"><net_src comp="44" pin="0"/><net_sink comp="289" pin=1"/></net>

<net id="299"><net_src comp="229" pin="3"/><net_sink comp="295" pin=0"/></net>

<net id="304"><net_src comp="289" pin="2"/><net_sink comp="300" pin=0"/></net>

<net id="318"><net_src comp="70" pin="0"/><net_sink comp="305" pin=0"/></net>

<net id="319"><net_src comp="72" pin="0"/><net_sink comp="305" pin=1"/></net>

<net id="320"><net_src comp="144" pin="3"/><net_sink comp="305" pin=2"/></net>

<net id="321"><net_src comp="74" pin="0"/><net_sink comp="305" pin=3"/></net>

<net id="322"><net_src comp="150" pin="3"/><net_sink comp="305" pin=4"/></net>

<net id="323"><net_src comp="76" pin="0"/><net_sink comp="305" pin=5"/></net>

<net id="324"><net_src comp="156" pin="3"/><net_sink comp="305" pin=6"/></net>

<net id="325"><net_src comp="78" pin="0"/><net_sink comp="305" pin=7"/></net>

<net id="326"><net_src comp="162" pin="3"/><net_sink comp="305" pin=8"/></net>

<net id="327"><net_src comp="80" pin="0"/><net_sink comp="305" pin=9"/></net>

<net id="328"><net_src comp="305" pin="11"/><net_sink comp="98" pin=5"/></net>

<net id="332"><net_src comp="86" pin="1"/><net_sink comp="329" pin=0"/></net>

<net id="333"><net_src comp="329" pin="1"/><net_sink comp="178" pin=1"/></net>

<net id="334"><net_src comp="329" pin="1"/><net_sink comp="203" pin=0"/></net>

<net id="335"><net_src comp="329" pin="1"/><net_sink comp="300" pin=1"/></net>

<net id="339"><net_src comp="90" pin="1"/><net_sink comp="336" pin=0"/></net>

<net id="340"><net_src comp="336" pin="1"/><net_sink comp="173" pin=1"/></net>

<net id="341"><net_src comp="336" pin="1"/><net_sink comp="206" pin=0"/></net>

<net id="342"><net_src comp="336" pin="1"/><net_sink comp="295" pin=1"/></net>

<net id="346"><net_src comp="94" pin="1"/><net_sink comp="343" pin=0"/></net>

<net id="347"><net_src comp="343" pin="1"/><net_sink comp="168" pin=1"/></net>

<net id="348"><net_src comp="343" pin="1"/><net_sink comp="183" pin=0"/></net>

<net id="349"><net_src comp="343" pin="1"/><net_sink comp="198" pin=1"/></net>

<net id="353"><net_src comp="186" pin="2"/><net_sink comp="350" pin=0"/></net>

<net id="357"><net_src comp="247" pin="1"/><net_sink comp="354" pin=0"/></net>

<net id="358"><net_src comp="354" pin="1"/><net_sink comp="305" pin=10"/></net>

<net id="362"><net_src comp="116" pin="3"/><net_sink comp="359" pin=0"/></net>

<net id="363"><net_src comp="359" pin="1"/><net_sink comp="144" pin=0"/></net>

<net id="367"><net_src comp="123" pin="3"/><net_sink comp="364" pin=0"/></net>

<net id="368"><net_src comp="364" pin="1"/><net_sink comp="150" pin=0"/></net>

<net id="372"><net_src comp="130" pin="3"/><net_sink comp="369" pin=0"/></net>

<net id="373"><net_src comp="369" pin="1"/><net_sink comp="156" pin=0"/></net>

<net id="377"><net_src comp="137" pin="3"/><net_sink comp="374" pin=0"/></net>

<net id="378"><net_src comp="374" pin="1"/><net_sink comp="162" pin=0"/></net>

<net id="382"><net_src comp="283" pin="2"/><net_sink comp="379" pin=0"/></net>

<net id="383"><net_src comp="379" pin="1"/><net_sink comp="98" pin=8"/></net>

</net_list>

</model> 
---------------- Datapath Model END ------------------

* FSMD analyzer results:
  - Output states:
	Port: out_stream_V_data_V | {3 }
	Port: out_stream_V_keep_V | {3 }
	Port: out_stream_V_strb_V | {3 }
	Port: out_stream_V_last_V | {3 }
 - Input state : 
	Port: stream_matmul_Pipeline_write_c_i_write_c_j : C | {2 3 }
	Port: stream_matmul_Pipeline_write_c_i_write_c_j : C_1 | {2 3 }
	Port: stream_matmul_Pipeline_write_c_i_write_c_j : C_2 | {2 3 }
	Port: stream_matmul_Pipeline_write_c_i_write_c_j : C_3 | {2 3 }
	Port: stream_matmul_Pipeline_write_c_i_write_c_j : out_stream_V_data_V | {}
	Port: stream_matmul_Pipeline_write_c_i_write_c_j : out_stream_V_keep_V | {}
	Port: stream_matmul_Pipeline_write_c_i_write_c_j : out_stream_V_strb_V | {}
	Port: stream_matmul_Pipeline_write_c_i_write_c_j : out_stream_V_last_V | {}
  - Chain level:
	State 1
		store_ln0 : 1
		store_ln84 : 1
		store_ln84 : 1
		indvar_flatten20_load : 1
		icmp_ln166 : 2
		add_ln166_1 : 2
		br_ln166 : 3
		store_ln166 : 3
	State 2
		add_ln166 : 1
		icmp_ln168 : 1
		select_ln84 : 2
		select_ln166 : 2
		trunc_ln170 : 3
		icmp_ln170 : 3
		trunc_ln168 : 3
		lshr_ln84_1 : 3
		tmp_s : 4
		zext_ln171 : 5
		C_addr : 6
		C_1_addr : 6
		C_2_addr : 6
		C_3_addr : 6
		icmp_ln170_1 : 3
		last : 4
		C_load : 7
		C_1_load : 7
		C_2_load : 7
		C_3_load : 7
		add_ln168 : 3
		store_ln84 : 3
		store_ln84 : 4
	State 3
		value : 1
		write_ln171 : 2


============================================================
+ Verbose Summary: Datapath Resource usage 
============================================================

* Functional unit list:
|----------|-------------------------|---------|---------|
| Operation|     Functional Unit     |    FF   |   LUT   |
|----------|-------------------------|---------|---------|
|          |    icmp_ln166_fu_186    |    0    |    14   |
|   icmp   |    icmp_ln168_fu_215    |    0    |    13   |
|          |    icmp_ln170_fu_241    |    0    |    13   |
|          |   icmp_ln170_1_fu_277   |    0    |    13   |
|----------|-------------------------|---------|---------|
|          |    add_ln166_1_fu_192   |    0    |    14   |
|    add   |     add_ln166_fu_209    |    0    |    13   |
|          |     add_ln168_fu_289    |    0    |    13   |
|----------|-------------------------|---------|---------|
| sparsemux|       value_fu_305      |    0    |    20   |
|----------|-------------------------|---------|---------|
|  select  |    select_ln84_fu_221   |    0    |    5    |
|          |   select_ln166_fu_229   |    0    |    5    |
|----------|-------------------------|---------|---------|
|    and   |       last_fu_283       |    0    |    2    |
|----------|-------------------------|---------|---------|
|   write  | write_ln171_write_fu_98 |    0    |    0    |
|----------|-------------------------|---------|---------|
|   trunc  |    trunc_ln170_fu_237   |    0    |    0    |
|          |    trunc_ln168_fu_247   |    0    |    0    |
|----------|-------------------------|---------|---------|
|partselect|    lshr_ln84_1_fu_251   |    0    |    0    |
|----------|-------------------------|---------|---------|
|bitconcatenate|       tmp_s_fu_261      |    0    |    0    |
|----------|-------------------------|---------|---------|
|   zext   |    zext_ln171_fu_269    |    0    |    0    |
|----------|-------------------------|---------|---------|
|   Total  |                         |    0    |   125   |
|----------|-------------------------|---------|---------|

Memories:
N/A

* Register list:
+------------------------+--------+
|                        |   FF   |
+------------------------+--------+
|    C_1_addr_reg_364    |    6   |
|    C_2_addr_reg_369    |    6   |
|    C_3_addr_reg_374    |    6   |
|     C_addr_reg_359     |    6   |
|        i_reg_336       |    5   |
|   icmp_ln166_reg_350   |    1   |
|indvar_flatten20_reg_343|    9   |
|        j_reg_329       |    5   |
|      last_reg_379      |    1   |
|   trunc_ln168_reg_354  |    2   |
+------------------------+--------+
|          Total         |   47   |
+------------------------+--------+

* Multiplexer (MUX) list: 
|-------------------|------|------|------|--------||---------||---------||---------|
|        Comp       |  Pin | Size |  BW  | S x BW ||  Delay  ||    FF   ||   LUT   |
|-------------------|------|------|------|--------||---------||---------||---------|
| grp_access_fu_144 |  p0  |   2  |   6  |   12   ||    0    ||    9    |
| grp_access_fu_150 |  p0  |   2  |   6  |   12   ||    0    ||    9    |
| grp_access_fu_156 |  p0  |   2  |   6  |   12   ||    0    ||    9    |
| grp_access_fu_162 |  p0  |   2  |   6  |   12   ||    0    ||    9    |
|-------------------|------|------|------|--------||---------||---------||---------|
|       Total       |      |      |      |   48   ||  6.352  ||    0    ||    36   |
|-------------------|------|------|------|--------||---------||---------||---------|



* Summary:
+-----------+--------+--------+--------+
|           |  Delay |   FF   |   LUT  |
+-----------+--------+--------+--------+
|  Function |    -   |    0   |   125  |
|   Memory  |    -   |    -   |    -   |
|Multiplexer|    6   |    0   |   36   |
|  Register |    -   |   47   |    -   |
+-----------+--------+--------+--------+
|   Total   |    6   |   47   |   161  |
+-----------+--------+--------+--------+
