

================================================================
== Vitis HLS Report for 'stream_matmul_Pipeline_init_c_i_init_c_j'
================================================================
* Date:           Tue May 19 02:23:55 2026

* Version:        2025.2 (Build 6295257 on Nov 14 2025)
* Project:        stream_matmul
* Solution:       hls (Vivado IP Flow Target)
* Product family: zynq
* Target device:  xc7z010-clg400-1


================================================================
== Performance Estimates
================================================================
+ Timing: 
    * Summary: 
    +--------+----------+----------+------------+
    |  Clock |  Target  | Estimated| Uncertainty|
    +--------+----------+----------+------------+
    |ap_clk  |  10.00 ns|  6.363 ns|     2.70 ns|
    +--------+----------+----------+------------+

+ Latency: 
    * Summary: 
    +---------+---------+----------+----------+-----+-----+-------------------+
    |  Latency (cycles) |  Latency (absolute) |  Interval |      Pipeline     |
    |   min   |   max   |    min   |    max   | min | max |        Type       |
    +---------+---------+----------+----------+-----+-----+-------------------+
    |      259|      259|  2.590 us|  2.590 us|    0|    0|  loop pipeline stp|
    +---------+---------+----------+----------+-----+-----+-------------------+

    + Detail: 
        * Instance: 
        N/A

        * Loop: 
        +---------------------+---------+---------+----------+-----------+-----------+------+----------+
        |                     |  Latency (cycles) | Iteration|  Initiation Interval  | Trip |          |
        |      Loop Name      |   min   |   max   |  Latency |  achieved |   target  | Count| Pipelined|
        +---------------------+---------+---------+----------+-----------+-----------+------+----------+
        |- init_c_i_init_c_j  |      257|      257|         3|          1|          1|   256|       yes|
        +---------------------+---------+---------+----------+-----------+-----------+------+----------+



================================================================
== Utilization Estimates
================================================================
* Summary: 
+-----------------+---------+----+-------+-------+-----+
|       Name      | BRAM_18K| DSP|   FF  |  LUT  | URAM|
+-----------------+---------+----+-------+-------+-----+
|DSP              |        -|   -|      -|      -|    -|
|Expression       |        -|   -|      0|     94|    -|
|FIFO             |        -|   -|      -|      -|    -|
|Instance         |        -|   -|      -|      -|    -|
|Memory           |        -|   -|      -|      -|    -|
|Multiplexer      |        -|   -|      0|     54|    -|
|Register         |        -|   -|     32|      -|    -|
+-----------------+---------+----+-------+-------+-----+
|Total            |        0|   0|     32|    148|    0|
+-----------------+---------+----+-------+-------+-----+
|Available        |      120|  80|  35200|  17600|    0|
+-----------------+---------+----+-------+-------+-----+
|Utilization (%)  |        0|   0|     ~0|     ~0|    0|
+-----------------+---------+----+-------+-------+-----+

+ Detail: 
    * Instance: 
    N/A

    * DSP: 
    N/A

    * Memory: 
    N/A

    * FIFO: 
    N/A

    * Expression: 
    +-----------------------+----------+----+---+----+------------+------------+
    |     Variable Name     | Operation| DSP| FF| LUT| Bitwidth P0| Bitwidth P1|
    +-----------------------+----------+----+---+----+------------+------------+
    |add_ln87_1_fu_90_p2    |         +|   0|  0|  14|           9|           1|
    |add_ln87_fu_107_p2     |         +|   0|  0|  13|           5|           1|
    |add_ln89_fu_157_p2     |         +|   0|  0|  13|           5|           1|
    |add_ln91_fu_151_p2     |         +|   0|  0|  15|           8|           8|
    |icmp_ln87_fu_84_p2     |      icmp|   0|  0|  13|           9|          10|
    |icmp_ln89_fu_113_p2    |      icmp|   0|  0|  14|           5|           6|
    |select_ln71_fu_119_p3  |    select|   0|  0|   5|           1|           1|
    |select_ln87_fu_127_p3  |    select|   0|  0|   5|           1|           5|
    |ap_enable_pp0          |       xor|   0|  0|   2|           1|           2|
    +-----------------------+----------+----+---+----+------------+------------+
    |Total                  |          |   0|  0|  94|          44|          35|
    +-----------------------+----------+----+---+----+------------+------------+

    * Multiplexer: 
    +--------------------------------------+----+-----------+-----+-----------+
    |                 Name                 | LUT| Input Size| Bits| Total Bits|
    +--------------------------------------+----+-----------+-----+-----------+
    |ap_done_int                           |   9|          2|    1|          2|
    |ap_enable_reg_pp0_iter1               |   9|          2|    1|          2|
    |ap_sig_allocacmp_indvar_flatten_load  |   9|          2|    9|         18|
    |i_fu_44                               |   9|          2|    5|         10|
    |indvar_flatten_fu_48                  |   9|          2|    9|         18|
    |j_fu_40                               |   9|          2|    5|         10|
    +--------------------------------------+----+-----------+-----+-----------+
    |Total                                 |  54|         12|   30|         60|
    +--------------------------------------+----+-----------+-----+-----------+

    * Register: 
    +----------------------------------+---+----+-----+-----------+
    |               Name               | FF| LUT| Bits| Const Bits|
    +----------------------------------+---+----+-----+-----------+
    |add_ln91_reg_202                  |  8|   0|    8|          0|
    |ap_CS_fsm                         |  1|   0|    1|          0|
    |ap_done_reg                       |  1|   0|    1|          0|
    |ap_enable_reg_pp0_iter1           |  1|   0|    1|          0|
    |ap_enable_reg_pp0_iter2           |  1|   0|    1|          0|
    |ap_loop_exit_ready_pp0_iter1_reg  |  1|   0|    1|          0|
    |i_fu_44                           |  5|   0|    5|          0|
    |indvar_flatten_fu_48              |  9|   0|    9|          0|
    |j_fu_40                           |  5|   0|    5|          0|
    +----------------------------------+---+----+-----+-----------+
    |Total                             | 32|   0|   32|          0|
    +----------------------------------+---+----+-----+-----------+



================================================================
== Interface
================================================================
* Summary: 
+------------+-----+-----+------------+------------------------------------------+--------------+
|  RTL Ports | Dir | Bits|  Protocol  |               Source Object              |    C Type    |
+------------+-----+-----+------------+------------------------------------------+--------------+
|ap_clk      |   in|    1|  ap_ctrl_hs|  stream_matmul_Pipeline_init_c_i_init_c_j|  return value|
|ap_rst      |   in|    1|  ap_ctrl_hs|  stream_matmul_Pipeline_init_c_i_init_c_j|  return value|
|ap_start    |   in|    1|  ap_ctrl_hs|  stream_matmul_Pipeline_init_c_i_init_c_j|  return value|
|ap_done     |  out|    1|  ap_ctrl_hs|  stream_matmul_Pipeline_init_c_i_init_c_j|  return value|
|ap_idle     |  out|    1|  ap_ctrl_hs|  stream_matmul_Pipeline_init_c_i_init_c_j|  return value|
|ap_ready    |  out|    1|  ap_ctrl_hs|  stream_matmul_Pipeline_init_c_i_init_c_j|  return value|
|C_address0  |  out|    8|   ap_memory|                                         C|         array|
|C_ce0       |  out|    1|   ap_memory|                                         C|         array|
|C_we0       |  out|    1|   ap_memory|                                         C|         array|
|C_d0        |  out|   32|   ap_memory|                                         C|         array|
+------------+-----+-----+------------+------------------------------------------+--------------+

============================================================
+ Verbose Summary: Synthesis Manager
============================================================
InlineROM: 1
ExposeGlobal: 0
============================================================
+ Verbose Summary: CDFG Model
============================================================
IsTopModel: 0
ResetActiveHigh: 1
IsCombinational: 2
IsDatapathOnly: 2
HasWiredReturn: 1
HasMFsm: 2
HasVarLatency: 1
IsPipeline: 0
IsRtlPipelined: 0
IsInstanceOverlapped: 0
IsDontTouch: 0
HasImplIP: 0
IsGatedGlobalClock: 0

+ Individual pipeline summary: 
  * Pipeline-0: initiation interval (II) = 1, depth = 3


============================================================
+ Verbose Summary: Schedule
============================================================
* Number of FSM states : 3
* Pipeline : 1
  Pipeline-0 : II = 1, D = 3, States = { 1 2 3 }
* Dataflow Pipeline: 0

* FSM state transitions: 
1 --> 2 
2 --> 3 
3 --> 

* FSM state operations: 

State 1 <SV = 0> <Delay = 4.99>
ST_1 : Operation 6 [1/1] (0.00ns)   --->   "%j = alloca i32 1" [../stream_matmul_N64.cpp:71]   --->   Operation 6 'alloca' 'j' <Predicate = true> <Delay = 0.00>
ST_1 : Operation 7 [1/1] (0.00ns)   --->   "%i = alloca i32 1" [../stream_matmul_N64.cpp:71]   --->   Operation 7 'alloca' 'i' <Predicate = true> <Delay = 0.00>
ST_1 : Operation 8 [1/1] (0.00ns)   --->   "%indvar_flatten = alloca i32 1"   --->   Operation 8 'alloca' 'indvar_flatten' <Predicate = true> <Delay = 0.00>
ST_1 : Operation 9 [1/1] (1.58ns)   --->   "%store_ln0 = store i9 0, i9 %indvar_flatten"   --->   Operation 9 'store' 'store_ln0' <Predicate = true> <Delay = 1.58>
ST_1 : Operation 10 [1/1] (1.58ns)   --->   "%store_ln71 = store i5 0, i5 %i" [../stream_matmul_N64.cpp:71]   --->   Operation 10 'store' 'store_ln71' <Predicate = true> <Delay = 1.58>
ST_1 : Operation 11 [1/1] (1.58ns)   --->   "%store_ln71 = store i5 0, i5 %j" [../stream_matmul_N64.cpp:71]   --->   Operation 11 'store' 'store_ln71' <Predicate = true> <Delay = 1.58>
ST_1 : Operation 12 [1/1] (0.00ns)   --->   "%br_ln0 = br void %for.inc"   --->   Operation 12 'br' 'br_ln0' <Predicate = true> <Delay = 0.00>
ST_1 : Operation 13 [1/1] (0.00ns)   --->   "%indvar_flatten_load = load i9 %indvar_flatten" [../stream_matmul_N64.cpp:87]   --->   Operation 13 'load' 'indvar_flatten_load' <Predicate = true> <Delay = 0.00>
ST_1 : Operation 14 [1/1] (1.82ns)   --->   "%icmp_ln87 = icmp_eq  i9 %indvar_flatten_load, i9 256" [../stream_matmul_N64.cpp:87]   --->   Operation 14 'icmp' 'icmp_ln87' <Predicate = true> <Delay = 1.82> <CoreInst = "Cmp">   --->   Core 9 'Cmp' <Latency = 0> <II = 1> <Delay = 1.73> <FuncUnit> <Opcode : 'seteq' 'setne' 'setle' 'setge' 'setlt' 'setgt'> <InPorts = 2> <OutPorts = 1>
ST_1 : Operation 15 [1/1] (1.82ns)   --->   "%add_ln87_1 = add i9 %indvar_flatten_load, i9 1" [../stream_matmul_N64.cpp:87]   --->   Operation 15 'add' 'add_ln87_1' <Predicate = true> <Delay = 1.82> <CoreInst = "Adder">   --->   Core 1 'Adder' <Latency = 0> <II = 1> <Delay = 1.82> <FuncUnit> <Opcode : 'add' 'sub'> <InPorts = 2> <OutPorts = 1>
ST_1 : Operation 16 [1/1] (0.00ns)   --->   "%br_ln87 = br i1 %icmp_ln87, void %for.inc10, void %k_tile_loop.exitStub" [../stream_matmul_N64.cpp:87]   --->   Operation 16 'br' 'br_ln87' <Predicate = true> <Delay = 0.00>
ST_1 : Operation 17 [1/1] (1.58ns)   --->   "%store_ln87 = store i9 %add_ln87_1, i9 %indvar_flatten" [../stream_matmul_N64.cpp:87]   --->   Operation 17 'store' 'store_ln87' <Predicate = (!icmp_ln87)> <Delay = 1.58>

State 2 <SV = 1> <Delay = 6.36>
ST_2 : Operation 18 [1/1] (0.00ns)   --->   "%j_load = load i5 %j" [../stream_matmul_N64.cpp:89]   --->   Operation 18 'load' 'j_load' <Predicate = true> <Delay = 0.00>
ST_2 : Operation 19 [1/1] (0.00ns)   --->   "%i_load = load i5 %i" [../stream_matmul_N64.cpp:87]   --->   Operation 19 'load' 'i_load' <Predicate = true> <Delay = 0.00>
ST_2 : Operation 20 [1/1] (1.78ns)   --->   "%add_ln87 = add i5 %i_load, i5 1" [../stream_matmul_N64.cpp:87]   --->   Operation 20 'add' 'add_ln87' <Predicate = true> <Delay = 1.78> <CoreInst = "Adder">   --->   Core 1 'Adder' <Latency = 0> <II = 1> <Delay = 1.78> <FuncUnit> <Opcode : 'add' 'sub'> <InPorts = 2> <OutPorts = 1>
ST_2 : Operation 21 [1/1] (1.78ns)   --->   "%icmp_ln89 = icmp_eq  i5 %j_load, i5 16" [../stream_matmul_N64.cpp:89]   --->   Operation 21 'icmp' 'icmp_ln89' <Predicate = true> <Delay = 1.78> <CoreInst = "Cmp">   --->   Core 9 'Cmp' <Latency = 0> <II = 1> <Delay = 1.82> <FuncUnit> <Opcode : 'seteq' 'setne' 'setle' 'setge' 'setlt' 'setgt'> <InPorts = 2> <OutPorts = 1>
ST_2 : Operation 22 [1/1] (1.21ns)   --->   "%select_ln71 = select i1 %icmp_ln89, i5 0, i5 %j_load" [../stream_matmul_N64.cpp:71]   --->   Operation 22 'select' 'select_ln71' <Predicate = true> <Delay = 1.21> <CoreInst = "Sel">   --->   Core 73 'Sel' <Latency = 0> <II = 1> <Delay = 1.21> <FuncUnit> <Opcode : 'select'> <InPorts = 3> <OutPorts = 1>
ST_2 : Operation 23 [1/1] (1.21ns)   --->   "%select_ln87 = select i1 %icmp_ln89, i5 %add_ln87, i5 %i_load" [../stream_matmul_N64.cpp:87]   --->   Operation 23 'select' 'select_ln87' <Predicate = true> <Delay = 1.21> <CoreInst = "Sel">   --->   Core 73 'Sel' <Latency = 0> <II = 1> <Delay = 1.21> <FuncUnit> <Opcode : 'select'> <InPorts = 3> <OutPorts = 1>
ST_2 : Operation 24 [1/1] (0.00ns)   --->   "%trunc_ln91 = trunc i5 %select_ln87" [../stream_matmul_N64.cpp:91]   --->   Operation 24 'trunc' 'trunc_ln91' <Predicate = true> <Delay = 0.00>
ST_2 : Operation 25 [1/1] (0.00ns)   --->   "%tmp = bitconcatenate i8 @_ssdm_op_BitConcatenate.i8.i4.i4, i4 %trunc_ln91, i4 0" [../stream_matmul_N64.cpp:91]   --->   Operation 25 'bitconcatenate' 'tmp' <Predicate = true> <Delay = 0.00>
ST_2 : Operation 26 [1/1] (0.00ns)   --->   "%zext_ln91 = zext i5 %select_ln71" [../stream_matmul_N64.cpp:91]   --->   Operation 26 'zext' 'zext_ln91' <Predicate = true> <Delay = 0.00>
ST_2 : Operation 27 [1/1] (1.91ns)   --->   "%add_ln91 = add i8 %tmp, i8 %zext_ln91" [../stream_matmul_N64.cpp:91]   --->   Operation 27 'add' 'add_ln91' <Predicate = true> <Delay = 1.91> <CoreInst = "Adder">   --->   Core 1 'Adder' <Latency = 0> <II = 1> <Delay = 1.91> <FuncUnit> <Opcode : 'add' 'sub'> <InPorts = 2> <OutPorts = 1>
ST_2 : Operation 28 [1/1] (1.78ns)   --->   "%add_ln89 = add i5 %select_ln71, i5 1" [../stream_matmul_N64.cpp:89]   --->   Operation 28 'add' 'add_ln89' <Predicate = true> <Delay = 1.78> <CoreInst = "Adder">   --->   Core 1 'Adder' <Latency = 0> <II = 1> <Delay = 1.78> <FuncUnit> <Opcode : 'add' 'sub'> <InPorts = 2> <OutPorts = 1>
ST_2 : Operation 29 [1/1] (1.58ns)   --->   "%store_ln71 = store i5 %select_ln87, i5 %i" [../stream_matmul_N64.cpp:71]   --->   Operation 29 'store' 'store_ln71' <Predicate = true> <Delay = 1.58>
ST_2 : Operation 30 [1/1] (1.58ns)   --->   "%store_ln71 = store i5 %add_ln89, i5 %j" [../stream_matmul_N64.cpp:71]   --->   Operation 30 'store' 'store_ln71' <Predicate = true> <Delay = 1.58>
ST_2 : Operation 38 [1/1] (1.58ns)   --->   "%ret_ln0 = ret"   --->   Operation 38 'ret' 'ret_ln0' <Predicate = (icmp_ln87)> <Delay = 1.58>

State 3 <SV = 2> <Delay = 3.25>
ST_3 : Operation 31 [1/1] (0.00ns)   --->   "%specloopname_ln0 = specloopname void @_ssdm_op_SpecLoopName, void @init_c_i_init_c_j_str"   --->   Operation 31 'specloopname' 'specloopname_ln0' <Predicate = true> <Delay = 0.00>
ST_3 : Operation 32 [1/1] (0.00ns)   --->   "%speclooptripcount_ln0 = speclooptripcount void @_ssdm_op_SpecLoopTripCount, i64 256, i64 256, i64 256"   --->   Operation 32 'speclooptripcount' 'speclooptripcount_ln0' <Predicate = true> <Delay = 0.00>
ST_3 : Operation 33 [1/1] (0.00ns)   --->   "%zext_ln91_1 = zext i8 %add_ln91" [../stream_matmul_N64.cpp:91]   --->   Operation 33 'zext' 'zext_ln91_1' <Predicate = true> <Delay = 0.00>
ST_3 : Operation 34 [1/1] (0.00ns)   --->   "%C_addr = getelementptr i32 %C, i64 0, i64 %zext_ln91_1" [../stream_matmul_N64.cpp:91]   --->   Operation 34 'getelementptr' 'C_addr' <Predicate = true> <Delay = 0.00>
ST_3 : Operation 35 [1/1] (0.00ns)   --->   "%specpipeline_ln90 = specpipeline void @_ssdm_op_SpecPipeline, i32 1, i32 0, i32 0, i32 0, i32 4294967295, void @empty_1" [../stream_matmul_N64.cpp:90]   --->   Operation 35 'specpipeline' 'specpipeline_ln90' <Predicate = true> <Delay = 0.00>
ST_3 : Operation 36 [1/1] ( I:3.25ns O:3.25ns )   --->   "%store_ln91 = store i32 0, i8 %C_addr" [../stream_matmul_N64.cpp:91]   --->   Operation 36 'store' 'store_ln91' <Predicate = true> <Delay = 3.25> <CoreInst = "RAM">   --->   Core 81 'RAM' <Latency = 1> <II = 1> <Delay = 3.25> <Storage> <Opcode : 'load' 'store'> <Ports = 2> <Width = 32> <Depth = 256> <RAM>
ST_3 : Operation 37 [1/1] (0.00ns)   --->   "%br_ln89 = br void %for.inc" [../stream_matmul_N64.cpp:89]   --->   Operation 37 'br' 'br_ln89' <Predicate = true> <Delay = 0.00>


============================================================
+ Verbose Summary: Binding
============================================================
STG Binding: 
---------------- STG Properties BEGIN ----------------
- Is combinational: 0
- Is one-state seq: 0
- Is datapath-only: 0
- Is pipelined: 0
- Is top level: 0
Port [ Return ] is wired: 1; IO mode=ap_ctrl_hs:ce=0
Port [ C]:  wired=1; compound=1; hidden=0; nouse=0; global=0; static=0; extern=0; dir=1; type=1; pingpong=0; private_global=0; MemPort=[03]; IO mode=ap_memory:ce=0
---------------- STG Properties END ------------------

---------------- Datapath Model BEGIN ----------------

<LifeTime>
<method=bitvector/>
j                     (alloca           ) [ 0110]
i                     (alloca           ) [ 0110]
indvar_flatten        (alloca           ) [ 0100]
store_ln0             (store            ) [ 0000]
store_ln71            (store            ) [ 0000]
store_ln71            (store            ) [ 0000]
br_ln0                (br               ) [ 0000]
indvar_flatten_load   (load             ) [ 0000]
icmp_ln87             (icmp             ) [ 0110]
add_ln87_1            (add              ) [ 0000]
br_ln87               (br               ) [ 0000]
store_ln87            (store            ) [ 0000]
j_load                (load             ) [ 0000]
i_load                (load             ) [ 0000]
add_ln87              (add              ) [ 0000]
icmp_ln89             (icmp             ) [ 0000]
select_ln71           (select           ) [ 0000]
select_ln87           (select           ) [ 0000]
trunc_ln91            (trunc            ) [ 0000]
tmp                   (bitconcatenate   ) [ 0000]
zext_ln91             (zext             ) [ 0000]
add_ln91              (add              ) [ 0101]
add_ln89              (add              ) [ 0000]
store_ln71            (store            ) [ 0000]
store_ln71            (store            ) [ 0000]
specloopname_ln0      (specloopname     ) [ 0000]
speclooptripcount_ln0 (speclooptripcount) [ 0000]
zext_ln91_1           (zext             ) [ 0000]
C_addr                (getelementptr    ) [ 0000]
specpipeline_ln90     (specpipeline     ) [ 0000]
store_ln91            (store            ) [ 0000]
br_ln89               (br               ) [ 0000]
ret_ln0               (ret              ) [ 0000]
</LifeTime>

<model>

<comp_list>
<comp id="0" class="1000" name="C">
<pin_list>
<pin id="1" dir="1" index="0" bw="1" slack="0"/>
</pin_list>
<bind>
<StgValue><ssdm name="C"/><MemPortTyVec>0 3 </MemPortTyVec>
</StgValue>
</bind>
</comp>

<comp id="2" class="1001" name="const_2">
<pin_list>
<pin id="3" dir="1" index="0" bw="1" slack="0"/>
</pin_list>
<bind>
<StgValue><ssdm name=""/></StgValue>
</bind>
</comp>

<comp id="4" class="1001" name="const_4">
<pin_list>
<pin id="5" dir="1" index="0" bw="1" slack="0"/>
</pin_list>
<bind>
<StgValue><ssdm name=""/></StgValue>
</bind>
</comp>

<comp id="6" class="1001" name="const_6">
<pin_list>
<pin id="7" dir="1" index="0" bw="1" slack="0"/>
</pin_list>
<bind>
<StgValue><ssdm name=""/></StgValue>
</bind>
</comp>

<comp id="8" class="1001" name="const_8">
<pin_list>
<pin id="9" dir="1" index="0" bw="1" slack="0"/>
</pin_list>
<bind>
<StgValue><ssdm name=""/></StgValue>
</bind>
</comp>

<comp id="10" class="1001" name="const_10">
<pin_list>
<pin id="11" dir="1" index="0" bw="1" slack="0"/>
</pin_list>
<bind>
<StgValue><ssdm name=""/></StgValue>
</bind>
</comp>

<comp id="12" class="1001" name="const_12">
<pin_list>
<pin id="13" dir="1" index="0" bw="1" slack="0"/>
</pin_list>
<bind>
<StgValue><ssdm name=""/></StgValue>
</bind>
</comp>

<comp id="14" class="1001" name="const_14">
<pin_list>
<pin id="15" dir="1" index="0" bw="1" slack="0"/>
</pin_list>
<bind>
<StgValue><ssdm name=""/></StgValue>
</bind>
</comp>

<comp id="16" class="1001" name="const_16">
<pin_list>
<pin id="17" dir="1" index="0" bw="1" slack="0"/>
</pin_list>
<bind>
<StgValue><ssdm name="_ssdm_op_BitConcatenate.i8.i4.i4"/></StgValue>
</bind>
</comp>

<comp id="18" class="1001" name="const_18">
<pin_list>
<pin id="19" dir="1" index="0" bw="1" slack="0"/>
</pin_list>
<bind>
<StgValue><ssdm name=""/></StgValue>
</bind>
</comp>

<comp id="20" class="1001" name="const_20">
<pin_list>
<pin id="21" dir="1" index="0" bw="1" slack="2147483647"/>
</pin_list>
<bind>
<StgValue><ssdm name="_ssdm_op_SpecLoopName"/></StgValue>
</bind>
</comp>

<comp id="22" class="1001" name="const_22">
<pin_list>
<pin id="23" dir="1" index="0" bw="1" slack="2147483647"/>
</pin_list>
<bind>
<StgValue><ssdm name="init_c_i_init_c_j_str"/></StgValue>
</bind>
</comp>

<comp id="24" class="1001" name="const_24">
<pin_list>
<pin id="25" dir="1" index="0" bw="1" slack="2147483647"/>
</pin_list>
<bind>
<StgValue><ssdm name="_ssdm_op_SpecLoopTripCount"/></StgValue>
</bind>
</comp>

<comp id="26" class="1001" name="const_26">
<pin_list>
<pin id="27" dir="1" index="0" bw="1" slack="2147483647"/>
</pin_list>
<bind>
<StgValue><ssdm name=""/></StgValue>
</bind>
</comp>

<comp id="28" class="1001" name="const_28">
<pin_list>
<pin id="29" dir="1" index="0" bw="1" slack="0"/>
</pin_list>
<bind>
<StgValue><ssdm name=""/></StgValue>
</bind>
</comp>

<comp id="30" class="1001" name="const_30">
<pin_list>
<pin id="31" dir="1" index="0" bw="1" slack="2147483647"/>
</pin_list>
<bind>
<StgValue><ssdm name="_ssdm_op_SpecPipeline"/></StgValue>
</bind>
</comp>

<comp id="32" class="1001" name="const_32">
<pin_list>
<pin id="33" dir="1" index="0" bw="1" slack="2147483647"/>
</pin_list>
<bind>
<StgValue><ssdm name=""/></StgValue>
</bind>
</comp>

<comp id="34" class="1001" name="const_34">
<pin_list>
<pin id="35" dir="1" index="0" bw="1" slack="2147483647"/>
</pin_list>
<bind>
<StgValue><ssdm name=""/></StgValue>
</bind>
</comp>

<comp id="36" class="1001" name="const_36">
<pin_list>
<pin id="37" dir="1" index="0" bw="1" slack="2147483647"/>
</pin_list>
<bind>
<StgValue><ssdm name="empty_1"/></StgValue>
</bind>
</comp>

<comp id="38" class="1001" name="const_38">
<pin_list>
<pin id="39" dir="1" index="0" bw="1" slack="0"/>
</pin_list>
<bind>
<StgValue><ssdm name=""/></StgValue>
</bind>
</comp>

<comp id="40" class="1004" name="j_fu_40">
<pin_list>
<pin id="41" dir="0" index="0" bw="1" slack="0"/>
<pin id="42" dir="1" index="1" bw="5" slack="0"/>
</pin_list>
<bind>
<opcode="alloca(26) " fcode="alloca"/>
<opset="j/1 "/>
</bind>
</comp>

<comp id="44" class="1004" name="i_fu_44">
<pin_list>
<pin id="45" dir="0" index="0" bw="1" slack="0"/>
<pin id="46" dir="1" index="1" bw="5" slack="0"/>
</pin_list>
<bind>
<opcode="alloca(26) " fcode="alloca"/>
<opset="i/1 "/>
</bind>
</comp>

<comp id="48" class="1004" name="indvar_flatten_fu_48">
<pin_list>
<pin id="49" dir="0" index="0" bw="1" slack="0"/>
<pin id="50" dir="1" index="1" bw="9" slack="0"/>
</pin_list>
<bind>
<opcode="alloca(26) " fcode="alloca"/>
<opset="indvar_flatten/1 "/>
</bind>
</comp>

<comp id="52" class="1004" name="C_addr_gep_fu_52">
<pin_list>
<pin id="53" dir="0" index="0" bw="32" slack="0"/>
<pin id="54" dir="0" index="1" bw="1" slack="0"/>
<pin id="55" dir="0" index="2" bw="8" slack="0"/>
<pin id="56" dir="1" index="3" bw="8" slack="0"/>
</pin_list>
<bind>
<opcode="getelementptr(29) " fcode="getelementptr"/>
<opset="C_addr/3 "/>
</bind>
</comp>

<comp id="59" class="1004" name="store_ln91_access_fu_59">
<pin_list>
<pin id="60" dir="0" index="0" bw="8" slack="0"/>
<pin id="61" dir="0" index="1" bw="32" slack="0"/>
<pin id="62" dir="0" index="2" bw="0" slack="2147483647"/>
<pin id="63" dir="1" index="3" bw="32" slack="2147483647"/>
</pin_list>
<bind>
<opcode="store(28) " fcode="store"/>
<opset="store_ln91/3 "/>
</bind>
</comp>

<comp id="66" class="1004" name="store_ln0_store_fu_66">
<pin_list>
<pin id="67" dir="0" index="0" bw="1" slack="0"/>
<pin id="68" dir="0" index="1" bw="9" slack="0"/>
<pin id="69" dir="1" index="2" bw="0" slack="2147483647"/>
</pin_list>
<bind>
<opcode="store(28) " fcode="store"/>
<opset="store_ln0/1 "/>
</bind>
</comp>

<comp id="71" class="1004" name="store_ln71_store_fu_71">
<pin_list>
<pin id="72" dir="0" index="0" bw="1" slack="0"/>
<pin id="73" dir="0" index="1" bw="5" slack="0"/>
<pin id="74" dir="1" index="2" bw="0" slack="2147483647"/>
</pin_list>
<bind>
<opcode="store(28) " fcode="store"/>
<opset="store_ln71/1 "/>
</bind>
</comp>

<comp id="76" class="1004" name="store_ln71_store_fu_76">
<pin_list>
<pin id="77" dir="0" index="0" bw="1" slack="0"/>
<pin id="78" dir="0" index="1" bw="5" slack="0"/>
<pin id="79" dir="1" index="2" bw="0" slack="2147483647"/>
</pin_list>
<bind>
<opcode="store(28) " fcode="store"/>
<opset="store_ln71/1 "/>
</bind>
</comp>

<comp id="81" class="1004" name="indvar_flatten_load_load_fu_81">
<pin_list>
<pin id="82" dir="0" index="0" bw="9" slack="0"/>
<pin id="83" dir="1" index="1" bw="9" slack="0"/>
</pin_list>
<bind>
<opcode="load(27) " fcode="load"/>
<opset="indvar_flatten_load/1 "/>
</bind>
</comp>

<comp id="84" class="1004" name="icmp_ln87_fu_84">
<pin_list>
<pin id="85" dir="0" index="0" bw="9" slack="0"/>
<pin id="86" dir="0" index="1" bw="9" slack="0"/>
<pin id="87" dir="1" index="2" bw="1" slack="1"/>
</pin_list>
<bind>
<opcode="icmp(45) " fcode="icmp"/>
<opset="icmp_ln87/1 "/>
</bind>
</comp>

<comp id="90" class="1004" name="add_ln87_1_fu_90">
<pin_list>
<pin id="91" dir="0" index="0" bw="9" slack="0"/>
<pin id="92" dir="0" index="1" bw="1" slack="0"/>
<pin id="93" dir="1" index="2" bw="9" slack="0"/>
</pin_list>
<bind>
<opcode="add(8) " fcode="add"/>
<opset="add_ln87_1/1 "/>
</bind>
</comp>

<comp id="96" class="1004" name="store_ln87_store_fu_96">
<pin_list>
<pin id="97" dir="0" index="0" bw="9" slack="0"/>
<pin id="98" dir="0" index="1" bw="9" slack="0"/>
<pin id="99" dir="1" index="2" bw="0" slack="2147483647"/>
</pin_list>
<bind>
<opcode="store(28) " fcode="store"/>
<opset="store_ln87/1 "/>
</bind>
</comp>

<comp id="101" class="1004" name="j_load_load_fu_101">
<pin_list>
<pin id="102" dir="0" index="0" bw="5" slack="1"/>
<pin id="103" dir="1" index="1" bw="5" slack="0"/>
</pin_list>
<bind>
<opcode="load(27) " fcode="load"/>
<opset="j_load/2 "/>
</bind>
</comp>

<comp id="104" class="1004" name="i_load_load_fu_104">
<pin_list>
<pin id="105" dir="0" index="0" bw="5" slack="1"/>
<pin id="106" dir="1" index="1" bw="5" slack="0"/>
</pin_list>
<bind>
<opcode="load(27) " fcode="load"/>
<opset="i_load/2 "/>
</bind>
</comp>

<comp id="107" class="1004" name="add_ln87_fu_107">
<pin_list>
<pin id="108" dir="0" index="0" bw="5" slack="0"/>
<pin id="109" dir="0" index="1" bw="1" slack="0"/>
<pin id="110" dir="1" index="2" bw="5" slack="0"/>
</pin_list>
<bind>
<opcode="add(8) " fcode="add"/>
<opset="add_ln87/2 "/>
</bind>
</comp>

<comp id="113" class="1004" name="icmp_ln89_fu_113">
<pin_list>
<pin id="114" dir="0" index="0" bw="5" slack="0"/>
<pin id="115" dir="0" index="1" bw="5" slack="0"/>
<pin id="116" dir="1" index="2" bw="1" slack="0"/>
</pin_list>
<bind>
<opcode="icmp(45) " fcode="icmp"/>
<opset="icmp_ln89/2 "/>
</bind>
</comp>

<comp id="119" class="1004" name="select_ln71_fu_119">
<pin_list>
<pin id="120" dir="0" index="0" bw="1" slack="0"/>
<pin id="121" dir="0" index="1" bw="5" slack="0"/>
<pin id="122" dir="0" index="2" bw="5" slack="0"/>
<pin id="123" dir="1" index="3" bw="5" slack="0"/>
</pin_list>
<bind>
<opcode="select(49) " fcode="select"/>
<opset="select_ln71/2 "/>
</bind>
</comp>

<comp id="127" class="1004" name="select_ln87_fu_127">
<pin_list>
<pin id="128" dir="0" index="0" bw="1" slack="0"/>
<pin id="129" dir="0" index="1" bw="5" slack="0"/>
<pin id="130" dir="0" index="2" bw="5" slack="0"/>
<pin id="131" dir="1" index="3" bw="5" slack="0"/>
</pin_list>
<bind>
<opcode="select(49) " fcode="select"/>
<opset="select_ln87/2 "/>
</bind>
</comp>

<comp id="135" class="1004" name="trunc_ln91_fu_135">
<pin_list>
<pin id="136" dir="0" index="0" bw="5" slack="0"/>
<pin id="137" dir="1" index="1" bw="4" slack="0"/>
</pin_list>
<bind>
<opcode="trunc(33) " fcode="trunc"/>
<opset="trunc_ln91/2 "/>
</bind>
</comp>

<comp id="139" class="1004" name="tmp_fu_139">
<pin_list>
<pin id="140" dir="0" index="0" bw="8" slack="0"/>
<pin id="141" dir="0" index="1" bw="4" slack="0"/>
<pin id="142" dir="0" index="2" bw="1" slack="0"/>
<pin id="143" dir="1" index="3" bw="8" slack="0"/>
</pin_list>
<bind>
<opcode="bitconcatenate(1004) " fcode="bitconcatenate"/>
<opset="tmp/2 "/>
</bind>
</comp>

<comp id="147" class="1004" name="zext_ln91_fu_147">
<pin_list>
<pin id="148" dir="0" index="0" bw="5" slack="0"/>
<pin id="149" dir="1" index="1" bw="8" slack="0"/>
</pin_list>
<bind>
<opcode="zext(34) " fcode="zext"/>
<opset="zext_ln91/2 "/>
</bind>
</comp>

<comp id="151" class="1004" name="add_ln91_fu_151">
<pin_list>
<pin id="152" dir="0" index="0" bw="8" slack="0"/>
<pin id="153" dir="0" index="1" bw="5" slack="0"/>
<pin id="154" dir="1" index="2" bw="8" slack="1"/>
</pin_list>
<bind>
<opcode="add(8) " fcode="add"/>
<opset="add_ln91/2 "/>
</bind>
</comp>

<comp id="157" class="1004" name="add_ln89_fu_157">
<pin_list>
<pin id="158" dir="0" index="0" bw="5" slack="0"/>
<pin id="159" dir="0" index="1" bw="1" slack="0"/>
<pin id="160" dir="1" index="2" bw="5" slack="0"/>
</pin_list>
<bind>
<opcode="add(8) " fcode="add"/>
<opset="add_ln89/2 "/>
</bind>
</comp>

<comp id="163" class="1004" name="store_ln71_store_fu_163">
<pin_list>
<pin id="164" dir="0" index="0" bw="5" slack="0"/>
<pin id="165" dir="0" index="1" bw="5" slack="1"/>
<pin id="166" dir="1" index="2" bw="0" slack="2147483647"/>
</pin_list>
<bind>
<opcode="store(28) " fcode="store"/>
<opset="store_ln71/2 "/>
</bind>
</comp>

<comp id="168" class="1004" name="store_ln71_store_fu_168">
<pin_list>
<pin id="169" dir="0" index="0" bw="5" slack="0"/>
<pin id="170" dir="0" index="1" bw="5" slack="1"/>
<pin id="171" dir="1" index="2" bw="0" slack="2147483647"/>
</pin_list>
<bind>
<opcode="store(28) " fcode="store"/>
<opset="store_ln71/2 "/>
</bind>
</comp>

<comp id="173" class="1004" name="zext_ln91_1_fu_173">
<pin_list>
<pin id="174" dir="0" index="0" bw="8" slack="1"/>
<pin id="175" dir="1" index="1" bw="64" slack="0"/>
</pin_list>
<bind>
<opcode="zext(34) " fcode="zext"/>
<opset="zext_ln91_1/3 "/>
</bind>
</comp>

<comp id="177" class="1005" name="j_reg_177">
<pin_list>
<pin id="178" dir="0" index="0" bw="5" slack="0"/>
<pin id="179" dir="1" index="1" bw="5" slack="0"/>
</pin_list>
<bind>
<opset="j "/>
</bind>
</comp>

<comp id="184" class="1005" name="i_reg_184">
<pin_list>
<pin id="185" dir="0" index="0" bw="5" slack="0"/>
<pin id="186" dir="1" index="1" bw="5" slack="0"/>
</pin_list>
<bind>
<opset="i "/>
</bind>
</comp>

<comp id="191" class="1005" name="indvar_flatten_reg_191">
<pin_list>
<pin id="192" dir="0" index="0" bw="9" slack="0"/>
<pin id="193" dir="1" index="1" bw="9" slack="0"/>
</pin_list>
<bind>
<opset="indvar_flatten "/>
</bind>
</comp>

<comp id="198" class="1005" name="icmp_ln87_reg_198">
<pin_list>
<pin id="199" dir="0" index="0" bw="1" slack="1"/>
<pin id="200" dir="1" index="1" bw="1" slack="2147483647"/>
</pin_list>
<bind>
<opset="icmp_ln87 "/>
</bind>
</comp>

<comp id="202" class="1005" name="add_ln91_reg_202">
<pin_list>
<pin id="203" dir="0" index="0" bw="8" slack="1"/>
<pin id="204" dir="1" index="1" bw="8" slack="1"/>
</pin_list>
<bind>
<opset="add_ln91 "/>
</bind>
</comp>

</comp_list>

<net_list>
<net id="43"><net_src comp="2" pin="0"/><net_sink comp="40" pin=0"/></net>

<net id="47"><net_src comp="2" pin="0"/><net_sink comp="44" pin=0"/></net>

<net id="51"><net_src comp="2" pin="0"/><net_sink comp="48" pin=0"/></net>

<net id="57"><net_src comp="0" pin="0"/><net_sink comp="52" pin=0"/></net>

<net id="58"><net_src comp="28" pin="0"/><net_sink comp="52" pin=1"/></net>

<net id="64"><net_src comp="38" pin="0"/><net_sink comp="59" pin=1"/></net>

<net id="65"><net_src comp="52" pin="3"/><net_sink comp="59" pin=0"/></net>

<net id="70"><net_src comp="4" pin="0"/><net_sink comp="66" pin=0"/></net>

<net id="75"><net_src comp="6" pin="0"/><net_sink comp="71" pin=0"/></net>

<net id="80"><net_src comp="6" pin="0"/><net_sink comp="76" pin=0"/></net>

<net id="88"><net_src comp="81" pin="1"/><net_sink comp="84" pin=0"/></net>

<net id="89"><net_src comp="8" pin="0"/><net_sink comp="84" pin=1"/></net>

<net id="94"><net_src comp="81" pin="1"/><net_sink comp="90" pin=0"/></net>

<net id="95"><net_src comp="10" pin="0"/><net_sink comp="90" pin=1"/></net>

<net id="100"><net_src comp="90" pin="2"/><net_sink comp="96" pin=0"/></net>

<net id="111"><net_src comp="104" pin="1"/><net_sink comp="107" pin=0"/></net>

<net id="112"><net_src comp="12" pin="0"/><net_sink comp="107" pin=1"/></net>

<net id="117"><net_src comp="101" pin="1"/><net_sink comp="113" pin=0"/></net>

<net id="118"><net_src comp="14" pin="0"/><net_sink comp="113" pin=1"/></net>

<net id="124"><net_src comp="113" pin="2"/><net_sink comp="119" pin=0"/></net>

<net id="125"><net_src comp="6" pin="0"/><net_sink comp="119" pin=1"/></net>

<net id="126"><net_src comp="101" pin="1"/><net_sink comp="119" pin=2"/></net>

<net id="132"><net_src comp="113" pin="2"/><net_sink comp="127" pin=0"/></net>

<net id="133"><net_src comp="107" pin="2"/><net_sink comp="127" pin=1"/></net>

<net id="134"><net_src comp="104" pin="1"/><net_sink comp="127" pin=2"/></net>

<net id="138"><net_src comp="127" pin="3"/><net_sink comp="135" pin=0"/></net>

<net id="144"><net_src comp="16" pin="0"/><net_sink comp="139" pin=0"/></net>

<net id="145"><net_src comp="135" pin="1"/><net_sink comp="139" pin=1"/></net>

<net id="146"><net_src comp="18" pin="0"/><net_sink comp="139" pin=2"/></net>

<net id="150"><net_src comp="119" pin="3"/><net_sink comp="147" pin=0"/></net>

<net id="155"><net_src comp="139" pin="3"/><net_sink comp="151" pin=0"/></net>

<net id="156"><net_src comp="147" pin="1"/><net_sink comp="151" pin=1"/></net>

<net id="161"><net_src comp="119" pin="3"/><net_sink comp="157" pin=0"/></net>

<net id="162"><net_src comp="12" pin="0"/><net_sink comp="157" pin=1"/></net>

<net id="167"><net_src comp="127" pin="3"/><net_sink comp="163" pin=0"/></net>

<net id="172"><net_src comp="157" pin="2"/><net_sink comp="168" pin=0"/></net>

<net id="176"><net_src comp="173" pin="1"/><net_sink comp="52" pin=2"/></net>

<net id="180"><net_src comp="40" pin="1"/><net_sink comp="177" pin=0"/></net>

<net id="181"><net_src comp="177" pin="1"/><net_sink comp="76" pin=1"/></net>

<net id="182"><net_src comp="177" pin="1"/><net_sink comp="101" pin=0"/></net>

<net id="183"><net_src comp="177" pin="1"/><net_sink comp="168" pin=1"/></net>

<net id="187"><net_src comp="44" pin="1"/><net_sink comp="184" pin=0"/></net>

<net id="188"><net_src comp="184" pin="1"/><net_sink comp="71" pin=1"/></net>

<net id="189"><net_src comp="184" pin="1"/><net_sink comp="104" pin=0"/></net>

<net id="190"><net_src comp="184" pin="1"/><net_sink comp="163" pin=1"/></net>

<net id="194"><net_src comp="48" pin="1"/><net_sink comp="191" pin=0"/></net>

<net id="195"><net_src comp="191" pin="1"/><net_sink comp="66" pin=1"/></net>

<net id="196"><net_src comp="191" pin="1"/><net_sink comp="81" pin=0"/></net>

<net id="197"><net_src comp="191" pin="1"/><net_sink comp="96" pin=1"/></net>

<net id="201"><net_src comp="84" pin="2"/><net_sink comp="198" pin=0"/></net>

<net id="205"><net_src comp="151" pin="2"/><net_sink comp="202" pin=0"/></net>

<net id="206"><net_src comp="202" pin="1"/><net_sink comp="173" pin=0"/></net>

</net_list>

</model> 
---------------- Datapath Model END ------------------

* FSMD analyzer results:
  - Output states:
	Port: C | {3 }
 - Input state : 
  - Chain level:
	State 1
		store_ln0 : 1
		store_ln71 : 1
		store_ln71 : 1
		indvar_flatten_load : 1
		icmp_ln87 : 2
		add_ln87_1 : 2
		br_ln87 : 3
		store_ln87 : 3
	State 2
		add_ln87 : 1
		icmp_ln89 : 1
		select_ln71 : 2
		select_ln87 : 2
		trunc_ln91 : 3
		tmp : 4
		zext_ln91 : 3
		add_ln91 : 5
		add_ln89 : 3
		store_ln71 : 3
		store_ln71 : 4
	State 3
		C_addr : 1
		store_ln91 : 2


============================================================
+ Verbose Summary: Datapath Resource usage 
============================================================

* Functional unit list:
|----------|--------------------|---------|---------|
| Operation|   Functional Unit  |    FF   |   LUT   |
|----------|--------------------|---------|---------|
|          |  add_ln87_1_fu_90  |    0    |    14   |
|    add   |   add_ln87_fu_107  |    0    |    13   |
|          |   add_ln91_fu_151  |    0    |    15   |
|          |   add_ln89_fu_157  |    0    |    13   |
|----------|--------------------|---------|---------|
|   icmp   |   icmp_ln87_fu_84  |    0    |    14   |
|          |  icmp_ln89_fu_113  |    0    |    13   |
|----------|--------------------|---------|---------|
|  select  | select_ln71_fu_119 |    0    |    5    |
|          | select_ln87_fu_127 |    0    |    5    |
|----------|--------------------|---------|---------|
|   trunc  |  trunc_ln91_fu_135 |    0    |    0    |
|----------|--------------------|---------|---------|
|bitconcatenate|     tmp_fu_139     |    0    |    0    |
|----------|--------------------|---------|---------|
|   zext   |  zext_ln91_fu_147  |    0    |    0    |
|          | zext_ln91_1_fu_173 |    0    |    0    |
|----------|--------------------|---------|---------|
|   Total  |                    |    0    |    92   |
|----------|--------------------|---------|---------|

Memories:
N/A

* Register list:
+----------------------+--------+
|                      |   FF   |
+----------------------+--------+
|   add_ln91_reg_202   |    8   |
|       i_reg_184      |    5   |
|   icmp_ln87_reg_198  |    1   |
|indvar_flatten_reg_191|    9   |
|       j_reg_177      |    5   |
+----------------------+--------+
|         Total        |   28   |
+----------------------+--------+

* Multiplexer (MUX) list: 
|--------|------|------|------|--------|
|  Comp  |  Pin | Size |  BW  | S x BW |
|--------|------|------|------|--------|
|  Total |      |      |      |    0   |
|--------|------|------|------|--------|



* Summary:
+-----------+--------+--------+
|           |   FF   |   LUT  |
+-----------+--------+--------+
|  Function |    0   |   92   |
|   Memory  |    -   |    -   |
|Multiplexer|    -   |    -   |
|  Register |   28   |    -   |
+-----------+--------+--------+
|   Total   |   28   |   92   |
+-----------+--------+--------+
