

================================================================
== Vitis HLS Report for 'stream_matmul_Pipeline_write_c_i_write_c_j'
================================================================
* Date:           Tue May 19 17:15:01 2026

* Version:        2025.2 (Build 6295257 on Nov 14 2025)
* Project:        stream_matmul
* Solution:       hls (Vivado IP Flow Target)
* Product family: zynq
* Target device:  xc7z010-clg400-1


================================================================
== Performance Estimates
================================================================
+ Timing: 
    * Summary: 
    +--------+----------+----------+------------+
    |  Clock |  Target  | Estimated| Uncertainty|
    +--------+----------+----------+------------+
    |ap_clk  |  10.00 ns|  6.371 ns|     2.70 ns|
    +--------+----------+----------+------------+

+ Latency: 
    * Summary: 
    +---------+---------+----------+----------+-----+-----+-------------------+
    |  Latency (cycles) |  Latency (absolute) |  Interval |      Pipeline     |
    |   min   |   max   |    min   |    max   | min | max |        Type       |
    +---------+---------+----------+----------+-----+-----+-------------------+
    |      259|      259|  2.590 us|  2.590 us|    0|    0|  loop pipeline stp|
    +---------+---------+----------+----------+-----+-----+-------------------+

    + Detail: 
        * Instance: 
        N/A

        * Loop: 
        +-----------------------+---------+---------+----------+-----------+-----------+------+----------+
        |                       |  Latency (cycles) | Iteration|  Initiation Interval  | Trip |          |
        |       Loop Name       |   min   |   max   |  Latency |  achieved |   target  | Count| Pipelined|
        +-----------------------+---------+---------+----------+-----------+-----------+------+----------+
        |- write_c_i_write_c_j  |      257|      257|         3|          1|          1|   256|       yes|
        +-----------------------+---------+---------+----------+-----------+-----------+------+----------+

============================================================
+ Verbose Summary: Synthesis Manager
============================================================
InlineROM: 1
ExposeGlobal: 0
============================================================
+ Verbose Summary: CDFG Model
============================================================
IsTopModel: 0
ResetActiveHigh: 1
IsCombinational: 0
IsDatapathOnly: 0
HasWiredReturn: 1
HasMFsm: 2
HasVarLatency: 1
IsPipeline: 0
IsRtlPipelined: 0
IsInstanceOverlapped: 0
IsDontTouch: 0
HasImplIP: 0
IsGatedGlobalClock: 0

+ Individual pipeline summary: 
  * Pipeline-0: initiation interval (II) = 1, depth = 3


============================================================
+ Verbose Summary: Schedule
============================================================
* Number of FSM states : 3
* Pipeline : 1
  Pipeline-0 : II = 1, D = 3, States = { 1 2 3 }
* Dataflow Pipeline: 0

* FSM state transitions: 
1 --> 2 
2 --> 3 
3 --> 

* FSM state operations: 

State 1 <SV = 0> <Delay = 4.99>
ST_1 : Operation 6 [1/1] (0.00ns)   --->   "%j = alloca i32 1" [../stream_matmul_fixedPoint.cpp:84]   --->   Operation 6 'alloca' 'j' <Predicate = true> <Delay = 0.00>
ST_1 : Operation 7 [1/1] (0.00ns)   --->   "%i = alloca i32 1" [../stream_matmul_fixedPoint.cpp:84]   --->   Operation 7 'alloca' 'i' <Predicate = true> <Delay = 0.00>
ST_1 : Operation 8 [1/1] (0.00ns)   --->   "%indvar_flatten20 = alloca i32 1"   --->   Operation 8 'alloca' 'indvar_flatten20' <Predicate = true> <Delay = 0.00>
ST_1 : Operation 9 [1/1] (0.00ns)   --->   "%specaxissidechannel_ln0 = specaxissidechannel void @_ssdm_op_SpecAXISSideChannel, i32 %out_stream_V_data_V, i4 %out_stream_V_keep_V, i4 %out_stream_V_strb_V, i1 0, i1 %out_stream_V_last_V, i1 0, i1 0, void @empty_6"   --->   Operation 9 'specaxissidechannel' 'specaxissidechannel_ln0' <Predicate = true> <Delay = 0.00>
ST_1 : Operation 10 [1/1] (0.00ns)   --->   "%specinterface_ln0 = specinterface void @_ssdm_op_SpecInterface, i1 %out_stream_V_last_V, i4 %out_stream_V_strb_V, i4 %out_stream_V_keep_V, i32 %out_stream_V_data_V, void @empty, i32 0, i32 0, void @empty_0, i32 0, i32 0, void @empty_1, void @empty_1, void @empty_1, i32 0, i32 0, i32 0, i32 0, void @empty_1, void @empty_1, i32 4294967295, i32 0, i32 0, i32 0"   --->   Operation 10 'specinterface' 'specinterface_ln0' <Predicate = true> <Delay = 0.00>
ST_1 : Operation 11 [1/1] (1.58ns)   --->   "%store_ln0 = store i9 0, i9 %indvar_flatten20"   --->   Operation 11 'store' 'store_ln0' <Predicate = true> <Delay = 1.58>
ST_1 : Operation 12 [1/1] (1.58ns)   --->   "%store_ln84 = store i5 0, i5 %i" [../stream_matmul_fixedPoint.cpp:84]   --->   Operation 12 'store' 'store_ln84' <Predicate = true> <Delay = 1.58>
ST_1 : Operation 13 [1/1] (1.58ns)   --->   "%store_ln84 = store i5 0, i5 %j" [../stream_matmul_fixedPoint.cpp:84]   --->   Operation 13 'store' 'store_ln84' <Predicate = true> <Delay = 1.58>
ST_1 : Operation 14 [1/1] (0.00ns)   --->   "%br_ln0 = br void %for.body96"   --->   Operation 14 'br' 'br_ln0' <Predicate = true> <Delay = 0.00>
ST_1 : Operation 15 [1/1] (0.00ns)   --->   "%indvar_flatten20_load = load i9 %indvar_flatten20" [../stream_matmul_fixedPoint.cpp:166]   --->   Operation 15 'load' 'indvar_flatten20_load' <Predicate = true> <Delay = 0.00>
ST_1 : Operation 16 [1/1] (1.82ns)   --->   "%icmp_ln166 = icmp_eq  i9 %indvar_flatten20_load, i9 256" [../stream_matmul_fixedPoint.cpp:166]   --->   Operation 16 'icmp' 'icmp_ln166' <Predicate = true> <Delay = 1.82> <CoreInst = "Cmp">   --->   Core 9 'Cmp' <Latency = 0> <II = 1> <Delay = 1.82> <FuncUnit> <Opcode : 'seteq' 'setne' 'setle' 'setge' 'setlt' 'setgt'> <InPorts = 2> <OutPorts = 1>
ST_1 : Operation 17 [1/1] (1.82ns)   --->   "%add_ln166_1 = add i9 %indvar_flatten20_load, i9 1" [../stream_matmul_fixedPoint.cpp:166]   --->   Operation 17 'add' 'add_ln166_1' <Predicate = true> <Delay = 1.82> <CoreInst = "Adder">   --->   Core 1 'Adder' <Latency = 0> <II = 1> <Delay = 1.82> <FuncUnit> <Opcode : 'add' 'sub'> <InPorts = 2> <OutPorts = 1>
ST_1 : Operation 18 [1/1] (0.00ns)   --->   "%br_ln166 = br i1 %icmp_ln166, void %for.inc108, void %for.end110.exitStub" [../stream_matmul_fixedPoint.cpp:166]   --->   Operation 18 'br' 'br_ln166' <Predicate = true> <Delay = 0.00>
ST_1 : Operation 19 [1/1] (1.58ns)   --->   "%store_ln166 = store i9 %add_ln166_1, i9 %indvar_flatten20" [../stream_matmul_fixedPoint.cpp:166]   --->   Operation 19 'store' 'store_ln166' <Predicate = (!icmp_ln166)> <Delay = 1.58>

State 2 <SV = 1> <Delay = 6.36>
ST_2 : Operation 20 [1/1] (0.00ns)   --->   "%j_load = load i5 %j" [../stream_matmul_fixedPoint.cpp:168]   --->   Operation 20 'load' 'j_load' <Predicate = true> <Delay = 0.00>
ST_2 : Operation 21 [1/1] (0.00ns)   --->   "%i_load = load i5 %i" [../stream_matmul_fixedPoint.cpp:166]   --->   Operation 21 'load' 'i_load' <Predicate = true> <Delay = 0.00>
ST_2 : Operation 22 [1/1] (1.78ns)   --->   "%add_ln166 = add i5 %i_load, i5 1" [../stream_matmul_fixedPoint.cpp:166]   --->   Operation 22 'add' 'add_ln166' <Predicate = true> <Delay = 1.78> <CoreInst = "Adder">   --->   Core 1 'Adder' <Latency = 0> <II = 1> <Delay = 1.78> <FuncUnit> <Opcode : 'add' 'sub'> <InPorts = 2> <OutPorts = 1>
ST_2 : Operation 23 [1/1] (1.78ns)   --->   "%icmp_ln168 = icmp_eq  i5 %j_load, i5 16" [../stream_matmul_fixedPoint.cpp:168]   --->   Operation 23 'icmp' 'icmp_ln168' <Predicate = true> <Delay = 1.78> <CoreInst = "Cmp">   --->   Core 9 'Cmp' <Latency = 0> <II = 1> <Delay = 1.78> <FuncUnit> <Opcode : 'seteq' 'setne' 'setle' 'setge' 'setlt' 'setgt'> <InPorts = 2> <OutPorts = 1>
ST_2 : Operation 24 [1/1] (1.21ns)   --->   "%select_ln84 = select i1 %icmp_ln168, i5 0, i5 %j_load" [../stream_matmul_fixedPoint.cpp:84]   --->   Operation 24 'select' 'select_ln84' <Predicate = true> <Delay = 1.21> <CoreInst = "Sel">   --->   Core 73 'Sel' <Latency = 0> <II = 1> <Delay = 1.21> <FuncUnit> <Opcode : 'select'> <InPorts = 3> <OutPorts = 1>
ST_2 : Operation 25 [1/1] (1.21ns)   --->   "%select_ln166 = select i1 %icmp_ln168, i5 %add_ln166, i5 %i_load" [../stream_matmul_fixedPoint.cpp:166]   --->   Operation 25 'select' 'select_ln166' <Predicate = true> <Delay = 1.21> <CoreInst = "Sel">   --->   Core 73 'Sel' <Latency = 0> <II = 1> <Delay = 1.21> <FuncUnit> <Opcode : 'select'> <InPorts = 3> <OutPorts = 1>
ST_2 : Operation 26 [1/1] (0.00ns)   --->   "%trunc_ln170 = trunc i5 %select_ln166" [../stream_matmul_fixedPoint.cpp:170]   --->   Operation 26 'trunc' 'trunc_ln170' <Predicate = true> <Delay = 0.00>
ST_2 : Operation 27 [1/1] (1.78ns)   --->   "%icmp_ln170 = icmp_eq  i5 %select_ln166, i5 15" [../stream_matmul_fixedPoint.cpp:170]   --->   Operation 27 'icmp' 'icmp_ln170' <Predicate = true> <Delay = 1.78> <CoreInst = "Cmp">   --->   Core 9 'Cmp' <Latency = 0> <II = 1> <Delay = 1.78> <FuncUnit> <Opcode : 'seteq' 'setne' 'setle' 'setge' 'setlt' 'setgt'> <InPorts = 2> <OutPorts = 1>
ST_2 : Operation 28 [1/1] (0.00ns)   --->   "%trunc_ln168 = trunc i5 %select_ln84" [../stream_matmul_fixedPoint.cpp:168]   --->   Operation 28 'trunc' 'trunc_ln168' <Predicate = true> <Delay = 0.00>
ST_2 : Operation 29 [1/1] (0.00ns)   --->   "%lshr_ln84_1 = partselect i2 @_ssdm_op_PartSelect.i2.i5.i32.i32, i5 %select_ln84, i32 2, i32 3" [../stream_matmul_fixedPoint.cpp:84]   --->   Operation 29 'partselect' 'lshr_ln84_1' <Predicate = true> <Delay = 0.00>
ST_2 : Operation 30 [1/1] (0.00ns)   --->   "%tmp_s = bitconcatenate i6 @_ssdm_op_BitConcatenate.i6.i4.i2, i4 %trunc_ln170, i2 %lshr_ln84_1" [../stream_matmul_fixedPoint.cpp:171]   --->   Operation 30 'bitconcatenate' 'tmp_s' <Predicate = true> <Delay = 0.00>
ST_2 : Operation 31 [1/1] (0.00ns)   --->   "%zext_ln171 = zext i6 %tmp_s" [../stream_matmul_fixedPoint.cpp:171]   --->   Operation 31 'zext' 'zext_ln171' <Predicate = true> <Delay = 0.00>
ST_2 : Operation 32 [1/1] (0.00ns)   --->   "%C_addr = getelementptr i32 %C, i64 0, i64 %zext_ln171" [../stream_matmul_fixedPoint.cpp:171]   --->   Operation 32 'getelementptr' 'C_addr' <Predicate = true> <Delay = 0.00>
ST_2 : Operation 33 [1/1] (0.00ns)   --->   "%C_1_addr = getelementptr i32 %C_1, i64 0, i64 %zext_ln171" [../stream_matmul_fixedPoint.cpp:171]   --->   Operation 33 'getelementptr' 'C_1_addr' <Predicate = true> <Delay = 0.00>
ST_2 : Operation 34 [1/1] (0.00ns)   --->   "%C_2_addr = getelementptr i32 %C_2, i64 0, i64 %zext_ln171" [../stream_matmul_fixedPoint.cpp:171]   --->   Operation 34 'getelementptr' 'C_2_addr' <Predicate = true> <Delay = 0.00>
ST_2 : Operation 35 [1/1] (0.00ns)   --->   "%C_3_addr = getelementptr i32 %C_3, i64 0, i64 %zext_ln171" [../stream_matmul_fixedPoint.cpp:171]   --->   Operation 35 'getelementptr' 'C_3_addr' <Predicate = true> <Delay = 0.00>
ST_2 : Operation 36 [1/1] (1.78ns)   --->   "%icmp_ln170_1 = icmp_eq  i5 %select_ln84, i5 15" [../stream_matmul_fixedPoint.cpp:170]   --->   Operation 36 'icmp' 'icmp_ln170_1' <Predicate = true> <Delay = 1.78> <CoreInst = "Cmp">   --->   Core 9 'Cmp' <Latency = 0> <II = 1> <Delay = 1.78> <FuncUnit> <Opcode : 'seteq' 'setne' 'setle' 'setge' 'setlt' 'setgt'> <InPorts = 2> <OutPorts = 1>
ST_2 : Operation 37 [1/1] (0.97ns)   --->   "%last = and i1 %icmp_ln170, i1 %icmp_ln170_1" [../stream_matmul_fixedPoint.cpp:170]   --->   Operation 37 'and' 'last' <Predicate = true> <Delay = 0.97> <CoreInst = "LogicGate">   --->   Core 74 'LogicGate' <Latency = 0> <II = 1> <Delay = 0.97> <FuncUnit> <Opcode : 'and' 'or' 'xor'> <InPorts = 2> <OutPorts = 1>
ST_2 : Operation 38 [2/2] (3.25ns)   --->   "%C_load = load i6 %C_addr" [../stream_matmul_fixedPoint.cpp:171]   --->   Operation 38 'load' 'C_load' <Predicate = true> <Delay = 3.25> <CoreInst = "RAM">   --->   Core 81 'RAM' <Latency = 1> <II = 1> <Delay = 3.25> <Storage> <Opcode : 'load' 'store'> <Ports = 2> <Width = 32> <Depth = 64> <RAM>
ST_2 : Operation 39 [2/2] (3.25ns)   --->   "%C_1_load = load i6 %C_1_addr" [../stream_matmul_fixedPoint.cpp:171]   --->   Operation 39 'load' 'C_1_load' <Predicate = true> <Delay = 3.25> <CoreInst = "RAM">   --->   Core 81 'RAM' <Latency = 1> <II = 1> <Delay = 3.25> <Storage> <Opcode : 'load' 'store'> <Ports = 2> <Width = 32> <Depth = 64> <RAM>
ST_2 : Operation 40 [2/2] (3.25ns)   --->   "%C_2_load = load i6 %C_2_addr" [../stream_matmul_fixedPoint.cpp:171]   --->   Operation 40 'load' 'C_2_load' <Predicate = true> <Delay = 3.25> <CoreInst = "RAM">   --->   Core 81 'RAM' <Latency = 1> <II = 1> <Delay = 3.25> <Storage> <Opcode : 'load' 'store'> <Ports = 2> <Width = 32> <Depth = 64> <RAM>
ST_2 : Operation 41 [2/2] (3.25ns)   --->   "%C_3_load = load i6 %C_3_addr" [../stream_matmul_fixedPoint.cpp:171]   --->   Operation 41 'load' 'C_3_load' <Predicate = true> <Delay = 3.25> <CoreInst = "RAM">   --->   Core 81 'RAM' <Latency = 1> <II = 1> <Delay = 3.25> <Storage> <Opcode : 'load' 'store'> <Ports = 2> <Width = 32> <Depth = 64> <RAM>
ST_2 : Operation 42 [1/1] (1.78ns)   --->   "%add_ln168 = add i5 %select_ln84, i5 1" [../stream_matmul_fixedPoint.cpp:168]   --->   Operation 42 'add' 'add_ln168' <Predicate = true> <Delay = 1.78> <CoreInst = "Adder">   --->   Core 1 'Adder' <Latency = 0> <II = 1> <Delay = 1.78> <FuncUnit> <Opcode : 'add' 'sub'> <InPorts = 2> <OutPorts = 1>
ST_2 : Operation 43 [1/1] (1.58ns)   --->   "%store_ln84 = store i5 %select_ln166, i5 %i" [../stream_matmul_fixedPoint.cpp:84]   --->   Operation 43 'store' 'store_ln84' <Predicate = true> <Delay = 1.58>
ST_2 : Operation 44 [1/1] (1.58ns)   --->   "%store_ln84 = store i5 %add_ln168, i5 %j" [../stream_matmul_fixedPoint.cpp:84]   --->   Operation 44 'store' 'store_ln84' <Predicate = true> <Delay = 1.58>
ST_2 : Operation 55 [1/1] (1.58ns)   --->   "%ret_ln0 = ret"   --->   Operation 55 'ret' 'ret_ln0' <Predicate = (icmp_ln166)> <Delay = 1.58>

State 3 <SV = 2> <Delay = 6.37>
ST_3 : Operation 45 [1/1] (0.00ns)   --->   "%specloopname_ln0 = specloopname void @_ssdm_op_SpecLoopName, void @write_c_i_write_c_j_str"   --->   Operation 45 'specloopname' 'specloopname_ln0' <Predicate = true> <Delay = 0.00>
ST_3 : Operation 46 [1/1] (0.00ns)   --->   "%speclooptripcount_ln0 = speclooptripcount void @_ssdm_op_SpecLoopTripCount, i64 256, i64 256, i64 256"   --->   Operation 46 'speclooptripcount' 'speclooptripcount_ln0' <Predicate = true> <Delay = 0.00>
ST_3 : Operation 47 [1/1] (0.00ns)   --->   "%specpipeline_ln169 = specpipeline void @_ssdm_op_SpecPipeline, i32 1, i32 0, i32 0, i32 0, i32 4294967295, void @empty_1" [../stream_matmul_fixedPoint.cpp:169]   --->   Operation 47 'specpipeline' 'specpipeline_ln169' <Predicate = true> <Delay = 0.00>
ST_3 : Operation 48 [1/2] ( I:3.25ns O:3.25ns )   --->   "%C_load = load i6 %C_addr" [../stream_matmul_fixedPoint.cpp:171]   --->   Operation 48 'load' 'C_load' <Predicate = true> <Delay = 3.25> <CoreInst = "RAM">   --->   Core 81 'RAM' <Latency = 1> <II = 1> <Delay = 3.25> <Storage> <Opcode : 'load' 'store'> <Ports = 2> <Width = 32> <Depth = 64> <RAM>
ST_3 : Operation 49 [1/2] ( I:3.25ns O:3.25ns )   --->   "%C_1_load = load i6 %C_1_addr" [../stream_matmul_fixedPoint.cpp:171]   --->   Operation 49 'load' 'C_1_load' <Predicate = true> <Delay = 3.25> <CoreInst = "RAM">   --->   Core 81 'RAM' <Latency = 1> <II = 1> <Delay = 3.25> <Storage> <Opcode : 'load' 'store'> <Ports = 2> <Width = 32> <Depth = 64> <RAM>
ST_3 : Operation 50 [1/2] ( I:3.25ns O:3.25ns )   --->   "%C_2_load = load i6 %C_2_addr" [../stream_matmul_fixedPoint.cpp:171]   --->   Operation 50 'load' 'C_2_load' <Predicate = true> <Delay = 3.25> <CoreInst = "RAM">   --->   Core 81 'RAM' <Latency = 1> <II = 1> <Delay = 3.25> <Storage> <Opcode : 'load' 'store'> <Ports = 2> <Width = 32> <Depth = 64> <RAM>
ST_3 : Operation 51 [1/2] ( I:3.25ns O:3.25ns )   --->   "%C_3_load = load i6 %C_3_addr" [../stream_matmul_fixedPoint.cpp:171]   --->   Operation 51 'load' 'C_3_load' <Predicate = true> <Delay = 3.25> <CoreInst = "RAM">   --->   Core 81 'RAM' <Latency = 1> <II = 1> <Delay = 3.25> <Storage> <Opcode : 'load' 'store'> <Ports = 2> <Width = 32> <Depth = 64> <RAM>
ST_3 : Operation 52 [1/1] (1.82ns)   --->   "%value = sparsemux i32 @_ssdm_op_SparseMux.ap_auto.4i32.i32.i2, i2 0, i32 %C_load, i2 1, i32 %C_1_load, i2 2, i32 %C_2_load, i2 3, i32 %C_3_load, i32 0, i2 %trunc_ln168" [../stream_matmul_fixedPoint.cpp:171]   --->   Operation 52 'sparsemux' 'value' <Predicate = true> <Delay = 1.82> <CoreInst = "BinarySparseMux_DontCare">   --->   Core 137 'BinarySparseMux_DontCare' <Latency = 0> <II = 1> <Delay = 1.82> <FuncUnit> <Opcode : 'sparsemux'> <InPorts = 2> <OutPorts = 1>
ST_3 : Operation 53 [1/1] ( I:1.29ns O:1.29ns )   --->   "%write_ln171 = write void @_ssdm_op_Write.axis.volatile.i32P0A.i4P0A.i4P0A.i1P0A, i32 %out_stream_V_data_V, i4 %out_stream_V_keep_V, i4 %out_stream_V_strb_V, i1 %out_stream_V_last_V, i32 %value, i4 15, i4 15, i1 %last" [../stream_matmul_fixedPoint.cpp:171]   --->   Operation 53 'write' 'write_ln171' <Predicate = true> <Delay = 1.29> <CoreInst = "regslice">   --->   Core 135 'regslice' <Latency = 0> <II = 1> <Delay = 1.86> <Adapter> <Opcode : 'read' 'write'>
ST_3 : Operation 54 [1/1] (0.00ns)   --->   "%br_ln168 = br void %for.body96" [../stream_matmul_fixedPoint.cpp:168]   --->   Operation 54 'br' 'br_ln168' <Predicate = true> <Delay = 0.00>


============================================================
+ Verbose Summary: Timing violations
============================================================
Target clock period: 10.000ns, clock uncertainty: 2.700ns.

 <State 1>: 4.999ns
The critical path consists of the following:
	'store' operation ('store_ln0') of constant 0 9 bit on local variable 'indvar_flatten20' [14]  (1.588 ns)
	'load' operation 9 bit ('indvar_flatten20_load', ../stream_matmul_fixedPoint.cpp:166) on local variable 'indvar_flatten20' [19]  (0.000 ns)
	'add' operation 9 bit ('add_ln166_1', ../stream_matmul_fixedPoint.cpp:166) [21]  (1.823 ns)
	'store' operation ('store_ln166', ../stream_matmul_fixedPoint.cpp:166) of variable 'add_ln166_1', ../stream_matmul_fixedPoint.cpp:166 9 bit on local variable 'indvar_flatten20' [52]  (1.588 ns)

 <State 2>: 6.363ns
The critical path consists of the following:
	'load' operation 5 bit ('j_load', ../stream_matmul_fixedPoint.cpp:168) on local variable 'j', ../stream_matmul_fixedPoint.cpp:84 [24]  (0.000 ns)
	'icmp' operation 1 bit ('icmp_ln168', ../stream_matmul_fixedPoint.cpp:168) [29]  (1.780 ns)
	'select' operation 5 bit ('select_ln84', ../stream_matmul_fixedPoint.cpp:84) [30]  (1.215 ns)
	'add' operation 5 bit ('add_ln168', ../stream_matmul_fixedPoint.cpp:168) [51]  (1.780 ns)
	'store' operation ('store_ln84', ../stream_matmul_fixedPoint.cpp:84) of variable 'add_ln168', ../stream_matmul_fixedPoint.cpp:168 5 bit on local variable 'j', ../stream_matmul_fixedPoint.cpp:84 [54]  (1.588 ns)

 <State 3>: 6.371ns
The critical path consists of the following:
	'load' operation 32 bit ('C_load', ../stream_matmul_fixedPoint.cpp:171) on array 'C' [45]  (3.254 ns)
	'sparsemux' operation 32 bit ('value', ../stream_matmul_fixedPoint.cpp:171) [49]  (1.827 ns)
	axis write operation ('write_ln171', ../stream_matmul_fixedPoint.cpp:171) on port 'out_stream_V_data_V' (../stream_matmul_fixedPoint.cpp:171) [50]  (1.290 ns)


============================================================
+ Verbose Summary: Binding
============================================================
N/A
* FSMD analyzer results:
  - Output states:
 - Input state : 
  - Chain level:
	State 1
	State 2
	State 3


============================================================
+ Verbose Summary: Datapath Resource usage 
============================================================
N/A
