  **** HLS Build v2025.2 6295257
INFO: [HLS 200-2005] Using work_dir C:/Users/rodrigofonseca/Lab1-FixedPoint/hls_component/stream_matmul 
INFO: [HLS 200-2176] Writing Vitis IDE component file C:/Users/rodrigofonseca/Lab1-FixedPoint/hls_component/stream_matmul/vitis-comp.json
INFO: [HLS 200-10] Creating and opening component 'C:/Users/rodrigofonseca/Lab1-FixedPoint/hls_component/stream_matmul'.
INFO: [HLS 200-1505] Using default flow_target 'vivado'
Resolution: For help on HLS 200-1505 see docs.amd.com/access/sources/dita/topic?Doc_Version=2025.2%20English&url=ug1448-hls-guidance&resourceid=200-1505.html
INFO: [HLS 200-2174] Applying component config ini file hls_config.cfg
INFO: [HLS 200-1465] Applying config ini 'syn.file=../stream_matmul_fixedPoint.cpp' from hls_config.cfg(8)
INFO: [HLS 200-10] Adding design file 'C:/Users/rodrigofonseca/Lab1-FixedPoint/stream_matmul_fixedPoint.cpp' to the project
INFO: [HLS 200-1465] Applying config ini 'tb.file=../tb_stream_matmul_fixedPoint.cpp' from hls_config.cfg(9)
INFO: [HLS 200-10] Adding test bench file 'C:/Users/rodrigofonseca/Lab1-FixedPoint/tb_stream_matmul_fixedPoint.cpp' to the project
INFO: [HLS 200-1465] Applying config ini 'syn.top=stream_matmul' from hls_config.cfg(7)
INFO: [HLS 200-1465] Applying config ini 'flow_target=vivado' from hls_config.cfg(4)
INFO: [HLS 200-1505] Using flow_target 'vivado'
Resolution: For help on HLS 200-1505 see docs.amd.com/access/sources/dita/topic?Doc_Version=2025.2%20English&url=ug1448-hls-guidance&resourceid=200-1505.html
INFO: [HLS 200-1465] Applying config ini 'part=xc7z010clg400-1' from hls_config.cfg(1)
INFO: [HLS 200-1611] Setting target device to 'xc7z010-clg400-1'
INFO: [HLS 200-1465] Applying config ini 'clock=10ns' from hls_config.cfg(10)
INFO: [SYN 201-201] Setting up clock 'default' with a period of 10ns.
INFO: [HLS 200-1465] Applying config ini 'clock_uncertainty=27%' from hls_config.cfg(11)
INFO: [SYN 201-201] Setting up clock 'default' with an uncertainty of 2.7ns.
INFO: [HLS 200-1465] Applying config ini 'package.output.format=ip_catalog' from hls_config.cfg(5)
INFO: [HLS 200-2176] Writing Vitis IDE component file C:/Users/rodrigofonseca/Lab1-FixedPoint/hls_component/stream_matmul/vitis-comp.json
INFO: [SIM 211-2] *************** CSIM start ***************
INFO: [HLS 200-2191] C-Simulation will use clang-16 as the compiler
INFO: [HLS 200-2036] Building debug C Simulation binaries
   Compiling ../../../../../tb_stream_matmul_fixedPoint.cpp in debug mode
   Generating csim.exe
In file included from ../../../../../tb_stream_matmul_fixedPoint.cpp:6:
In file included from C:/AMDDesignTools/2025.2/Vitis/include\ap_axi_sdata.h:15:
In file included from C:/AMDDesignTools/2025.2/Vitis/include/ap_int.h:10:
In file included from C:/AMDDesignTools/2025.2/Vitis/include\etc/ap_common.h:668:
In file included from C:/AMDDesignTools/2025.2/Vitis/include\etc/ap_private.h:68:
In file included from C:/AMDDesignTools/2025.2/Vitis/include\hls_half.h:26:
In file included from C:/AMDDesignTools/2025.2/Vitis/include/etc/hls_half_fpo.h:19:
In file included from C:/AMDDesignTools/2025.2/Vitis/include\hls_fpo.h:140:
In file included from C:/AMDDesignTools/2025.2/Vitis/include/floating_point_v7_1_bitacc_cmodel.h:150:
C:/AMDDesignTools/2025.2/Vitis/include\gmp.h:58:9: warning: '__GMP_LIBGMP_DLL' macro redefined [-Wmacro-redefined]
#define __GMP_LIBGMP_DLL  0
        ^
C:/AMDDesignTools/2025.2/Vitis/include/floating_point_v7_1_bitacc_cmodel.h:142:9: note: previous definition is here
#define __GMP_LIBGMP_DLL 1
        ^
1 warning generated.

====================================
Running fixed-point test case: Identity A
N = 1024, TILE = 16, NUM_K_TILES = 64
====================================
Testing Identity A, tile (0,0)
Testing Identity A, tile (0,1)
Testing Identity A, tile (1,0)
Testing Identity A, tile (1,1)
Testing Identity A, tile (10,20)
Testing Identity A, tile (32,17)
Testing Identity A, tile (63,63)
Test case: Identity A
Max error = 0.000000
MSE       = 0.000000
Result: PASSED

====================================
Running fixed-point test case: All ones
N = 1024, TILE = 16, NUM_K_TILES = 64
====================================
Testing All ones, tile (0,0)
Testing All ones, tile (0,1)
Testing All ones, tile (1,0)
Testing All ones, tile (1,1)
Testing All ones, tile (10,20)
Testing All ones, tile (32,17)
Testing All ones, tile (63,63)
Test case: All ones
Max error = 0.000000
MSE       = 0.000000
Result: PASSED

====================================
Running fixed-point test case: Deterministic pseudo-random
N = 1024, TILE = 16, NUM_K_TILES = 64
====================================
Testing Deterministic pseudo-random, tile (0,0)
Testing Deterministic pseudo-random, tile (0,1)
Testing Deterministic pseudo-random, tile (1,0)
Testing Deterministic pseudo-random, tile (1,1)
Testing Deterministic pseudo-random, tile (10,20)
Testing Deterministic pseudo-random, tile (32,17)
Testing Deterministic pseudo-random, tile (63,63)
Test case: Deterministic pseudo-random
Max error = 0.000000
MSE       = 0.000000
Result: PASSED

====================================
ALL N=1024 FIXED-POINT TESTS PASSED
====================================
INFO [HLS SIM]: The maximum depth reached by any hls::stream() instance in the design is 32768
INFO: [SIM 211-1] CSim done with 0 errors.
INFO: [SIM 211-3] *************** CSIM finish ***************
INFO: [HLS 200-112] Total CPU user time: 1 seconds. Total CPU system time: 1 seconds. Total elapsed time: 24.667 seconds; peak allocated memory: 140.051 MB.
INFO: [vitis-run 60-791] Total elapsed time: 0h 0m 29s
