  **** HLS Build v2025.1 6135595
INFO: [HLS 200-2005] Using work_dir D:/HWSW/hls_component/stream_matmul 
INFO: [HLS 200-2176] Writing Vitis IDE component file D:/HWSW/hls_component/stream_matmul/vitis-comp.json
INFO: [HLS 200-10] Creating and opening component 'D:/HWSW/hls_component/stream_matmul'.
INFO: [HLS 200-1505] Using default flow_target 'vivado'
Resolution: For help on HLS 200-1505 see docs.xilinx.com/access/sources/dita/topic?Doc_Version=2025.1%20English&url=ug1448-hls-guidance&resourceid=200-1505.html
INFO: [HLS 200-2174] Applying component config ini file D:/HWSW/hls_component/hls_config.cfg
INFO: [HLS 200-1465] Applying config ini 'syn.file=../stream_matmul.cpp' from D:/HWSW/hls_component/hls_config.cfg(9)
INFO: [HLS 200-10] Adding design file 'D:/HWSW/stream_matmul.cpp' to the project
INFO: [HLS 200-1465] Applying config ini 'syn.file=../stream_matmul.h' from D:/HWSW/hls_component/hls_config.cfg(10)
INFO: [HLS 200-10] Adding design file 'D:/HWSW/stream_matmul.h' to the project
INFO: [HLS 200-1465] Applying config ini 'tb.file=../tb_stream_matmul.cpp' from D:/HWSW/hls_component/hls_config.cfg(8)
INFO: [HLS 200-10] Adding test bench file 'D:/HWSW/tb_stream_matmul.cpp' to the project
INFO: [HLS 200-1465] Applying config ini 'syn.top=stream_matmul' from D:/HWSW/hls_component/hls_config.cfg(7)
INFO: [HLS 200-1465] Applying config ini 'flow_target=vivado' from D:/HWSW/hls_component/hls_config.cfg(4)
INFO: [HLS 200-1505] Using flow_target 'vivado'
Resolution: For help on HLS 200-1505 see docs.xilinx.com/access/sources/dita/topic?Doc_Version=2025.1%20English&url=ug1448-hls-guidance&resourceid=200-1505.html
INFO: [HLS 200-1465] Applying config ini 'part=xc7z010clg400-1' from D:/HWSW/hls_component/hls_config.cfg(1)
INFO: [HLS 200-1611] Setting target device to 'xc7z010-clg400-1'
INFO: [HLS 200-1465] Applying config ini 'package.output.format=ip_catalog' from D:/HWSW/hls_component/hls_config.cfg(5)
INFO: [HLS 200-2176] Writing Vitis IDE component file D:/HWSW/hls_component/stream_matmul/vitis-comp.json
INFO: [SIM 211-2] *************** CSIM start ***************
INFO: [SIM 211-4] CSIM will launch CLANG as the compiler.
INFO: [HLS 200-2036] Building debug C Simulation binaries
   Compiling ../../../../../stream_matmul.cpp in debug mode
   Generating csim.exe
In file included from ../../../../../stream_matmul.cpp:51:
In file included from ../../../../../stream_matmul.h:10:
In file included from D:/2025.1/Vitis/include/ap_axi_sdata.h:15:
In file included from D:/2025.1/Vitis/include/ap_int.h:10:
In file included from D:/2025.1/Vitis/include/etc/ap_common.h:677:
In file included from D:/2025.1/Vitis/include/etc/ap_private.h:68:
In file included from D:/2025.1/Vitis/include/hls_half.h:26:
In file included from D:/2025.1/Vitis/include/etc/hls_half_fpo.h:19:
In file included from D:/2025.1/Vitis/include/hls_fpo.h:140:
In file included from D:/2025.1/Vitis/include/floating_point_v7_1_bitacc_cmodel.h:150:
D:/2025.1/Vitis/include/gmp.h:58:9: warning: '__GMP_LIBGMP_DLL' macro redefined [-Wmacro-redefined]
#define __GMP_LIBGMP_DLL  0
        ^
D:/2025.1/Vitis/include/floating_point_v7_1_bitacc_cmodel.h:142:9: note: previous definition is here
#define __GMP_LIBGMP_DLL 1
        ^
1 warning generated.
=== stream_matmul HLS Testbench ===
Tile size T = 16

--- Test 1: Single tile (instr=0) ---
FAIL [single_tile] max_err=8.329453e+00 at [15][15]  hw=0.000000  sw=8.329453

--- Test 2: Accumulation (instr=0 then instr=1) ---
FAIL [accumulation] max_err=5.527040e+01 at [15][15]  hw=56.000000  sw=111.270401

--- Test 3: Full 2T×2T matrix via tiling ---
FAIL [full_C[0][0]] max_err=2.152920e+01 at [15][14]  hw=9.000000  sw=30.529202
FAIL [full_C[0][1]] max_err=2.252000e+01 at [10][15]  hw=0.000000  sw=22.520000
FAIL [full_C[1][0]] max_err=2.391320e+01 at [15][14]  hw=9.000000  sw=32.913197
FAIL [full_C[1][1]] max_err=2.432000e+01 at [15][15]  hw=11.000000  sw=35.320000

--- Test 4: TLAST position ---
PASS [tlast] TLAST correctly at beat 255 (= T*T-1)

=== Summary: SOME TESTS FAILED ===
INFO [HLS SIM]: The maximum depth reached by any hls::stream() instance in the design is 256
@E Simulation failed: Function 'main' returns nonzero value '6'.
ERROR: [SIM 211-100] 'csim_design' failed: nonzero return value.
INFO: [SIM 211-3] *************** CSIM finish ***************
ERROR: 4
INFO: [HLS 200-112] Total CPU user time: 1 seconds. Total CPU system time: 1 seconds. Total elapsed time: 9.385 seconds; peak allocated memory: 147.734 MB.
