# 
# Steps log generated by v++
# This log file contains a collection of steps that describe the kernel compilation flow
# Note: Some steps are tagged as internal, these steps are for debugging purposes and 
#       are not expected to be able to run independently.
# 

# The following environment variables are set when running vitis-run
Environment variables :
------------------------------------------
ALLUSERSPROFILE=C:\ProgramData
APPDATA=C:\Users\Utilizador\AppData\Roaming
arr.length=0
arr.Ubound=-1
CHARPOP=1
CMAKE_OBJECT_PATH_MAX=4096
CommonProgramFiles=C:\Program Files\Common Files
CommonProgramFiles(x86)=C:\Program Files (x86)\Common Files
CommonProgramW6432=C:\Program Files\Common Files
COMPUTERNAME=DESKTOP-L6C4H0S
ComSpec=C:\WINDOWS\system32\cmd.exe
DriverData=C:\Windows\System32\Drivers\DriverData
FPS_BROWSER_APP_PROFILE_STRING=Internet Explorer
FPS_BROWSER_USER_PROFILE_STRING=Default
HDI_APPROOT=D:/2025.1/Vitis
HDI_PROCESSOR=i686
HOMEDRIVE=C:
HOMEPATH=\Users\Utilizador
HW_SERVER_DJTG_DISABLE=1
HW_SERVER_FTDIMGR_DISABLE=1
IDE_SKIP_SERVER_LICENSE=1
INT_VARIABLE_NAME=XILINX_PATH
ISL_IOSTREAMS_RSA=D:/2025.1/Vitis/tps/isl
JAVA_EXE=D:/2025.1/Vitis\tps\win64\jre11.0.16_1\bin\java.exe
JAVA_HOME=D:/2025.1/Vitis\tps\win64\jre11.0.16_1
LC_NUMERIC=C
LOCALAPPDATA=C:\Users\Utilizador\AppData\Local
LOGONSERVER=\\DESKTOP-L6C4H0S
LOPPER_DTC_FLAGS=-b 0 -@
NOSPLASH=false
NUMBER_OF_PROCESSORS=6
OneDrive=C:\Users\Utilizador\OneDrive
OneDriveConsumer=C:\Users\Utilizador\OneDrive
ORIGINAL_XDG_CURRENT_DESKTOP=undefined
OS=Windows_NT
PATH=D:/2025.1/Vivado/tps/win64/binutils-2.26/bin;D:/2025.1/Vitis/bin/../gnu/aarch64/nt/aarch64-linux/bin;D:/2025.1/Vitis/bin/../gnu/ppc64le/4.9.3/win64/bin;D:/2025.1/Vitis/bin/../gnu/aarch32/nt/gcc-arm-linux-gnueabi/bin;D:/2025.1/Vitis/tps/mingw/6.2.0/win64.o/nt/bin;D:/2025.1/Vivado\gnuwin\bin;D:/2025.1/Vivado\gnu\microblaze\nt\bin;D:/2025.1/Vitis/bin;D:/2025.1/Vitis\tps\win64;D:/2025.1/Vitis/tps/win64/java-cef-95.0.4638.69/bin/lib/win64;D:/2025.1/Vitis/lib/win64.o;D:/2025.1/Vitis/tps/win64/jre11.0.16_1/bin/server;D:/2025.1/Vitis/tps/win64/jre11.0.16_1/bin;D:/2025.1/Vitis\tps\win64\cmake-3.24.2\bin;D:/2025.1/Vitis\gnu\microblaze\nt\bin;D:/2025.1/Vitis\gnu\microblaze\linux_toolchain\nt64_le\bin;D:/2025.1/Vitis\gnu\aarch32\nt\gcc-arm-linux-gnueabi\bin;D:/2025.1/Vitis\gnu\aarch32\nt\gcc-arm-none-eabi\bin;D:/2025.1/Vitis\gnu\aarch64\nt\aarch64-linux\bin;D:/2025.1/Vitis\gnu\aarch64\nt\aarch64-none\bin;D:/2025.1/Vitis\gnu\armr5\nt\gcc-arm-none-eabi\bin;D:/2025.1/Vitis\gnuwin\bin;D:/2025.1/Vitis\tps\win64\python-3.13.0;D:/2025.1/Vitis\tps\win64\libxslt\bin;D:/2025.1/Vitis\gnu\arm\nt\bin;D:/2025.1/Vitis\gnu\microblaze\linux_toolchain\nt64_be\bin;D:/2025.1/Vitis\gnu\riscv\nt\riscv64-unknown-elf\bin;D:/2025.1/Vivado\tps\win64\python-3.13.0;D:/2025.1/Vivado\tps\win64\git-2.46.0\bin;D:/2025.1/Vivado\tps\win64\cmake-3.24.2\bin;D:/2025.1/Vitis/win64/tools/vcxx\libexec;D:/2025.1/Vivado\tps\win64\jre11.0.16_1\bin;C:\Program Files (x86)\Common Files\Oracle\Java\javapath;C:\Program Files (x86)\Razer Chroma SDK\bin;C:\Program Files\Razer Chroma SDK\bin;C:\Program Files (x86)\Intel\Intel(R) Management Engine Components\iCLS\;C:\Program Files\Intel\Intel(R) Management Engine Components\iCLS\;C:\Windows\system32;C:\Windows;C:\Windows\System32\Wbem;C:\Windows\System32\WindowsPowerShell\v1.0\;C:\Windows\System32\OpenSSH\;C:\Program Files (x86)\Intel\Intel(R) Management Engine Components\DAL;C:\Program Files\Intel\Intel(R) Management Engine Components\DAL;C:\Program Files (x86)\Intel\Intel(R) Management Engine Components\IPT;C:\Program Files\Intel\Intel(R) Management Engine Components\IPT;C:\Windows\system32\config\systemprofile\AppData\Local\Microsoft\WindowsApps;C:\Program Files (x86)\NVIDIA Corporation\PhysX\Common;C:\Program Files\Git\cmd;C:\Program Files\dotnet\;C:\Program Files (x86)\CODESYS\APInstaller\;C:\Program Files\NVIDIA Corporation\NVIDIA App\NvDLISR;C:\Users\Utilizador\AppData\Local\Microsoft\WindowsApps;;C:\Users\Utilizador\AppData\Local\Programs\Microsoft VS Code\bin;D:/2025.1/Vitis\tps\mingw\6.2.0\win64.o\nt\bin;D:/2025.1/Vitis\tps\mingw\6.2.0\win64.o\nt\libexec\gcc\x86_64-w64-mingw32\6.2.0
PATHEXT=.COM;.EXE;.BAT;.CMD;.VBS;.VBE;.JS;.JSE;.WSF;.WSH;.MSC
PROCESSOR_ARCHITECTURE=AMD64
PROCESSOR_IDENTIFIER=Intel64 Family 6 Model 158 Stepping 10, GenuineIntel
PROCESSOR_LEVEL=6
PROCESSOR_REVISION=9e0a
PRODVERSION_EXE=D:/2025.1/Vitis/bin/unwrapped/win64.o/prodversion.exe
ProgramData=C:\ProgramData
ProgramFiles=C:\Program Files
ProgramFiles(x86)=C:\Program Files (x86)
ProgramW6432=C:\Program Files
PROMPT=$P$G
PSModulePath=C:\Program Files\WindowsPowerShell\Modules;C:\WINDOWS\system32\WindowsPowerShell\v1.0\Modules
PUBLIC=C:\Users\Public
PYTHONPATH=D:/2025.1/Vitis\cli;D:/2025.1/Vitis\cli\python-packages\win64;D:/2025.1/Vitis\cli\python-packages\site-packages;D:/2025.1/Vitis\cli\proto;D:/2025.1/Vitis\scripts\python_pkg;
python_path=D:/2025.1/Vitis\cli;D:/2025.1/Vitis\cli\python-packages\win64;D:/2025.1/Vitis\cli\python-packages\site-packages;D:/2025.1/Vitis\cli\proto;D:/2025.1/Vitis\scripts\python_pkg;
RDI_APPROOT=D:/2025.1/Vitis
RDI_ARGS= --mode hls --csim --config D:\HWSW\hls_component\hls_config.cfg --work_dir stream_matmul
RDI_ARGS_FUNCTION=RDI_EXEC_DEFAULT
RDI_BASEROOT=D:/2025.1
RDI_BINDIR=D:/2025.1/Vitis/bin
RDI_BINROOT=D:/2025.1/Vitis/bin
RDI_BUILD=yes
RDI_CHECK_PROG=True
RDI_DATADIR=D:/2025.1/Vitis/data
RDI_INSTALLROOT=D:
RDI_INSTALLVER=Vitis
RDI_INSTALLVERSION=2025.1
RDI_JAVACEFROOT=D:/2025.1/Vitis/tps/win64/java-cef-95.0.4638.69
RDI_JAVAFXROOT=D:/2025.1/Vitis/tps/win64/javafx-sdk-11.0.2
RDI_JAVAROOT=D:/2025.1/Vitis/tps/win64/jre11.0.16_1
RDI_JAVA_VERSION=11.0.16_1
RDI_LIBDIR=D:/2025.1/Vitis/lib/win64.o
RDI_MINGW_LIB=D:/2025.1/Vitis\tps\mingw\6.2.0\win64.o\nt\bin;D:/2025.1/Vitis\tps\mingw\6.2.0\win64.o\nt\libexec\gcc\x86_64-w64-mingw32\6.2.0
RDI_OPT_EXT=.o
RDI_OS_ARCH=64
RDI_PLATFORM=win64
RDI_PREPEND_PATH=D:/2025.1/Vitis/bin
RDI_PROG=D:/2025.1/Vitis/bin/unwrapped/win64.o/vitis-run.exe
RDI_PROGNAME=vitis-run.exe
RDI_SESSION_INFO=D:\2025.1\Vitis\bin:DESKTOP-L6C4H0S-12-05-2026_10-51-02,49
RDI_SHARED_DATA=D:/SharedData/2025.1/data
RDI_TEMPINSTALL=D:\2025.1
RDI_TPS_ROOT=D:/2025.1/Vivado/tps/win64
RDI_USE_JDK11=1
RDI_VERBOSE=False
RT_LIBPATH=D:/2025.1/Vitis/scripts/rt/data
RT_TCL_PATH=D:/2025.1/Vitis/scripts/rt/base_tcl/tcl
SESSIONNAME=Console
session_string=D:\HWSW\hls_component:DESKTOP-L6C4H0S-12-05-2026_13-17-16,31
supports_classic_ide=false
SYNTH_COMMON=D:/2025.1/Vitis/scripts/rt/data
SystemDrive=C:
SystemRoot=C:\WINDOWS
TCL_LIBRARY=D:/2025.1/Vitis/tps/tcl/tcl8.6
TCMALLOC_LARGE_ALLOC_REPORT_THRESHOLD=4294967296
TEMP=C:\Users\Utilizador\AppData\Local\Temp
THEIA_APP_PROJECT_PATH=D:\2025.1\Vitis\ide\electron-app\win64\resources\app
THEIA_CONFIG_DIR=C:\Users\Utilizador\.theia
THEIA_DEFAULT_PLUGINS=local-dir:D:\2025.1\Vitis\ide\electron-app\win64\resources\app\plugins
THEIA_ELECTRON_TOKEN={"value":"1752c766-ef95-42e4-828d-3b017e14d04d"}
THEIA_ELECTRON_VERSION=30.1.2
THEIA_PLUGINS=local-dir:C:\Users\Utilizador\.theia\plugins
TMP=C:\Users\Utilizador\AppData\Local\Temp
tooldir=tps\win64\git-2.46.0
TOOLS_CLANGD=D:/2025.1/Vitis/win64/tools/vcxx\libexec
TPS_CMAKE=D:/2025.1/Vivado\tps\win64\cmake-3.24.2
TPS_GIT=D:/2025.1/Vivado\tps\win64\git-2.46.0
TPS_LIBXSLT=D:/2025.1/Vitis\tps\win64\libxslt
TPS_PYTHON=D:/2025.1/Vivado\tps\win64\python-3.13.0
USERDOMAIN=DESKTOP-L6C4H0S
USERDOMAIN_ROAMINGPROFILE=DESKTOP-L6C4H0S
USERNAME=Utilizador
USERPROFILE=C:\Users\Utilizador
VALIDATE_ARGS="False"
VBOX_MSI_INSTALL_PATH=C:\Program Files\Oracle\VirtualBox\
VITISNEW=true
VITIS_HLS_INSTALL=true
VSCODE_API_VERSION=1.95.3
windir=C:\WINDOWS
XILINX_HLS=D:/2025.1/Vitis
XILINX_PLANAHEAD=D:/2025.1/Vitis
XILINX_SDK=D:/2025.1/Vitis
XILINX_VCXX=D:/2025.1/Vitis/win64/tools/vcxx
XILINX_VITIS=D:/2025.1/Vitis
XILINX_VITIS_GIT=D:/2025.1/Vivado\tps\win64\git-2.46.0\bin
XILINX_VITIS_VERSION=Vitis v2025.1 (64-bit)
XILINX_VIVADO=D:/2025.1/Vivado
XIL_CHECK_TCL_DEBUG=False
XIL_NO_OVERRIDE=0
XIL_SUPPRESS_OVERRIDE_WARNINGS=1
XVREDIST=D:/2025.1/Vitis\tps\win64\xvcredist.exe
_RDI_BINROOT=D:\2025.1\Vitis\bin
_RDI_CWD=D:\HWSW\hls_component
_RDI_DONT_SET_XILINX_AS_PATH=True
_RDI_VERSION_PROG=vitis-run
_valid=False
XILINX_CD_CONNECT_ID=49982
XILINX_CD_SESSION=36391829-12d8-45cf-8424-9428ac809220


VITIS-RUN command line:
------------------------------------------
D:/2025.1/Vitis/bin/unwrapped/win64.o/vitis-run.exe --mode hls --csim --config D:\HWSW\hls_component\hls_config.cfg --work_dir stream_matmul 

FINAL PROGRAM OPTIONS
--config D:\HWSW\hls_component\hls_config.cfg
--csim
--hls.flow_target vivado
--hls.package.output.format ip_catalog
--hls.package.output.syn false
--hls.syn.file ../stream_matmul.cpp
--hls.syn.file ../stream_matmul.h
--hls.syn.top stream_matmul
--hls.tb.file ../tb_stream_matmul.cpp
--mode hls
--part xc7z010clg400-1
--work_dir stream_matmul

PARSED COMMAND LINE OPTIONS
--mode hls 
--csim 
--config D:\HWSW\hls_component\hls_config.cfg 
--work_dir stream_matmul 

PARSED CONFIG FILE (1) OPTIONS
file: D:\HWSW\hls_component\hls_config.cfg
part xc7z010clg400-1 
hls.flow_target vivado 
hls.package.output.format ip_catalog 
hls.package.output.syn false 
hls.syn.top stream_matmul 
hls.tb.file ../tb_stream_matmul.cpp 
hls.syn.file ../stream_matmul.cpp 
hls.syn.file ../stream_matmul.h 


==========================================
new:  steps log generated by v++ for new launch 
timestamp: 12 May 2026 13:17:20

------------------------------------------
VITIS-RUN command line :
------------------------------------------
D:/2025.1/Vitis/bin/unwrapped/win64.o/vitis-run.exe --mode hls --csim --config D:\HWSW\hls_component\hls_config.cfg --work_dir stream_matmul 
  Options from -O    : 
  Options from *.ini : 
  Options from Hw Platform : 

==========================================
new:  steps log generated by v++ for new launch 
timestamp: 12 May 2026 13:22:55

------------------------------------------
VITIS-RUN command line :
------------------------------------------
D:/2025.1/Vitis/bin/unwrapped/win64.o/vitis-run.exe --mode hls --csim --config D:\HWSW\hls_component\hls_config.cfg --work_dir stream_matmul 
  Options from -O    : 
  Options from *.ini : 
  Options from Hw Platform : 

==========================================
new:  steps log generated by v++ for new launch 
timestamp: 12 May 2026 13:26:05

------------------------------------------
V++ command line :
------------------------------------------
D:/2025.1/Vitis/bin/unwrapped/win64.o/v++.exe -c --mode hls --config D:\HWSW\hls_component\hls_config.cfg --work_dir stream_matmul 
  Options from -O    : 
  Options from *.ini : 
  Options from Hw Platform : 

==========================================
new:  steps log generated by v++ for new launch 
timestamp: 12 May 2026 13:29:08

------------------------------------------
V++ command line :
------------------------------------------
D:/2025.1/Vitis/bin/unwrapped/win64.o/v++.exe -c --mode hls --config D:\HWSW\hls_component\hls_config.cfg --work_dir stream_matmul 
  Options from -O    : 
  Options from *.ini : 
  Options from Hw Platform : 

==========================================
new:  steps log generated by v++ for new launch 
timestamp: 12 May 2026 13:32:55

------------------------------------------
VITIS-RUN command line :
------------------------------------------
D:/2025.1/Vitis/bin/unwrapped/win64.o/vitis-run.exe --mode hls --cosim --config D:\HWSW\hls_component\hls_config.cfg --work_dir stream_matmul 
  Options from -O    : 
  Options from *.ini : 
  Options from Hw Platform : 

==========================================
new:  steps log generated by v++ for new launch 
timestamp: 12 May 2026 13:38:26

------------------------------------------
VITIS-RUN command line :
------------------------------------------
D:/2025.1/Vitis/bin/unwrapped/win64.o/vitis-run.exe --mode hls --csim --config D:\HWSW\hls_component\hls_config.cfg --work_dir stream_matmul 
  Options from -O    : 
  Options from *.ini : 
  Options from Hw Platform : 

==========================================
new:  steps log generated by v++ for new launch 
timestamp: 12 May 2026 13:54:50

------------------------------------------
VITIS-RUN command line :
------------------------------------------
D:/2025.1/Vitis/bin/unwrapped/win64.o/vitis-run.exe --mode hls --csim --config D:\HWSW\hls_component\hls_config.cfg --work_dir stream_matmul 
  Options from -O    : 
  Options from *.ini : 
  Options from Hw Platform : 

==========================================
new:  steps log generated by v++ for new launch 
timestamp: 12 May 2026 14:07:13

------------------------------------------
VITIS-RUN command line :
------------------------------------------
D:/2025.1/Vitis/bin/unwrapped/win64.o/vitis-run.exe --mode hls --csim --config D:\HWSW\hls_component\hls_config.cfg --work_dir stream_matmul 
  Options from -O    : 
  Options from *.ini : 
  Options from Hw Platform : 

==========================================
new:  steps log generated by v++ for new launch 
timestamp: 12 May 2026 14:08:20

------------------------------------------
VITIS-RUN command line :
------------------------------------------
D:/2025.1/Vitis/bin/unwrapped/win64.o/vitis-run.exe --mode hls --package --config D:\HWSW\hls_component\hls_config.cfg --work_dir stream_matmul 
  Options from -O    : 
  Options from *.ini : 
  Options from Hw Platform : 

==========================================
new:  steps log generated by v++ for new launch 
timestamp: 12 May 2026 14:09:02
