05/19/26 16:38:53: Running xcd server. This server was built by gradle.
05/19/26 16:38:53: Server was asked to start on port: '52790'
05/19/26 16:38:53: Server is using token UUID: '8aa734d2-0e00-4976-9981-a2d14c172e72'
05/19/26 16:38:53: SESSION_MGR: creating session with session uuid: '6d04a3e9-ade5-4ab9-8d63-1f78fcd2ec76' and name 'default'
05/19/26 16:38:53: Attempting to start server on port '52790'
05/19/26 16:38:53: Running Dispatch Server
05/19/26 16:38:53: Version 2.2.0
05/19/26 16:38:55: Dispatch Server: Accepted socket connection from client
05/19/26 16:38:55: Starting Socket connection
05/19/26 16:38:55: EXCHANGE_TOKEN received, server token: 8aa734d2-0e00-4976-9981-a2d14c172e72, passed token: 8aa734d2-0e00-4976-9981-a2d14c172e72
05/19/26 16:38:56: DISPATCH_HANDLER: Adding handler from function makeHandler in library xv_system_diagram
05/19/26 16:38:56: SESSION_MGR: creating session with session uuid: '96ca8c77-aa25-47ea-b39f-701d1698f137' and name 'vitis-run_compile_stream_matmul'
05/19/26 16:38:56: KERNEL_SVC: creating session with uuid: '96ca8c77-aa25-47ea-b39f-701d1698f137' and name 'vitis-run_compile_stream_matmul'
05/19/26 16:38:56: GUIDANCE_SMGR: creating guidance session with uuid: '96ca8c77-aa25-47ea-b39f-701d1698f137' and name 'vitis-run_compile_stream_matmul'
05/19/26 16:38:56: SYSTEM_DIAGRAM: creating session with uuid: '96ca8c77-aa25-47ea-b39f-701d1698f137' and name 'vitis-run_compile_stream_matmul'
05/19/26 16:39:02: Dispatch Server: Accepted socket connection from client
05/19/26 16:39:02: Starting Socket connection
05/19/26 16:39:16: SESSION_MGR: closing session for UUID '96ca8c77-aa25-47ea-b39f-701d1698f137' with name 'vitis-run_compile_stream_matmul'
05/19/26 16:39:16: KERNEL_SVC: closing session for UUID '96ca8c77-aa25-47ea-b39f-701d1698f137' with name 'vitis-run_compile_stream_matmul'
05/19/26 16:39:16: GUIDANCE_SMGR: closing session for UUID '96ca8c77-aa25-47ea-b39f-701d1698f137' with name 'vitis-run_compile_stream_matmul'
05/19/26 16:39:16: SYSTEM_DIAGRAM: closing session for UUID '96ca8c77-aa25-47ea-b39f-701d1698f137' with name 'vitis-run_compile_stream_matmul'
05/19/26 16:39:16: STOP_SERVER received, server token: 8aa734d2-0e00-4976-9981-a2d14c172e72, passed token: 8aa734d2-0e00-4976-9981-a2d14c172e72
05/19/26 16:39:16: Socket received request to stop server.
05/19/26 16:39:16: Dispatch Server: do_await_stop
05/19/26 16:39:16: SERVER: destructor for server bound to port 52790
05/19/26 16:42:10: Running xcd server. This server was built by gradle.
05/19/26 16:42:10: Server was asked to start on port: '52795'
05/19/26 16:42:10: Server is using token UUID: 'd0ca5027-7a78-4ac3-a72e-f51cb75ebb4d'
05/19/26 16:42:10: SESSION_MGR: creating session with session uuid: '6d04a3e9-ade5-4ab9-8d63-1f78fcd2ec76' and name 'default'
05/19/26 16:42:10: Attempting to start server on port '52795'
05/19/26 16:42:10: Running Dispatch Server
05/19/26 16:42:10: Version 2.2.0
05/19/26 16:42:13: Dispatch Server: Accepted socket connection from client
05/19/26 16:42:13: Starting Socket connection
05/19/26 16:42:13: EXCHANGE_TOKEN received, server token: d0ca5027-7a78-4ac3-a72e-f51cb75ebb4d, passed token: d0ca5027-7a78-4ac3-a72e-f51cb75ebb4d
05/19/26 16:42:13: DISPATCH_HANDLER: Adding handler from function makeHandler in library xv_system_diagram
05/19/26 16:42:13: SESSION_MGR: creating session with session uuid: 'dc425cac-9442-4826-bd95-01f42629e1e7' and name 'vitis-run_compile_stream_matmul'
05/19/26 16:42:13: KERNEL_SVC: creating session with uuid: 'dc425cac-9442-4826-bd95-01f42629e1e7' and name 'vitis-run_compile_stream_matmul'
05/19/26 16:42:13: GUIDANCE_SMGR: creating guidance session with uuid: 'dc425cac-9442-4826-bd95-01f42629e1e7' and name 'vitis-run_compile_stream_matmul'
05/19/26 16:42:13: SYSTEM_DIAGRAM: creating session with uuid: 'dc425cac-9442-4826-bd95-01f42629e1e7' and name 'vitis-run_compile_stream_matmul'
05/19/26 16:42:17: Dispatch Server: Accepted socket connection from client
05/19/26 16:42:17: Starting Socket connection
05/19/26 16:42:40: SESSION_MGR: closing session for UUID 'dc425cac-9442-4826-bd95-01f42629e1e7' with name 'vitis-run_compile_stream_matmul'
05/19/26 16:42:40: KERNEL_SVC: closing session for UUID 'dc425cac-9442-4826-bd95-01f42629e1e7' with name 'vitis-run_compile_stream_matmul'
05/19/26 16:42:40: GUIDANCE_SMGR: closing session for UUID 'dc425cac-9442-4826-bd95-01f42629e1e7' with name 'vitis-run_compile_stream_matmul'
05/19/26 16:42:40: SYSTEM_DIAGRAM: closing session for UUID 'dc425cac-9442-4826-bd95-01f42629e1e7' with name 'vitis-run_compile_stream_matmul'
05/19/26 16:42:40: STOP_SERVER received, server token: d0ca5027-7a78-4ac3-a72e-f51cb75ebb4d, passed token: d0ca5027-7a78-4ac3-a72e-f51cb75ebb4d
05/19/26 16:42:40: Socket received request to stop server.
05/19/26 16:42:40: Dispatch Server: do_await_stop
05/19/26 16:42:40: SERVER: destructor for server bound to port 52795
05/19/26 17:14:25: Running xcd server. This server was built by gradle.
05/19/26 17:14:25: Server was asked to start on port: '56897'
05/19/26 17:14:25: Server is using token UUID: '52934d61-636e-4582-a772-f6c3148a8964'
05/19/26 17:14:25: SESSION_MGR: creating session with session uuid: '6d04a3e9-ade5-4ab9-8d63-1f78fcd2ec76' and name 'default'
05/19/26 17:14:25: Attempting to start server on port '56897'
05/19/26 17:14:25: Running Dispatch Server
05/19/26 17:14:25: Version 2.2.0
05/19/26 17:14:27: Dispatch Server: Accepted socket connection from client
05/19/26 17:14:27: Starting Socket connection
05/19/26 17:14:27: EXCHANGE_TOKEN received, server token: 52934d61-636e-4582-a772-f6c3148a8964, passed token: 52934d61-636e-4582-a772-f6c3148a8964
05/19/26 17:14:28: DISPATCH_HANDLER: Adding handler from function makeHandler in library xv_system_diagram
05/19/26 17:14:28: SESSION_MGR: creating session with session uuid: 'ae9d65dc-6103-47b5-a7b2-0d7a676771c7' and name 'v++_compile_stream_matmul'
05/19/26 17:14:28: KERNEL_SVC: creating session with uuid: 'ae9d65dc-6103-47b5-a7b2-0d7a676771c7' and name 'v++_compile_stream_matmul'
05/19/26 17:14:28: GUIDANCE_SMGR: creating guidance session with uuid: 'ae9d65dc-6103-47b5-a7b2-0d7a676771c7' and name 'v++_compile_stream_matmul'
05/19/26 17:14:28: SYSTEM_DIAGRAM: creating session with uuid: 'ae9d65dc-6103-47b5-a7b2-0d7a676771c7' and name 'v++_compile_stream_matmul'
05/19/26 17:14:32: Dispatch Server: Accepted socket connection from client
05/19/26 17:14:32: Starting Socket connection
05/19/26 17:15:07: SESSION_MGR: closing session for UUID 'ae9d65dc-6103-47b5-a7b2-0d7a676771c7' with name 'v++_compile_stream_matmul'
05/19/26 17:15:07: KERNEL_SVC: closing session for UUID 'ae9d65dc-6103-47b5-a7b2-0d7a676771c7' with name 'v++_compile_stream_matmul'
05/19/26 17:15:07: GUIDANCE_SMGR: closing session for UUID 'ae9d65dc-6103-47b5-a7b2-0d7a676771c7' with name 'v++_compile_stream_matmul'
05/19/26 17:15:07: SYSTEM_DIAGRAM: closing session for UUID 'ae9d65dc-6103-47b5-a7b2-0d7a676771c7' with name 'v++_compile_stream_matmul'
05/19/26 17:15:07: STOP_SERVER received, server token: 52934d61-636e-4582-a772-f6c3148a8964, passed token: 52934d61-636e-4582-a772-f6c3148a8964
05/19/26 17:15:07: Socket received request to stop server.
05/19/26 17:15:07: Dispatch Server: do_await_stop
05/19/26 17:15:07: SERVER: destructor for server bound to port 56897
05/19/26 17:15:26: Running xcd server. This server was built by gradle.
05/19/26 17:15:26: Server was asked to start on port: '56901'
05/19/26 17:15:26: Server is using token UUID: '4de42094-db74-492b-b208-a6a474b6af05'
05/19/26 17:15:26: SESSION_MGR: creating session with session uuid: '6d04a3e9-ade5-4ab9-8d63-1f78fcd2ec76' and name 'default'
05/19/26 17:15:26: Attempting to start server on port '56901'
05/19/26 17:15:26: Running Dispatch Server
05/19/26 17:15:26: Version 2.2.0
05/19/26 17:15:29: Dispatch Server: Accepted socket connection from client
05/19/26 17:15:29: Starting Socket connection
05/19/26 17:15:29: EXCHANGE_TOKEN received, server token: 4de42094-db74-492b-b208-a6a474b6af05, passed token: 4de42094-db74-492b-b208-a6a474b6af05
05/19/26 17:15:29: DISPATCH_HANDLER: Adding handler from function makeHandler in library xv_system_diagram
05/19/26 17:15:29: SESSION_MGR: creating session with session uuid: '614e74f5-7d43-47f6-92f7-de73617444f8' and name 'vitis-run_compile_stream_matmul'
05/19/26 17:15:29: KERNEL_SVC: creating session with uuid: '614e74f5-7d43-47f6-92f7-de73617444f8' and name 'vitis-run_compile_stream_matmul'
05/19/26 17:15:29: GUIDANCE_SMGR: creating guidance session with uuid: '614e74f5-7d43-47f6-92f7-de73617444f8' and name 'vitis-run_compile_stream_matmul'
05/19/26 17:15:29: SYSTEM_DIAGRAM: creating session with uuid: '614e74f5-7d43-47f6-92f7-de73617444f8' and name 'vitis-run_compile_stream_matmul'
05/19/26 17:15:34: Dispatch Server: Accepted socket connection from client
05/19/26 17:15:34: Starting Socket connection
05/19/26 17:15:49: SESSION_MGR: closing session for UUID '614e74f5-7d43-47f6-92f7-de73617444f8' with name 'vitis-run_compile_stream_matmul'
05/19/26 17:15:49: KERNEL_SVC: closing session for UUID '614e74f5-7d43-47f6-92f7-de73617444f8' with name 'vitis-run_compile_stream_matmul'
05/19/26 17:15:49: GUIDANCE_SMGR: closing session for UUID '614e74f5-7d43-47f6-92f7-de73617444f8' with name 'vitis-run_compile_stream_matmul'
05/19/26 17:15:49: SYSTEM_DIAGRAM: closing session for UUID '614e74f5-7d43-47f6-92f7-de73617444f8' with name 'vitis-run_compile_stream_matmul'
05/19/26 17:15:49: STOP_SERVER received, server token: 4de42094-db74-492b-b208-a6a474b6af05, passed token: 4de42094-db74-492b-b208-a6a474b6af05
05/19/26 17:15:49: Socket received request to stop server.
05/19/26 17:15:49: Dispatch Server: do_await_stop
05/19/26 17:15:49: SERVER: destructor for server bound to port 56901
