#-----------------------------------------------------------
# xsim v2025.1 (64-bit)
# SW Build 6140274 on Thu May 22 00:12:29 MDT 2025
# IP Build 6138677 on Thu May 22 03:10:11 MDT 2025
# SharedData Build 6139179 on Tue May 20 17:58:58 MDT 2025
# Start of session at: Tue May 12 13:41:28 2026
# Process ID         : 16960
# Current directory  : D:/HWSW/hls_component/stream_matmul/hls/sim/verilog
# Command line       : xsim.exe -source {xsim.dir/stream_matmul/xsim_script.tcl}
# Log file           : D:/HWSW/hls_component/stream_matmul/hls/sim/verilog/xsim.log
# Journal file       : D:/HWSW/hls_component/stream_matmul/hls/sim/verilog\xsim.jou
# Running On         : DESKTOP-L6C4H0S
# Platform           : Windows Server 2016 or Windows 10
# Operating System   : 19045
# Processor Detail   : Intel(R) Core(TM) i5-8400 CPU @ 2.80GHz
# CPU Frequency      : 2808 MHz
# CPU Physical cores : 6
# CPU Logical cores  : 6
# Host memory        : 17119 MB
# Swap memory        : 1073 MB
# Total Virtual      : 18193 MB
# Available Virtual  : 6064 MB
#-----------------------------------------------------------
start_gui
source xsim.dir/stream_matmul/xsim_script.tcl
# set_param project.enableReportConfiguration 0
# load_feature core
# current_fileset
WARNING: [Board 49-26] cannot add Board Part xilinx.com:emb-plus-vpr-4616:part0:1.0 available at D:/2025.1/data/xhub/boards\XilinxBoardStore\boards\Xilinx\emb-plus-vpr-4616\1.0\board.xml as part xcve2302-sfva784-2mp-e-s specified in board_part file is either invalid or not available
WARNING: [Board 49-26] cannot add Board Part xilinx.com:emb-plus-vpr-4616:part0:1.1 available at D:/2025.1/data/xhub/boards\XilinxBoardStore\boards\Xilinx\emb-plus-vpr-4616\1.1\board.xml as part xcve2302-sfva784-2mp-e-s specified in board_part file is either invalid or not available
WARNING: [Board 49-26] cannot add Board Part xilinx.com:k24c:part0:1.0 available at D:/2025.1/data/xhub/boards\XilinxBoardStore\boards\Xilinx\k24c\1.0\board.xml as part xck24-ubva530-2lv-c specified in board_part file is either invalid or not available
WARNING: [Board 49-26] cannot add Board Part xilinx.com:k24c:part0:1.1 available at D:/2025.1/data/xhub/boards\XilinxBoardStore\boards\Xilinx\k24c\1.1\board.xml as part xck24-ubva530-2lv-c specified in board_part file is either invalid or not available
WARNING: [Board 49-26] cannot add Board Part xilinx.com:k24i:part0:1.0 available at D:/2025.1/data/xhub/boards\XilinxBoardStore\boards\Xilinx\k24i\1.0\board.xml as part xck24-ubva530-2lvi-i specified in board_part file is either invalid or not available
WARNING: [Board 49-26] cannot add Board Part xilinx.com:k26c:part0:1.2 available at D:/2025.1/data/xhub/boards\XilinxBoardStore\boards\Xilinx\k26c\1.2\board.xml as part xck26-sfvc784-2lv-c specified in board_part file is either invalid or not available
WARNING: [Board 49-26] cannot add Board Part xilinx.com:k26c:part0:1.3 available at D:/2025.1/data/xhub/boards\XilinxBoardStore\boards\Xilinx\k26c\1.3\board.xml as part xck26-sfvc784-2lv-c specified in board_part file is either invalid or not available
WARNING: [Board 49-26] cannot add Board Part xilinx.com:k26c:part0:1.4 available at D:/2025.1/data/xhub/boards\XilinxBoardStore\boards\Xilinx\k26c\1.4\board.xml as part xck26-sfvc784-2lv-c specified in board_part file is either invalid or not available
WARNING: [Board 49-26] cannot add Board Part xilinx.com:k26i:part0:1.2 available at D:/2025.1/data/xhub/boards\XilinxBoardStore\boards\Xilinx\k26i\1.2\board.xml as part xck26-sfvc784-2lvi-i specified in board_part file is either invalid or not available
WARNING: [Board 49-26] cannot add Board Part xilinx.com:k26i:part0:1.3 available at D:/2025.1/data/xhub/boards\XilinxBoardStore\boards\Xilinx\k26i\1.3\board.xml as part xck26-sfvc784-2lvi-i specified in board_part file is either invalid or not available
WARNING: [Board 49-26] cannot add Board Part xilinx.com:k26i:part0:1.4 available at D:/2025.1/data/xhub/boards\XilinxBoardStore\boards\Xilinx\k26i\1.4\board.xml as part xck26-sfvc784-2lvi-i specified in board_part file is either invalid or not available
WARNING: [Board 49-26] cannot add Board Part xilinx.com:kcu105:part0:1.6 available at D:/2025.1/data/xhub/boards\XilinxBoardStore\boards\Xilinx\kcu105\1.6\board.xml as part xcku040-ffva1156-2-e specified in board_part file is either invalid or not available
WARNING: [Board 49-26] cannot add Board Part xilinx.com:kcu105:part0:1.7 available at D:/2025.1/data/xhub/boards\XilinxBoardStore\boards\Xilinx\kcu105\1.7\board.xml as part xcku040-ffva1156-2-e specified in board_part file is either invalid or not available
WARNING: [Board 49-26] cannot add Board Part xilinx.com:kcu116:part0:1.4 available at D:/2025.1/data/xhub/boards\XilinxBoardStore\boards\Xilinx\kcu116\1.4\board.xml as part xcku5p-ffvb676-2-e specified in board_part file is either invalid or not available
WARNING: [Board 49-26] cannot add Board Part xilinx.com:kcu116:part0:1.5 available at D:/2025.1/data/xhub/boards\XilinxBoardStore\boards\Xilinx\kcu116\1.5\board.xml as part xcku5p-ffvb676-2-e specified in board_part file is either invalid or not available
WARNING: [Board 49-26] cannot add Board Part xilinx.com:kcu1500:part0:1.2 available at D:/2025.1/data/xhub/boards\XilinxBoardStore\boards\Xilinx\kcu1500\1.2\board.xml as part xcku115-flvb2104-2-e specified in board_part file is either invalid or not available
WARNING: [Board 49-26] cannot add Board Part xilinx.com:kd240_som:part0:1.0 available at D:/2025.1/data/xhub/boards\XilinxBoardStore\boards\Xilinx\kd240_som\1.0\board.xml as part xck24-ubva530-2lv-c specified in board_part file is either invalid or not available
WARNING: [Board 49-26] cannot add Board Part xilinx.com:kd240_som:part0:1.1 available at D:/2025.1/data/xhub/boards\XilinxBoardStore\boards\Xilinx\kd240_som\1.1\board.xml as part xck24-ubva530-2lv-c specified in board_part file is either invalid or not available
WARNING: [Board 49-26] cannot add Board Part xilinx.com:kr260_som:part0:1.0 available at D:/2025.1/data/xhub/boards\XilinxBoardStore\boards\Xilinx\kr260_som\1.0\board.xml as part xck26-sfvc784-2lv-c specified in board_part file is either invalid or not available
WARNING: [Board 49-26] cannot add Board Part xilinx.com:kr260_som:part0:1.1 available at D:/2025.1/data/xhub/boards\XilinxBoardStore\boards\Xilinx\kr260_som\1.1\board.xml as part xck26-sfvc784-2lv-c specified in board_part file is either invalid or not available
WARNING: [Board 49-26] cannot add Board Part xilinx.com:kv260_som:part0:1.2 available at D:/2025.1/data/xhub/boards\XilinxBoardStore\boards\Xilinx\kv260_som\1.2\board.xml as part xck26-sfvc784-2lv-c specified in board_part file is either invalid or not available
WARNING: [Board 49-26] cannot add Board Part xilinx.com:kv260_som:part0:1.3 available at D:/2025.1/data/xhub/boards\XilinxBoardStore\boards\Xilinx\kv260_som\1.3\board.xml as part xck26-sfvc784-2lv-c specified in board_part file is either invalid or not available
WARNING: [Board 49-26] cannot add Board Part xilinx.com:kv260_som:part0:1.4 available at D:/2025.1/data/xhub/boards\XilinxBoardStore\boards\Xilinx\kv260_som\1.4\board.xml as part xck26-sfvc784-2lv-c specified in board_part file is either invalid or not available
WARNING: [Board 49-26] cannot add Board Part xilinx.com:scu35:part0:1.0 available at D:/2025.1/data/xhub/boards\XilinxBoardStore\boards\Xilinx\scu35\1.0\board.xml as part xcsu35p-sbvb625-2-e specified in board_part file is either invalid or not available
WARNING: [Board 49-26] cannot add Board Part xilinx.com:v80:part0:1.0 available at D:/2025.1/data/xhub/boards\XilinxBoardStore\boards\Xilinx\v80\1.0\board.xml as part xcv80-lsva4737-2mhp-e-s specified in board_part file is either invalid or not available
WARNING: [Board 49-26] cannot add Board Part xilinx.com:vck190:part0:2.2 available at D:/2025.1/data/xhub/boards\XilinxBoardStore\boards\Xilinx\vck190\production\2.2\board.xml as part xcvc1902-vsva2197-2mp-e-s specified in board_part file is either invalid or not available
WARNING: [Board 49-26] cannot add Board Part xilinx.com:vck190:part0:3.0 available at D:/2025.1/data/xhub/boards\XilinxBoardStore\boards\Xilinx\vck190\production\3.0\board.xml as part xcvc1902-vsva2197-2mp-e-s specified in board_part file is either invalid or not available
WARNING: [Board 49-26] cannot add Board Part xilinx.com:vck190:part0:3.1 available at D:/2025.1/data/xhub/boards\XilinxBoardStore\boards\Xilinx\vck190\production\3.1\board.xml as part xcvc1902-vsva2197-2mp-e-s specified in board_part file is either invalid or not available
WARNING: [Board 49-26] cannot add Board Part xilinx.com:vck190:part0:3.2 available at D:/2025.1/data/xhub/boards\XilinxBoardStore\boards\Xilinx\vck190\production\3.2\board.xml as part xcvc1902-vsva2197-2mp-e-s specified in board_part file is either invalid or not available
WARNING: [Board 49-26] cannot add Board Part xilinx.com:vck190:part0:3.3 available at D:/2025.1/data/xhub/boards\XilinxBoardStore\boards\Xilinx\vck190\production\3.3\board.xml as part xcvc1902-vsva2197-2mp-e-s specified in board_part file is either invalid or not available
WARNING: [Board 49-26] cannot add Board Part xilinx.com:vck190:part0:3.4 available at D:/2025.1/data/xhub/boards\XilinxBoardStore\boards\Xilinx\vck190\production\3.4\board.xml as part xcvc1902-vsva2197-2mp-e-s specified in board_part file is either invalid or not available
WARNING: [Board 49-26] cannot add Board Part xilinx.com:vck190_newl:part0:1.0 available at D:/2025.1/data/xhub/boards\XilinxBoardStore\boards\Xilinx\vck190_newl\production\1.0\board.xml as part xcvc1902-vsva2197-2mp-e-s specified in board_part file is either invalid or not available
WARNING: [Board 49-26] cannot add Board Part xilinx.com:vck190_newl:part0:1.1 available at D:/2025.1/data/xhub/boards\XilinxBoardStore\boards\Xilinx\vck190_newl\production\1.1\board.xml as part xcvc1902-vsva2197-2mp-e-s specified in board_part file is either invalid or not available
WARNING: [Board 49-26] cannot add Board Part xilinx.com:vck190_newl:part0:1.2 available at D:/2025.1/data/xhub/boards\XilinxBoardStore\boards\Xilinx\vck190_newl\production\1.2\board.xml as part xcvc1902-vsva2197-2mp-e-s specified in board_part file is either invalid or not available
WARNING: [Board 49-26] cannot add Board Part xilinx.com:vck190_newl:part0:1.3 available at D:/2025.1/data/xhub/boards\XilinxBoardStore\boards\Xilinx\vck190_newl\production\1.3\board.xml as part xcvc1902-vsva2197-2mp-e-s specified in board_part file is either invalid or not available
WARNING: [Board 49-26] cannot add Board Part xilinx.com:vcu108:part0:1.6 available at D:/2025.1/data/xhub/boards\XilinxBoardStore\boards\Xilinx\vcu108\1.6\board.xml as part xcvu095-ffva2104-2-e specified in board_part file is either invalid or not available
WARNING: [Board 49-26] cannot add Board Part xilinx.com:vcu108:part0:1.7 available at D:/2025.1/data/xhub/boards\XilinxBoardStore\boards\Xilinx\vcu108\1.7\board.xml as part xcvu095-ffva2104-2-e specified in board_part file is either invalid or not available
WARNING: [Board 49-26] cannot add Board Part xilinx.com:vcu110:part0:1.4 available at D:/2025.1/data/xhub/boards\XilinxBoardStore\boards\Xilinx\vcu110\1.4\board.xml as part xcvu190-flgc2104-2-e specified in board_part file is either invalid or not available
WARNING: [Board 49-26] cannot add Board Part xilinx.com:vcu118:part0:2.0 available at D:/2025.1/data/xhub/boards\XilinxBoardStore\boards\Xilinx\vcu118\2.0\board.xml as part xcvu9p-flga2104-2l-e specified in board_part file is either invalid or not available
WARNING: [Board 49-26] cannot add Board Part xilinx.com:vcu118:part0:2.3 available at D:/2025.1/data/xhub/boards\XilinxBoardStore\boards\Xilinx\vcu118\2.3\board.xml as part xcvu9p-flga2104-2l-e specified in board_part file is either invalid or not available
WARNING: [Board 49-26] cannot add Board Part xilinx.com:vcu118:part0:2.4 available at D:/2025.1/data/xhub/boards\XilinxBoardStore\boards\Xilinx\vcu118\2.4\board.xml as part xcvu9p-flga2104-2l-e specified in board_part file is either invalid or not available
WARNING: [Board 49-26] cannot add Board Part xilinx.com:vcu128:part0:1.0 available at D:/2025.1/data/xhub/boards\XilinxBoardStore\boards\Xilinx\vcu128\production\1.0\board.xml as part xcvu37p-fsvh2892-2l-e specified in board_part file is either invalid or not available
WARNING: [Board 49-26] cannot add Board Part xilinx.com:vcu129:part0:1.0 available at D:/2025.1/data/xhub/boards\XilinxBoardStore\boards\Xilinx\vcu129\production\1.0\board.xml as part xcvu29p-fsga2577-2l-e specified in board_part file is either invalid or not available
WARNING: [Board 49-26] cannot add Board Part xilinx.com:vcu1525:part0:1.3 available at D:/2025.1/data/xhub/boards\XilinxBoardStore\boards\Xilinx\vcu1525\1.3\board.xml as part xcvu9p-fsgd2104-2l-e specified in board_part file is either invalid or not available
WARNING: [Board 49-26] cannot add Board Part xilinx.com:vek280:part0:1.0 available at D:/2025.1/data/xhub/boards\XilinxBoardStore\boards\Xilinx\vek280\production\1.0\board.xml as part xcve2802-vsvh1760-2mp-e-s specified in board_part file is either invalid or not available
WARNING: [Board 49-26] cannot add Board Part xilinx.com:vek280:part0:1.1 available at D:/2025.1/data/xhub/boards\XilinxBoardStore\boards\Xilinx\vek280\production\1.1\board.xml as part xcve2802-vsvh1760-2mp-e-s specified in board_part file is either invalid or not available
WARNING: [Board 49-26] cannot add Board Part xilinx.com:vek280:part0:1.2 available at D:/2025.1/data/xhub/boards\XilinxBoardStore\boards\Xilinx\vek280\production\1.2\board.xml as part xcve2802-vsvh1760-2mp-e-s specified in board_part file is either invalid or not available
WARNING: [Board 49-26] cannot add Board Part xilinx.com:vek385:part0:1.0 available at D:/2025.1/data/xhub/boards\XilinxBoardStore\boards\Xilinx\vek385\1.0\board.xml as part xc2ve3858-ssva2112-2mp-e-s specified in board_part file is either invalid or not available
WARNING: [Board 49-26] cannot add Board Part xilinx.com:vermeo_t1_mpsoc:part0:1.0 available at D:/2025.1/data/xhub/boards\XilinxBoardStore\boards\Xilinx\vermeo_t1_mpsoc\1.0\board.xml as part xczu19eg-ffvd1760-2l-e specified in board_part file is either invalid or not available
WARNING: [Board 49-26] cannot add Board Part xilinx.com:vermeo_t1_rfsoc:part0:1.0 available at D:/2025.1/data/xhub/boards\XilinxBoardStore\boards\Xilinx\vermeo_t1_rfsoc\1.0\board.xml as part xczu21dr-ffvd1156-2l-e specified in board_part file is either invalid or not available
WARNING: [Board 49-26] cannot add Board Part xilinx.com:vhk158:part0:1.0 available at D:/2025.1/data/xhub/boards\XilinxBoardStore\boards\Xilinx\vhk158\production\1.0\board.xml as part xcvh1582-vsva3697-2mp-e-s specified in board_part file is either invalid or not available
WARNING: [Board 49-26] cannot add Board Part xilinx.com:vhk158:part0:1.1 available at D:/2025.1/data/xhub/boards\XilinxBoardStore\boards\Xilinx\vhk158\production\1.1\board.xml as part xcvh1582-vsva3697-2mp-e-s specified in board_part file is either invalid or not available
WARNING: [Board 49-26] cannot add Board Part xilinx.com:vhk158:part0:1.2 available at D:/2025.1/data/xhub/boards\XilinxBoardStore\boards\Xilinx\vhk158\production\1.2\board.xml as part xcvh1582-vsva3697-2mp-e-s specified in board_part file is either invalid or not available
WARNING: [Board 49-26] cannot add Board Part xilinx.com:vmk180:part0:2.2 available at D:/2025.1/data/xhub/boards\XilinxBoardStore\boards\Xilinx\vmk180\production\2.2\board.xml as part xcvm1802-vsva2197-2mp-e-s specified in board_part file is either invalid or not available
WARNING: [Board 49-26] cannot add Board Part xilinx.com:vmk180:part0:3.0 available at D:/2025.1/data/xhub/boards\XilinxBoardStore\boards\Xilinx\vmk180\production\3.0\board.xml as part xcvm1802-vsva2197-2mp-e-s specified in board_part file is either invalid or not available
WARNING: [Board 49-26] cannot add Board Part xilinx.com:vmk180:part0:3.1 available at D:/2025.1/data/xhub/boards\XilinxBoardStore\boards\Xilinx\vmk180\production\3.1\board.xml as part xcvm1802-vsva2197-2mp-e-s specified in board_part file is either invalid or not available
WARNING: [Board 49-26] cannot add Board Part xilinx.com:vmk180:part0:3.2 available at D:/2025.1/data/xhub/boards\XilinxBoardStore\boards\Xilinx\vmk180\production\3.2\board.xml as part xcvm1802-vsva2197-2mp-e-s specified in board_part file is either invalid or not available
WARNING: [Board 49-26] cannot add Board Part xilinx.com:vmk180:part0:3.3 available at D:/2025.1/data/xhub/boards\XilinxBoardStore\boards\Xilinx\vmk180\production\3.3\board.xml as part xcvm1802-vsva2197-2mp-e-s specified in board_part file is either invalid or not available
WARNING: [Board 49-26] cannot add Board Part xilinx.com:vmk180_newl:part0:1.0 available at D:/2025.1/data/xhub/boards\XilinxBoardStore\boards\Xilinx\vmk180_newl\production\1.0\board.xml as part xcvm1802-vsva2197-2mp-e-s specified in board_part file is either invalid or not available
WARNING: [Board 49-26] cannot add Board Part xilinx.com:vmk180_newl:part0:1.1 available at D:/2025.1/data/xhub/boards\XilinxBoardStore\boards\Xilinx\vmk180_newl\production\1.1\board.xml as part xcvm1802-vsva2197-2mp-e-s specified in board_part file is either invalid or not available
WARNING: [Board 49-26] cannot add Board Part xilinx.com:vpk120:part0:1.0 available at D:/2025.1/data/xhub/boards\XilinxBoardStore\boards\Xilinx\vpk120\production\1.0\board.xml as part xcvp1202-vsva2785-2mp-e-s specified in board_part file is either invalid or not available
WARNING: [Board 49-26] cannot add Board Part xilinx.com:vpk120:part0:1.1 available at D:/2025.1/data/xhub/boards\XilinxBoardStore\boards\Xilinx\vpk120\production\1.1\board.xml as part xcvp1202-vsva2785-2mp-e-s specified in board_part file is either invalid or not available
WARNING: [Board 49-26] cannot add Board Part xilinx.com:vpk120:part0:1.2 available at D:/2025.1/data/xhub/boards\XilinxBoardStore\boards\Xilinx\vpk120\production\1.2\board.xml as part xcvp1202-vsva2785-2mp-e-s specified in board_part file is either invalid or not available
WARNING: [Board 49-26] cannot add Board Part xilinx.com:vpk180:part0:1.0 available at D:/2025.1/data/xhub/boards\XilinxBoardStore\boards\Xilinx\vpk180\production\1.0\board.xml as part xcvp1802-lsvc4072-2mp-e-s specified in board_part file is either invalid or not available
WARNING: [Board 49-26] cannot add Board Part xilinx.com:vpk180:part0:1.1 available at D:/2025.1/data/xhub/boards\XilinxBoardStore\boards\Xilinx\vpk180\production\1.1\board.xml as part xcvp1802-lsvc4072-2mp-e-s specified in board_part file is either invalid or not available
WARNING: [Board 49-26] cannot add Board Part xilinx.com:vpk180:part0:1.2 available at D:/2025.1/data/xhub/boards\XilinxBoardStore\boards\Xilinx\vpk180\production\1.2\board.xml as part xcvp1802-lsvc4072-2mp-e-s specified in board_part file is either invalid or not available
WARNING: [Board 49-26] cannot add Board Part xilinx.com:zcu102:part0:3.3 available at D:/2025.1/data/xhub/boards\XilinxBoardStore\boards\Xilinx\zcu102\3.3\board.xml as part xczu9eg-ffvb1156-2-e specified in board_part file is either invalid or not available
WARNING: [Board 49-26] cannot add Board Part xilinx.com:zcu102:part0:3.4 available at D:/2025.1/data/xhub/boards\XilinxBoardStore\boards\Xilinx\zcu102\3.4\board.xml as part xczu9eg-ffvb1156-2-e specified in board_part file is either invalid or not available
WARNING: [Board 49-26] cannot add Board Part xilinx.com:zcu104:part0:1.1 available at D:/2025.1/data/xhub/boards\XilinxBoardStore\boards\Xilinx\zcu104\1.1\board.xml as part xczu7ev-ffvc1156-2-e specified in board_part file is either invalid or not available
WARNING: [Board 49-26] cannot add Board Part xilinx.com:zcu106:part0:2.4 available at D:/2025.1/data/xhub/boards\XilinxBoardStore\boards\Xilinx\zcu106\2.4\board.xml as part xczu7ev-ffvc1156-2-e specified in board_part file is either invalid or not available
WARNING: [Board 49-26] cannot add Board Part xilinx.com:zcu106:part0:2.5 available at D:/2025.1/data/xhub/boards\XilinxBoardStore\boards\Xilinx\zcu106\2.5\board.xml as part xczu7ev-ffvc1156-2-e specified in board_part file is either invalid or not available
WARNING: [Board 49-26] cannot add Board Part xilinx.com:zcu106:part0:2.6 available at D:/2025.1/data/xhub/boards\XilinxBoardStore\boards\Xilinx\zcu106\2.6\board.xml as part xczu7ev-ffvc1156-2-e specified in board_part file is either invalid or not available
WARNING: [Board 49-26] cannot add Board Part xilinx.com:zcu111:part0:1.2 available at D:/2025.1/data/xhub/boards\XilinxBoardStore\boards\Xilinx\zcu111\1.2\board.xml as part xczu28dr-ffvg1517-2-e specified in board_part file is either invalid or not available
WARNING: [Board 49-26] cannot add Board Part xilinx.com:zcu111:part0:1.3 available at D:/2025.1/data/xhub/boards\XilinxBoardStore\boards\Xilinx\zcu111\1.3\board.xml as part xczu28dr-ffvg1517-2-e specified in board_part file is either invalid or not available
WARNING: [Board 49-26] cannot add Board Part xilinx.com:zcu111:part0:1.4 available at D:/2025.1/data/xhub/boards\XilinxBoardStore\boards\Xilinx\zcu111\1.4\board.xml as part xczu28dr-ffvg1517-2-e specified in board_part file is either invalid or not available
WARNING: [Board 49-26] cannot add Board Part xilinx.com:zcu1275:part0:1.0 available at D:/2025.1/data/xhub/boards\XilinxBoardStore\boards\Xilinx\zcu1275\1.0\board.xml as part xczu29dr-ffvf1760-2-e specified in board_part file is either invalid or not available
WARNING: [Board 49-26] cannot add Board Part xilinx.com:zcu1285:part0:1.0 available at D:/2025.1/data/xhub/boards\XilinxBoardStore\boards\Xilinx\zcu1285\1.0\board.xml as part xczu39dr-ffvf1760-2-i specified in board_part file is either invalid or not available
WARNING: [Board 49-26] cannot add Board Part xilinx.com:zcu208:part0:2.0 available at D:/2025.1/data/xhub/boards\XilinxBoardStore\boards\Xilinx\zcu208\production\2.0\board.xml as part xczu48dr-fsvg1517-2-e specified in board_part file is either invalid or not available
WARNING: [Board 49-26] cannot add Board Part xilinx.com:zcu208ld:part0:2.0 available at D:/2025.1/data/xhub/boards\XilinxBoardStore\boards\Xilinx\zcu208ld\production\2.0\board.xml as part xczu58dr-fsvg1517-2-i specified in board_part file is either invalid or not available
WARNING: [Board 49-26] cannot add Board Part xilinx.com:zcu216:part0:2.0 available at D:/2025.1/data/xhub/boards\XilinxBoardStore\boards\Xilinx\zcu216\production\2.0\board.xml as part xczu49dr-ffvf1760-2-e specified in board_part file is either invalid or not available
WARNING: [Board 49-26] cannot add Board Part xilinx.com:zcu216ld:part0:2.0 available at D:/2025.1/data/xhub/boards\XilinxBoardStore\boards\Xilinx\zcu216ld\production\2.0\board.xml as part xczu59dr-ffvf1760-2-i specified in board_part file is either invalid or not available
WARNING: [Board 49-26] cannot add Board Part xilinx.com:zcu670:part0:2.0 available at D:/2025.1/data/xhub/boards\XilinxBoardStore\boards\Xilinx\zcu670\2.0\board.xml as part xczu67dr-fsve1156-2-i specified in board_part file is either invalid or not available
WARNING: [Board 49-26] cannot add Board Part xilinx.com:zcu670ld:part0:1.0 available at D:/2025.1/data/xhub/boards\XilinxBoardStore\boards\Xilinx\zcu670ld\1.0\board.xml as part xczu57dr-fsve1156-2-i specified in board_part file is either invalid or not available
INFO: [IP_Flow 19-234] Refreshing IP repositories
INFO: [IP_Flow 19-1704] No user IP repositories specified
INFO: [IP_Flow 19-2313] Loaded Vivado IP repository 'D:/2025.1/Vivado/data/ip'.
current_fileset: Time (s): cpu = 00:00:12 ; elapsed = 00:00:07 . Memory (MB): peak = 1520.203 ; gain = 203.121
# xsim {stream_matmul} -testplusarg UVM_VERBOSITY=UVM_NONE -testplusarg UVM_TESTNAME=stream_matmul_test_lib -testplusarg UVM_TIMEOUT=20000000000000 -view {{stream_matmul_dataflow_ana.wcfg}} -tclbatch {stream_matmul.tcl} -protoinst {stream_matmul.protoinst}
INFO: [Wavedata 42-565] Reading protoinst file stream_matmul.protoinst
INFO: [Wavedata 42-564]   Found protocol instance at /apatb_stream_matmul_top/AESL_inst_stream_matmul//AESL_inst_stream_matmul_activity
INFO: [Wavedata 42-564]   Found protocol instance at /apatb_stream_matmul_top/AESL_inst_stream_matmul/grp_stream_matmul_Pipeline_VITIS_LOOP_55_1_VITIS_LOOP_56_2_fu_114/grp_stream_matmul_Pipeline_VITIS_LOOP_55_1_VITIS_LOOP_56_2_fu_114_activity
INFO: [Wavedata 42-564]   Found protocol instance at /apatb_stream_matmul_top/AESL_inst_stream_matmul/grp_stream_matmul_Pipeline_VITIS_LOOP_66_4_VITIS_LOOP_67_5_fu_120/grp_stream_matmul_Pipeline_VITIS_LOOP_66_4_VITIS_LOOP_67_5_fu_120_activity
INFO: [Wavedata 42-564]   Found protocol instance at /apatb_stream_matmul_top/AESL_inst_stream_matmul/grp_stream_matmul_Pipeline_VITIS_LOOP_74_6_VITIS_LOOP_75_7_fu_149/grp_stream_matmul_Pipeline_VITIS_LOOP_74_6_VITIS_LOOP_75_7_fu_149_activity
INFO: [Wavedata 42-564]   Found protocol instance at /apatb_stream_matmul_top/AESL_inst_stream_matmul/grp_stream_matmul_Pipeline_VITIS_LOOP_83_8_VITIS_LOOP_84_9_VITIS_LOOP_87_10_fu_165/grp_stream_matmul_Pipeline_VITIS_LOOP_83_8_VITIS_LOOP_84_9_VITIS_LOOP_87_10_fu_165_activity
INFO: [Wavedata 42-564]   Found protocol instance at /apatb_stream_matmul_top/AESL_inst_stream_matmul/grp_stream_matmul_Pipeline_VITIS_LOOP_98_11_VITIS_LOOP_99_12_fu_136/grp_stream_matmul_Pipeline_VITIS_LOOP_98_11_VITIS_LOOP_99_12_fu_136_activity
Time resolution is 1 ps
open_wave_config stream_matmul_dataflow_ana.wcfg
source stream_matmul.tcl
## log_wave -r /
WARNING: [Simtcl 6-197] One or more HDL objects could not be logged because of object type or size limitations.  To see details please rerun the command with -verbose (-v).
## set designtopgroup [add_wave_group "Design Top Signals"]
## set coutputgroup [add_wave_group "C Outputs" -into $designtopgroup]
## set return_group [add_wave_group return(axi_slave) -into $coutputgroup]
## add_wave /apatb_stream_matmul_top/AESL_inst_stream_matmul/out_stream_TLAST -into $return_group -color #ffff00 -radix hex
## add_wave /apatb_stream_matmul_top/AESL_inst_stream_matmul/out_stream_TSTRB -into $return_group -radix hex
## add_wave /apatb_stream_matmul_top/AESL_inst_stream_matmul/out_stream_TKEEP -into $return_group -radix hex
## add_wave /apatb_stream_matmul_top/AESL_inst_stream_matmul/out_stream_TREADY -into $return_group -color #ffff00 -radix hex
## add_wave /apatb_stream_matmul_top/AESL_inst_stream_matmul/out_stream_TVALID -into $return_group -color #ffff00 -radix hex
## add_wave /apatb_stream_matmul_top/AESL_inst_stream_matmul/out_stream_TDATA -into $return_group -radix hex
## add_wave /apatb_stream_matmul_top/AESL_inst_stream_matmul/interrupt -into $return_group -color #ffff00 -radix hex
## add_wave /apatb_stream_matmul_top/AESL_inst_stream_matmul/s_axi_control_BRESP -into $return_group -radix hex
## add_wave /apatb_stream_matmul_top/AESL_inst_stream_matmul/s_axi_control_BREADY -into $return_group -color #ffff00 -radix hex
## add_wave /apatb_stream_matmul_top/AESL_inst_stream_matmul/s_axi_control_BVALID -into $return_group -color #ffff00 -radix hex
## add_wave /apatb_stream_matmul_top/AESL_inst_stream_matmul/s_axi_control_RRESP -into $return_group -radix hex
## add_wave /apatb_stream_matmul_top/AESL_inst_stream_matmul/s_axi_control_RDATA -into $return_group -radix hex
## add_wave /apatb_stream_matmul_top/AESL_inst_stream_matmul/s_axi_control_RREADY -into $return_group -color #ffff00 -radix hex
## add_wave /apatb_stream_matmul_top/AESL_inst_stream_matmul/s_axi_control_RVALID -into $return_group -color #ffff00 -radix hex
## add_wave /apatb_stream_matmul_top/AESL_inst_stream_matmul/s_axi_control_ARREADY -into $return_group -color #ffff00 -radix hex
## add_wave /apatb_stream_matmul_top/AESL_inst_stream_matmul/s_axi_control_ARVALID -into $return_group -color #ffff00 -radix hex
## add_wave /apatb_stream_matmul_top/AESL_inst_stream_matmul/s_axi_control_ARADDR -into $return_group -radix hex
## add_wave /apatb_stream_matmul_top/AESL_inst_stream_matmul/s_axi_control_WSTRB -into $return_group -radix hex
## add_wave /apatb_stream_matmul_top/AESL_inst_stream_matmul/s_axi_control_WDATA -into $return_group -radix hex
## add_wave /apatb_stream_matmul_top/AESL_inst_stream_matmul/s_axi_control_WREADY -into $return_group -color #ffff00 -radix hex
## add_wave /apatb_stream_matmul_top/AESL_inst_stream_matmul/s_axi_control_WVALID -into $return_group -color #ffff00 -radix hex
## add_wave /apatb_stream_matmul_top/AESL_inst_stream_matmul/s_axi_control_AWREADY -into $return_group -color #ffff00 -radix hex
## add_wave /apatb_stream_matmul_top/AESL_inst_stream_matmul/s_axi_control_AWVALID -into $return_group -color #ffff00 -radix hex
## add_wave /apatb_stream_matmul_top/AESL_inst_stream_matmul/s_axi_control_AWADDR -into $return_group -radix hex
## set cinputgroup [add_wave_group "C Inputs" -into $designtopgroup]
## set return_group [add_wave_group return(axis) -into $cinputgroup]
## add_wave /apatb_stream_matmul_top/AESL_inst_stream_matmul/in_stream_TLAST -into $return_group -color #ffff00 -radix hex
## add_wave /apatb_stream_matmul_top/AESL_inst_stream_matmul/in_stream_TSTRB -into $return_group -radix hex
## add_wave /apatb_stream_matmul_top/AESL_inst_stream_matmul/in_stream_TKEEP -into $return_group -radix hex
## add_wave /apatb_stream_matmul_top/AESL_inst_stream_matmul/in_stream_TREADY -into $return_group -color #ffff00 -radix hex
## add_wave /apatb_stream_matmul_top/AESL_inst_stream_matmul/in_stream_TVALID -into $return_group -color #ffff00 -radix hex
## add_wave /apatb_stream_matmul_top/AESL_inst_stream_matmul/in_stream_TDATA -into $return_group -radix hex
## set blocksiggroup [add_wave_group "Block-level IO Handshake(internal)" -into $designtopgroup]
## add_wave /apatb_stream_matmul_top/AESL_inst_stream_matmul/ap_done -into $blocksiggroup
## add_wave /apatb_stream_matmul_top/AESL_inst_stream_matmul/ap_idle -into $blocksiggroup
## add_wave /apatb_stream_matmul_top/AESL_inst_stream_matmul/ap_ready -into $blocksiggroup
## add_wave /apatb_stream_matmul_top/AESL_inst_stream_matmul/ap_start -into $blocksiggroup
## set resetgroup [add_wave_group "Reset" -into $designtopgroup]
## add_wave /apatb_stream_matmul_top/AESL_inst_stream_matmul/ap_rst_n -into $resetgroup
## set clockgroup [add_wave_group "Clock" -into $designtopgroup]
## add_wave /apatb_stream_matmul_top/AESL_inst_stream_matmul/ap_clk -into $clockgroup
## set testbenchgroup [add_wave_group "Test Bench Signals"]
## set tbinternalsiggroup [add_wave_group "Internal Signals" -into $testbenchgroup]
## set tb_simstatus_group [add_wave_group "Simulation Status" -into $tbinternalsiggroup]
## set tb_portdepth_group [add_wave_group "Port Depth" -into $tbinternalsiggroup]
## add_wave /apatb_stream_matmul_top/AUTOTB_TRANSACTION_NUM -into $tb_simstatus_group -radix hex
## add_wave /apatb_stream_matmul_top/ready_cnt -into $tb_simstatus_group -radix hex
## add_wave /apatb_stream_matmul_top/done_cnt -into $tb_simstatus_group -radix hex
## add_wave /apatb_stream_matmul_top/LENGTH_in_stream_V_data_V -into $tb_portdepth_group -radix hex
## add_wave /apatb_stream_matmul_top/LENGTH_in_stream_V_keep_V -into $tb_portdepth_group -radix hex
## add_wave /apatb_stream_matmul_top/LENGTH_in_stream_V_last_V -into $tb_portdepth_group -radix hex
## add_wave /apatb_stream_matmul_top/LENGTH_in_stream_V_strb_V -into $tb_portdepth_group -radix hex
## add_wave /apatb_stream_matmul_top/LENGTH_out_stream_V_data_V -into $tb_portdepth_group -radix hex
## add_wave /apatb_stream_matmul_top/LENGTH_out_stream_V_keep_V -into $tb_portdepth_group -radix hex
## add_wave /apatb_stream_matmul_top/LENGTH_out_stream_V_last_V -into $tb_portdepth_group -radix hex
## add_wave /apatb_stream_matmul_top/LENGTH_out_stream_V_strb_V -into $tb_portdepth_group -radix hex
## set tbcoutputgroup [add_wave_group "C Outputs" -into $testbenchgroup]
## set tb_return_group [add_wave_group return(axi_slave) -into $tbcoutputgroup]
## add_wave /apatb_stream_matmul_top/out_stream_TLAST -into $tb_return_group -color #ffff00 -radix hex
## add_wave /apatb_stream_matmul_top/out_stream_TSTRB -into $tb_return_group -radix hex
## add_wave /apatb_stream_matmul_top/out_stream_TKEEP -into $tb_return_group -radix hex
## add_wave /apatb_stream_matmul_top/out_stream_TREADY -into $tb_return_group -color #ffff00 -radix hex
## add_wave /apatb_stream_matmul_top/out_stream_TVALID -into $tb_return_group -color #ffff00 -radix hex
## add_wave /apatb_stream_matmul_top/out_stream_TDATA -into $tb_return_group -radix hex
## add_wave /apatb_stream_matmul_top/control_INTERRUPT -into $tb_return_group -color #ffff00 -radix hex
## add_wave /apatb_stream_matmul_top/control_BRESP -into $tb_return_group -radix hex
## add_wave /apatb_stream_matmul_top/control_BREADY -into $tb_return_group -color #ffff00 -radix hex
## add_wave /apatb_stream_matmul_top/control_BVALID -into $tb_return_group -color #ffff00 -radix hex
## add_wave /apatb_stream_matmul_top/control_RRESP -into $tb_return_group -radix hex
## add_wave /apatb_stream_matmul_top/control_RDATA -into $tb_return_group -radix hex
## add_wave /apatb_stream_matmul_top/control_RREADY -into $tb_return_group -color #ffff00 -radix hex
## add_wave /apatb_stream_matmul_top/control_RVALID -into $tb_return_group -color #ffff00 -radix hex
## add_wave /apatb_stream_matmul_top/control_ARREADY -into $tb_return_group -color #ffff00 -radix hex
## add_wave /apatb_stream_matmul_top/control_ARVALID -into $tb_return_group -color #ffff00 -radix hex
## add_wave /apatb_stream_matmul_top/control_ARADDR -into $tb_return_group -radix hex
## add_wave /apatb_stream_matmul_top/control_WSTRB -into $tb_return_group -radix hex
## add_wave /apatb_stream_matmul_top/control_WDATA -into $tb_return_group -radix hex
## add_wave /apatb_stream_matmul_top/control_WREADY -into $tb_return_group -color #ffff00 -radix hex
## add_wave /apatb_stream_matmul_top/control_WVALID -into $tb_return_group -color #ffff00 -radix hex
## add_wave /apatb_stream_matmul_top/control_AWREADY -into $tb_return_group -color #ffff00 -radix hex
## add_wave /apatb_stream_matmul_top/control_AWVALID -into $tb_return_group -color #ffff00 -radix hex
## add_wave /apatb_stream_matmul_top/control_AWADDR -into $tb_return_group -radix hex
## set tbcinputgroup [add_wave_group "C Inputs" -into $testbenchgroup]
## set tb_return_group [add_wave_group return(axis) -into $tbcinputgroup]
## add_wave /apatb_stream_matmul_top/in_stream_TLAST -into $tb_return_group -color #ffff00 -radix hex
## add_wave /apatb_stream_matmul_top/in_stream_TSTRB -into $tb_return_group -radix hex
## add_wave /apatb_stream_matmul_top/in_stream_TKEEP -into $tb_return_group -radix hex
## add_wave /apatb_stream_matmul_top/in_stream_TREADY -into $tb_return_group -color #ffff00 -radix hex
## add_wave /apatb_stream_matmul_top/in_stream_TVALID -into $tb_return_group -color #ffff00 -radix hex
## add_wave /apatb_stream_matmul_top/in_stream_TDATA -into $tb_return_group -radix hex
## save_wave_config stream_matmul.wcfg
## run all
UVM_INFO D:/2025.1/Vivado/data/system_verilog/uvm_1.2/xlnx_uvm_package.sv(18601) @ 0: reporter [UVM/RELNOTES] 
----------------------------------------------------------------
UVM-1.2
(C) 2007-2014 Mentor Graphics Corporation
(C) 2007-2014 Cadence Design Systems, Inc.
(C) 2006-2014 Synopsys, Inc.
(C) 2011-2013 Cypress Semiconductor Corp.
(C) 2013-2014 NVIDIA Corporation
----------------------------------------------------------------

  ***********       IMPORTANT RELEASE NOTES         ************

  You are using a version of the UVM library that has been compiled
  with `UVM_NO_DEPRECATED undefined.

  You are using a version of the UVM library that has been compiled
  with `UVM_OBJECT_DO_NOT_NEED_CONSTRUCTOR undefined.

      (Specify +UVM_NO_RELNOTES to turn off this notice)

UVM_INFO D:/2025.1/Vivado/data/system_verilog/uvm_1.2/xlnx_uvm_package.sv(18648) @ 0: reporter [NO_DPI_TSTNAME] UVM_NO_DPI defined--getting UVM_TESTNAME directly, without DPI
UVM_INFO D:/2025.1/Vivado/data/system_verilog/uvm_1.2/xlnx_uvm_package.sv(18752) @ 0: reporter [UVMTOP] UVM testbench topology:
--------------------------------------------------------------------------------------------------------------------
Name                                                    Type                                   Size  Value          
--------------------------------------------------------------------------------------------------------------------
uvm_test_top                                            stream_matmul_test_lib                 -     @370           
  top_env                                               stream_matmul_env                      -     @381           
    axi_lite_control                                    uvm_env                                -     @428           
      item_rtr_port                                     uvm_analysis_port                      -     @447           
      item_wtr_port                                     uvm_analysis_port                      -     @437           
      master                                            uvm_agent                              -     @840           
        ardrv                                           uvm_driver #(REQ,RSP)                  -     @1515          
          item_read_imp                                 uvm_analysis_port                      -     @1544          
          rsp_port                                      uvm_analysis_port                      -     @1534          
          seq_item_port                                 uvm_seq_item_pull_port                 -     @1524          
          m_num_sent                                    integral                               32    'h0            
        arsqr                                           axi_sequencer                          -     @1554          
          rsp_export                                    uvm_analysis_export                    -     @1563          
          seq_item_export                               uvm_seq_item_pull_imp                  -     @1681          
          arbitration_queue                             array                                  0     -              
          lock_queue                                    array                                  0     -              
          num_last_reqs                                 integral                               32    'd1            
          num_last_rsps                                 integral                               32    'd1            
        awdrv                                           uvm_driver #(REQ,RSP)                  -     @987           
          item_read_imp                                 uvm_analysis_port                      -     @1016          
          rsp_port                                      uvm_analysis_port                      -     @1006          
          seq_item_port                                 uvm_seq_item_pull_port                 -     @996           
          m_num_sent                                    integral                               32    'h0            
        awsqr                                           axi_sequencer                          -     @1026          
          rsp_export                                    uvm_analysis_export                    -     @1035          
          seq_item_export                               uvm_seq_item_pull_imp                  -     @1153          
          arbitration_queue                             array                                  0     -              
          lock_queue                                    array                                  0     -              
          num_last_reqs                                 integral                               32    'd1            
          num_last_rsps                                 integral                               32    'd1            
        bdrv                                            uvm_driver #(REQ,RSP)                  -     @1339          
          item_read_imp                                 uvm_analysis_port                      -     @1368          
          rsp_port                                      uvm_analysis_port                      -     @1358          
          seq_item_port                                 uvm_seq_item_pull_port                 -     @1348          
          m_num_sent                                    integral                               32    'h0            
        bsqr                                            axi_sequencer                          -     @1378          
          rsp_export                                    uvm_analysis_export                    -     @1387          
          seq_item_export                               uvm_seq_item_pull_imp                  -     @1505          
          arbitration_queue                             array                                  0     -              
          lock_queue                                    array                                  0     -              
          num_last_reqs                                 integral                               32    'd1            
          num_last_rsps                                 integral                               32    'd1            
        rdrv                                            uvm_driver #(REQ,RSP)                  -     @1691          
          item_read_imp                                 uvm_analysis_port                      -     @1720          
          rsp_port                                      uvm_analysis_port                      -     @1710          
          seq_item_port                                 uvm_seq_item_pull_port                 -     @1700          
          m_num_sent                                    integral                               32    'h0            
        rsqr                                            axi_sequencer                          -     @1730          
          rsp_export                                    uvm_analysis_export                    -     @1739          
          seq_item_export                               uvm_seq_item_pull_imp                  -     @1857          
          arbitration_queue                             array                                  0     -              
          lock_queue                                    array                                  0     -              
          num_last_reqs                                 integral                               32    'd1            
          num_last_rsps                                 integral                               32    'd1            
        wdrv                                            uvm_driver #(REQ,RSP)                  -     @1163          
          item_read_imp                                 uvm_analysis_port                      -     @1192          
          rsp_port                                      uvm_analysis_port                      -     @1182          
          seq_item_port                                 uvm_seq_item_pull_port                 -     @1172          
          m_num_sent                                    integral                               32    'h0            
        wsqr                                            axi_sequencer                          -     @1202          
          rsp_export                                    uvm_analysis_export                    -     @1211          
          seq_item_export                               uvm_seq_item_pull_imp                  -     @1329          
          arbitration_queue                             array                                  0     -              
          lock_queue                                    array                                  0     -              
          num_last_reqs                                 integral                               32    'd1            
          num_last_rsps                                 integral                               32    'd1            
      monitor                                           uvm_monitor                            -     @662           
        item_ar2r_port                                  uvm_analysis_port                      -     @731           
        item_ar_port                                    uvm_analysis_port                      -     @701           
        item_aw2b_port                                  uvm_analysis_port                      -     @721           
        item_aw_port                                    uvm_analysis_port                      -     @671           
        item_b_port                                     uvm_analysis_port                      -     @691           
        item_r_port                                     uvm_analysis_port                      -     @711           
        item_w_port                                     uvm_analysis_port                      -     @681           
        checks_enable                                   integral                               1     'h1            
        coverage_enable                                 integral                               1     'h1            
      state                                             axi_state                              -     @741           
        ar2r_imp                                        uvm_analysis_imp_ar2r                  -     @810           
        ar_imp                                          uvm_analysis_imp_ar                    -     @780           
        aw2b_imp                                        uvm_analysis_imp_aw2b                  -     @800           
        aw_imp                                          uvm_analysis_imp_aw                    -     @750           
        b_imp                                           uvm_analysis_imp_b                     -     @770           
        item_rtr_port                                   uvm_analysis_port                      -     @830           
        item_wtr_port                                   uvm_analysis_port                      -     @820           
        r_imp                                           uvm_analysis_imp_r                     -     @790           
        w_imp                                           uvm_analysis_imp_w                     -     @760           
        avg_rate                                        integral                               32    'h0            
        exp_rate                                        integral                               32    'h0            
        win_size                                        integral                               32    'h0            
        bqnum_for_slaseq                                integral                               32    'h0            
        rq_from_model_num                               integral                               32    'h0            
      vsqr                                              axi_virtual_sequencer                  -     @849           
        rsp_export                                      uvm_analysis_export                    -     @858           
        seq_item_export                                 uvm_seq_item_pull_imp                  -     @976           
        arbitration_queue                               array                                  0     -              
        lock_queue                                      array                                  0     -              
        num_last_reqs                                   integral                               32    'd1            
        num_last_rsps                                   integral                               32    'd1            
      cfg                                               axi_cfg                                -     @400           
        has_checker                                     integral                               1     'h1            
        has_coverage                                    integral                               1     'h1            
        id_num                                          integral                               32    'h1            
        reset_level                                     reset_level_enum                       32    RESET_LEVEL_LOW
        drv_type                                        drv_type_enum                          32    MASTER         
        write_latency_mode                              latency_mode_enum                      32    CHANNEL_FIRST  
        read_latency_mode                               latency_mode_enum                      32    CHANNEL_FIRST  
        clatency                                        axi_latency                            -     @424           
          wr_latency                                    integral                               32    'h0            
          rd_latency                                    integral                               32    'h0            
    env_master_svr_in_stream                            uvm_env                                -     @401           
      m_agt                                             uvm_agent                              -     @1935          
        drv                                             uvm_driver #(REQ,RSP)                  -     @2083          
          rsp_port                                      uvm_analysis_port                      -     @2102          
          seq_item_port                                 uvm_seq_item_pull_port                 -     @2092          
        mon                                             uvm_monitor                            -     @2112          
          item_collect_port                             uvm_analysis_port                      -     @2123          
        sqr                                             uvm_sequencer                          -     @1946          
          rsp_export                                    uvm_analysis_export                    -     @1955          
          seq_item_export                               uvm_seq_item_pull_imp                  -     @2073          
          arbitration_queue                             array                                  0     -              
          lock_queue                                    array                                  0     -              
          num_last_reqs                                 integral                               32    'd1            
          num_last_rsps                                 integral                               32    'd1            
    env_slave_svr_out_stream                            uvm_env                                -     @414           
      s_agt                                             uvm_agent                              -     @2141          
        drv                                             uvm_driver #(REQ,RSP)                  -     @2289          
          rsp_port                                      uvm_analysis_port                      -     @2308          
          seq_item_port                                 uvm_seq_item_pull_port                 -     @2298          
        mon                                             uvm_monitor                            -     @2318          
          item_collect_port                             uvm_analysis_port                      -     @2329          
        sqr                                             uvm_sequencer                          -     @2152          
          rsp_export                                    uvm_analysis_export                    -     @2161          
          seq_item_export                               uvm_seq_item_pull_imp                  -     @2279          
          arbitration_queue                             array                                  0     -              
          lock_queue                                    array                                  0     -              
          num_last_reqs                                 integral                               32    'd1            
          num_last_rsps                                 integral                               32    'd1            
    refm                                                stream_matmul_reference_model          -     @457           
      trans_num_idx                                     integral                               32    'h0            
    stream_matmul_virtual_sqr                           stream_matmul_virtual_sequencer        -     @519           
      rsp_export                                        uvm_analysis_export                    -     @528           
      seq_item_export                                   uvm_seq_item_pull_imp                  -     @646           
      arbitration_queue                                 array                                  0     -              
      lock_queue                                        array                                  0     -              
      num_last_reqs                                     integral                               32    'd1            
      num_last_rsps                                     integral                               32    'd1            
    subsys_mon                                          stream_matmul_subsystem_monitor        -     @470           
      control_rtr_imp                                   uvm_analysis_imp_axi_rtr_control       -     @509           
      control_wtr_imp                                   uvm_analysis_imp_axi_wtr_control       -     @499           
      scbd                                              stream_matmul_scoreboard               -     @2356          
        refm                                            stream_matmul_reference_model          -     @457           
          trans_num_idx                                 integral                               32    'h0            
        file_rd_TVOUT_transaction_size                  <unknown>                              -     @2366          
          TV_FILE                                       string                                 0     ""             
          fp                                            integral                               32    'hxxxxxxxx     
          TV_FILE_num                                   integral                               32    'h0            
          HEX_read                                      integral                               32    'h0            
          DEC_read                                      integral                               32    'h0            
          is_binary                                     integral                               32    'h0            
          TV_FILE_COMPARE                               string                                 0     ""             
          fp_compare                                    integral                               32    'hxxxxxxxx     
        TVOUT_transaction_size_queue                    da(integral)                           0     -              
        file_wr_port_out_stream_out_stream_TDATA        <unknown>                              -     @2367          
          TV_FILE                                       string                                 0     ""             
          fp                                            integral                               32    'hxxxxxxxx     
          file_open                                     integral                               32    'h0            
          write_file_done                               integral                               32    'h0            
          write_section_done                            integral                               32    'h0            
          TRANSACTION_NUM                               integral                               32    'h0            
          transaction_num_idx                           integral                               32    'h0            
          TRANSACTION_DEPTH                             integral                               32    'h0            
          TRANSACTION_DEPTH_queue                       da(integral)                           0     -              
          TRANSACTION_DEPTH_queue_for_depth_check       da(integral)                           0     -              
          transaction_depth_idx                         integral                               32    'h0            
          ap_done_num_idx                               integral                               32    'h0            
          is_binary                                     integral                               32    'h0            
        write_file_done_out_stream_out_stream_TDATA     integral                               32    'h0            
        write_section_done_out_stream_out_stream_TDATA  integral                               32    'h0            
        file_wr_port_out_stream_out_stream_TKEEP        <unknown>                              -     @2368          
          TV_FILE                                       string                                 0     ""             
          fp                                            integral                               32    'hxxxxxxxx     
          file_open                                     integral                               32    'h0            
          write_file_done                               integral                               32    'h0            
          write_section_done                            integral                               32    'h0            
          TRANSACTION_NUM                               integral                               32    'h0            
          transaction_num_idx                           integral                               32    'h0            
          TRANSACTION_DEPTH                             integral                               32    'h0            
          TRANSACTION_DEPTH_queue                       da(integral)                           0     -              
          TRANSACTION_DEPTH_queue_for_depth_check       da(integral)                           0     -              
          transaction_depth_idx                         integral                               32    'h0            
          ap_done_num_idx                               integral                               32    'h0            
          is_binary                                     integral                               32    'h0            
        write_file_done_out_stream_out_stream_TKEEP     integral                               32    'h0            
        write_section_done_out_stream_out_stream_TKEEP  integral                               32    'h0            
        file_wr_port_out_stream_out_stream_TSTRB        <unknown>                              -     @2369          
          TV_FILE                                       string                                 0     ""             
          fp                                            integral                               32    'hxxxxxxxx     
          file_open                                     integral                               32    'h0            
          write_file_done                               integral                               32    'h0            
          write_section_done                            integral                               32    'h0            
          TRANSACTION_NUM                               integral                               32    'h0            
          transaction_num_idx                           integral                               32    'h0            
          TRANSACTION_DEPTH                             integral                               32    'h0            
          TRANSACTION_DEPTH_queue                       da(integral)                           0     -              
          TRANSACTION_DEPTH_queue_for_depth_check       da(integral)                           0     -              
          transaction_depth_idx                         integral                               32    'h0            
          ap_done_num_idx                               integral                               32    'h0            
          is_binary                                     integral                               32    'h0            
        write_file_done_out_stream_out_stream_TSTRB     integral                               32    'h0            
        write_section_done_out_stream_out_stream_TSTRB  integral                               32    'h0            
        file_wr_port_out_stream_out_stream_TLAST        <unknown>                              -     @2370          
          TV_FILE                                       string                                 0     ""             
          fp                                            integral                               32    'hxxxxxxxx     
          file_open                                     integral                               32    'h0            
          write_file_done                               integral                               32    'h0            
          write_section_done                            integral                               32    'h0            
          TRANSACTION_NUM                               integral                               32    'h0            
          transaction_num_idx                           integral                               32    'h0            
          TRANSACTION_DEPTH                             integral                               32    'h0            
          TRANSACTION_DEPTH_queue                       da(integral)                           0     -              
          TRANSACTION_DEPTH_queue_for_depth_check       da(integral)                           0     -              
          transaction_depth_idx                         integral                               32    'h0            
          ap_done_num_idx                               integral                               32    'h0            
          is_binary                                     integral                               32    'h0            
        write_file_done_out_stream_out_stream_TLAST     integral                               32    'h0            
        write_section_done_out_stream_out_stream_TLAST  integral                               32    'h0            
      svr_master_in_stream_imp                          uvm_analysis_imp_svr_master_in_stream  -     @479           
      svr_slave_out_stream_imp                          uvm_analysis_imp_svr_slave_out_stream  -     @489           
    env_master_svr_in_stream                            uvm_env                                -     @401           
    env_slave_svr_out_stream                            uvm_env                                -     @414           
    refm                                                stream_matmul_reference_model          -     @457           
    stream_matmul_virtual_sqr                           stream_matmul_virtual_sequencer        -     @519           
    stream_matmul_cfg                                   stream_matmul_config                   -     @395           
      port_in_stream_cfg                                svr_config                             -     @396           
        svr_type                                        svr_inst_type                          32    SVR_MASTER     
        prt_type                                        svr_protocol_type                      32    AXIS           
        is_active                                       svr_active_passive_enum                1     SVR_ACTIVE     
        reset_level                                     svr_reset_level_enum                   1     RESET_LEVEL_LOW
        spec_cfg                                        svr_spec_cfg_enum                      32    NORMAL         
        clatency                                        svr_latency                            -     @397           
          transfer_latency                              integral                               32    'h0            
      port_out_stream_cfg                               svr_config                             -     @398           
        svr_type                                        svr_inst_type                          32    SVR_SLAVE      
        prt_type                                        svr_protocol_type                      32    AXIS           
        is_active                                       svr_active_passive_enum                1     SVR_ACTIVE     
        reset_level                                     svr_reset_level_enum                   1     RESET_LEVEL_LOW
        spec_cfg                                        svr_spec_cfg_enum                      32    NORMAL         
        clatency                                        svr_latency                            -     @399           
          transfer_latency                              integral                               32    'h0            
      control_cfg                                       axi_cfg                                -     @400           
        has_checker                                     integral                               1     'h1            
        has_coverage                                    integral                               1     'h1            
        id_num                                          integral                               32    'h1            
        reset_level                                     reset_level_enum                       32    RESET_LEVEL_LOW
        drv_type                                        drv_type_enum                          32    MASTER         
        write_latency_mode                              latency_mode_enum                      32    CHANNEL_FIRST  
        read_latency_mode                               latency_mode_enum                      32    CHANNEL_FIRST  
        clatency                                        axi_latency                            -     @424           
          wr_latency                                    integral                               32    'h0            
          rd_latency                                    integral                               32    'h0            
      check_ena                                         integral                               32    'h0            
      cover_ena                                         integral                               32    'h0            
--------------------------------------------------------------------------------------------------------------------

UVM_INFO D:/2025.1/Vivado/data/system_verilog/uvm_1.2/xlnx_uvm_package.sv(20867) @ 0: reporter [UVM/COMP/NAMECHECK] This implementation of the component name checks requires DPI to be enabled
////////////////////////////////////////////////////////////////////////////////////
// Inter-Transaction Progress: Completed Transaction / Total Transaction
// Intra-Transaction Progress: Measured Latency / Latency Estimation * 100%
//
// RTL Simulation : "Inter-Transaction Progress" ["Intra-Transaction Progress"] @ "Simulation Time"
////////////////////////////////////////////////////////////////////////////////////
// RTL Simulation : 0 / 1 [0.00%] @ "125000"
// RTL Simulation : 1 / 1 [100.00%] @ "886585000"
////////////////////////////////////////////////////////////////////////////////////
$finish called at time : 886655 ns : File "D:/2025.1/Vivado/data/system_verilog/uvm_1.2/xlnx_uvm_package.sv" Line 18699
run: Time (s): cpu = 00:00:35 ; elapsed = 00:01:04 . Memory (MB): peak = 1617.285 ; gain = 3.598
xsim: Time (s): cpu = 00:00:41 ; elapsed = 00:01:08 . Memory (MB): peak = 1617.285 ; gain = 97.020
run all
INFO: [Common 17-41] Interrupt caught. Command should exit soon.
run: Time (s): cpu = 00:03:45 ; elapsed = 00:04:04 . Memory (MB): peak = 3288.922 ; gain = 0.000
INFO: [Common 17-344] 'run' was cancelled
close_sim
INFO: xsimkernel Simulation Memory Usage: 284504 KB (Peak: 284504 KB), Simulation CPU Usage: 123343 ms
INFO: [Simtcl 6-16] Simulation closed
exit
INFO: [Common 17-206] Exiting xsim at Tue May 12 13:54:30 2026...
