
====================================
Running test case: Identity A
N = 1024, TILE = 16, NUM_K_TILES = 64
====================================
Testing Identity A, output tile (0,0)
Testing Identity A, output tile (0,1)
Testing Identity A, output tile (1,0)
Testing Identity A, output tile (1,1)
Testing Identity A, output tile (10,20)
Testing Identity A, output tile (32,17)
Testing Identity A, output tile (63,63)
Test case: Identity A
Max error = 0.000000
MSE       = 0.000000
Result: PASSED

====================================
Running test case: All ones
N = 1024, TILE = 16, NUM_K_TILES = 64
====================================
Testing All ones, output tile (0,0)
Testing All ones, output tile (0,1)
Testing All ones, output tile (1,0)
Testing All ones, output tile (1,1)
Testing All ones, output tile (10,20)
Testing All ones, output tile (32,17)
Testing All ones, output tile (63,63)
Test case: All ones
Max error = 0.000000
MSE       = 0.000000
Result: PASSED

====================================
Running test case: Deterministic pseudo-random
N = 1024, TILE = 16, NUM_K_TILES = 64
====================================
Testing Deterministic pseudo-random, output tile (0,0)
Testing Deterministic pseudo-random, output tile (0,1)
Testing Deterministic pseudo-random, output tile (1,0)
Testing Deterministic pseudo-random, output tile (1,1)
Testing Deterministic pseudo-random, output tile (10,20)
Testing Deterministic pseudo-random, output tile (32,17)
Testing Deterministic pseudo-random, output tile (63,63)
Test case: Deterministic pseudo-random
Max error = 0.000000
MSE       = 0.000000
Result: PASSED

====================================
ALL N=1024 FLOATING-POINT TESTS PASSED
====================================
INFO [HLS SIM]: The maximum depth reached by any hls::stream() instance in the design is 32768
