
*** Running vivado
    with args -log design_1_wrapper.vds -m64 -product Vivado -mode batch -messageDb vivado.pb -notrace -source design_1_wrapper.tcl



****** Vivado v2025.2 (64-bit)
  **** SW Build 6299465 on Fri Nov 14 19:35:11 GMT 2025
  **** IP Build 6300035 on Fri Nov 14 10:48:45 MST 2025
  **** SharedData Build 6298862 on Thu Nov 13 04:50:51 MST 2025
  **** Start of session at: Tue May 19 17:39:03 2026
    ** Copyright 1986-2022 Xilinx, Inc. All Rights Reserved.
    ** Copyright 2022-2025 Advanced Micro Devices, Inc. All Rights Reserved.

source design_1_wrapper.tcl -notrace
INFO: [IP_Flow 19-234] Refreshing IP repositories
INFO: [IP_Flow 19-1700] Loaded user IP repository 'c:/Users/rodrigofonseca/Lab1-FixedPoint/hls_component'.
INFO: [IP_Flow 19-2313] Loaded Vivado IP repository 'C:/AMDDesignTools/2025.2/Vivado/data/ip'.
Command: synth_design -top design_1_wrapper -part xc7z010clg400-1
Starting synth_design
Attempting to get a license for feature 'Synthesis' and/or device 'xc7z010'
INFO: [Common 17-349] Got license for feature 'Synthesis' and/or device 'xc7z010'
INFO: [Device 21-403] Loading part xc7z010clg400-1
INFO: [Synth 8-7079] Multithreading enabled for synth_design using a maximum of 2 processes.
INFO: [Synth 8-7078] Launching helper process for spawning children vivado processes
INFO: [Synth 8-7075] Helper process launched with PID 10548
---------------------------------------------------------------------------------
Starting RTL Elaboration : Time (s): cpu = 00:00:04 ; elapsed = 00:00:05 . Memory (MB): peak = 1443.578 ; gain = 542.934
---------------------------------------------------------------------------------
INFO: [Synth 8-6157] synthesizing module 'design_1_wrapper' [c:/Users/rodrigofonseca/Lab1-FixedPoint/lab1_fixedPoint/lab1_fixedPoint.gen/sources_1/bd/design_1/hdl/design_1_wrapper.v:13]
INFO: [Synth 8-6157] synthesizing module 'design_1' [c:/Users/rodrigofonseca/Lab1-FixedPoint/lab1_fixedPoint/lab1_fixedPoint.gen/sources_1/bd/design_1/synth/design_1.v:13]
INFO: [Synth 8-6157] synthesizing module 'design_1_axi_dma_0_0' [C:/Users/rodrigofonseca/Lab1-FixedPoint/lab1_fixedPoint/lab1_fixedPoint.runs/synth_1/.Xil/Vivado-2468-RODRIGOFONS9798/realtime/design_1_axi_dma_0_0_stub.v:6]
INFO: [Synth 8-6155] done synthesizing module 'design_1_axi_dma_0_0' (0#1) [C:/Users/rodrigofonseca/Lab1-FixedPoint/lab1_fixedPoint/lab1_fixedPoint.runs/synth_1/.Xil/Vivado-2468-RODRIGOFONS9798/realtime/design_1_axi_dma_0_0_stub.v:6]
WARNING: [Synth 8-7071] port 'mm2s_prmry_reset_out_n' of module 'design_1_axi_dma_0_0' is unconnected for instance 'axi_dma_0' [c:/Users/rodrigofonseca/Lab1-FixedPoint/lab1_fixedPoint/lab1_fixedPoint.gen/sources_1/bd/design_1/synth/design_1.v:231]
WARNING: [Synth 8-7071] port 's2mm_prmry_reset_out_n' of module 'design_1_axi_dma_0_0' is unconnected for instance 'axi_dma_0' [c:/Users/rodrigofonseca/Lab1-FixedPoint/lab1_fixedPoint/lab1_fixedPoint.gen/sources_1/bd/design_1/synth/design_1.v:231]
WARNING: [Synth 8-7071] port 'mm2s_introut' of module 'design_1_axi_dma_0_0' is unconnected for instance 'axi_dma_0' [c:/Users/rodrigofonseca/Lab1-FixedPoint/lab1_fixedPoint/lab1_fixedPoint.gen/sources_1/bd/design_1/synth/design_1.v:231]
WARNING: [Synth 8-7071] port 's2mm_introut' of module 'design_1_axi_dma_0_0' is unconnected for instance 'axi_dma_0' [c:/Users/rodrigofonseca/Lab1-FixedPoint/lab1_fixedPoint/lab1_fixedPoint.gen/sources_1/bd/design_1/synth/design_1.v:231]
WARNING: [Synth 8-7071] port 'axi_dma_tstvec' of module 'design_1_axi_dma_0_0' is unconnected for instance 'axi_dma_0' [c:/Users/rodrigofonseca/Lab1-FixedPoint/lab1_fixedPoint/lab1_fixedPoint.gen/sources_1/bd/design_1/synth/design_1.v:231]
WARNING: [Synth 8-7023] instance 'axi_dma_0' of module 'design_1_axi_dma_0_0' has 64 connections declared, but only 59 given [c:/Users/rodrigofonseca/Lab1-FixedPoint/lab1_fixedPoint/lab1_fixedPoint.gen/sources_1/bd/design_1/synth/design_1.v:231]
INFO: [Synth 8-6157] synthesizing module 'design_1_axi_mem_intercon_0' [c:/Users/rodrigofonseca/Lab1-FixedPoint/lab1_fixedPoint/lab1_fixedPoint.gen/sources_1/bd/design_1/synth/design_1.v:585]
INFO: [Synth 8-6157] synthesizing module 'm00_couplers_imp_1R706YB' [c:/Users/rodrigofonseca/Lab1-FixedPoint/lab1_fixedPoint/lab1_fixedPoint.gen/sources_1/bd/design_1/synth/design_1.v:1114]
INFO: [Synth 8-6155] done synthesizing module 'm00_couplers_imp_1R706YB' (0#1) [c:/Users/rodrigofonseca/Lab1-FixedPoint/lab1_fixedPoint/lab1_fixedPoint.gen/sources_1/bd/design_1/synth/design_1.v:1114]
INFO: [Synth 8-6157] synthesizing module 's00_couplers_imp_7HNO1D' [c:/Users/rodrigofonseca/Lab1-FixedPoint/lab1_fixedPoint/lab1_fixedPoint.gen/sources_1/bd/design_1/synth/design_1.v:1355]
INFO: [Synth 8-6157] synthesizing module 'design_1_axi_mem_intercon_imp_auto_pc_0' [C:/Users/rodrigofonseca/Lab1-FixedPoint/lab1_fixedPoint/lab1_fixedPoint.runs/synth_1/.Xil/Vivado-2468-RODRIGOFONS9798/realtime/design_1_axi_mem_intercon_imp_auto_pc_0_stub.v:6]
INFO: [Synth 8-6155] done synthesizing module 'design_1_axi_mem_intercon_imp_auto_pc_0' (0#1) [C:/Users/rodrigofonseca/Lab1-FixedPoint/lab1_fixedPoint/lab1_fixedPoint.runs/synth_1/.Xil/Vivado-2468-RODRIGOFONS9798/realtime/design_1_axi_mem_intercon_imp_auto_pc_0_stub.v:6]
INFO: [Synth 8-6155] done synthesizing module 's00_couplers_imp_7HNO1D' (0#1) [c:/Users/rodrigofonseca/Lab1-FixedPoint/lab1_fixedPoint/lab1_fixedPoint.gen/sources_1/bd/design_1/synth/design_1.v:1355]
INFO: [Synth 8-6157] synthesizing module 's01_couplers_imp_1W60HW0' [c:/Users/rodrigofonseca/Lab1-FixedPoint/lab1_fixedPoint/lab1_fixedPoint.gen/sources_1/bd/design_1/synth/design_1.v:1488]
INFO: [Synth 8-6157] synthesizing module 'design_1_axi_mem_intercon_imp_auto_pc_1' [C:/Users/rodrigofonseca/Lab1-FixedPoint/lab1_fixedPoint/lab1_fixedPoint.runs/synth_1/.Xil/Vivado-2468-RODRIGOFONS9798/realtime/design_1_axi_mem_intercon_imp_auto_pc_1_stub.v:6]
INFO: [Synth 8-6155] done synthesizing module 'design_1_axi_mem_intercon_imp_auto_pc_1' (0#1) [C:/Users/rodrigofonseca/Lab1-FixedPoint/lab1_fixedPoint/lab1_fixedPoint.runs/synth_1/.Xil/Vivado-2468-RODRIGOFONS9798/realtime/design_1_axi_mem_intercon_imp_auto_pc_1_stub.v:6]
INFO: [Synth 8-6155] done synthesizing module 's01_couplers_imp_1W60HW0' (0#1) [c:/Users/rodrigofonseca/Lab1-FixedPoint/lab1_fixedPoint/lab1_fixedPoint.gen/sources_1/bd/design_1/synth/design_1.v:1488]
INFO: [Synth 8-6157] synthesizing module 'design_1_axi_mem_intercon_imp_xbar_0' [C:/Users/rodrigofonseca/Lab1-FixedPoint/lab1_fixedPoint/lab1_fixedPoint.runs/synth_1/.Xil/Vivado-2468-RODRIGOFONS9798/realtime/design_1_axi_mem_intercon_imp_xbar_0_stub.v:6]
INFO: [Synth 8-6155] done synthesizing module 'design_1_axi_mem_intercon_imp_xbar_0' (0#1) [C:/Users/rodrigofonseca/Lab1-FixedPoint/lab1_fixedPoint/lab1_fixedPoint.runs/synth_1/.Xil/Vivado-2468-RODRIGOFONS9798/realtime/design_1_axi_mem_intercon_imp_xbar_0_stub.v:6]
WARNING: [Synth 8-689] width (1) of port connection 's_axi_arready' does not match port width (2) of module 'design_1_axi_mem_intercon_imp_xbar_0' [c:/Users/rodrigofonseca/Lab1-FixedPoint/lab1_fixedPoint/lab1_fixedPoint.gen/sources_1/bd/design_1/synth/design_1.v:1084]
WARNING: [Synth 8-689] width (32) of port connection 's_axi_rdata' does not match port width (64) of module 'design_1_axi_mem_intercon_imp_xbar_0' [c:/Users/rodrigofonseca/Lab1-FixedPoint/lab1_fixedPoint/lab1_fixedPoint.gen/sources_1/bd/design_1/synth/design_1.v:1101]
WARNING: [Synth 8-689] width (1) of port connection 's_axi_rlast' does not match port width (2) of module 'design_1_axi_mem_intercon_imp_xbar_0' [c:/Users/rodrigofonseca/Lab1-FixedPoint/lab1_fixedPoint/lab1_fixedPoint.gen/sources_1/bd/design_1/synth/design_1.v:1102]
WARNING: [Synth 8-689] width (2) of port connection 's_axi_rresp' does not match port width (4) of module 'design_1_axi_mem_intercon_imp_xbar_0' [c:/Users/rodrigofonseca/Lab1-FixedPoint/lab1_fixedPoint/lab1_fixedPoint.gen/sources_1/bd/design_1/synth/design_1.v:1104]
WARNING: [Synth 8-689] width (1) of port connection 's_axi_rvalid' does not match port width (2) of module 'design_1_axi_mem_intercon_imp_xbar_0' [c:/Users/rodrigofonseca/Lab1-FixedPoint/lab1_fixedPoint/lab1_fixedPoint.gen/sources_1/bd/design_1/synth/design_1.v:1105]
WARNING: [Synth 8-7071] port 's_axi_bid' of module 'design_1_axi_mem_intercon_imp_xbar_0' is unconnected for instance 'xbar' [c:/Users/rodrigofonseca/Lab1-FixedPoint/lab1_fixedPoint/lab1_fixedPoint.gen/sources_1/bd/design_1/synth/design_1.v:1035]
WARNING: [Synth 8-7071] port 's_axi_rid' of module 'design_1_axi_mem_intercon_imp_xbar_0' is unconnected for instance 'xbar' [c:/Users/rodrigofonseca/Lab1-FixedPoint/lab1_fixedPoint/lab1_fixedPoint.gen/sources_1/bd/design_1/synth/design_1.v:1035]
WARNING: [Synth 8-7023] instance 'xbar' of module 'design_1_axi_mem_intercon_imp_xbar_0' has 78 connections declared, but only 76 given [c:/Users/rodrigofonseca/Lab1-FixedPoint/lab1_fixedPoint/lab1_fixedPoint.gen/sources_1/bd/design_1/synth/design_1.v:1035]
INFO: [Synth 8-6155] done synthesizing module 'design_1_axi_mem_intercon_0' (0#1) [c:/Users/rodrigofonseca/Lab1-FixedPoint/lab1_fixedPoint/lab1_fixedPoint.gen/sources_1/bd/design_1/synth/design_1.v:585]
INFO: [Synth 8-6157] synthesizing module 'design_1_axi_smc_0' [C:/Users/rodrigofonseca/Lab1-FixedPoint/lab1_fixedPoint/lab1_fixedPoint.runs/synth_1/.Xil/Vivado-2468-RODRIGOFONS9798/realtime/design_1_axi_smc_0_stub.v:6]
INFO: [Synth 8-6155] done synthesizing module 'design_1_axi_smc_0' (0#1) [C:/Users/rodrigofonseca/Lab1-FixedPoint/lab1_fixedPoint/lab1_fixedPoint.runs/synth_1/.Xil/Vivado-2468-RODRIGOFONS9798/realtime/design_1_axi_smc_0_stub.v:6]
WARNING: [Synth 8-7071] port 'M00_AXI_awprot' of module 'design_1_axi_smc_0' is unconnected for instance 'axi_smc' [c:/Users/rodrigofonseca/Lab1-FixedPoint/lab1_fixedPoint/lab1_fixedPoint.gen/sources_1/bd/design_1/synth/design_1.v:367]
WARNING: [Synth 8-7071] port 'M00_AXI_arprot' of module 'design_1_axi_smc_0' is unconnected for instance 'axi_smc' [c:/Users/rodrigofonseca/Lab1-FixedPoint/lab1_fixedPoint/lab1_fixedPoint.gen/sources_1/bd/design_1/synth/design_1.v:367]
WARNING: [Synth 8-7071] port 'M01_AXI_awprot' of module 'design_1_axi_smc_0' is unconnected for instance 'axi_smc' [c:/Users/rodrigofonseca/Lab1-FixedPoint/lab1_fixedPoint/lab1_fixedPoint.gen/sources_1/bd/design_1/synth/design_1.v:367]
WARNING: [Synth 8-7071] port 'M01_AXI_wstrb' of module 'design_1_axi_smc_0' is unconnected for instance 'axi_smc' [c:/Users/rodrigofonseca/Lab1-FixedPoint/lab1_fixedPoint/lab1_fixedPoint.gen/sources_1/bd/design_1/synth/design_1.v:367]
WARNING: [Synth 8-7071] port 'M01_AXI_arprot' of module 'design_1_axi_smc_0' is unconnected for instance 'axi_smc' [c:/Users/rodrigofonseca/Lab1-FixedPoint/lab1_fixedPoint/lab1_fixedPoint.gen/sources_1/bd/design_1/synth/design_1.v:367]
WARNING: [Synth 8-7023] instance 'axi_smc' of module 'design_1_axi_smc_0' has 78 connections declared, but only 73 given [c:/Users/rodrigofonseca/Lab1-FixedPoint/lab1_fixedPoint/lab1_fixedPoint.gen/sources_1/bd/design_1/synth/design_1.v:367]
INFO: [Synth 8-6157] synthesizing module 'design_1_processing_system7_0_0' [C:/Users/rodrigofonseca/Lab1-FixedPoint/lab1_fixedPoint/lab1_fixedPoint.runs/synth_1/.Xil/Vivado-2468-RODRIGOFONS9798/realtime/design_1_processing_system7_0_0_stub.v:6]
INFO: [Synth 8-6155] done synthesizing module 'design_1_processing_system7_0_0' (0#1) [C:/Users/rodrigofonseca/Lab1-FixedPoint/lab1_fixedPoint/lab1_fixedPoint.runs/synth_1/.Xil/Vivado-2468-RODRIGOFONS9798/realtime/design_1_processing_system7_0_0_stub.v:6]
WARNING: [Synth 8-7071] port 'S_AXI_HP0_RCOUNT' of module 'design_1_processing_system7_0_0' is unconnected for instance 'processing_system7_0' [c:/Users/rodrigofonseca/Lab1-FixedPoint/lab1_fixedPoint/lab1_fixedPoint.gen/sources_1/bd/design_1/synth/design_1.v:441]
WARNING: [Synth 8-7071] port 'S_AXI_HP0_WCOUNT' of module 'design_1_processing_system7_0_0' is unconnected for instance 'processing_system7_0' [c:/Users/rodrigofonseca/Lab1-FixedPoint/lab1_fixedPoint/lab1_fixedPoint.gen/sources_1/bd/design_1/synth/design_1.v:441]
WARNING: [Synth 8-7071] port 'S_AXI_HP0_RACOUNT' of module 'design_1_processing_system7_0_0' is unconnected for instance 'processing_system7_0' [c:/Users/rodrigofonseca/Lab1-FixedPoint/lab1_fixedPoint/lab1_fixedPoint.gen/sources_1/bd/design_1/synth/design_1.v:441]
WARNING: [Synth 8-7071] port 'S_AXI_HP0_WACOUNT' of module 'design_1_processing_system7_0_0' is unconnected for instance 'processing_system7_0' [c:/Users/rodrigofonseca/Lab1-FixedPoint/lab1_fixedPoint/lab1_fixedPoint.gen/sources_1/bd/design_1/synth/design_1.v:441]
WARNING: [Synth 8-7023] instance 'processing_system7_0' of module 'design_1_processing_system7_0_0' has 107 connections declared, but only 103 given [c:/Users/rodrigofonseca/Lab1-FixedPoint/lab1_fixedPoint/lab1_fixedPoint.gen/sources_1/bd/design_1/synth/design_1.v:441]
INFO: [Synth 8-6157] synthesizing module 'design_1_rst_ps7_0_100M_0' [C:/Users/rodrigofonseca/Lab1-FixedPoint/lab1_fixedPoint/lab1_fixedPoint.runs/synth_1/.Xil/Vivado-2468-RODRIGOFONS9798/realtime/design_1_rst_ps7_0_100M_0_stub.v:6]
INFO: [Synth 8-6155] done synthesizing module 'design_1_rst_ps7_0_100M_0' (0#1) [C:/Users/rodrigofonseca/Lab1-FixedPoint/lab1_fixedPoint/lab1_fixedPoint.runs/synth_1/.Xil/Vivado-2468-RODRIGOFONS9798/realtime/design_1_rst_ps7_0_100M_0_stub.v:6]
WARNING: [Synth 8-7071] port 'mb_reset' of module 'design_1_rst_ps7_0_100M_0' is unconnected for instance 'rst_ps7_0_100M' [c:/Users/rodrigofonseca/Lab1-FixedPoint/lab1_fixedPoint/lab1_fixedPoint.gen/sources_1/bd/design_1/synth/design_1.v:545]
WARNING: [Synth 8-7071] port 'bus_struct_reset' of module 'design_1_rst_ps7_0_100M_0' is unconnected for instance 'rst_ps7_0_100M' [c:/Users/rodrigofonseca/Lab1-FixedPoint/lab1_fixedPoint/lab1_fixedPoint.gen/sources_1/bd/design_1/synth/design_1.v:545]
WARNING: [Synth 8-7071] port 'peripheral_reset' of module 'design_1_rst_ps7_0_100M_0' is unconnected for instance 'rst_ps7_0_100M' [c:/Users/rodrigofonseca/Lab1-FixedPoint/lab1_fixedPoint/lab1_fixedPoint.gen/sources_1/bd/design_1/synth/design_1.v:545]
WARNING: [Synth 8-7071] port 'interconnect_aresetn' of module 'design_1_rst_ps7_0_100M_0' is unconnected for instance 'rst_ps7_0_100M' [c:/Users/rodrigofonseca/Lab1-FixedPoint/lab1_fixedPoint/lab1_fixedPoint.gen/sources_1/bd/design_1/synth/design_1.v:545]
WARNING: [Synth 8-7023] instance 'rst_ps7_0_100M' of module 'design_1_rst_ps7_0_100M_0' has 10 connections declared, but only 6 given [c:/Users/rodrigofonseca/Lab1-FixedPoint/lab1_fixedPoint/lab1_fixedPoint.gen/sources_1/bd/design_1/synth/design_1.v:545]
INFO: [Synth 8-6157] synthesizing module 'design_1_stream_matmul_0_0' [C:/Users/rodrigofonseca/Lab1-FixedPoint/lab1_fixedPoint/lab1_fixedPoint.runs/synth_1/.Xil/Vivado-2468-RODRIGOFONS9798/realtime/design_1_stream_matmul_0_0_stub.v:6]
INFO: [Synth 8-6155] done synthesizing module 'design_1_stream_matmul_0_0' (0#1) [C:/Users/rodrigofonseca/Lab1-FixedPoint/lab1_fixedPoint/lab1_fixedPoint.runs/synth_1/.Xil/Vivado-2468-RODRIGOFONS9798/realtime/design_1_stream_matmul_0_0_stub.v:6]
WARNING: [Synth 8-7071] port 'interrupt' of module 'design_1_stream_matmul_0_0' is unconnected for instance 'stream_matmul_0' [c:/Users/rodrigofonseca/Lab1-FixedPoint/lab1_fixedPoint/lab1_fixedPoint.gen/sources_1/bd/design_1/synth/design_1.v:552]
WARNING: [Synth 8-7071] port 'out_stream_TSTRB' of module 'design_1_stream_matmul_0_0' is unconnected for instance 'stream_matmul_0' [c:/Users/rodrigofonseca/Lab1-FixedPoint/lab1_fixedPoint/lab1_fixedPoint.gen/sources_1/bd/design_1/synth/design_1.v:552]
WARNING: [Synth 8-7023] instance 'stream_matmul_0' of module 'design_1_stream_matmul_0_0' has 32 connections declared, but only 30 given [c:/Users/rodrigofonseca/Lab1-FixedPoint/lab1_fixedPoint/lab1_fixedPoint.gen/sources_1/bd/design_1/synth/design_1.v:552]
INFO: [Synth 8-6155] done synthesizing module 'design_1' (0#1) [c:/Users/rodrigofonseca/Lab1-FixedPoint/lab1_fixedPoint/lab1_fixedPoint.gen/sources_1/bd/design_1/synth/design_1.v:13]
INFO: [Synth 8-6155] done synthesizing module 'design_1_wrapper' (0#1) [c:/Users/rodrigofonseca/Lab1-FixedPoint/lab1_fixedPoint/lab1_fixedPoint.gen/sources_1/bd/design_1/hdl/design_1_wrapper.v:13]
WARNING: [Synth 8-7129] Port M_ACLK in module s01_couplers_imp_1W60HW0 is either unconnected or has no load
WARNING: [Synth 8-7129] Port M_ARESETN in module s01_couplers_imp_1W60HW0 is either unconnected or has no load
WARNING: [Synth 8-7129] Port M_ACLK in module s00_couplers_imp_7HNO1D is either unconnected or has no load
WARNING: [Synth 8-7129] Port M_ARESETN in module s00_couplers_imp_7HNO1D is either unconnected or has no load
WARNING: [Synth 8-7129] Port M_ACLK in module m00_couplers_imp_1R706YB is either unconnected or has no load
WARNING: [Synth 8-7129] Port M_ARESETN in module m00_couplers_imp_1R706YB is either unconnected or has no load
WARNING: [Synth 8-7129] Port S_ACLK in module m00_couplers_imp_1R706YB is either unconnected or has no load
WARNING: [Synth 8-7129] Port S_ARESETN in module m00_couplers_imp_1R706YB is either unconnected or has no load
WARNING: [Synth 8-7129] Port M00_ACLK in module design_1_axi_mem_intercon_0 is either unconnected or has no load
WARNING: [Synth 8-7129] Port M00_ARESETN in module design_1_axi_mem_intercon_0 is either unconnected or has no load
WARNING: [Synth 8-7129] Port S00_ACLK in module design_1_axi_mem_intercon_0 is either unconnected or has no load
WARNING: [Synth 8-7129] Port S00_ARESETN in module design_1_axi_mem_intercon_0 is either unconnected or has no load
WARNING: [Synth 8-7129] Port S01_ACLK in module design_1_axi_mem_intercon_0 is either unconnected or has no load
WARNING: [Synth 8-7129] Port S01_ARESETN in module design_1_axi_mem_intercon_0 is either unconnected or has no load
---------------------------------------------------------------------------------
Finished RTL Elaboration : Time (s): cpu = 00:00:06 ; elapsed = 00:00:07 . Memory (MB): peak = 1573.102 ; gain = 672.457
---------------------------------------------------------------------------------
---------------------------------------------------------------------------------
Start Handling Custom Attributes
---------------------------------------------------------------------------------
---------------------------------------------------------------------------------
Finished Handling Custom Attributes : Time (s): cpu = 00:00:06 ; elapsed = 00:00:07 . Memory (MB): peak = 1573.102 ; gain = 672.457
---------------------------------------------------------------------------------
---------------------------------------------------------------------------------
Finished RTL Optimization Phase 1 : Time (s): cpu = 00:00:06 ; elapsed = 00:00:07 . Memory (MB): peak = 1573.102 ; gain = 672.457
---------------------------------------------------------------------------------
Netlist sorting complete. Time (s): cpu = 00:00:00 ; elapsed = 00:00:00.019 . Memory (MB): peak = 1573.102 ; gain = 0.000
INFO: [Project 1-570] Preparing netlist for logic optimization

Processing XDC Constraints
Initializing timing engine
Parsing XDC File [c:/Users/rodrigofonseca/Lab1-FixedPoint/lab1_fixedPoint/lab1_fixedPoint.gen/sources_1/bd/design_1/ip/design_1_processing_system7_0_0/design_1_processing_system7_0_0/design_1_processing_system7_0_0_in_context.xdc] for cell 'design_1_i/processing_system7_0'
Finished Parsing XDC File [c:/Users/rodrigofonseca/Lab1-FixedPoint/lab1_fixedPoint/lab1_fixedPoint.gen/sources_1/bd/design_1/ip/design_1_processing_system7_0_0/design_1_processing_system7_0_0/design_1_processing_system7_0_0_in_context.xdc] for cell 'design_1_i/processing_system7_0'
Parsing XDC File [c:/Users/rodrigofonseca/Lab1-FixedPoint/lab1_fixedPoint/lab1_fixedPoint.gen/sources_1/bd/design_1/ip/design_1_stream_matmul_0_0/design_1_stream_matmul_0_0/design_1_stream_matmul_0_0_in_context.xdc] for cell 'design_1_i/stream_matmul_0'
Finished Parsing XDC File [c:/Users/rodrigofonseca/Lab1-FixedPoint/lab1_fixedPoint/lab1_fixedPoint.gen/sources_1/bd/design_1/ip/design_1_stream_matmul_0_0/design_1_stream_matmul_0_0/design_1_stream_matmul_0_0_in_context.xdc] for cell 'design_1_i/stream_matmul_0'
Parsing XDC File [c:/Users/rodrigofonseca/Lab1-FixedPoint/lab1_fixedPoint/lab1_fixedPoint.gen/sources_1/bd/design_1/ip/design_1_axi_smc_0/design_1_axi_smc_0/design_1_axi_smc_0_in_context.xdc] for cell 'design_1_i/axi_smc'
Finished Parsing XDC File [c:/Users/rodrigofonseca/Lab1-FixedPoint/lab1_fixedPoint/lab1_fixedPoint.gen/sources_1/bd/design_1/ip/design_1_axi_smc_0/design_1_axi_smc_0/design_1_axi_smc_0_in_context.xdc] for cell 'design_1_i/axi_smc'
Parsing XDC File [c:/Users/rodrigofonseca/Lab1-FixedPoint/lab1_fixedPoint/lab1_fixedPoint.gen/sources_1/bd/design_1/ip/design_1_rst_ps7_0_100M_0/design_1_rst_ps7_0_100M_0/design_1_rst_ps7_0_100M_0_in_context.xdc] for cell 'design_1_i/rst_ps7_0_100M'
Finished Parsing XDC File [c:/Users/rodrigofonseca/Lab1-FixedPoint/lab1_fixedPoint/lab1_fixedPoint.gen/sources_1/bd/design_1/ip/design_1_rst_ps7_0_100M_0/design_1_rst_ps7_0_100M_0/design_1_rst_ps7_0_100M_0_in_context.xdc] for cell 'design_1_i/rst_ps7_0_100M'
Parsing XDC File [c:/Users/rodrigofonseca/Lab1-FixedPoint/lab1_fixedPoint/lab1_fixedPoint.gen/sources_1/bd/design_1/ip/design_1_axi_dma_0_0/design_1_axi_dma_0_0/design_1_axi_dma_0_0_in_context.xdc] for cell 'design_1_i/axi_dma_0'
Finished Parsing XDC File [c:/Users/rodrigofonseca/Lab1-FixedPoint/lab1_fixedPoint/lab1_fixedPoint.gen/sources_1/bd/design_1/ip/design_1_axi_dma_0_0/design_1_axi_dma_0_0/design_1_axi_dma_0_0_in_context.xdc] for cell 'design_1_i/axi_dma_0'
Parsing XDC File [c:/Users/rodrigofonseca/Lab1-FixedPoint/lab1_fixedPoint/lab1_fixedPoint.gen/sources_1/bd/design_1/ip/design_1_axi_mem_intercon_imp_xbar_0/design_1_axi_mem_intercon_imp_xbar_0/design_1_axi_mem_intercon_imp_xbar_0_in_context.xdc] for cell 'design_1_i/axi_mem_intercon/xbar'
Finished Parsing XDC File [c:/Users/rodrigofonseca/Lab1-FixedPoint/lab1_fixedPoint/lab1_fixedPoint.gen/sources_1/bd/design_1/ip/design_1_axi_mem_intercon_imp_xbar_0/design_1_axi_mem_intercon_imp_xbar_0/design_1_axi_mem_intercon_imp_xbar_0_in_context.xdc] for cell 'design_1_i/axi_mem_intercon/xbar'
Parsing XDC File [c:/Users/rodrigofonseca/Lab1-FixedPoint/lab1_fixedPoint/lab1_fixedPoint.gen/sources_1/bd/design_1/ip/design_1_axi_mem_intercon_imp_auto_pc_0/design_1_axi_mem_intercon_imp_auto_pc_0/design_1_axi_mem_intercon_imp_auto_pc_0_in_context.xdc] for cell 'design_1_i/axi_mem_intercon/s00_couplers/auto_pc'
Finished Parsing XDC File [c:/Users/rodrigofonseca/Lab1-FixedPoint/lab1_fixedPoint/lab1_fixedPoint.gen/sources_1/bd/design_1/ip/design_1_axi_mem_intercon_imp_auto_pc_0/design_1_axi_mem_intercon_imp_auto_pc_0/design_1_axi_mem_intercon_imp_auto_pc_0_in_context.xdc] for cell 'design_1_i/axi_mem_intercon/s00_couplers/auto_pc'
Parsing XDC File [c:/Users/rodrigofonseca/Lab1-FixedPoint/lab1_fixedPoint/lab1_fixedPoint.gen/sources_1/bd/design_1/ip/design_1_axi_mem_intercon_imp_auto_pc_1/design_1_axi_mem_intercon_imp_auto_pc_1/design_1_axi_mem_intercon_imp_auto_pc_1_in_context.xdc] for cell 'design_1_i/axi_mem_intercon/s01_couplers/auto_pc'
Finished Parsing XDC File [c:/Users/rodrigofonseca/Lab1-FixedPoint/lab1_fixedPoint/lab1_fixedPoint.gen/sources_1/bd/design_1/ip/design_1_axi_mem_intercon_imp_auto_pc_1/design_1_axi_mem_intercon_imp_auto_pc_1/design_1_axi_mem_intercon_imp_auto_pc_1_in_context.xdc] for cell 'design_1_i/axi_mem_intercon/s01_couplers/auto_pc'
Parsing XDC File [C:/Users/rodrigofonseca/Lab1-FixedPoint/lab1_fixedPoint/lab1_fixedPoint.runs/synth_1/dont_touch.xdc]
Finished Parsing XDC File [C:/Users/rodrigofonseca/Lab1-FixedPoint/lab1_fixedPoint/lab1_fixedPoint.runs/synth_1/dont_touch.xdc]
Completed Processing XDC Constraints

Netlist sorting complete. Time (s): cpu = 00:00:00 ; elapsed = 00:00:00 . Memory (MB): peak = 1573.102 ; gain = 0.000
INFO: [Project 1-111] Unisim Transformation Summary:
No Unisim elements were transformed.

Constraint Validation Runtime : Time (s): cpu = 00:00:00 ; elapsed = 00:00:00.020 . Memory (MB): peak = 1573.102 ; gain = 0.000
---------------------------------------------------------------------------------
Finished Constraint Validation : Time (s): cpu = 00:00:13 ; elapsed = 00:00:15 . Memory (MB): peak = 1573.102 ; gain = 672.457
---------------------------------------------------------------------------------
---------------------------------------------------------------------------------
Start Loading Part and Timing Information
---------------------------------------------------------------------------------
Loading part: xc7z010clg400-1
---------------------------------------------------------------------------------
Finished Loading Part and Timing Information : Time (s): cpu = 00:00:13 ; elapsed = 00:00:15 . Memory (MB): peak = 1573.102 ; gain = 672.457
---------------------------------------------------------------------------------
---------------------------------------------------------------------------------
Start Applying 'set_property' XDC Constraints
---------------------------------------------------------------------------------
---------------------------------------------------------------------------------
Finished applying 'set_property' XDC Constraints : Time (s): cpu = 00:00:13 ; elapsed = 00:00:15 . Memory (MB): peak = 1573.102 ; gain = 672.457
---------------------------------------------------------------------------------
---------------------------------------------------------------------------------
Finished RTL Optimization Phase 2 : Time (s): cpu = 00:00:13 ; elapsed = 00:00:15 . Memory (MB): peak = 1573.102 ; gain = 672.457
---------------------------------------------------------------------------------
---------------------------------------------------------------------------------
Start RTL Component Statistics 
---------------------------------------------------------------------------------
Detailed RTL Component Info : 
---------------------------------------------------------------------------------
Finished RTL Component Statistics 
---------------------------------------------------------------------------------
---------------------------------------------------------------------------------
Start Part Resource Summary
---------------------------------------------------------------------------------
Part Resources:
DSPs: 80 (col length:40)
BRAMs: 120 (col length: RAMB18 40 RAMB36 20)
---------------------------------------------------------------------------------
Finished Part Resource Summary
---------------------------------------------------------------------------------
---------------------------------------------------------------------------------
Start Cross Boundary and Area Optimization
---------------------------------------------------------------------------------
WARNING: [Synth 8-7129] Port M00_ACLK in module design_1_axi_mem_intercon_0 is either unconnected or has no load
WARNING: [Synth 8-7129] Port M00_ARESETN in module design_1_axi_mem_intercon_0 is either unconnected or has no load
WARNING: [Synth 8-7129] Port M00_AXI_bid[5] in module design_1_axi_mem_intercon_0 is either unconnected or has no load
WARNING: [Synth 8-7129] Port M00_AXI_bid[4] in module design_1_axi_mem_intercon_0 is either unconnected or has no load
WARNING: [Synth 8-7129] Port M00_AXI_bid[3] in module design_1_axi_mem_intercon_0 is either unconnected or has no load
WARNING: [Synth 8-7129] Port M00_AXI_bid[2] in module design_1_axi_mem_intercon_0 is either unconnected or has no load
WARNING: [Synth 8-7129] Port M00_AXI_bid[1] in module design_1_axi_mem_intercon_0 is either unconnected or has no load
WARNING: [Synth 8-7129] Port M00_AXI_rid[5] in module design_1_axi_mem_intercon_0 is either unconnected or has no load
WARNING: [Synth 8-7129] Port M00_AXI_rid[4] in module design_1_axi_mem_intercon_0 is either unconnected or has no load
WARNING: [Synth 8-7129] Port M00_AXI_rid[3] in module design_1_axi_mem_intercon_0 is either unconnected or has no load
WARNING: [Synth 8-7129] Port M00_AXI_rid[2] in module design_1_axi_mem_intercon_0 is either unconnected or has no load
WARNING: [Synth 8-7129] Port M00_AXI_rid[1] in module design_1_axi_mem_intercon_0 is either unconnected or has no load
WARNING: [Synth 8-7129] Port S00_ACLK in module design_1_axi_mem_intercon_0 is either unconnected or has no load
WARNING: [Synth 8-7129] Port S00_ARESETN in module design_1_axi_mem_intercon_0 is either unconnected or has no load
WARNING: [Synth 8-7129] Port S01_ACLK in module design_1_axi_mem_intercon_0 is either unconnected or has no load
WARNING: [Synth 8-7129] Port S01_ARESETN in module design_1_axi_mem_intercon_0 is either unconnected or has no load
---------------------------------------------------------------------------------
Finished Cross Boundary and Area Optimization : Time (s): cpu = 00:00:15 ; elapsed = 00:00:17 . Memory (MB): peak = 1585.992 ; gain = 685.348
---------------------------------------------------------------------------------
---------------------------------------------------------------------------------
Start Applying XDC Timing Constraints
---------------------------------------------------------------------------------
---------------------------------------------------------------------------------
Finished Applying XDC Timing Constraints : Time (s): cpu = 00:00:20 ; elapsed = 00:00:23 . Memory (MB): peak = 1753.914 ; gain = 853.270
---------------------------------------------------------------------------------
---------------------------------------------------------------------------------
Start Timing Optimization
---------------------------------------------------------------------------------
---------------------------------------------------------------------------------
Finished Timing Optimization : Time (s): cpu = 00:00:20 ; elapsed = 00:00:23 . Memory (MB): peak = 1754.695 ; gain = 854.051
---------------------------------------------------------------------------------
---------------------------------------------------------------------------------
Start Technology Mapping
---------------------------------------------------------------------------------
---------------------------------------------------------------------------------
Finished Technology Mapping : Time (s): cpu = 00:00:20 ; elapsed = 00:00:23 . Memory (MB): peak = 1764.738 ; gain = 864.094
---------------------------------------------------------------------------------
---------------------------------------------------------------------------------
Start IO Insertion
---------------------------------------------------------------------------------
---------------------------------------------------------------------------------
Start Flattening Before IO Insertion
---------------------------------------------------------------------------------
---------------------------------------------------------------------------------
Finished Flattening Before IO Insertion
---------------------------------------------------------------------------------
---------------------------------------------------------------------------------
Start Final Netlist Cleanup
---------------------------------------------------------------------------------
---------------------------------------------------------------------------------
Finished Final Netlist Cleanup
---------------------------------------------------------------------------------
---------------------------------------------------------------------------------
Finished IO Insertion : Time (s): cpu = 00:00:24 ; elapsed = 00:00:27 . Memory (MB): peak = 2013.375 ; gain = 1112.730
---------------------------------------------------------------------------------
---------------------------------------------------------------------------------
Start Renaming Generated Instances
---------------------------------------------------------------------------------
---------------------------------------------------------------------------------
Finished Renaming Generated Instances : Time (s): cpu = 00:00:24 ; elapsed = 00:00:27 . Memory (MB): peak = 2013.375 ; gain = 1112.730
---------------------------------------------------------------------------------
---------------------------------------------------------------------------------
Start Rebuilding User Hierarchy
---------------------------------------------------------------------------------
---------------------------------------------------------------------------------
Finished Rebuilding User Hierarchy : Time (s): cpu = 00:00:24 ; elapsed = 00:00:27 . Memory (MB): peak = 2013.375 ; gain = 1112.730
---------------------------------------------------------------------------------
---------------------------------------------------------------------------------
Start Renaming Generated Ports
---------------------------------------------------------------------------------
---------------------------------------------------------------------------------
Finished Renaming Generated Ports : Time (s): cpu = 00:00:24 ; elapsed = 00:00:27 . Memory (MB): peak = 2013.375 ; gain = 1112.730
---------------------------------------------------------------------------------
---------------------------------------------------------------------------------
Start Handling Custom Attributes
---------------------------------------------------------------------------------
---------------------------------------------------------------------------------
Finished Handling Custom Attributes : Time (s): cpu = 00:00:24 ; elapsed = 00:00:27 . Memory (MB): peak = 2013.375 ; gain = 1112.730
---------------------------------------------------------------------------------
---------------------------------------------------------------------------------
Start Renaming Generated Nets
---------------------------------------------------------------------------------
---------------------------------------------------------------------------------
Finished Renaming Generated Nets : Time (s): cpu = 00:00:24 ; elapsed = 00:00:27 . Memory (MB): peak = 2013.375 ; gain = 1112.730
---------------------------------------------------------------------------------
---------------------------------------------------------------------------------
Start Writing Synthesis Report
---------------------------------------------------------------------------------

Report BlackBoxes: 
+------+----------------------------------------+----------+
|      |BlackBox name                           |Instances |
+------+----------------------------------------+----------+
|1     |design_1_axi_dma_0_0                    |         1|
|2     |design_1_axi_mem_intercon_imp_xbar_0    |         1|
|3     |design_1_axi_mem_intercon_imp_auto_pc_0 |         1|
|4     |design_1_axi_mem_intercon_imp_auto_pc_1 |         1|
|5     |design_1_axi_smc_0                      |         1|
|6     |design_1_processing_system7_0_0         |         1|
|7     |design_1_rst_ps7_0_100M_0               |         1|
|8     |design_1_stream_matmul_0_0              |         1|
+------+----------------------------------------+----------+

Report Cell Usage: 
+------+--------------------------------------+------+
|      |Cell                                  |Count |
+------+--------------------------------------+------+
|1     |design_1_axi_dma_0                    |     1|
|2     |design_1_axi_mem_intercon_imp_auto_pc |     2|
|4     |design_1_axi_mem_intercon_imp_xbar    |     1|
|5     |design_1_axi_smc                      |     1|
|6     |design_1_processing_system7_0         |     1|
|7     |design_1_rst_ps7_0_100M               |     1|
|8     |design_1_stream_matmul_0              |     1|
+------+--------------------------------------+------+
---------------------------------------------------------------------------------
Finished Writing Synthesis Report : Time (s): cpu = 00:00:24 ; elapsed = 00:00:27 . Memory (MB): peak = 2013.375 ; gain = 1112.730
---------------------------------------------------------------------------------
Synthesis finished with 0 errors, 0 critical warnings and 16 warnings.
Synthesis Optimization Runtime : Time (s): cpu = 00:00:16 ; elapsed = 00:00:25 . Memory (MB): peak = 2013.375 ; gain = 1112.730
Synthesis Optimization Complete : Time (s): cpu = 00:00:24 ; elapsed = 00:00:27 . Memory (MB): peak = 2013.375 ; gain = 1112.730
INFO: [Project 1-571] Translating synthesized netlist
Netlist sorting complete. Time (s): cpu = 00:00:00 ; elapsed = 00:00:00.018 . Memory (MB): peak = 2013.375 ; gain = 0.000
INFO: [Project 1-570] Preparing netlist for logic optimization
INFO: [Opt 31-138] Pushed 0 inverter(s) to 0 load pin(s).
Netlist sorting complete. Time (s): cpu = 00:00:00 ; elapsed = 00:00:00 . Memory (MB): peak = 2027.207 ; gain = 0.000
INFO: [Project 1-111] Unisim Transformation Summary:
No Unisim elements were transformed.

Synth Design complete | Checksum: 4afdca43
INFO: [Common 17-83] Releasing license: Synthesis
43 Infos, 63 Warnings, 0 Critical Warnings and 0 Errors encountered.
synth_design completed successfully
synth_design: Time (s): cpu = 00:00:28 ; elapsed = 00:00:34 . Memory (MB): peak = 2031.168 ; gain = 1359.516
INFO: [Common 17-1381] The checkpoint 'C:/Users/rodrigofonseca/Lab1-FixedPoint/lab1_fixedPoint/lab1_fixedPoint.runs/synth_1/design_1_wrapper.dcp' has been generated.
INFO: [Vivado 12-24828] Executing command : report_utilization -file design_1_wrapper_utilization_synth.rpt -pb design_1_wrapper_utilization_synth.pb
INFO: [Common 17-206] Exiting Vivado at Tue May 19 17:39:49 2026...
