
*** Running vivado
    with args -log design_1_axi_mem_intercon_imp_xbar_0.vds -m64 -product Vivado -mode batch -messageDb vivado.pb -notrace -source design_1_axi_mem_intercon_imp_xbar_0.tcl



****** Vivado v2025.2 (64-bit)
  **** SW Build 6299465 on Fri Nov 14 19:35:11 GMT 2025
  **** IP Build 6300035 on Fri Nov 14 10:48:45 MST 2025
  **** SharedData Build 6298862 on Thu Nov 13 04:50:51 MST 2025
  **** Start of session at: Tue May 19 17:31:06 2026
    ** Copyright 1986-2022 Xilinx, Inc. All Rights Reserved.
    ** Copyright 2022-2025 Advanced Micro Devices, Inc. All Rights Reserved.

source design_1_axi_mem_intercon_imp_xbar_0.tcl -notrace
create_project: Time (s): cpu = 00:00:07 ; elapsed = 00:00:12 . Memory (MB): peak = 622.641 ; gain = 219.047
INFO: [IP_Flow 19-234] Refreshing IP repositories
INFO: [IP_Flow 19-1700] Loaded user IP repository 'c:/Users/rodrigofonseca/Lab1-FixedPoint/hls_component'.
INFO: [IP_Flow 19-2313] Loaded Vivado IP repository 'C:/AMDDesignTools/2025.2/Vivado/data/ip'.
Command: synth_design -top design_1_axi_mem_intercon_imp_xbar_0 -part xc7z010clg400-1 -incremental_mode off -mode out_of_context
Starting synth_design
Attempting to get a license for feature 'Synthesis' and/or device 'xc7z010'
INFO: [Common 17-349] Got license for feature 'Synthesis' and/or device 'xc7z010'
INFO: [Device 21-403] Loading part xc7z010clg400-1
INFO: [Synth 8-7079] Multithreading enabled for synth_design using a maximum of 2 processes.
INFO: [Synth 8-7078] Launching helper process for spawning children vivado processes
INFO: [Synth 8-7075] Helper process launched with PID 10224
---------------------------------------------------------------------------------
Starting RTL Elaboration : Time (s): cpu = 00:00:07 ; elapsed = 00:00:17 . Memory (MB): peak = 1403.164 ; gain = 537.984
---------------------------------------------------------------------------------
INFO: [Synth 8-6157] synthesizing module 'design_1_axi_mem_intercon_imp_xbar_0' [c:/Users/rodrigofonseca/Lab1-FixedPoint/lab1_fixedPoint/lab1_fixedPoint.gen/sources_1/bd/design_1/ip/design_1_axi_mem_intercon_imp_xbar_0/synth/design_1_axi_mem_intercon_imp_xbar_0.v:53]
INFO: [Synth 8-6157] synthesizing module 'axi_crossbar_v2_1_38_axi_crossbar' [c:/Users/rodrigofonseca/Lab1-FixedPoint/lab1_fixedPoint/lab1_fixedPoint.gen/sources_1/bd/design_1/ipshared/f084/hdl/axi_crossbar_v2_1_vl_rfs.v:4871]
INFO: [Synth 8-6157] synthesizing module 'axi_crossbar_v2_1_38_crossbar' [c:/Users/rodrigofonseca/Lab1-FixedPoint/lab1_fixedPoint/lab1_fixedPoint.gen/sources_1/bd/design_1/ipshared/f084/hdl/axi_crossbar_v2_1_vl_rfs.v:2232]
INFO: [Synth 8-6157] synthesizing module 'axi_crossbar_v2_1_38_si_transactor' [c:/Users/rodrigofonseca/Lab1-FixedPoint/lab1_fixedPoint/lab1_fixedPoint.gen/sources_1/bd/design_1/ipshared/f084/hdl/axi_crossbar_v2_1_vl_rfs.v:3791]
INFO: [Synth 8-6157] synthesizing module 'axi_crossbar_v2_1_38_addr_decoder' [c:/Users/rodrigofonseca/Lab1-FixedPoint/lab1_fixedPoint/lab1_fixedPoint.gen/sources_1/bd/design_1/ipshared/f084/hdl/axi_crossbar_v2_1_vl_rfs.v:790]
INFO: [Synth 8-6157] synthesizing module 'generic_baseblocks_v2_1_2_comparator_static' [c:/Users/rodrigofonseca/Lab1-FixedPoint/lab1_fixedPoint/lab1_fixedPoint.gen/sources_1/bd/design_1/ipshared/0c28/hdl/generic_baseblocks_v2_1_vl_rfs.v:2119]
INFO: [Synth 8-6157] synthesizing module 'generic_baseblocks_v2_1_2_carry_and' [c:/Users/rodrigofonseca/Lab1-FixedPoint/lab1_fixedPoint/lab1_fixedPoint.gen/sources_1/bd/design_1/ipshared/0c28/hdl/generic_baseblocks_v2_1_vl_rfs.v:60]
INFO: [Synth 8-6155] done synthesizing module 'generic_baseblocks_v2_1_2_carry_and' (0#1) [c:/Users/rodrigofonseca/Lab1-FixedPoint/lab1_fixedPoint/lab1_fixedPoint.gen/sources_1/bd/design_1/ipshared/0c28/hdl/generic_baseblocks_v2_1_vl_rfs.v:60]
INFO: [Synth 8-6155] done synthesizing module 'generic_baseblocks_v2_1_2_comparator_static' (0#1) [c:/Users/rodrigofonseca/Lab1-FixedPoint/lab1_fixedPoint/lab1_fixedPoint.gen/sources_1/bd/design_1/ipshared/0c28/hdl/generic_baseblocks_v2_1_vl_rfs.v:2119]
INFO: [Synth 8-6155] done synthesizing module 'axi_crossbar_v2_1_38_addr_decoder' (0#1) [c:/Users/rodrigofonseca/Lab1-FixedPoint/lab1_fixedPoint/lab1_fixedPoint.gen/sources_1/bd/design_1/ipshared/f084/hdl/axi_crossbar_v2_1_vl_rfs.v:790]
INFO: [Synth 8-6157] synthesizing module 'axi_data_fifo_v2_1_36_axic_srl_fifo' [c:/Users/rodrigofonseca/Lab1-FixedPoint/lab1_fixedPoint/lab1_fixedPoint.gen/sources_1/bd/design_1/ipshared/fb46/hdl/axi_data_fifo_v2_1_vl_rfs.v:694]
INFO: [Synth 8-6157] synthesizing module 'axi_data_fifo_v2_1_36_ndeep_srl' [c:/Users/rodrigofonseca/Lab1-FixedPoint/lab1_fixedPoint/lab1_fixedPoint.gen/sources_1/bd/design_1/ipshared/fb46/hdl/axi_data_fifo_v2_1_vl_rfs.v:1129]
INFO: [Synth 8-6157] synthesizing module 'SRLC32E' [C:/AMDDesignTools/2025.2/Vivado/scripts/rt/data/unisim_comp.v:165484]
INFO: [Synth 8-6155] done synthesizing module 'SRLC32E' (0#1) [C:/AMDDesignTools/2025.2/Vivado/scripts/rt/data/unisim_comp.v:165484]
INFO: [Synth 8-6155] done synthesizing module 'axi_data_fifo_v2_1_36_ndeep_srl' (0#1) [c:/Users/rodrigofonseca/Lab1-FixedPoint/lab1_fixedPoint/lab1_fixedPoint.gen/sources_1/bd/design_1/ipshared/fb46/hdl/axi_data_fifo_v2_1_vl_rfs.v:1129]
INFO: [Synth 8-6155] done synthesizing module 'axi_data_fifo_v2_1_36_axic_srl_fifo' (0#1) [c:/Users/rodrigofonseca/Lab1-FixedPoint/lab1_fixedPoint/lab1_fixedPoint.gen/sources_1/bd/design_1/ipshared/fb46/hdl/axi_data_fifo_v2_1_vl_rfs.v:694]
INFO: [Synth 8-6157] synthesizing module 'generic_baseblocks_v2_1_2_mux_enc' [c:/Users/rodrigofonseca/Lab1-FixedPoint/lab1_fixedPoint/lab1_fixedPoint.gen/sources_1/bd/design_1/ipshared/0c28/hdl/generic_baseblocks_v2_1_vl_rfs.v:2436]
INFO: [Synth 8-6155] done synthesizing module 'generic_baseblocks_v2_1_2_mux_enc' (0#1) [c:/Users/rodrigofonseca/Lab1-FixedPoint/lab1_fixedPoint/lab1_fixedPoint.gen/sources_1/bd/design_1/ipshared/0c28/hdl/generic_baseblocks_v2_1_vl_rfs.v:2436]
INFO: [Synth 8-6155] done synthesizing module 'axi_crossbar_v2_1_38_si_transactor' (0#1) [c:/Users/rodrigofonseca/Lab1-FixedPoint/lab1_fixedPoint/lab1_fixedPoint.gen/sources_1/bd/design_1/ipshared/f084/hdl/axi_crossbar_v2_1_vl_rfs.v:3791]
INFO: [Synth 8-6157] synthesizing module 'axi_crossbar_v2_1_38_si_transactor__parameterized0' [c:/Users/rodrigofonseca/Lab1-FixedPoint/lab1_fixedPoint/lab1_fixedPoint.gen/sources_1/bd/design_1/ipshared/f084/hdl/axi_crossbar_v2_1_vl_rfs.v:3791]
INFO: [Synth 8-6157] synthesizing module 'generic_baseblocks_v2_1_2_mux_enc__parameterized0' [c:/Users/rodrigofonseca/Lab1-FixedPoint/lab1_fixedPoint/lab1_fixedPoint.gen/sources_1/bd/design_1/ipshared/0c28/hdl/generic_baseblocks_v2_1_vl_rfs.v:2436]
INFO: [Synth 8-6155] done synthesizing module 'generic_baseblocks_v2_1_2_mux_enc__parameterized0' (0#1) [c:/Users/rodrigofonseca/Lab1-FixedPoint/lab1_fixedPoint/lab1_fixedPoint.gen/sources_1/bd/design_1/ipshared/0c28/hdl/generic_baseblocks_v2_1_vl_rfs.v:2436]
INFO: [Synth 8-6155] done synthesizing module 'axi_crossbar_v2_1_38_si_transactor__parameterized0' (0#1) [c:/Users/rodrigofonseca/Lab1-FixedPoint/lab1_fixedPoint/lab1_fixedPoint.gen/sources_1/bd/design_1/ipshared/f084/hdl/axi_crossbar_v2_1_vl_rfs.v:3791]
INFO: [Synth 8-6157] synthesizing module 'axi_crossbar_v2_1_38_splitter' [c:/Users/rodrigofonseca/Lab1-FixedPoint/lab1_fixedPoint/lab1_fixedPoint.gen/sources_1/bd/design_1/ipshared/f084/hdl/axi_crossbar_v2_1_vl_rfs.v:4451]
INFO: [Synth 8-6155] done synthesizing module 'axi_crossbar_v2_1_38_splitter' (0#1) [c:/Users/rodrigofonseca/Lab1-FixedPoint/lab1_fixedPoint/lab1_fixedPoint.gen/sources_1/bd/design_1/ipshared/f084/hdl/axi_crossbar_v2_1_vl_rfs.v:4451]
INFO: [Synth 8-6157] synthesizing module 'axi_crossbar_v2_1_38_wdata_router' [c:/Users/rodrigofonseca/Lab1-FixedPoint/lab1_fixedPoint/lab1_fixedPoint.gen/sources_1/bd/design_1/ipshared/f084/hdl/axi_crossbar_v2_1_vl_rfs.v:4724]
INFO: [Synth 8-6157] synthesizing module 'axi_data_fifo_v2_1_36_axic_reg_srl_fifo' [c:/Users/rodrigofonseca/Lab1-FixedPoint/lab1_fixedPoint/lab1_fixedPoint.gen/sources_1/bd/design_1/ipshared/fb46/hdl/axi_data_fifo_v2_1_vl_rfs.v:884]
INFO: [Synth 8-6157] synthesizing module 'axi_data_fifo_v2_1_36_ndeep_srl__parameterized0' [c:/Users/rodrigofonseca/Lab1-FixedPoint/lab1_fixedPoint/lab1_fixedPoint.gen/sources_1/bd/design_1/ipshared/fb46/hdl/axi_data_fifo_v2_1_vl_rfs.v:1129]
INFO: [Synth 8-6155] done synthesizing module 'axi_data_fifo_v2_1_36_ndeep_srl__parameterized0' (0#1) [c:/Users/rodrigofonseca/Lab1-FixedPoint/lab1_fixedPoint/lab1_fixedPoint.gen/sources_1/bd/design_1/ipshared/fb46/hdl/axi_data_fifo_v2_1_vl_rfs.v:1129]
INFO: [Synth 8-155] case statement is not full and has no default [c:/Users/rodrigofonseca/Lab1-FixedPoint/lab1_fixedPoint/lab1_fixedPoint.gen/sources_1/bd/design_1/ipshared/fb46/hdl/axi_data_fifo_v2_1_vl_rfs.v:982]
INFO: [Synth 8-6155] done synthesizing module 'axi_data_fifo_v2_1_36_axic_reg_srl_fifo' (0#1) [c:/Users/rodrigofonseca/Lab1-FixedPoint/lab1_fixedPoint/lab1_fixedPoint.gen/sources_1/bd/design_1/ipshared/fb46/hdl/axi_data_fifo_v2_1_vl_rfs.v:884]
INFO: [Synth 8-6155] done synthesizing module 'axi_crossbar_v2_1_38_wdata_router' (0#1) [c:/Users/rodrigofonseca/Lab1-FixedPoint/lab1_fixedPoint/lab1_fixedPoint.gen/sources_1/bd/design_1/ipshared/f084/hdl/axi_crossbar_v2_1_vl_rfs.v:4724]
INFO: [Synth 8-6157] synthesizing module 'axi_crossbar_v2_1_38_addr_decoder__parameterized0' [c:/Users/rodrigofonseca/Lab1-FixedPoint/lab1_fixedPoint/lab1_fixedPoint.gen/sources_1/bd/design_1/ipshared/f084/hdl/axi_crossbar_v2_1_vl_rfs.v:790]
INFO: [Synth 8-6155] done synthesizing module 'axi_crossbar_v2_1_38_addr_decoder__parameterized0' (0#1) [c:/Users/rodrigofonseca/Lab1-FixedPoint/lab1_fixedPoint/lab1_fixedPoint.gen/sources_1/bd/design_1/ipshared/f084/hdl/axi_crossbar_v2_1_vl_rfs.v:790]
INFO: [Synth 8-6157] synthesizing module 'axi_crossbar_v2_1_38_addr_decoder__parameterized1' [c:/Users/rodrigofonseca/Lab1-FixedPoint/lab1_fixedPoint/lab1_fixedPoint.gen/sources_1/bd/design_1/ipshared/f084/hdl/axi_crossbar_v2_1_vl_rfs.v:790]
INFO: [Synth 8-6155] done synthesizing module 'axi_crossbar_v2_1_38_addr_decoder__parameterized1' (0#1) [c:/Users/rodrigofonseca/Lab1-FixedPoint/lab1_fixedPoint/lab1_fixedPoint.gen/sources_1/bd/design_1/ipshared/f084/hdl/axi_crossbar_v2_1_vl_rfs.v:790]
INFO: [Synth 8-6157] synthesizing module 'axi_data_fifo_v2_1_36_axic_srl_fifo__parameterized0' [c:/Users/rodrigofonseca/Lab1-FixedPoint/lab1_fixedPoint/lab1_fixedPoint.gen/sources_1/bd/design_1/ipshared/fb46/hdl/axi_data_fifo_v2_1_vl_rfs.v:694]
INFO: [Synth 8-6157] synthesizing module 'axi_data_fifo_v2_1_36_ndeep_srl__parameterized1' [c:/Users/rodrigofonseca/Lab1-FixedPoint/lab1_fixedPoint/lab1_fixedPoint.gen/sources_1/bd/design_1/ipshared/fb46/hdl/axi_data_fifo_v2_1_vl_rfs.v:1129]
INFO: [Synth 8-6155] done synthesizing module 'axi_data_fifo_v2_1_36_ndeep_srl__parameterized1' (0#1) [c:/Users/rodrigofonseca/Lab1-FixedPoint/lab1_fixedPoint/lab1_fixedPoint.gen/sources_1/bd/design_1/ipshared/fb46/hdl/axi_data_fifo_v2_1_vl_rfs.v:1129]
INFO: [Synth 8-6155] done synthesizing module 'axi_data_fifo_v2_1_36_axic_srl_fifo__parameterized0' (0#1) [c:/Users/rodrigofonseca/Lab1-FixedPoint/lab1_fixedPoint/lab1_fixedPoint.gen/sources_1/bd/design_1/ipshared/fb46/hdl/axi_data_fifo_v2_1_vl_rfs.v:694]
INFO: [Synth 8-6157] synthesizing module 'axi_crossbar_v2_1_38_wdata_mux' [c:/Users/rodrigofonseca/Lab1-FixedPoint/lab1_fixedPoint/lab1_fixedPoint.gen/sources_1/bd/design_1/ipshared/f084/hdl/axi_crossbar_v2_1_vl_rfs.v:4550]
INFO: [Synth 8-6157] synthesizing module 'axi_data_fifo_v2_1_36_axic_reg_srl_fifo__parameterized0' [c:/Users/rodrigofonseca/Lab1-FixedPoint/lab1_fixedPoint/lab1_fixedPoint.gen/sources_1/bd/design_1/ipshared/fb46/hdl/axi_data_fifo_v2_1_vl_rfs.v:884]
INFO: [Synth 8-155] case statement is not full and has no default [c:/Users/rodrigofonseca/Lab1-FixedPoint/lab1_fixedPoint/lab1_fixedPoint.gen/sources_1/bd/design_1/ipshared/fb46/hdl/axi_data_fifo_v2_1_vl_rfs.v:982]
INFO: [Synth 8-6155] done synthesizing module 'axi_data_fifo_v2_1_36_axic_reg_srl_fifo__parameterized0' (0#1) [c:/Users/rodrigofonseca/Lab1-FixedPoint/lab1_fixedPoint/lab1_fixedPoint.gen/sources_1/bd/design_1/ipshared/fb46/hdl/axi_data_fifo_v2_1_vl_rfs.v:884]
INFO: [Synth 8-6157] synthesizing module 'generic_baseblocks_v2_1_2_mux_enc__parameterized1' [c:/Users/rodrigofonseca/Lab1-FixedPoint/lab1_fixedPoint/lab1_fixedPoint.gen/sources_1/bd/design_1/ipshared/0c28/hdl/generic_baseblocks_v2_1_vl_rfs.v:2436]
INFO: [Synth 8-6155] done synthesizing module 'generic_baseblocks_v2_1_2_mux_enc__parameterized1' (0#1) [c:/Users/rodrigofonseca/Lab1-FixedPoint/lab1_fixedPoint/lab1_fixedPoint.gen/sources_1/bd/design_1/ipshared/0c28/hdl/generic_baseblocks_v2_1_vl_rfs.v:2436]
INFO: [Synth 8-6155] done synthesizing module 'axi_crossbar_v2_1_38_wdata_mux' (0#1) [c:/Users/rodrigofonseca/Lab1-FixedPoint/lab1_fixedPoint/lab1_fixedPoint.gen/sources_1/bd/design_1/ipshared/f084/hdl/axi_crossbar_v2_1_vl_rfs.v:4550]
INFO: [Synth 8-6157] synthesizing module 'axi_register_slice_v2_1_36_axi_register_slice' [c:/Users/rodrigofonseca/Lab1-FixedPoint/lab1_fixedPoint/lab1_fixedPoint.gen/sources_1/bd/design_1/ipshared/bc4b/hdl/axi_register_slice_v2_1_vl_rfs.v:3721]
INFO: [Synth 8-6157] synthesizing module 'axi_infrastructure_v1_1_0_axi2vector' [c:/Users/rodrigofonseca/Lab1-FixedPoint/lab1_fixedPoint/lab1_fixedPoint.gen/sources_1/bd/design_1/ipshared/ec67/hdl/axi_infrastructure_v1_1_vl_rfs.v:59]
INFO: [Synth 8-6155] done synthesizing module 'axi_infrastructure_v1_1_0_axi2vector' (0#1) [c:/Users/rodrigofonseca/Lab1-FixedPoint/lab1_fixedPoint/lab1_fixedPoint.gen/sources_1/bd/design_1/ipshared/ec67/hdl/axi_infrastructure_v1_1_vl_rfs.v:59]
INFO: [Synth 8-6157] synthesizing module 'axi_infrastructure_v1_1_0_vector2axi' [c:/Users/rodrigofonseca/Lab1-FixedPoint/lab1_fixedPoint/lab1_fixedPoint.gen/sources_1/bd/design_1/ipshared/ec67/hdl/axi_infrastructure_v1_1_vl_rfs.v:473]
INFO: [Synth 8-6155] done synthesizing module 'axi_infrastructure_v1_1_0_vector2axi' (0#1) [c:/Users/rodrigofonseca/Lab1-FixedPoint/lab1_fixedPoint/lab1_fixedPoint.gen/sources_1/bd/design_1/ipshared/ec67/hdl/axi_infrastructure_v1_1_vl_rfs.v:473]
INFO: [Synth 8-6157] synthesizing module 'axi_register_slice_v2_1_36_axic_register_slice' [c:/Users/rodrigofonseca/Lab1-FixedPoint/lab1_fixedPoint/lab1_fixedPoint.gen/sources_1/bd/design_1/ipshared/bc4b/hdl/axi_register_slice_v2_1_vl_rfs.v:1492]
INFO: [Synth 8-6155] done synthesizing module 'axi_register_slice_v2_1_36_axic_register_slice' (0#1) [c:/Users/rodrigofonseca/Lab1-FixedPoint/lab1_fixedPoint/lab1_fixedPoint.gen/sources_1/bd/design_1/ipshared/bc4b/hdl/axi_register_slice_v2_1_vl_rfs.v:1492]
INFO: [Synth 8-6157] synthesizing module 'axi_register_slice_v2_1_36_axic_register_slice__parameterized0' [c:/Users/rodrigofonseca/Lab1-FixedPoint/lab1_fixedPoint/lab1_fixedPoint.gen/sources_1/bd/design_1/ipshared/bc4b/hdl/axi_register_slice_v2_1_vl_rfs.v:1492]
INFO: [Synth 8-6155] done synthesizing module 'axi_register_slice_v2_1_36_axic_register_slice__parameterized0' (0#1) [c:/Users/rodrigofonseca/Lab1-FixedPoint/lab1_fixedPoint/lab1_fixedPoint.gen/sources_1/bd/design_1/ipshared/bc4b/hdl/axi_register_slice_v2_1_vl_rfs.v:1492]
INFO: [Synth 8-6157] synthesizing module 'axi_register_slice_v2_1_36_axic_register_slice__parameterized1' [c:/Users/rodrigofonseca/Lab1-FixedPoint/lab1_fixedPoint/lab1_fixedPoint.gen/sources_1/bd/design_1/ipshared/bc4b/hdl/axi_register_slice_v2_1_vl_rfs.v:1492]
INFO: [Synth 8-6155] done synthesizing module 'axi_register_slice_v2_1_36_axic_register_slice__parameterized1' (0#1) [c:/Users/rodrigofonseca/Lab1-FixedPoint/lab1_fixedPoint/lab1_fixedPoint.gen/sources_1/bd/design_1/ipshared/bc4b/hdl/axi_register_slice_v2_1_vl_rfs.v:1492]
INFO: [Synth 8-6157] synthesizing module 'axi_register_slice_v2_1_36_axic_register_slice__parameterized2' [c:/Users/rodrigofonseca/Lab1-FixedPoint/lab1_fixedPoint/lab1_fixedPoint.gen/sources_1/bd/design_1/ipshared/bc4b/hdl/axi_register_slice_v2_1_vl_rfs.v:1492]
INFO: [Synth 8-6155] done synthesizing module 'axi_register_slice_v2_1_36_axic_register_slice__parameterized2' (0#1) [c:/Users/rodrigofonseca/Lab1-FixedPoint/lab1_fixedPoint/lab1_fixedPoint.gen/sources_1/bd/design_1/ipshared/bc4b/hdl/axi_register_slice_v2_1_vl_rfs.v:1492]
INFO: [Synth 8-6155] done synthesizing module 'axi_register_slice_v2_1_36_axi_register_slice' (0#1) [c:/Users/rodrigofonseca/Lab1-FixedPoint/lab1_fixedPoint/lab1_fixedPoint.gen/sources_1/bd/design_1/ipshared/bc4b/hdl/axi_register_slice_v2_1_vl_rfs.v:3721]
INFO: [Synth 8-7071] port 'aclk2x' of module 'axi_register_slice_v2_1_36_axi_register_slice' is unconnected for instance 'reg_slice_mi' [c:/Users/rodrigofonseca/Lab1-FixedPoint/lab1_fixedPoint/lab1_fixedPoint.gen/sources_1/bd/design_1/ipshared/f084/hdl/axi_crossbar_v2_1_vl_rfs.v:3116]
INFO: [Synth 8-7023] instance 'reg_slice_mi' of module 'axi_register_slice_v2_1_36_axi_register_slice' has 93 connections declared, but only 92 given [c:/Users/rodrigofonseca/Lab1-FixedPoint/lab1_fixedPoint/lab1_fixedPoint.gen/sources_1/bd/design_1/ipshared/f084/hdl/axi_crossbar_v2_1_vl_rfs.v:3116]
INFO: [Synth 8-6157] synthesizing module 'axi_crossbar_v2_1_38_addr_decoder__parameterized2' [c:/Users/rodrigofonseca/Lab1-FixedPoint/lab1_fixedPoint/lab1_fixedPoint.gen/sources_1/bd/design_1/ipshared/f084/hdl/axi_crossbar_v2_1_vl_rfs.v:790]
INFO: [Synth 8-6155] done synthesizing module 'axi_crossbar_v2_1_38_addr_decoder__parameterized2' (0#1) [c:/Users/rodrigofonseca/Lab1-FixedPoint/lab1_fixedPoint/lab1_fixedPoint.gen/sources_1/bd/design_1/ipshared/f084/hdl/axi_crossbar_v2_1_vl_rfs.v:790]
INFO: [Synth 8-6157] synthesizing module 'axi_data_fifo_v2_1_36_axic_srl_fifo__parameterized1' [c:/Users/rodrigofonseca/Lab1-FixedPoint/lab1_fixedPoint/lab1_fixedPoint.gen/sources_1/bd/design_1/ipshared/fb46/hdl/axi_data_fifo_v2_1_vl_rfs.v:694]
INFO: [Synth 8-6157] synthesizing module 'axi_data_fifo_v2_1_36_ndeep_srl__parameterized2' [c:/Users/rodrigofonseca/Lab1-FixedPoint/lab1_fixedPoint/lab1_fixedPoint.gen/sources_1/bd/design_1/ipshared/fb46/hdl/axi_data_fifo_v2_1_vl_rfs.v:1129]
INFO: [Synth 8-6155] done synthesizing module 'axi_data_fifo_v2_1_36_ndeep_srl__parameterized2' (0#1) [c:/Users/rodrigofonseca/Lab1-FixedPoint/lab1_fixedPoint/lab1_fixedPoint.gen/sources_1/bd/design_1/ipshared/fb46/hdl/axi_data_fifo_v2_1_vl_rfs.v:1129]
INFO: [Synth 8-6155] done synthesizing module 'axi_data_fifo_v2_1_36_axic_srl_fifo__parameterized1' (0#1) [c:/Users/rodrigofonseca/Lab1-FixedPoint/lab1_fixedPoint/lab1_fixedPoint.gen/sources_1/bd/design_1/ipshared/fb46/hdl/axi_data_fifo_v2_1_vl_rfs.v:694]
INFO: [Synth 8-6157] synthesizing module 'axi_crossbar_v2_1_38_wdata_mux__parameterized0' [c:/Users/rodrigofonseca/Lab1-FixedPoint/lab1_fixedPoint/lab1_fixedPoint.gen/sources_1/bd/design_1/ipshared/f084/hdl/axi_crossbar_v2_1_vl_rfs.v:4550]
INFO: [Synth 8-6157] synthesizing module 'axi_data_fifo_v2_1_36_axic_reg_srl_fifo__parameterized1' [c:/Users/rodrigofonseca/Lab1-FixedPoint/lab1_fixedPoint/lab1_fixedPoint.gen/sources_1/bd/design_1/ipshared/fb46/hdl/axi_data_fifo_v2_1_vl_rfs.v:884]
INFO: [Synth 8-155] case statement is not full and has no default [c:/Users/rodrigofonseca/Lab1-FixedPoint/lab1_fixedPoint/lab1_fixedPoint.gen/sources_1/bd/design_1/ipshared/fb46/hdl/axi_data_fifo_v2_1_vl_rfs.v:982]
INFO: [Synth 8-6155] done synthesizing module 'axi_data_fifo_v2_1_36_axic_reg_srl_fifo__parameterized1' (0#1) [c:/Users/rodrigofonseca/Lab1-FixedPoint/lab1_fixedPoint/lab1_fixedPoint.gen/sources_1/bd/design_1/ipshared/fb46/hdl/axi_data_fifo_v2_1_vl_rfs.v:884]
INFO: [Synth 8-6155] done synthesizing module 'axi_crossbar_v2_1_38_wdata_mux__parameterized0' (0#1) [c:/Users/rodrigofonseca/Lab1-FixedPoint/lab1_fixedPoint/lab1_fixedPoint.gen/sources_1/bd/design_1/ipshared/f084/hdl/axi_crossbar_v2_1_vl_rfs.v:4550]
INFO: [Synth 8-7071] port 'aclk2x' of module 'axi_register_slice_v2_1_36_axi_register_slice' is unconnected for instance 'reg_slice_mi' [c:/Users/rodrigofonseca/Lab1-FixedPoint/lab1_fixedPoint/lab1_fixedPoint.gen/sources_1/bd/design_1/ipshared/f084/hdl/axi_crossbar_v2_1_vl_rfs.v:3116]
INFO: [Synth 8-7023] instance 'reg_slice_mi' of module 'axi_register_slice_v2_1_36_axi_register_slice' has 93 connections declared, but only 92 given [c:/Users/rodrigofonseca/Lab1-FixedPoint/lab1_fixedPoint/lab1_fixedPoint.gen/sources_1/bd/design_1/ipshared/f084/hdl/axi_crossbar_v2_1_vl_rfs.v:3116]
INFO: [Synth 8-6157] synthesizing module 'axi_crossbar_v2_1_38_decerr_slave' [c:/Users/rodrigofonseca/Lab1-FixedPoint/lab1_fixedPoint/lab1_fixedPoint.gen/sources_1/bd/design_1/ipshared/f084/hdl/axi_crossbar_v2_1_vl_rfs.v:3493]
INFO: [Synth 8-155] case statement is not full and has no default [c:/Users/rodrigofonseca/Lab1-FixedPoint/lab1_fixedPoint/lab1_fixedPoint.gen/sources_1/bd/design_1/ipshared/f084/hdl/axi_crossbar_v2_1_vl_rfs.v:3626]
INFO: [Synth 8-6155] done synthesizing module 'axi_crossbar_v2_1_38_decerr_slave' (0#1) [c:/Users/rodrigofonseca/Lab1-FixedPoint/lab1_fixedPoint/lab1_fixedPoint.gen/sources_1/bd/design_1/ipshared/f084/hdl/axi_crossbar_v2_1_vl_rfs.v:3493]
INFO: [Synth 8-6157] synthesizing module 'axi_crossbar_v2_1_38_addr_arbiter' [c:/Users/rodrigofonseca/Lab1-FixedPoint/lab1_fixedPoint/lab1_fixedPoint.gen/sources_1/bd/design_1/ipshared/f084/hdl/axi_crossbar_v2_1_vl_rfs.v:420]
INFO: [Synth 8-6157] synthesizing module 'generic_baseblocks_v2_1_2_mux_enc__parameterized2' [c:/Users/rodrigofonseca/Lab1-FixedPoint/lab1_fixedPoint/lab1_fixedPoint.gen/sources_1/bd/design_1/ipshared/0c28/hdl/generic_baseblocks_v2_1_vl_rfs.v:2436]
INFO: [Synth 8-6155] done synthesizing module 'generic_baseblocks_v2_1_2_mux_enc__parameterized2' (0#1) [c:/Users/rodrigofonseca/Lab1-FixedPoint/lab1_fixedPoint/lab1_fixedPoint.gen/sources_1/bd/design_1/ipshared/0c28/hdl/generic_baseblocks_v2_1_vl_rfs.v:2436]
INFO: [Synth 8-6157] synthesizing module 'generic_baseblocks_v2_1_2_mux_enc__parameterized3' [c:/Users/rodrigofonseca/Lab1-FixedPoint/lab1_fixedPoint/lab1_fixedPoint.gen/sources_1/bd/design_1/ipshared/0c28/hdl/generic_baseblocks_v2_1_vl_rfs.v:2436]
INFO: [Synth 8-6155] done synthesizing module 'generic_baseblocks_v2_1_2_mux_enc__parameterized3' (0#1) [c:/Users/rodrigofonseca/Lab1-FixedPoint/lab1_fixedPoint/lab1_fixedPoint.gen/sources_1/bd/design_1/ipshared/0c28/hdl/generic_baseblocks_v2_1_vl_rfs.v:2436]
INFO: [Synth 8-6155] done synthesizing module 'axi_crossbar_v2_1_38_addr_arbiter' (0#1) [c:/Users/rodrigofonseca/Lab1-FixedPoint/lab1_fixedPoint/lab1_fixedPoint.gen/sources_1/bd/design_1/ipshared/f084/hdl/axi_crossbar_v2_1_vl_rfs.v:420]
INFO: [Synth 8-6155] done synthesizing module 'axi_crossbar_v2_1_38_crossbar' (0#1) [c:/Users/rodrigofonseca/Lab1-FixedPoint/lab1_fixedPoint/lab1_fixedPoint.gen/sources_1/bd/design_1/ipshared/f084/hdl/axi_crossbar_v2_1_vl_rfs.v:2232]
INFO: [Synth 8-6155] done synthesizing module 'axi_crossbar_v2_1_38_axi_crossbar' (0#1) [c:/Users/rodrigofonseca/Lab1-FixedPoint/lab1_fixedPoint/lab1_fixedPoint.gen/sources_1/bd/design_1/ipshared/f084/hdl/axi_crossbar_v2_1_vl_rfs.v:4871]
INFO: [Synth 8-6155] done synthesizing module 'design_1_axi_mem_intercon_imp_xbar_0' (0#1) [c:/Users/rodrigofonseca/Lab1-FixedPoint/lab1_fixedPoint/lab1_fixedPoint.gen/sources_1/bd/design_1/ip/design_1_axi_mem_intercon_imp_xbar_0/synth/design_1_axi_mem_intercon_imp_xbar_0.v:53]
INFO: [Synth 8-6014] Unused sequential element areset_d1_reg was removed.  [c:/Users/rodrigofonseca/Lab1-FixedPoint/lab1_fixedPoint/lab1_fixedPoint.gen/sources_1/bd/design_1/ipshared/fb46/hdl/axi_data_fifo_v2_1_vl_rfs.v:747]
INFO: [Synth 8-6014] Unused sequential element S_READY_i_reg was removed.  [c:/Users/rodrigofonseca/Lab1-FixedPoint/lab1_fixedPoint/lab1_fixedPoint.gen/sources_1/bd/design_1/ipshared/fb46/hdl/axi_data_fifo_v2_1_vl_rfs.v:786]
INFO: [Synth 8-6014] Unused sequential element gen_single_thread.gen_debug_r_single_thread.debug_r_beat_cnt_i_reg was removed.  [c:/Users/rodrigofonseca/Lab1-FixedPoint/lab1_fixedPoint/lab1_fixedPoint.gen/sources_1/bd/design_1/ipshared/f084/hdl/axi_crossbar_v2_1_vl_rfs.v:4184]
INFO: [Synth 8-6014] Unused sequential element gen_single_thread.active_id_reg was removed.  [c:/Users/rodrigofonseca/Lab1-FixedPoint/lab1_fixedPoint/lab1_fixedPoint.gen/sources_1/bd/design_1/ipshared/f084/hdl/axi_crossbar_v2_1_vl_rfs.v:4142]
INFO: [Synth 8-6014] Unused sequential element gen_single_thread.gen_debug_r_single_thread.debug_r_beat_cnt_i_reg was removed.  [c:/Users/rodrigofonseca/Lab1-FixedPoint/lab1_fixedPoint/lab1_fixedPoint.gen/sources_1/bd/design_1/ipshared/f084/hdl/axi_crossbar_v2_1_vl_rfs.v:4184]
INFO: [Synth 8-6014] Unused sequential element gen_single_thread.active_id_reg was removed.  [c:/Users/rodrigofonseca/Lab1-FixedPoint/lab1_fixedPoint/lab1_fixedPoint.gen/sources_1/bd/design_1/ipshared/f084/hdl/axi_crossbar_v2_1_vl_rfs.v:4142]
INFO: [Synth 8-6014] Unused sequential element areset_d1_reg was removed.  [c:/Users/rodrigofonseca/Lab1-FixedPoint/lab1_fixedPoint/lab1_fixedPoint.gen/sources_1/bd/design_1/ipshared/fb46/hdl/axi_data_fifo_v2_1_vl_rfs.v:747]
INFO: [Synth 8-6014] Unused sequential element S_READY_i_reg was removed.  [c:/Users/rodrigofonseca/Lab1-FixedPoint/lab1_fixedPoint/lab1_fixedPoint.gen/sources_1/bd/design_1/ipshared/fb46/hdl/axi_data_fifo_v2_1_vl_rfs.v:786]
INFO: [Synth 8-6014] Unused sequential element s_ready_i_reg was removed.  [c:/Users/rodrigofonseca/Lab1-FixedPoint/lab1_fixedPoint/lab1_fixedPoint.gen/sources_1/bd/design_1/ipshared/fb46/hdl/axi_data_fifo_v2_1_vl_rfs.v:1034]
INFO: [Synth 8-6014] Unused sequential element areset_d1_reg was removed.  [c:/Users/rodrigofonseca/Lab1-FixedPoint/lab1_fixedPoint/lab1_fixedPoint.gen/sources_1/bd/design_1/ipshared/fb46/hdl/axi_data_fifo_v2_1_vl_rfs.v:747]
INFO: [Synth 8-6014] Unused sequential element S_READY_i_reg was removed.  [c:/Users/rodrigofonseca/Lab1-FixedPoint/lab1_fixedPoint/lab1_fixedPoint.gen/sources_1/bd/design_1/ipshared/fb46/hdl/axi_data_fifo_v2_1_vl_rfs.v:786]
INFO: [Synth 8-6014] Unused sequential element s_ready_i_reg was removed.  [c:/Users/rodrigofonseca/Lab1-FixedPoint/lab1_fixedPoint/lab1_fixedPoint.gen/sources_1/bd/design_1/ipshared/fb46/hdl/axi_data_fifo_v2_1_vl_rfs.v:1034]
INFO: [Synth 8-6014] Unused sequential element gen_master_slots[0].gen_mi_write.gen_debug_w.debug_w_beat_cnt_i_reg was removed.  [c:/Users/rodrigofonseca/Lab1-FixedPoint/lab1_fixedPoint/lab1_fixedPoint.gen/sources_1/bd/design_1/ipshared/f084/hdl/axi_crossbar_v2_1_vl_rfs.v:2991]
INFO: [Synth 8-6014] Unused sequential element gen_master_slots[1].gen_mi_write.gen_debug_w.debug_w_beat_cnt_i_reg was removed.  [c:/Users/rodrigofonseca/Lab1-FixedPoint/lab1_fixedPoint/lab1_fixedPoint.gen/sources_1/bd/design_1/ipshared/f084/hdl/axi_crossbar_v2_1_vl_rfs.v:2991]
INFO: [Synth 8-7129] Port ACLK in module axi_register_slice_v2_1_36_axic_register_slice is either unconnected or has no load
INFO: [Synth 8-7129] Port ARESET in module axi_register_slice_v2_1_36_axic_register_slice is either unconnected or has no load
INFO: [Synth 8-7129] Port ACLK in module axi_register_slice_v2_1_36_axic_register_slice__parameterized0 is either unconnected or has no load
INFO: [Synth 8-7129] Port ARESET in module axi_register_slice_v2_1_36_axic_register_slice__parameterized0 is either unconnected or has no load
INFO: [Synth 8-7129] Port m_axi_buser[0] in module axi_infrastructure_v1_1_0_vector2axi is either unconnected or has no load
INFO: [Synth 8-7129] Port m_axi_ruser[0] in module axi_infrastructure_v1_1_0_vector2axi is either unconnected or has no load
INFO: [Synth 8-7129] Port s_axi_awregion[3] in module axi_infrastructure_v1_1_0_axi2vector is either unconnected or has no load
INFO: [Synth 8-7129] Port s_axi_awregion[2] in module axi_infrastructure_v1_1_0_axi2vector is either unconnected or has no load
INFO: [Synth 8-7129] Port s_axi_awregion[1] in module axi_infrastructure_v1_1_0_axi2vector is either unconnected or has no load
INFO: [Synth 8-7129] Port s_axi_awregion[0] in module axi_infrastructure_v1_1_0_axi2vector is either unconnected or has no load
INFO: [Synth 8-7129] Port s_axi_awuser[0] in module axi_infrastructure_v1_1_0_axi2vector is either unconnected or has no load
INFO: [Synth 8-7129] Port s_axi_wuser[0] in module axi_infrastructure_v1_1_0_axi2vector is either unconnected or has no load
INFO: [Synth 8-7129] Port s_axi_arregion[3] in module axi_infrastructure_v1_1_0_axi2vector is either unconnected or has no load
INFO: [Synth 8-7129] Port s_axi_arregion[2] in module axi_infrastructure_v1_1_0_axi2vector is either unconnected or has no load
INFO: [Synth 8-7129] Port s_axi_arregion[1] in module axi_infrastructure_v1_1_0_axi2vector is either unconnected or has no load
INFO: [Synth 8-7129] Port s_axi_arregion[0] in module axi_infrastructure_v1_1_0_axi2vector is either unconnected or has no load
INFO: [Synth 8-7129] Port s_axi_aruser[0] in module axi_infrastructure_v1_1_0_axi2vector is either unconnected or has no load
INFO: [Synth 8-7129] Port aclk2x in module axi_register_slice_v2_1_36_axi_register_slice is either unconnected or has no load
INFO: [Synth 8-7129] Port ADDR[1] in module axi_crossbar_v2_1_38_addr_decoder is either unconnected or has no load
INFO: [Synth 8-7129] Port ADDR[0] in module axi_crossbar_v2_1_38_addr_decoder is either unconnected or has no load
INFO: [Synth 8-7129] Port S_ABURST[1] in module axi_crossbar_v2_1_38_si_transactor__parameterized0 is either unconnected or has no load
INFO: [Synth 8-7129] Port S_ABURST[0] in module axi_crossbar_v2_1_38_si_transactor__parameterized0 is either unconnected or has no load
INFO: [Synth 8-7129] Port S_ABURST[1] in module axi_crossbar_v2_1_38_si_transactor is either unconnected or has no load
INFO: [Synth 8-7129] Port S_ABURST[0] in module axi_crossbar_v2_1_38_si_transactor is either unconnected or has no load
INFO: [Synth 8-7129] Port S_AXI_AWID[1] in module axi_crossbar_v2_1_38_crossbar is either unconnected or has no load
INFO: [Synth 8-7129] Port S_AXI_AWID[0] in module axi_crossbar_v2_1_38_crossbar is either unconnected or has no load
INFO: [Synth 8-7129] Port S_AXI_AWADDR[31] in module axi_crossbar_v2_1_38_crossbar is either unconnected or has no load
INFO: [Synth 8-7129] Port S_AXI_AWADDR[30] in module axi_crossbar_v2_1_38_crossbar is either unconnected or has no load
INFO: [Synth 8-7129] Port S_AXI_AWADDR[29] in module axi_crossbar_v2_1_38_crossbar is either unconnected or has no load
INFO: [Synth 8-7129] Port S_AXI_AWADDR[28] in module axi_crossbar_v2_1_38_crossbar is either unconnected or has no load
INFO: [Synth 8-7129] Port S_AXI_AWADDR[27] in module axi_crossbar_v2_1_38_crossbar is either unconnected or has no load
INFO: [Synth 8-7129] Port S_AXI_AWADDR[26] in module axi_crossbar_v2_1_38_crossbar is either unconnected or has no load
INFO: [Synth 8-7129] Port S_AXI_AWADDR[25] in module axi_crossbar_v2_1_38_crossbar is either unconnected or has no load
INFO: [Synth 8-7129] Port S_AXI_AWADDR[24] in module axi_crossbar_v2_1_38_crossbar is either unconnected or has no load
INFO: [Synth 8-7129] Port S_AXI_AWADDR[23] in module axi_crossbar_v2_1_38_crossbar is either unconnected or has no load
INFO: [Synth 8-7129] Port S_AXI_AWADDR[22] in module axi_crossbar_v2_1_38_crossbar is either unconnected or has no load
INFO: [Synth 8-7129] Port S_AXI_AWADDR[21] in module axi_crossbar_v2_1_38_crossbar is either unconnected or has no load
INFO: [Synth 8-7129] Port S_AXI_AWADDR[20] in module axi_crossbar_v2_1_38_crossbar is either unconnected or has no load
INFO: [Synth 8-7129] Port S_AXI_AWADDR[19] in module axi_crossbar_v2_1_38_crossbar is either unconnected or has no load
INFO: [Synth 8-7129] Port S_AXI_AWADDR[18] in module axi_crossbar_v2_1_38_crossbar is either unconnected or has no load
INFO: [Synth 8-7129] Port S_AXI_AWADDR[17] in module axi_crossbar_v2_1_38_crossbar is either unconnected or has no load
INFO: [Synth 8-7129] Port S_AXI_AWADDR[16] in module axi_crossbar_v2_1_38_crossbar is either unconnected or has no load
INFO: [Synth 8-7129] Port S_AXI_AWADDR[15] in module axi_crossbar_v2_1_38_crossbar is either unconnected or has no load
INFO: [Synth 8-7129] Port S_AXI_AWADDR[14] in module axi_crossbar_v2_1_38_crossbar is either unconnected or has no load
INFO: [Synth 8-7129] Port S_AXI_AWADDR[13] in module axi_crossbar_v2_1_38_crossbar is either unconnected or has no load
INFO: [Synth 8-7129] Port S_AXI_AWADDR[12] in module axi_crossbar_v2_1_38_crossbar is either unconnected or has no load
INFO: [Synth 8-7129] Port S_AXI_AWADDR[11] in module axi_crossbar_v2_1_38_crossbar is either unconnected or has no load
INFO: [Synth 8-7129] Port S_AXI_AWADDR[10] in module axi_crossbar_v2_1_38_crossbar is either unconnected or has no load
INFO: [Synth 8-7129] Port S_AXI_AWADDR[9] in module axi_crossbar_v2_1_38_crossbar is either unconnected or has no load
INFO: [Synth 8-7129] Port S_AXI_AWADDR[8] in module axi_crossbar_v2_1_38_crossbar is either unconnected or has no load
INFO: [Synth 8-7129] Port S_AXI_AWADDR[7] in module axi_crossbar_v2_1_38_crossbar is either unconnected or has no load
INFO: [Synth 8-7129] Port S_AXI_AWADDR[6] in module axi_crossbar_v2_1_38_crossbar is either unconnected or has no load
INFO: [Synth 8-7129] Port S_AXI_AWADDR[5] in module axi_crossbar_v2_1_38_crossbar is either unconnected or has no load
INFO: [Synth 8-7129] Port S_AXI_AWADDR[4] in module axi_crossbar_v2_1_38_crossbar is either unconnected or has no load
INFO: [Synth 8-7129] Port S_AXI_AWADDR[3] in module axi_crossbar_v2_1_38_crossbar is either unconnected or has no load
INFO: [Synth 8-7129] Port S_AXI_AWADDR[2] in module axi_crossbar_v2_1_38_crossbar is either unconnected or has no load
INFO: [Synth 8-7129] Port S_AXI_AWADDR[1] in module axi_crossbar_v2_1_38_crossbar is either unconnected or has no load
INFO: [Synth 8-7129] Port S_AXI_AWADDR[0] in module axi_crossbar_v2_1_38_crossbar is either unconnected or has no load
INFO: [Synth 8-7129] Port S_AXI_AWLEN[7] in module axi_crossbar_v2_1_38_crossbar is either unconnected or has no load
INFO: [Synth 8-7129] Port S_AXI_AWLEN[6] in module axi_crossbar_v2_1_38_crossbar is either unconnected or has no load
INFO: [Synth 8-7129] Port S_AXI_AWLEN[5] in module axi_crossbar_v2_1_38_crossbar is either unconnected or has no load
INFO: [Synth 8-7129] Port S_AXI_AWLEN[4] in module axi_crossbar_v2_1_38_crossbar is either unconnected or has no load
INFO: [Synth 8-7129] Port S_AXI_AWLEN[3] in module axi_crossbar_v2_1_38_crossbar is either unconnected or has no load
INFO: [Synth 8-7129] Port S_AXI_AWLEN[2] in module axi_crossbar_v2_1_38_crossbar is either unconnected or has no load
INFO: [Synth 8-7129] Port S_AXI_AWLEN[1] in module axi_crossbar_v2_1_38_crossbar is either unconnected or has no load
INFO: [Synth 8-7129] Port S_AXI_AWLEN[0] in module axi_crossbar_v2_1_38_crossbar is either unconnected or has no load
INFO: [Synth 8-7129] Port S_AXI_AWSIZE[2] in module axi_crossbar_v2_1_38_crossbar is either unconnected or has no load
INFO: [Synth 8-7129] Port S_AXI_AWSIZE[1] in module axi_crossbar_v2_1_38_crossbar is either unconnected or has no load
INFO: [Synth 8-7129] Port S_AXI_AWSIZE[0] in module axi_crossbar_v2_1_38_crossbar is either unconnected or has no load
INFO: [Synth 8-7129] Port S_AXI_AWBURST[1] in module axi_crossbar_v2_1_38_crossbar is either unconnected or has no load
INFO: [Synth 8-7129] Port S_AXI_AWBURST[0] in module axi_crossbar_v2_1_38_crossbar is either unconnected or has no load
INFO: [Synth 8-7129] Port S_AXI_AWLOCK[1] in module axi_crossbar_v2_1_38_crossbar is either unconnected or has no load
INFO: [Synth 8-7129] Port S_AXI_AWLOCK[0] in module axi_crossbar_v2_1_38_crossbar is either unconnected or has no load
INFO: [Synth 8-7129] Port S_AXI_AWCACHE[3] in module axi_crossbar_v2_1_38_crossbar is either unconnected or has no load
INFO: [Synth 8-7129] Port S_AXI_AWCACHE[2] in module axi_crossbar_v2_1_38_crossbar is either unconnected or has no load
INFO: [Synth 8-7129] Port S_AXI_AWCACHE[1] in module axi_crossbar_v2_1_38_crossbar is either unconnected or has no load
INFO: [Synth 8-7129] Port S_AXI_AWCACHE[0] in module axi_crossbar_v2_1_38_crossbar is either unconnected or has no load
INFO: [Synth 8-7129] Port S_AXI_AWPROT[2] in module axi_crossbar_v2_1_38_crossbar is either unconnected or has no load
INFO: [Synth 8-7129] Port S_AXI_AWPROT[1] in module axi_crossbar_v2_1_38_crossbar is either unconnected or has no load
INFO: [Synth 8-7129] Port S_AXI_AWPROT[0] in module axi_crossbar_v2_1_38_crossbar is either unconnected or has no load
INFO: [Synth 8-7129] Port S_AXI_AWQOS[3] in module axi_crossbar_v2_1_38_crossbar is either unconnected or has no load
INFO: [Synth 8-7129] Port S_AXI_AWQOS[2] in module axi_crossbar_v2_1_38_crossbar is either unconnected or has no load
INFO: [Synth 8-7129] Port S_AXI_AWQOS[1] in module axi_crossbar_v2_1_38_crossbar is either unconnected or has no load
INFO: [Synth 8-7129] Port S_AXI_AWQOS[0] in module axi_crossbar_v2_1_38_crossbar is either unconnected or has no load
INFO: [Synth 8-7129] Port S_AXI_AWUSER[0] in module axi_crossbar_v2_1_38_crossbar is either unconnected or has no load
INFO: [Synth 8-7129] Port S_AXI_AWVALID[0] in module axi_crossbar_v2_1_38_crossbar is either unconnected or has no load
INFO: [Synth 8-7129] Port S_AXI_WID[1] in module axi_crossbar_v2_1_38_crossbar is either unconnected or has no load
INFO: [Synth 8-7129] Port S_AXI_WID[0] in module axi_crossbar_v2_1_38_crossbar is either unconnected or has no load
INFO: [Synth 8-7129] Port S_AXI_WDATA[31] in module axi_crossbar_v2_1_38_crossbar is either unconnected or has no load
INFO: [Synth 8-7129] Port S_AXI_WDATA[30] in module axi_crossbar_v2_1_38_crossbar is either unconnected or has no load
INFO: [Synth 8-7129] Port S_AXI_WDATA[29] in module axi_crossbar_v2_1_38_crossbar is either unconnected or has no load
INFO: [Synth 8-7129] Port S_AXI_WDATA[28] in module axi_crossbar_v2_1_38_crossbar is either unconnected or has no load
INFO: [Synth 8-7129] Port S_AXI_WDATA[27] in module axi_crossbar_v2_1_38_crossbar is either unconnected or has no load
INFO: [Synth 8-7129] Port S_AXI_WDATA[26] in module axi_crossbar_v2_1_38_crossbar is either unconnected or has no load
INFO: [Synth 8-7129] Port S_AXI_WDATA[25] in module axi_crossbar_v2_1_38_crossbar is either unconnected or has no load
INFO: [Synth 8-7129] Port S_AXI_WDATA[24] in module axi_crossbar_v2_1_38_crossbar is either unconnected or has no load
INFO: [Synth 8-7129] Port S_AXI_WDATA[23] in module axi_crossbar_v2_1_38_crossbar is either unconnected or has no load
INFO: [Synth 8-7129] Port S_AXI_WDATA[22] in module axi_crossbar_v2_1_38_crossbar is either unconnected or has no load
INFO: [Synth 8-7129] Port S_AXI_WDATA[21] in module axi_crossbar_v2_1_38_crossbar is either unconnected or has no load
INFO: [Synth 8-7129] Port S_AXI_WDATA[20] in module axi_crossbar_v2_1_38_crossbar is either unconnected or has no load
INFO: [Common 17-14] Message 'Synth 8-7129' appears 100 times and further instances of the messages will be disabled. Use the Tcl command set_msg_config to change the current settings.
---------------------------------------------------------------------------------
Finished RTL Elaboration : Time (s): cpu = 00:00:14 ; elapsed = 00:00:30 . Memory (MB): peak = 1683.973 ; gain = 818.793
---------------------------------------------------------------------------------
---------------------------------------------------------------------------------
Start Handling Custom Attributes
---------------------------------------------------------------------------------
---------------------------------------------------------------------------------
Finished Handling Custom Attributes : Time (s): cpu = 00:00:14 ; elapsed = 00:00:31 . Memory (MB): peak = 1683.973 ; gain = 818.793
---------------------------------------------------------------------------------
---------------------------------------------------------------------------------
Finished RTL Optimization Phase 1 : Time (s): cpu = 00:00:14 ; elapsed = 00:00:31 . Memory (MB): peak = 1683.973 ; gain = 818.793
---------------------------------------------------------------------------------
Netlist sorting complete. Time (s): cpu = 00:00:00 ; elapsed = 00:00:00.106 . Memory (MB): peak = 1683.973 ; gain = 0.000
INFO: [Project 1-570] Preparing netlist for logic optimization

Processing XDC Constraints
Initializing timing engine
Parsing XDC File [c:/Users/rodrigofonseca/Lab1-FixedPoint/lab1_fixedPoint/lab1_fixedPoint.gen/sources_1/bd/design_1/ip/design_1_axi_mem_intercon_imp_xbar_0/design_1_axi_mem_intercon_imp_xbar_0_ooc.xdc] for cell 'inst'
Finished Parsing XDC File [c:/Users/rodrigofonseca/Lab1-FixedPoint/lab1_fixedPoint/lab1_fixedPoint.gen/sources_1/bd/design_1/ip/design_1_axi_mem_intercon_imp_xbar_0/design_1_axi_mem_intercon_imp_xbar_0_ooc.xdc] for cell 'inst'
Parsing XDC File [C:/Users/rodrigofonseca/Lab1-FixedPoint/lab1_fixedPoint/lab1_fixedPoint.runs/design_1_axi_mem_intercon_imp_xbar_0_synth_1/dont_touch.xdc]
Finished Parsing XDC File [C:/Users/rodrigofonseca/Lab1-FixedPoint/lab1_fixedPoint/lab1_fixedPoint.runs/design_1_axi_mem_intercon_imp_xbar_0_synth_1/dont_touch.xdc]
Completed Processing XDC Constraints

Netlist sorting complete. Time (s): cpu = 00:00:00 ; elapsed = 00:00:00.001 . Memory (MB): peak = 1696.309 ; gain = 0.000
INFO: [Project 1-111] Unisim Transformation Summary:
No Unisim elements were transformed.

Constraint Validation Runtime : Time (s): cpu = 00:00:00 ; elapsed = 00:00:00.125 . Memory (MB): peak = 1696.309 ; gain = 0.000
INFO: [Designutils 20-5008] Incremental synthesis strategy off
---------------------------------------------------------------------------------
Finished Constraint Validation : Time (s): cpu = 00:00:22 ; elapsed = 00:00:45 . Memory (MB): peak = 1696.309 ; gain = 831.129
---------------------------------------------------------------------------------
---------------------------------------------------------------------------------
Start Loading Part and Timing Information
---------------------------------------------------------------------------------
Loading part: xc7z010clg400-1
---------------------------------------------------------------------------------
Finished Loading Part and Timing Information : Time (s): cpu = 00:00:22 ; elapsed = 00:00:45 . Memory (MB): peak = 1696.309 ; gain = 831.129
---------------------------------------------------------------------------------
---------------------------------------------------------------------------------
Start Applying 'set_property' XDC Constraints
---------------------------------------------------------------------------------
---------------------------------------------------------------------------------
Finished applying 'set_property' XDC Constraints : Time (s): cpu = 00:00:22 ; elapsed = 00:00:45 . Memory (MB): peak = 1696.309 ; gain = 831.129
---------------------------------------------------------------------------------
INFO: [Synth 8-802] inferred FSM for state register 'state_reg' in module 'axi_data_fifo_v2_1_36_axic_reg_srl_fifo'
INFO: [Synth 8-802] inferred FSM for state register 'state_reg' in module 'axi_data_fifo_v2_1_36_axic_reg_srl_fifo__parameterized0'
INFO: [Synth 8-802] inferred FSM for state register 'state_reg' in module 'axi_data_fifo_v2_1_36_axic_reg_srl_fifo__parameterized1'
INFO: [Synth 8-802] inferred FSM for state register 'gen_axi.write_cs_reg' in module 'axi_crossbar_v2_1_38_decerr_slave'
---------------------------------------------------------------------------------------------------
                   State |                     New Encoding |                Previous Encoding 
---------------------------------------------------------------------------------------------------
                    ZERO |                              100 |                               10
                     ONE |                              010 |                               11
                     TWO |                              001 |                               01
---------------------------------------------------------------------------------------------------
INFO: [Synth 8-3354] encoded FSM with state register 'state_reg' using encoding 'one-hot' in module 'axi_data_fifo_v2_1_36_axic_reg_srl_fifo'
---------------------------------------------------------------------------------------------------
                   State |                     New Encoding |                Previous Encoding 
---------------------------------------------------------------------------------------------------
                    ZERO |                              100 |                               10
                     ONE |                              010 |                               11
                     TWO |                              001 |                               01
---------------------------------------------------------------------------------------------------
INFO: [Synth 8-3354] encoded FSM with state register 'state_reg' using encoding 'one-hot' in module 'axi_data_fifo_v2_1_36_axic_reg_srl_fifo__parameterized0'
---------------------------------------------------------------------------------------------------
                   State |                     New Encoding |                Previous Encoding 
---------------------------------------------------------------------------------------------------
                    ZERO |                              100 |                               10
                     ONE |                              010 |                               11
                     TWO |                              001 |                               01
---------------------------------------------------------------------------------------------------
INFO: [Synth 8-3354] encoded FSM with state register 'state_reg' using encoding 'one-hot' in module 'axi_data_fifo_v2_1_36_axic_reg_srl_fifo__parameterized1'
---------------------------------------------------------------------------------------------------
                   State |                     New Encoding |                Previous Encoding 
---------------------------------------------------------------------------------------------------
            P_WRITE_IDLE |                              001 |                               00
            P_WRITE_DATA |                              010 |                               01
            P_WRITE_RESP |                              100 |                               10
---------------------------------------------------------------------------------------------------
INFO: [Synth 8-3354] encoded FSM with state register 'gen_axi.write_cs_reg' using encoding 'one-hot' in module 'axi_crossbar_v2_1_38_decerr_slave'
---------------------------------------------------------------------------------
Finished RTL Optimization Phase 2 : Time (s): cpu = 00:00:22 ; elapsed = 00:00:47 . Memory (MB): peak = 1696.309 ; gain = 831.129
---------------------------------------------------------------------------------
---------------------------------------------------------------------------------
Start RTL Component Statistics 
---------------------------------------------------------------------------------
Detailed RTL Component Info : 
+---Adders : 
	   2 Input    8 Bit       Adders := 3     
	   2 Input    5 Bit       Adders := 4     
	   2 Input    4 Bit       Adders := 3     
	   2 Input    3 Bit       Adders := 3     
	   2 Input    2 Bit       Adders := 3     
	   2 Input    1 Bit       Adders := 2     
+---XORs : 
	   2 Input      1 Bit         XORs := 7     
+---Registers : 
	               64 Bit    Registers := 2     
	               36 Bit    Registers := 4     
	                8 Bit    Registers := 7     
	                5 Bit    Registers := 4     
	                4 Bit    Registers := 3     
	                3 Bit    Registers := 4     
	                2 Bit    Registers := 20    
	                1 Bit    Registers := 39    
+---Muxes : 
	   2 Input   36 Bit        Muxes := 4     
	   2 Input    8 Bit        Muxes := 1     
	   2 Input    4 Bit        Muxes := 2     
	   3 Input    3 Bit        Muxes := 3     
	   2 Input    3 Bit        Muxes := 10    
	   2 Input    2 Bit        Muxes := 17    
	   2 Input    1 Bit        Muxes := 48    
	   3 Input    1 Bit        Muxes := 17    
---------------------------------------------------------------------------------
Finished RTL Component Statistics 
---------------------------------------------------------------------------------
---------------------------------------------------------------------------------
Start Part Resource Summary
---------------------------------------------------------------------------------
Part Resources:
DSPs: 80 (col length:40)
BRAMs: 120 (col length: RAMB18 40 RAMB36 20)
---------------------------------------------------------------------------------
Finished Part Resource Summary
---------------------------------------------------------------------------------
---------------------------------------------------------------------------------
Start Cross Boundary and Area Optimization
---------------------------------------------------------------------------------
---------------------------------------------------------------------------------
Finished Cross Boundary and Area Optimization : Time (s): cpu = 00:00:25 ; elapsed = 00:00:52 . Memory (MB): peak = 1696.309 ; gain = 831.129
---------------------------------------------------------------------------------
---------------------------------------------------------------------------------
Start Applying XDC Timing Constraints
---------------------------------------------------------------------------------
---------------------------------------------------------------------------------
Finished Applying XDC Timing Constraints : Time (s): cpu = 00:00:31 ; elapsed = 00:01:02 . Memory (MB): peak = 1777.949 ; gain = 912.770
---------------------------------------------------------------------------------
---------------------------------------------------------------------------------
Start Timing Optimization
---------------------------------------------------------------------------------
---------------------------------------------------------------------------------
Finished Timing Optimization : Time (s): cpu = 00:00:32 ; elapsed = 00:01:05 . Memory (MB): peak = 1821.285 ; gain = 956.105
---------------------------------------------------------------------------------
---------------------------------------------------------------------------------
Start Technology Mapping
---------------------------------------------------------------------------------
---------------------------------------------------------------------------------
Finished Technology Mapping : Time (s): cpu = 00:00:32 ; elapsed = 00:01:05 . Memory (MB): peak = 1822.773 ; gain = 957.594
---------------------------------------------------------------------------------
---------------------------------------------------------------------------------
Start IO Insertion
---------------------------------------------------------------------------------
---------------------------------------------------------------------------------
Start Flattening Before IO Insertion
---------------------------------------------------------------------------------
---------------------------------------------------------------------------------
Finished Flattening Before IO Insertion
---------------------------------------------------------------------------------
---------------------------------------------------------------------------------
Start Final Netlist Cleanup
---------------------------------------------------------------------------------
---------------------------------------------------------------------------------
Finished Final Netlist Cleanup
---------------------------------------------------------------------------------
---------------------------------------------------------------------------------
Finished IO Insertion : Time (s): cpu = 00:00:37 ; elapsed = 00:01:13 . Memory (MB): peak = 2044.910 ; gain = 1179.730
---------------------------------------------------------------------------------
---------------------------------------------------------------------------------
Start Renaming Generated Instances
---------------------------------------------------------------------------------
---------------------------------------------------------------------------------
Finished Renaming Generated Instances : Time (s): cpu = 00:00:37 ; elapsed = 00:01:13 . Memory (MB): peak = 2044.910 ; gain = 1179.730
---------------------------------------------------------------------------------
---------------------------------------------------------------------------------
Start Rebuilding User Hierarchy
---------------------------------------------------------------------------------
---------------------------------------------------------------------------------
Finished Rebuilding User Hierarchy : Time (s): cpu = 00:00:37 ; elapsed = 00:01:13 . Memory (MB): peak = 2044.910 ; gain = 1179.730
---------------------------------------------------------------------------------
---------------------------------------------------------------------------------
Start Renaming Generated Ports
---------------------------------------------------------------------------------
---------------------------------------------------------------------------------
Finished Renaming Generated Ports : Time (s): cpu = 00:00:37 ; elapsed = 00:01:13 . Memory (MB): peak = 2044.910 ; gain = 1179.730
---------------------------------------------------------------------------------
---------------------------------------------------------------------------------
Start Handling Custom Attributes
---------------------------------------------------------------------------------
---------------------------------------------------------------------------------
Finished Handling Custom Attributes : Time (s): cpu = 00:00:37 ; elapsed = 00:01:13 . Memory (MB): peak = 2044.910 ; gain = 1179.730
---------------------------------------------------------------------------------
---------------------------------------------------------------------------------
Start Renaming Generated Nets
---------------------------------------------------------------------------------
---------------------------------------------------------------------------------
Finished Renaming Generated Nets : Time (s): cpu = 00:00:37 ; elapsed = 00:01:13 . Memory (MB): peak = 2044.910 ; gain = 1179.730
---------------------------------------------------------------------------------
---------------------------------------------------------------------------------
Start Writing Synthesis Report
---------------------------------------------------------------------------------

Report BlackBoxes: 
+-+--------------+----------+
| |BlackBox name |Instances |
+-+--------------+----------+
+-+--------------+----------+

Report Cell Usage: 
+------+--------+------+
|      |Cell    |Count |
+------+--------+------+
|1     |LUT1    |     8|
|2     |LUT2    |   134|
|3     |LUT3    |    71|
|4     |LUT4    |    29|
|5     |LUT5    |    48|
|6     |LUT6    |    59|
|7     |SRLC32E |     3|
|8     |FDRE    |   267|
|9     |FDSE    |    17|
+------+--------+------+
---------------------------------------------------------------------------------
Finished Writing Synthesis Report : Time (s): cpu = 00:00:37 ; elapsed = 00:01:13 . Memory (MB): peak = 2044.910 ; gain = 1179.730
---------------------------------------------------------------------------------
Synthesis finished with 0 errors, 0 critical warnings and 0 warnings.
Synthesis Optimization Runtime : Time (s): cpu = 00:00:21 ; elapsed = 00:01:09 . Memory (MB): peak = 2044.910 ; gain = 1167.395
Synthesis Optimization Complete : Time (s): cpu = 00:00:37 ; elapsed = 00:01:14 . Memory (MB): peak = 2044.910 ; gain = 1179.730
INFO: [Project 1-571] Translating synthesized netlist
Netlist sorting complete. Time (s): cpu = 00:00:00 ; elapsed = 00:00:00.018 . Memory (MB): peak = 2044.910 ; gain = 0.000
INFO: [Project 1-570] Preparing netlist for logic optimization
INFO: [Opt 31-138] Pushed 0 inverter(s) to 0 load pin(s).
Netlist sorting complete. Time (s): cpu = 00:00:00 ; elapsed = 00:00:00 . Memory (MB): peak = 2046.828 ; gain = 0.000
INFO: [Project 1-111] Unisim Transformation Summary:
No Unisim elements were transformed.

Synth Design complete | Checksum: 7c7088bb
INFO: [Common 17-83] Releasing license: Synthesis
227 Infos, 0 Warnings, 0 Critical Warnings and 0 Errors encountered.
synth_design completed successfully
synth_design: Time (s): cpu = 00:00:41 ; elapsed = 00:01:26 . Memory (MB): peak = 2046.828 ; gain = 1397.633
Write ShapeDB Complete: Time (s): cpu = 00:00:00 ; elapsed = 00:00:00.003 . Memory (MB): peak = 2046.828 ; gain = 0.000
INFO: [Common 17-1381] The checkpoint 'C:/Users/rodrigofonseca/Lab1-FixedPoint/lab1_fixedPoint/lab1_fixedPoint.runs/design_1_axi_mem_intercon_imp_xbar_0_synth_1/design_1_axi_mem_intercon_imp_xbar_0.dcp' has been generated.
INFO: [Coretcl 2-1648] Added synthesis output to IP cache for IP design_1_axi_mem_intercon_imp_xbar_0, cache-ID = f89e5b6b80d4cd2c
INFO: [Coretcl 2-1174] Renamed 24 cell refs.
Write ShapeDB Complete: Time (s): cpu = 00:00:00 ; elapsed = 00:00:00.002 . Memory (MB): peak = 2046.828 ; gain = 0.000
INFO: [Common 17-1381] The checkpoint 'C:/Users/rodrigofonseca/Lab1-FixedPoint/lab1_fixedPoint/lab1_fixedPoint.runs/design_1_axi_mem_intercon_imp_xbar_0_synth_1/design_1_axi_mem_intercon_imp_xbar_0.dcp' has been generated.
INFO: [Vivado 12-24828] Executing command : report_utilization -file design_1_axi_mem_intercon_imp_xbar_0_utilization_synth.rpt -pb design_1_axi_mem_intercon_imp_xbar_0_utilization_synth.pb
INFO: [Common 17-206] Exiting Vivado at Tue May 19 17:32:55 2026...
