
*** Running vivado
    with args -log design_1_wrapper.vdi -applog -m64 -product Vivado -messageDb vivado.pb -mode batch -source design_1_wrapper.tcl -notrace


****** Vivado v2025.1 (64-bit)
  **** SW Build 6140274 on Wed May 21 22:58:25 MDT 2025
  **** IP Build 6138677 on Thu May 22 03:10:11 MDT 2025
  **** SharedData Build 6139179 on Tue May 20 17:58:58 MDT 2025
  **** Start of session at: Tue May 12 17:14:32 2026
    ** Copyright 1986-2022 Xilinx, Inc. All Rights Reserved.
    ** Copyright 2022-2025 Advanced Micro Devices, Inc. All Rights Reserved.

source design_1_wrapper.tcl -notrace
INFO: [IP_Flow 19-234] Refreshing IP repositories
INFO: [IP_Flow 19-1700] Loaded user IP repository '/home/public/Desktop/paulo/HWSW/hls_component'.
INFO: [IP_Flow 19-2313] Loaded Vivado IP repository '/opt/Xilinx/2025.1/Vivado/data/ip'.
Command: link_design -top design_1_wrapper -part xc7z010clg400-1
Design is defaulting to srcset: sources_1
Design is defaulting to constrset: constrs_1
INFO: [Device 21-403] Loading part xc7z010clg400-1
INFO: [Project 1-5699] Read binary netlist with skipMacroContent - 1
INFO: [Project 1-454] Reading design checkpoint '/home/public/Desktop/paulo/HWSW/project_matmul/project_matmul.gen/sources_1/bd/design_1/ip/design_1_axi_dma_0_3/design_1_axi_dma_0_3.dcp' for cell 'design_1_i/axi_dma_0'
INFO: [Project 1-454] Reading design checkpoint '/home/public/Desktop/paulo/HWSW/project_matmul/project_matmul.gen/sources_1/bd/design_1/ip/design_1_axi_smc_0/design_1_axi_smc_0.dcp' for cell 'design_1_i/axi_smc'
INFO: [Project 1-454] Reading design checkpoint '/home/public/Desktop/paulo/HWSW/project_matmul/project_matmul.gen/sources_1/bd/design_1/ip/design_1_processing_system7_0_0/design_1_processing_system7_0_0.dcp' for cell 'design_1_i/processing_system7_0'
INFO: [Project 1-454] Reading design checkpoint '/home/public/Desktop/paulo/HWSW/project_matmul/project_matmul.gen/sources_1/bd/design_1/ip/design_1_rst_ps7_0_100M_0/design_1_rst_ps7_0_100M_0.dcp' for cell 'design_1_i/rst_ps7_0_100M'
INFO: [Project 1-454] Reading design checkpoint '/home/public/Desktop/paulo/HWSW/project_matmul/project_matmul.gen/sources_1/bd/design_1/ip/design_1_stream_matmul_0_0/design_1_stream_matmul_0_0.dcp' for cell 'design_1_i/stream_matmul_0'
INFO: [Project 1-454] Reading design checkpoint '/home/public/Desktop/paulo/HWSW/project_matmul/project_matmul.gen/sources_1/bd/design_1/ip/design_1_axi_mem_intercon_imp_xbar_0/design_1_axi_mem_intercon_imp_xbar_0.dcp' for cell 'design_1_i/axi_mem_intercon/xbar'
INFO: [Project 1-454] Reading design checkpoint '/home/public/Desktop/paulo/HWSW/project_matmul/project_matmul.gen/sources_1/bd/design_1/ip/design_1_axi_mem_intercon_imp_auto_pc_0/design_1_axi_mem_intercon_imp_auto_pc_0.dcp' for cell 'design_1_i/axi_mem_intercon/s00_couplers/auto_pc'
INFO: [Project 1-454] Reading design checkpoint '/home/public/Desktop/paulo/HWSW/project_matmul/project_matmul.gen/sources_1/bd/design_1/ip/design_1_axi_mem_intercon_imp_auto_pc_1/design_1_axi_mem_intercon_imp_auto_pc_1.dcp' for cell 'design_1_i/axi_mem_intercon/s01_couplers/auto_pc'
Netlist sorting complete. Time (s): cpu = 00:00:00.11 ; elapsed = 00:00:00.11 . Memory (MB): peak = 1797.266 ; gain = 0.000 ; free physical = 7937 ; free virtual = 9650
INFO: [Netlist 29-17] Analyzing 113 Unisim elements for replacement
INFO: [Netlist 29-28] Unisim Transformation completed in 0 CPU seconds
INFO: [Project 1-479] Netlist was created with Vivado 2025.1
INFO: [Project 1-570] Preparing netlist for logic optimization
Parsing XDC File [/home/public/Desktop/paulo/HWSW/project_matmul/project_matmul.gen/sources_1/bd/design_1/ip/design_1_processing_system7_0_0/design_1_processing_system7_0_0.xdc] for cell 'design_1_i/processing_system7_0/inst'
Finished Parsing XDC File [/home/public/Desktop/paulo/HWSW/project_matmul/project_matmul.gen/sources_1/bd/design_1/ip/design_1_processing_system7_0_0/design_1_processing_system7_0_0.xdc] for cell 'design_1_i/processing_system7_0/inst'
Parsing XDC File [/home/public/Desktop/paulo/HWSW/project_matmul/project_matmul.gen/sources_1/bd/design_1/ip/design_1_axi_smc_0/bd_0/ip/ip_1/bd_afc3_psr_aclk_0_board.xdc] for cell 'design_1_i/axi_smc/inst/clk_map/psr_aclk/U0'
Finished Parsing XDC File [/home/public/Desktop/paulo/HWSW/project_matmul/project_matmul.gen/sources_1/bd/design_1/ip/design_1_axi_smc_0/bd_0/ip/ip_1/bd_afc3_psr_aclk_0_board.xdc] for cell 'design_1_i/axi_smc/inst/clk_map/psr_aclk/U0'
Parsing XDC File [/home/public/Desktop/paulo/HWSW/project_matmul/project_matmul.gen/sources_1/bd/design_1/ip/design_1_axi_smc_0/smartconnect.xdc] for cell 'design_1_i/axi_smc/inst'
Finished Parsing XDC File [/home/public/Desktop/paulo/HWSW/project_matmul/project_matmul.gen/sources_1/bd/design_1/ip/design_1_axi_smc_0/smartconnect.xdc] for cell 'design_1_i/axi_smc/inst'
Parsing XDC File [/home/public/Desktop/paulo/HWSW/project_matmul/project_matmul.gen/sources_1/bd/design_1/ip/design_1_rst_ps7_0_100M_0/design_1_rst_ps7_0_100M_0_board.xdc] for cell 'design_1_i/rst_ps7_0_100M/U0'
Finished Parsing XDC File [/home/public/Desktop/paulo/HWSW/project_matmul/project_matmul.gen/sources_1/bd/design_1/ip/design_1_rst_ps7_0_100M_0/design_1_rst_ps7_0_100M_0_board.xdc] for cell 'design_1_i/rst_ps7_0_100M/U0'
Parsing XDC File [/home/public/Desktop/paulo/HWSW/project_matmul/project_matmul.gen/sources_1/bd/design_1/ip/design_1_axi_dma_0_3/design_1_axi_dma_0_3.xdc] for cell 'design_1_i/axi_dma_0/U0'
Finished Parsing XDC File [/home/public/Desktop/paulo/HWSW/project_matmul/project_matmul.gen/sources_1/bd/design_1/ip/design_1_axi_dma_0_3/design_1_axi_dma_0_3.xdc] for cell 'design_1_i/axi_dma_0/U0'
Parsing XDC File [/home/public/Desktop/paulo/HWSW/project_matmul/project_matmul.gen/sources_1/bd/design_1/ip/design_1_axi_dma_0_3/design_1_axi_dma_0_3_clocks.xdc] for cell 'design_1_i/axi_dma_0/U0'
Finished Parsing XDC File [/home/public/Desktop/paulo/HWSW/project_matmul/project_matmul.gen/sources_1/bd/design_1/ip/design_1_axi_dma_0_3/design_1_axi_dma_0_3_clocks.xdc] for cell 'design_1_i/axi_dma_0/U0'
INFO: [Project 1-1714] 57 XPM XDC files have been applied to the design.
INFO: [Opt 31-138] Pushed 0 inverter(s) to 0 load pin(s).
Netlist sorting complete. Time (s): cpu = 00:00:00 ; elapsed = 00:00:00.01 . Memory (MB): peak = 2472.637 ; gain = 0.000 ; free physical = 7380 ; free virtual = 9107
INFO: [Project 1-111] Unisim Transformation Summary:
  A total of 5 instances were transformed.
  RAM32M => RAM32M (RAMD32(x6), RAMS32(x2)): 4 instances
  RAM32X1D => RAM32X1D (RAMD32(x2)): 1 instance 

20 Infos, 0 Warnings, 0 Critical Warnings and 0 Errors encountered.
link_design completed successfully
link_design: Time (s): cpu = 00:00:08 ; elapsed = 00:00:09 . Memory (MB): peak = 2472.672 ; gain = 905.461 ; free physical = 7369 ; free virtual = 9096
Command: opt_design
Attempting to get a license for feature 'Implementation' and/or device 'xc7z010'
INFO: [Common 17-349] Got license for feature 'Implementation' and/or device 'xc7z010'
Running DRC as a precondition to command opt_design

Starting DRC Task
INFO: [DRC 23-27] Running DRC with 8 threads
INFO: [Project 1-461] DRC finished with 0 Errors
INFO: [Project 1-462] Please refer to the DRC report (report_drc) for more information.

Time (s): cpu = 00:00:01 ; elapsed = 00:00:00.39 . Memory (MB): peak = 2527.996 ; gain = 55.324 ; free physical = 7315 ; free virtual = 9042

Starting Cache Timing Information Task
INFO: [Timing 38-35] Done setting XDC timing constraints.
Ending Cache Timing Information Task | Checksum: 1492fd4bc

Time (s): cpu = 00:00:00.4 ; elapsed = 00:00:00.24 . Memory (MB): peak = 2527.996 ; gain = 0.000 ; free physical = 7313 ; free virtual = 9041

Starting Logic Optimization Task

Phase 1 Initialization

Phase 1.1 Core Generation And Design Setup
Phase 1.1 Core Generation And Design Setup | Checksum: 1492fd4bc

Time (s): cpu = 00:00:00.01 ; elapsed = 00:00:00.01 . Memory (MB): peak = 2833.895 ; gain = 0.000 ; free physical = 7002 ; free virtual = 8730

Phase 1.2 Setup Constraints And Sort Netlist
Phase 1.2 Setup Constraints And Sort Netlist | Checksum: 1492fd4bc

Time (s): cpu = 00:00:00.02 ; elapsed = 00:00:00.02 . Memory (MB): peak = 2833.895 ; gain = 0.000 ; free physical = 7002 ; free virtual = 8730
Phase 1 Initialization | Checksum: 1492fd4bc

Time (s): cpu = 00:00:00.02 ; elapsed = 00:00:00.02 . Memory (MB): peak = 2833.895 ; gain = 0.000 ; free physical = 7002 ; free virtual = 8730

Phase 2 Timer Update And Timing Data Collection

Phase 2.1 Timer Update
Phase 2.1 Timer Update | Checksum: 1492fd4bc

Time (s): cpu = 00:00:00.3 ; elapsed = 00:00:00.1 . Memory (MB): peak = 2833.895 ; gain = 0.000 ; free physical = 7002 ; free virtual = 8730

Phase 2.2 Timing Data Collection
Phase 2.2 Timing Data Collection | Checksum: 1492fd4bc

Time (s): cpu = 00:00:00.32 ; elapsed = 00:00:00.11 . Memory (MB): peak = 2833.895 ; gain = 0.000 ; free physical = 7001 ; free virtual = 8729
Phase 2 Timer Update And Timing Data Collection | Checksum: 1492fd4bc

Time (s): cpu = 00:00:00.32 ; elapsed = 00:00:00.11 . Memory (MB): peak = 2833.895 ; gain = 0.000 ; free physical = 7001 ; free virtual = 8729

Phase 3 Retarget
INFO: [Opt 31-1851] Number of loadless carry chains removed were: 0
INFO: [Opt 31-1834] Total Chains To Be Transformed Were: 0 AND Number of Transformed insts Created are: 0
INFO: [Opt 31-1566] Pulled 3 inverters resulting in an inversion of 39 pins
INFO: [Opt 31-138] Pushed 8 inverter(s) to 36 load pin(s).
INFO: [Opt 31-49] Retargeted 0 cell(s).
Phase 3 Retarget | Checksum: 120741d3f

Time (s): cpu = 00:00:00.5 ; elapsed = 00:00:00.25 . Memory (MB): peak = 2833.895 ; gain = 0.000 ; free physical = 7000 ; free virtual = 8728
Retarget | Checksum: 120741d3f
INFO: [Opt 31-389] Phase Retarget created 94 cells and removed 192 cells
INFO: [Opt 31-1021] In phase Retarget, 107 netlist objects are constrained preventing optimization. Please run opt_design with -debug_log to get more detail. 

Phase 4 Constant propagation
INFO: [Opt 31-138] Pushed 1 inverter(s) to 1 load pin(s).
Phase 4 Constant propagation | Checksum: de204efc

Time (s): cpu = 00:00:00.57 ; elapsed = 00:00:00.32 . Memory (MB): peak = 2833.895 ; gain = 0.000 ; free physical = 7000 ; free virtual = 8728
Constant propagation | Checksum: de204efc
INFO: [Opt 31-389] Phase Constant propagation created 58 cells and removed 302 cells
INFO: [Opt 31-1021] In phase Constant propagation, 107 netlist objects are constrained preventing optimization. Please run opt_design with -debug_log to get more detail. 

Phase 5 Sweep
INFO: [Constraints 18-11670] Building netlist checker database with flags, 0x8
Done building netlist checker database: Time (s): cpu = 00:00:00 ; elapsed = 00:00:00.01 . Memory (MB): peak = 2833.895 ; gain = 0.000 ; free physical = 7000 ; free virtual = 8727
INFO: [Constraints 18-11670] Building netlist checker database with flags, 0x8
Done building netlist checker database: Time (s): cpu = 00:00:00 ; elapsed = 00:00:00.01 . Memory (MB): peak = 2833.895 ; gain = 0.000 ; free physical = 6999 ; free virtual = 8727
Phase 5 Sweep | Checksum: d998bf99

Time (s): cpu = 00:00:00.92 ; elapsed = 00:00:00.68 . Memory (MB): peak = 2833.895 ; gain = 0.000 ; free physical = 7000 ; free virtual = 8728
Sweep | Checksum: d998bf99
INFO: [Opt 31-389] Phase Sweep created 0 cells and removed 334 cells
INFO: [Opt 31-1021] In phase Sweep, 197 netlist objects are constrained preventing optimization. Please run opt_design with -debug_log to get more detail. 

Phase 6 BUFG optimization
Phase 6 BUFG optimization | Checksum: d998bf99

Time (s): cpu = 00:00:01 ; elapsed = 00:00:00.73 . Memory (MB): peak = 2865.910 ; gain = 32.016 ; free physical = 6999 ; free virtual = 8727
BUFG optimization | Checksum: d998bf99
INFO: [Opt 31-662] Phase BUFG optimization created 0 cells of which 0 are BUFGs and removed 0 cells.

Phase 7 Shift Register Optimization
INFO: [Opt 31-1064] SRL Remap converted 0 SRLs to 0 registers and converted 0 registers of register chains to 0 SRLs
Phase 7 Shift Register Optimization | Checksum: d998bf99

Time (s): cpu = 00:00:01 ; elapsed = 00:00:00.75 . Memory (MB): peak = 2865.910 ; gain = 32.016 ; free physical = 6999 ; free virtual = 8727
Shift Register Optimization | Checksum: d998bf99
INFO: [Opt 31-389] Phase Shift Register Optimization created 0 cells and removed 0 cells

Phase 8 Post Processing Netlist
Phase 8 Post Processing Netlist | Checksum: e456b8ef

Time (s): cpu = 00:00:01 ; elapsed = 00:00:00.78 . Memory (MB): peak = 2865.910 ; gain = 32.016 ; free physical = 6999 ; free virtual = 8727
Post Processing Netlist | Checksum: e456b8ef
INFO: [Opt 31-389] Phase Post Processing Netlist created 0 cells and removed 0 cells
INFO: [Opt 31-1021] In phase Post Processing Netlist, 128 netlist objects are constrained preventing optimization. Please run opt_design with -debug_log to get more detail. 

Phase 9 Finalization

Phase 9.1 Finalizing Design Cores and Updating Shapes
Phase 9.1 Finalizing Design Cores and Updating Shapes | Checksum: 21a74f4b3

Time (s): cpu = 00:00:01 ; elapsed = 00:00:00.88 . Memory (MB): peak = 2865.910 ; gain = 32.016 ; free physical = 6999 ; free virtual = 8727

Phase 9.2 Verifying Netlist Connectivity

Starting Connectivity Check Task

Time (s): cpu = 00:00:00.01 ; elapsed = 00:00:00.01 . Memory (MB): peak = 2865.910 ; gain = 0.000 ; free physical = 6999 ; free virtual = 8727
Phase 9.2 Verifying Netlist Connectivity | Checksum: 21a74f4b3

Time (s): cpu = 00:00:01 ; elapsed = 00:00:00.89 . Memory (MB): peak = 2865.910 ; gain = 32.016 ; free physical = 6999 ; free virtual = 8727
Phase 9 Finalization | Checksum: 21a74f4b3

Time (s): cpu = 00:00:01 ; elapsed = 00:00:00.89 . Memory (MB): peak = 2865.910 ; gain = 32.016 ; free physical = 6999 ; free virtual = 8727
Opt_design Change Summary
=========================


-------------------------------------------------------------------------------------------------------------------------
|  Phase                        |  #Cells created  |  #Cells Removed  |  #Constrained objects preventing optimizations  |
-------------------------------------------------------------------------------------------------------------------------
|  Retarget                     |              94  |             192  |                                            107  |
|  Constant propagation         |              58  |             302  |                                            107  |
|  Sweep                        |               0  |             334  |                                            197  |
|  BUFG optimization            |               0  |               0  |                                              0  |
|  Shift Register Optimization  |               0  |               0  |                                              0  |
|  Post Processing Netlist      |               0  |               0  |                                            128  |
-------------------------------------------------------------------------------------------------------------------------


Ending Logic Optimization Task | Checksum: 21a74f4b3

Time (s): cpu = 00:00:01 ; elapsed = 00:00:00.89 . Memory (MB): peak = 2865.910 ; gain = 32.016 ; free physical = 6999 ; free virtual = 8727

Starting Power Optimization Task
INFO: [Pwropt 34-132] Skipping clock gating for clocks with a period < 2.00 ns.
INFO: [Timing 38-35] Done setting XDC timing constraints.
INFO: [Pwropt 34-9] Applying IDT optimizations ...
INFO: [Pwropt 34-10] Applying ODC optimizations ...
Running Vector-less Activity Propagation...

Finished Running Vector-less Activity Propagation


Starting PowerOpt Patch Enables Task
INFO: [Pwropt 34-162] WRITE_MODE attribute of 0 BRAM(s) out of a total of 11 has been updated to save power. Run report_power_opt to get a complete listing of the BRAMs updated.
INFO: [Pwropt 34-201] Structural ODC has moved 0 WE to EN ports
Number of BRAM Ports augmented: 20 newly gated: 0 Total Ports: 22
Ending PowerOpt Patch Enables Task | Checksum: 1a8d765f7

Time (s): cpu = 00:00:00.08 ; elapsed = 00:00:00.06 . Memory (MB): peak = 3178.980 ; gain = 0.000 ; free physical = 6862 ; free virtual = 8594
Ending Power Optimization Task | Checksum: 1a8d765f7

Time (s): cpu = 00:00:02 ; elapsed = 00:00:01 . Memory (MB): peak = 3178.980 ; gain = 313.070 ; free physical = 6862 ; free virtual = 8594

Starting Final Cleanup Task

Starting Logic Optimization Task
INFO: [Timing 38-35] Done setting XDC timing constraints.
Ending Logic Optimization Task | Checksum: 18a3d0ddd

Time (s): cpu = 00:00:00.72 ; elapsed = 00:00:00.39 . Memory (MB): peak = 3178.980 ; gain = 0.000 ; free physical = 6847 ; free virtual = 8579
Ending Final Cleanup Task | Checksum: 18a3d0ddd

Time (s): cpu = 00:00:02 ; elapsed = 00:00:02 . Memory (MB): peak = 3178.980 ; gain = 0.000 ; free physical = 6847 ; free virtual = 8579

Starting Netlist Obfuscation Task
Netlist sorting complete. Time (s): cpu = 00:00:00 ; elapsed = 00:00:00 . Memory (MB): peak = 3178.980 ; gain = 0.000 ; free physical = 6847 ; free virtual = 8579
Ending Netlist Obfuscation Task | Checksum: 18a3d0ddd

Time (s): cpu = 00:00:00.01 ; elapsed = 00:00:00 . Memory (MB): peak = 3178.980 ; gain = 0.000 ; free physical = 6847 ; free virtual = 8579
INFO: [Common 17-83] Releasing license: Implementation
52 Infos, 0 Warnings, 0 Critical Warnings and 0 Errors encountered.
opt_design completed successfully
opt_design: Time (s): cpu = 00:00:09 ; elapsed = 00:00:06 . Memory (MB): peak = 3178.980 ; gain = 706.309 ; free physical = 6847 ; free virtual = 8579
INFO: [Vivado 12-24828] Executing command : report_drc -file design_1_wrapper_drc_opted.rpt -pb design_1_wrapper_drc_opted.pb -rpx design_1_wrapper_drc_opted.rpx
Command: report_drc -file design_1_wrapper_drc_opted.rpt -pb design_1_wrapper_drc_opted.pb -rpx design_1_wrapper_drc_opted.rpx
INFO: [IP_Flow 19-1839] IP Catalog is up to date.
INFO: [DRC 23-27] Running DRC with 8 threads
INFO: [Vivado_Tcl 2-168] The results of DRC are in file /home/public/Desktop/paulo/HWSW/project_matmul/project_matmul.runs/impl_1/design_1_wrapper_drc_opted.rpt.
report_drc completed successfully
INFO: [Timing 38-480] Writing timing data to binary archive.
Wrote PlaceDB: Time (s): cpu = 00:00:00.04 ; elapsed = 00:00:00.01 . Memory (MB): peak = 3178.980 ; gain = 0.000 ; free physical = 6823 ; free virtual = 8556
Wrote PulsedLatchDB: Time (s): cpu = 00:00:00 ; elapsed = 00:00:00 . Memory (MB): peak = 3178.980 ; gain = 0.000 ; free physical = 6822 ; free virtual = 8556
Writing XDEF routing.
Write ShapeDB Complete: Time (s): cpu = 00:00:00.04 ; elapsed = 00:00:00.01 . Memory (MB): peak = 3178.980 ; gain = 0.000 ; free physical = 6822 ; free virtual = 8556
Writing XDEF routing logical nets.
Writing XDEF routing special nets.
Wrote RouteStorage: Time (s): cpu = 00:00:00.07 ; elapsed = 00:00:00.02 . Memory (MB): peak = 3178.980 ; gain = 0.000 ; free physical = 6822 ; free virtual = 8556
Wrote Netlist Cache: Time (s): cpu = 00:00:00.01 ; elapsed = 00:00:00 . Memory (MB): peak = 3178.980 ; gain = 0.000 ; free physical = 6822 ; free virtual = 8556
Wrote Device Cache: Time (s): cpu = 00:00:00.01 ; elapsed = 00:00:00.01 . Memory (MB): peak = 3178.980 ; gain = 0.000 ; free physical = 6821 ; free virtual = 8556
Write Physdb Complete: Time (s): cpu = 00:00:00.14 ; elapsed = 00:00:00.04 . Memory (MB): peak = 3178.980 ; gain = 0.000 ; free physical = 6821 ; free virtual = 8556
INFO: [Common 17-1381] The checkpoint '/home/public/Desktop/paulo/HWSW/project_matmul/project_matmul.runs/impl_1/design_1_wrapper_opt.dcp' has been generated.
Command: place_design
Attempting to get a license for feature 'Implementation' and/or device 'xc7z010'
INFO: [Common 17-349] Got license for feature 'Implementation' and/or device 'xc7z010'
INFO: [Common 17-83] Releasing license: Implementation
INFO: [DRC 23-27] Running DRC with 8 threads
INFO: [Vivado_Tcl 4-198] DRC finished with 0 Errors
INFO: [Vivado_Tcl 4-199] Please refer to the DRC report (report_drc) for more information.
Running DRC as a precondition to command place_design
INFO: [DRC 23-27] Running DRC with 8 threads
INFO: [Vivado_Tcl 4-198] DRC finished with 0 Errors, 8 Warnings, 1 Advisories
INFO: [Vivado_Tcl 4-199] Please refer to the DRC report (report_drc) for more information.
INFO: [Place 30-611] Multithreading enabled for place_design using a maximum of 8 CPUs

Starting Placer Task

Phase 1 Placer Initialization

Phase 1.1 Placer Initialization Netlist Sorting
Netlist sorting complete. Time (s): cpu = 00:00:00.01 ; elapsed = 00:00:00 . Memory (MB): peak = 3178.980 ; gain = 0.000 ; free physical = 6806 ; free virtual = 8542
Phase 1.1 Placer Initialization Netlist Sorting | Checksum: 10659b9e3

Time (s): cpu = 00:00:00.01 ; elapsed = 00:00:00.01 . Memory (MB): peak = 3178.980 ; gain = 0.000 ; free physical = 6806 ; free virtual = 8542
Netlist sorting complete. Time (s): cpu = 00:00:00.01 ; elapsed = 00:00:00.01 . Memory (MB): peak = 3178.980 ; gain = 0.000 ; free physical = 6806 ; free virtual = 8542

Phase 1.2 IO Placement/ Clock Placement/ Build Placer Device
INFO: [Timing 38-35] Done setting XDC timing constraints.
Phase 1.2 IO Placement/ Clock Placement/ Build Placer Device | Checksum: 11ca99431

Time (s): cpu = 00:00:01 ; elapsed = 00:00:00.52 . Memory (MB): peak = 3178.980 ; gain = 0.000 ; free physical = 6806 ; free virtual = 8543

Phase 1.3 Build Placer Netlist Model
Phase 1.3 Build Placer Netlist Model | Checksum: 27237a388

Time (s): cpu = 00:00:03 ; elapsed = 00:00:01 . Memory (MB): peak = 3178.980 ; gain = 0.000 ; free physical = 6802 ; free virtual = 8539

Phase 1.4 Constrain Clocks/Macros
Phase 1.4 Constrain Clocks/Macros | Checksum: 27237a388

Time (s): cpu = 00:00:03 ; elapsed = 00:00:01 . Memory (MB): peak = 3178.980 ; gain = 0.000 ; free physical = 6801 ; free virtual = 8539
Phase 1 Placer Initialization | Checksum: 27237a388

Time (s): cpu = 00:00:03 ; elapsed = 00:00:01 . Memory (MB): peak = 3178.980 ; gain = 0.000 ; free physical = 6801 ; free virtual = 8539

Phase 2 Global Placement

Phase 2.1 Floorplanning
Phase 2.1 Floorplanning | Checksum: 230a5c06c

Time (s): cpu = 00:00:03 ; elapsed = 00:00:01 . Memory (MB): peak = 3178.980 ; gain = 0.000 ; free physical = 6781 ; free virtual = 8519

Phase 2.2 Update Timing before SLR Path Opt
Phase 2.2 Update Timing before SLR Path Opt | Checksum: 1ef026981

Time (s): cpu = 00:00:04 ; elapsed = 00:00:02 . Memory (MB): peak = 3178.980 ; gain = 0.000 ; free physical = 6791 ; free virtual = 8528

Phase 2.3 Post-Processing in Floorplanning
Phase 2.3 Post-Processing in Floorplanning | Checksum: 1ef026981

Time (s): cpu = 00:00:04 ; elapsed = 00:00:02 . Memory (MB): peak = 3178.980 ; gain = 0.000 ; free physical = 6791 ; free virtual = 8528

Phase 2.4 Global Place Phase1
Phase 2.4 Global Place Phase1 | Checksum: 30107ea52

Time (s): cpu = 00:00:10 ; elapsed = 00:00:03 . Memory (MB): peak = 3178.980 ; gain = 0.000 ; free physical = 6781 ; free virtual = 8519

Phase 2.5 Global Place Phase2

Phase 2.5.1 UpdateTiming Before Physical Synthesis
Phase 2.5.1 UpdateTiming Before Physical Synthesis | Checksum: 30107ea52

Time (s): cpu = 00:00:10 ; elapsed = 00:00:03 . Memory (MB): peak = 3178.980 ; gain = 0.000 ; free physical = 6781 ; free virtual = 8519

Phase 2.5.2 Physical Synthesis In Placer
INFO: [Physopt 32-1035] Found 0 LUTNM shape to break, 442 LUT instances to create LUTNM shape
INFO: [Physopt 32-1044] Break lutnm for timing: one critical 0, two critical 0, total 0, new lutff created 0
INFO: [Physopt 32-1138] End 1 Pass. Optimized 177 nets or LUTs. Breaked 0 LUT, combined 177 existing LUTs and moved 0 existing LUT
INFO: [Physopt 32-65] No nets found for high-fanout optimization.
INFO: [Physopt 32-232] Optimized 0 net. Created 0 new instance.
INFO: [Physopt 32-775] End 1 Pass. Optimized 0 net or cell. Created 0 new cell, deleted 0 existing cell and moved 0 existing cell
INFO: [Physopt 32-670] No setup violation found.  DSP Register Optimization was not performed.
INFO: [Physopt 32-670] No setup violation found.  Shift Register to Pipeline Optimization was not performed.
INFO: [Physopt 32-670] No setup violation found.  Shift Register Optimization was not performed.
INFO: [Physopt 32-670] No setup violation found.  BRAM Register Optimization was not performed.
INFO: [Physopt 32-670] No setup violation found.  URAM Register Optimization was not performed.
INFO: [Physopt 32-949] No candidate nets found for dynamic/static region interface net replication
INFO: [Physopt 32-775] End 1 Pass. Optimized 0 net or cell. Created 0 new cell, deleted 0 existing cell and moved 0 existing cell
Netlist sorting complete. Time (s): cpu = 00:00:00.01 ; elapsed = 00:00:00 . Memory (MB): peak = 3178.980 ; gain = 0.000 ; free physical = 6781 ; free virtual = 8522

Summary of Physical Synthesis Optimizations
============================================


-----------------------------------------------------------------------------------------------------------------------------------------------------------
|  Optimization                                     |  Added Cells  |  Removed Cells  |  Optimized Cells/Nets  |  Dont Touch  |  Iterations  |  Elapsed   |
-----------------------------------------------------------------------------------------------------------------------------------------------------------
|  LUT Combining                                    |            0  |            177  |                   177  |           0  |           1  |  00:00:00  |
|  Retime                                           |            0  |              0  |                     0  |           0  |           1  |  00:00:00  |
|  Very High Fanout                                 |            0  |              0  |                     0  |           0  |           1  |  00:00:00  |
|  DSP Register                                     |            0  |              0  |                     0  |           0  |           0  |  00:00:00  |
|  Shift Register to Pipeline                       |            0  |              0  |                     0  |           0  |           0  |  00:00:00  |
|  Shift Register                                   |            0  |              0  |                     0  |           0  |           0  |  00:00:00  |
|  BRAM Register                                    |            0  |              0  |                     0  |           0  |           0  |  00:00:00  |
|  URAM Register                                    |            0  |              0  |                     0  |           0  |           0  |  00:00:00  |
|  Dynamic/Static Region Interface Net Replication  |            0  |              0  |                     0  |           0  |           1  |  00:00:00  |
|  Total                                            |            0  |            177  |                   177  |           0  |           4  |  00:00:00  |
-----------------------------------------------------------------------------------------------------------------------------------------------------------


Phase 2.5.2 Physical Synthesis In Placer | Checksum: 3467b46df

Time (s): cpu = 00:00:11 ; elapsed = 00:00:04 . Memory (MB): peak = 3178.980 ; gain = 0.000 ; free physical = 6781 ; free virtual = 8522
Phase 2.5 Global Place Phase2 | Checksum: 33375c9a8

Time (s): cpu = 00:00:12 ; elapsed = 00:00:04 . Memory (MB): peak = 3178.980 ; gain = 0.000 ; free physical = 6780 ; free virtual = 8521
Phase 2 Global Placement | Checksum: 33375c9a8

Time (s): cpu = 00:00:12 ; elapsed = 00:00:04 . Memory (MB): peak = 3178.980 ; gain = 0.000 ; free physical = 6780 ; free virtual = 8521

Phase 3 Detail Placement

Phase 3.1 Commit Multi Column Macros
Phase 3.1 Commit Multi Column Macros | Checksum: 2ac30c92f

Time (s): cpu = 00:00:12 ; elapsed = 00:00:04 . Memory (MB): peak = 3178.980 ; gain = 0.000 ; free physical = 6780 ; free virtual = 8521

Phase 3.2 Commit Most Macros & LUTRAMs
Phase 3.2 Commit Most Macros & LUTRAMs | Checksum: 2fb56faba

Time (s): cpu = 00:00:13 ; elapsed = 00:00:05 . Memory (MB): peak = 3178.980 ; gain = 0.000 ; free physical = 6780 ; free virtual = 8521

Phase 3.3 Area Swap Optimization
Phase 3.3 Area Swap Optimization | Checksum: 351af6104

Time (s): cpu = 00:00:13 ; elapsed = 00:00:05 . Memory (MB): peak = 3178.980 ; gain = 0.000 ; free physical = 6780 ; free virtual = 8521

Phase 3.4 Pipeline Register Optimization
Phase 3.4 Pipeline Register Optimization | Checksum: 29216d2ac

Time (s): cpu = 00:00:13 ; elapsed = 00:00:05 . Memory (MB): peak = 3178.980 ; gain = 0.000 ; free physical = 6780 ; free virtual = 8521

Phase 3.5 Small Shape Detail Placement
Phase 3.5 Small Shape Detail Placement | Checksum: 324151247

Time (s): cpu = 00:00:14 ; elapsed = 00:00:06 . Memory (MB): peak = 3178.980 ; gain = 0.000 ; free physical = 6781 ; free virtual = 8522

Phase 3.6 Re-assign LUT pins
Phase 3.6 Re-assign LUT pins | Checksum: 28b74ad6f

Time (s): cpu = 00:00:15 ; elapsed = 00:00:06 . Memory (MB): peak = 3178.980 ; gain = 0.000 ; free physical = 6781 ; free virtual = 8522

Phase 3.7 Pipeline Register Optimization
Phase 3.7 Pipeline Register Optimization | Checksum: 2a073fceb

Time (s): cpu = 00:00:15 ; elapsed = 00:00:06 . Memory (MB): peak = 3178.980 ; gain = 0.000 ; free physical = 6781 ; free virtual = 8522
Phase 3 Detail Placement | Checksum: 2a073fceb

Time (s): cpu = 00:00:15 ; elapsed = 00:00:06 . Memory (MB): peak = 3178.980 ; gain = 0.000 ; free physical = 6781 ; free virtual = 8522

Phase 4 Post Placement Optimization and Clean-Up

Phase 4.1 Post Commit Optimization
INFO: [Timing 38-35] Done setting XDC timing constraints.

Phase 4.1.1 Post Placement Optimization
Post Placement Optimization Initialization | Checksum: 20e6c088b

Phase 4.1.1.1 BUFG Insertion

Starting Physical Synthesis Task

Phase 1 Physical Synthesis Initialization
INFO: [Physopt 32-721] Multithreading enabled for phys_opt_design using a maximum of 8 CPUs
INFO: [Physopt 32-619] Estimated Timing Summary | WNS=1.671 | TNS=0.000 |
Phase 1 Physical Synthesis Initialization | Checksum: 1ce6fa9cd

Time (s): cpu = 00:00:00.19 ; elapsed = 00:00:00.05 . Memory (MB): peak = 3178.980 ; gain = 0.000 ; free physical = 6892 ; free virtual = 8633
INFO: [Place 46-56] BUFG insertion identified 0 candidate nets. Inserted BUFG: 0, Replicated BUFG Driver: 0, Skipped due to Placement/Routing Conflicts: 0, Skipped due to Timing Degradation: 0, Skipped due to netlist editing failed: 0.
Ending Physical Synthesis Task | Checksum: 1f84e44b3

Time (s): cpu = 00:00:00.24 ; elapsed = 00:00:00.07 . Memory (MB): peak = 3178.980 ; gain = 0.000 ; free physical = 6892 ; free virtual = 8633
Phase 4.1.1.1 BUFG Insertion | Checksum: 20e6c088b

Time (s): cpu = 00:00:17 ; elapsed = 00:00:07 . Memory (MB): peak = 3178.980 ; gain = 0.000 ; free physical = 6892 ; free virtual = 8633

Phase 4.1.1.2 Post Placement Timing Optimization
INFO: [Place 30-746] Post Placement Timing Summary WNS=1.671. For the most accurate timing information please run report_timing.
Phase 4.1.1.2 Post Placement Timing Optimization | Checksum: 24a9a3189

Time (s): cpu = 00:00:17 ; elapsed = 00:00:07 . Memory (MB): peak = 3178.980 ; gain = 0.000 ; free physical = 6891 ; free virtual = 8633

Time (s): cpu = 00:00:17 ; elapsed = 00:00:07 . Memory (MB): peak = 3178.980 ; gain = 0.000 ; free physical = 6891 ; free virtual = 8633
Phase 4.1 Post Commit Optimization | Checksum: 24a9a3189

Time (s): cpu = 00:00:17 ; elapsed = 00:00:07 . Memory (MB): peak = 3178.980 ; gain = 0.000 ; free physical = 6891 ; free virtual = 8633

Phase 4.2 Post Placement Cleanup
Phase 4.2 Post Placement Cleanup | Checksum: 24a9a3189

Time (s): cpu = 00:00:17 ; elapsed = 00:00:07 . Memory (MB): peak = 3178.980 ; gain = 0.000 ; free physical = 6891 ; free virtual = 8633

Phase 4.3 Placer Reporting

Phase 4.3.1 Print Estimated Congestion
INFO: [Place 30-612] Post-Placement Estimated Congestion 
 ____________________________________________________
|           | Global Congestion | Short Congestion  |
| Direction | Region Size       | Region Size       |
|___________|___________________|___________________|
|      North|                1x1|                2x2|
|___________|___________________|___________________|
|      South|                1x1|                2x2|
|___________|___________________|___________________|
|       East|                1x1|                1x1|
|___________|___________________|___________________|
|       West|                1x1|                1x1|
|___________|___________________|___________________|

Phase 4.3.1 Print Estimated Congestion | Checksum: 24a9a3189

Time (s): cpu = 00:00:17 ; elapsed = 00:00:07 . Memory (MB): peak = 3178.980 ; gain = 0.000 ; free physical = 6891 ; free virtual = 8633
Phase 4.3 Placer Reporting | Checksum: 24a9a3189

Time (s): cpu = 00:00:17 ; elapsed = 00:00:07 . Memory (MB): peak = 3178.980 ; gain = 0.000 ; free physical = 6891 ; free virtual = 8633

Phase 4.4 Final Placement Cleanup
Netlist sorting complete. Time (s): cpu = 00:00:00 ; elapsed = 00:00:00 . Memory (MB): peak = 3178.980 ; gain = 0.000 ; free physical = 6891 ; free virtual = 8633

Time (s): cpu = 00:00:17 ; elapsed = 00:00:07 . Memory (MB): peak = 3178.980 ; gain = 0.000 ; free physical = 6891 ; free virtual = 8633
Phase 4 Post Placement Optimization and Clean-Up | Checksum: 26991a9c5

Time (s): cpu = 00:00:17 ; elapsed = 00:00:07 . Memory (MB): peak = 3178.980 ; gain = 0.000 ; free physical = 6891 ; free virtual = 8633
Ending Placer Task | Checksum: 1936268f5

Time (s): cpu = 00:00:17 ; elapsed = 00:00:07 . Memory (MB): peak = 3178.980 ; gain = 0.000 ; free physical = 6891 ; free virtual = 8633
87 Infos, 0 Warnings, 0 Critical Warnings and 0 Errors encountered.
place_design completed successfully
place_design: Time (s): cpu = 00:00:20 ; elapsed = 00:00:07 . Memory (MB): peak = 3178.980 ; gain = 0.000 ; free physical = 6891 ; free virtual = 8633
INFO: [Vivado 12-24838] Running report commands "report_control_sets, report_io, report_utilization" in parallel.
Running report generation with 3 threads.
INFO: [Vivado 12-24828] Executing command : report_control_sets -verbose -file design_1_wrapper_control_sets_placed.rpt
report_control_sets: Time (s): cpu = 00:00:00.18 ; elapsed = 00:00:00.14 . Memory (MB): peak = 3178.980 ; gain = 0.000 ; free physical = 6868 ; free virtual = 8609
INFO: [Vivado 12-24828] Executing command : report_utilization -file design_1_wrapper_utilization_placed.rpt -pb design_1_wrapper_utilization_placed.pb
INFO: [Vivado 12-24828] Executing command : report_io -file design_1_wrapper_io_placed.rpt
report_io: Time (s): cpu = 00:00:00.26 ; elapsed = 00:00:00.21 . Memory (MB): peak = 3178.980 ; gain = 0.000 ; free physical = 6880 ; free virtual = 8621
INFO: [Timing 38-480] Writing timing data to binary archive.
Write ShapeDB Complete: Time (s): cpu = 00:00:00.07 ; elapsed = 00:00:00.01 . Memory (MB): peak = 3178.980 ; gain = 0.000 ; free physical = 6879 ; free virtual = 8623
Wrote PlaceDB: Time (s): cpu = 00:00:00.68 ; elapsed = 00:00:00.2 . Memory (MB): peak = 3178.980 ; gain = 0.000 ; free physical = 6850 ; free virtual = 8600
Wrote PulsedLatchDB: Time (s): cpu = 00:00:00 ; elapsed = 00:00:00 . Memory (MB): peak = 3178.980 ; gain = 0.000 ; free physical = 6850 ; free virtual = 8600
Writing XDEF routing.
Writing XDEF routing logical nets.
Writing XDEF routing special nets.
Wrote RouteStorage: Time (s): cpu = 00:00:00.06 ; elapsed = 00:00:00.02 . Memory (MB): peak = 3178.980 ; gain = 0.000 ; free physical = 6850 ; free virtual = 8600
Wrote Netlist Cache: Time (s): cpu = 00:00:00.02 ; elapsed = 00:00:00 . Memory (MB): peak = 3178.980 ; gain = 0.000 ; free physical = 6849 ; free virtual = 8601
Wrote Device Cache: Time (s): cpu = 00:00:00.01 ; elapsed = 00:00:00.01 . Memory (MB): peak = 3178.980 ; gain = 0.000 ; free physical = 6848 ; free virtual = 8600
Write Physdb Complete: Time (s): cpu = 00:00:00.79 ; elapsed = 00:00:00.24 . Memory (MB): peak = 3178.980 ; gain = 0.000 ; free physical = 6848 ; free virtual = 8600
INFO: [Common 17-1381] The checkpoint '/home/public/Desktop/paulo/HWSW/project_matmul/project_matmul.runs/impl_1/design_1_wrapper_placed.dcp' has been generated.
Command: phys_opt_design
Attempting to get a license for feature 'Implementation' and/or device 'xc7z010'
INFO: [Common 17-349] Got license for feature 'Implementation' and/or device 'xc7z010'

Starting Initial Update Timing Task

Time (s): cpu = 00:00:01 ; elapsed = 00:00:00.27 . Memory (MB): peak = 3178.980 ; gain = 0.000 ; free physical = 6862 ; free virtual = 8608
INFO: [Vivado_Tcl 4-2279] Estimated Timing Summary | WNS= 1.671 | TNS= 0.000 | 
INFO: [Vivado_Tcl 4-383] Design worst setup slack (WNS) is greater than or equal to 0.000 ns. All physical synthesis setup optimizations will be skipped.
INFO: [Vivado_Tcl 4-232] No setup violation found. The netlist was not modified.
INFO: [Common 17-83] Releasing license: Implementation
98 Infos, 0 Warnings, 0 Critical Warnings and 0 Errors encountered.
phys_opt_design completed successfully
INFO: [Timing 38-480] Writing timing data to binary archive.
Write ShapeDB Complete: Time (s): cpu = 00:00:00.06 ; elapsed = 00:00:00.02 . Memory (MB): peak = 3178.980 ; gain = 0.000 ; free physical = 6859 ; free virtual = 8606
Wrote PlaceDB: Time (s): cpu = 00:00:00.62 ; elapsed = 00:00:00.19 . Memory (MB): peak = 3178.980 ; gain = 0.000 ; free physical = 6837 ; free virtual = 8591
Wrote PulsedLatchDB: Time (s): cpu = 00:00:00 ; elapsed = 00:00:00 . Memory (MB): peak = 3178.980 ; gain = 0.000 ; free physical = 6837 ; free virtual = 8591
Writing XDEF routing.
Writing XDEF routing logical nets.
Writing XDEF routing special nets.
Wrote RouteStorage: Time (s): cpu = 00:00:00.04 ; elapsed = 00:00:00.02 . Memory (MB): peak = 3178.980 ; gain = 0.000 ; free physical = 6837 ; free virtual = 8591
Wrote Netlist Cache: Time (s): cpu = 00:00:00.01 ; elapsed = 00:00:00.01 . Memory (MB): peak = 3178.980 ; gain = 0.000 ; free physical = 6836 ; free virtual = 8591
Wrote Device Cache: Time (s): cpu = 00:00:00.02 ; elapsed = 00:00:00 . Memory (MB): peak = 3178.980 ; gain = 0.000 ; free physical = 6835 ; free virtual = 8590
Write Physdb Complete: Time (s): cpu = 00:00:00.7 ; elapsed = 00:00:00.23 . Memory (MB): peak = 3178.980 ; gain = 0.000 ; free physical = 6835 ; free virtual = 8591
INFO: [Common 17-1381] The checkpoint '/home/public/Desktop/paulo/HWSW/project_matmul/project_matmul.runs/impl_1/design_1_wrapper_physopt.dcp' has been generated.
Command: route_design
Attempting to get a license for feature 'Implementation' and/or device 'xc7z010'
INFO: [Common 17-349] Got license for feature 'Implementation' and/or device 'xc7z010'


Starting Routing Task
INFO: [Route 35-254] Multithreading enabled for route_design using a maximum of 8 CPUs

Phase 1 Build RT Design
Checksum: PlaceDB: 5a475b8d ConstDB: 0 ShapeSum: cf82b63d RouteDB: 6998572b
Post Restoration Checksum: NetGraph: 10f3d66d | NumContArr: 13516137 | Constraints: c2a8fa9d | Timing: c2a8fa9d
Phase 1 Build RT Design | Checksum: 1a9972cde

Time (s): cpu = 00:00:08 ; elapsed = 00:00:06 . Memory (MB): peak = 3178.980 ; gain = 0.000 ; free physical = 6838 ; free virtual = 8589

Phase 2 Router Initialization

Phase 2.1 Fix Topology Constraints
Phase 2.1 Fix Topology Constraints | Checksum: 1a9972cde

Time (s): cpu = 00:00:08 ; elapsed = 00:00:06 . Memory (MB): peak = 3178.980 ; gain = 0.000 ; free physical = 6809 ; free virtual = 8560

Phase 2.2 Pre Route Cleanup
Phase 2.2 Pre Route Cleanup | Checksum: 1a9972cde

Time (s): cpu = 00:00:08 ; elapsed = 00:00:06 . Memory (MB): peak = 3178.980 ; gain = 0.000 ; free physical = 6805 ; free virtual = 8556
 Number of Nodes with overlaps = 0

Phase 2.3 Update Timing
Phase 2.3 Update Timing | Checksum: 31836fe94

Time (s): cpu = 00:00:10 ; elapsed = 00:00:07 . Memory (MB): peak = 3178.980 ; gain = 0.000 ; free physical = 6769 ; free virtual = 8522
INFO: [Route 35-416] Intermediate Timing Summary | WNS=1.737  | TNS=0.000  | WHS=-0.214 | THS=-114.179|


Phase 2.4 Soft Constraint Pins - Fast Budgeting
Phase 2.4 Soft Constraint Pins - Fast Budgeting | Checksum: 2673a3948

Time (s): cpu = 00:00:11 ; elapsed = 00:00:07 . Memory (MB): peak = 3178.980 ; gain = 0.000 ; free physical = 6754 ; free virtual = 8506

Router Utilization Summary
  Global Vertical Routing Utilization    = 0 %
  Global Horizontal Routing Utilization  = 0 %
  Routable Net Status*
  *Does not include unroutable nets such as driverless and loadless.
  Run report_route_status for detailed report.
  Number of Failed Nets               = 6914
    (Failed Nets is the sum of unrouted and partially routed nets)
  Number of Unrouted Nets             = 6914
  Number of Partially Routed Nets     = 0
  Number of Node Overlaps             = 0

Phase 2 Router Initialization | Checksum: 2d1a48521

Time (s): cpu = 00:00:11 ; elapsed = 00:00:07 . Memory (MB): peak = 3178.980 ; gain = 0.000 ; free physical = 6749 ; free virtual = 8501

Phase 3 Global Routing
Phase 3 Global Routing | Checksum: 2d1a48521

Time (s): cpu = 00:00:11 ; elapsed = 00:00:07 . Memory (MB): peak = 3178.980 ; gain = 0.000 ; free physical = 6749 ; free virtual = 8501

Phase 4 Initial Routing

Phase 4.1 Initial Net Routing Pass
Phase 4.1 Initial Net Routing Pass | Checksum: 1a052e808

Time (s): cpu = 00:00:12 ; elapsed = 00:00:07 . Memory (MB): peak = 3178.980 ; gain = 0.000 ; free physical = 6748 ; free virtual = 8501
Phase 4 Initial Routing | Checksum: 1a052e808

Time (s): cpu = 00:00:12 ; elapsed = 00:00:07 . Memory (MB): peak = 3178.980 ; gain = 0.000 ; free physical = 6748 ; free virtual = 8501

Phase 5 Rip-up And Reroute

Phase 5.1 Global Iteration 0
 Number of Nodes with overlaps = 437
 Number of Nodes with overlaps = 23
 Number of Nodes with overlaps = 5
 Number of Nodes with overlaps = 0
INFO: [Route 35-416] Intermediate Timing Summary | WNS=1.745  | TNS=0.000  | WHS=N/A    | THS=N/A    |

Phase 5.1 Global Iteration 0 | Checksum: 23355554d

Time (s): cpu = 00:00:15 ; elapsed = 00:00:08 . Memory (MB): peak = 3178.980 ; gain = 0.000 ; free physical = 6752 ; free virtual = 8505

Phase 5.2 Global Iteration 1
 Number of Nodes with overlaps = 8
 Number of Nodes with overlaps = 0
INFO: [Route 35-416] Intermediate Timing Summary | WNS=1.745  | TNS=0.000  | WHS=N/A    | THS=N/A    |

Phase 5.2 Global Iteration 1 | Checksum: 1eb19a83b

Time (s): cpu = 00:00:15 ; elapsed = 00:00:08 . Memory (MB): peak = 3178.980 ; gain = 0.000 ; free physical = 6752 ; free virtual = 8505
Phase 5 Rip-up And Reroute | Checksum: 1eb19a83b

Time (s): cpu = 00:00:15 ; elapsed = 00:00:08 . Memory (MB): peak = 3178.980 ; gain = 0.000 ; free physical = 6752 ; free virtual = 8505

Phase 6 Delay and Skew Optimization

Phase 6.1 Delay CleanUp

Phase 6.1.1 Update Timing
Phase 6.1.1 Update Timing | Checksum: 2896cd9ea

Time (s): cpu = 00:00:15 ; elapsed = 00:00:08 . Memory (MB): peak = 3178.980 ; gain = 0.000 ; free physical = 6752 ; free virtual = 8505
INFO: [Route 35-416] Intermediate Timing Summary | WNS=1.894  | TNS=0.000  | WHS=N/A    | THS=N/A    |

Phase 6.1 Delay CleanUp | Checksum: 2896cd9ea

Time (s): cpu = 00:00:15 ; elapsed = 00:00:08 . Memory (MB): peak = 3178.980 ; gain = 0.000 ; free physical = 6752 ; free virtual = 8505

Phase 6.2 Clock Skew Optimization
Phase 6.2 Clock Skew Optimization | Checksum: 2896cd9ea

Time (s): cpu = 00:00:15 ; elapsed = 00:00:08 . Memory (MB): peak = 3178.980 ; gain = 0.000 ; free physical = 6752 ; free virtual = 8505
Phase 6 Delay and Skew Optimization | Checksum: 2896cd9ea

Time (s): cpu = 00:00:15 ; elapsed = 00:00:08 . Memory (MB): peak = 3178.980 ; gain = 0.000 ; free physical = 6752 ; free virtual = 8505

Phase 7 Post Hold Fix

Phase 7.1 Hold Fix Iter
INFO: [Route 35-416] Intermediate Timing Summary | WNS=1.894  | TNS=0.000  | WHS=0.030  | THS=0.000  |

Phase 7.1 Hold Fix Iter | Checksum: 1a7e029a5

Time (s): cpu = 00:00:15 ; elapsed = 00:00:08 . Memory (MB): peak = 3178.980 ; gain = 0.000 ; free physical = 6752 ; free virtual = 8505
Phase 7 Post Hold Fix | Checksum: 1a7e029a5

Time (s): cpu = 00:00:15 ; elapsed = 00:00:08 . Memory (MB): peak = 3178.980 ; gain = 0.000 ; free physical = 6752 ; free virtual = 8505

Phase 8 Route finalize

Router Utilization Summary
  Global Vertical Routing Utilization    = 2.52998 %
  Global Horizontal Routing Utilization  = 3.29389 %
  Routable Net Status*
  *Does not include unroutable nets such as driverless and loadless.
  Run report_route_status for detailed report.
  Number of Failed Nets               = 0
    (Failed Nets is the sum of unrouted and partially routed nets)
  Number of Unrouted Nets             = 0
  Number of Partially Routed Nets     = 0
  Number of Node Overlaps             = 0

Phase 8 Route finalize | Checksum: 1a7e029a5

Time (s): cpu = 00:00:16 ; elapsed = 00:00:08 . Memory (MB): peak = 3178.980 ; gain = 0.000 ; free physical = 6752 ; free virtual = 8505

Phase 9 Verifying routed nets

 Verification completed successfully
Phase 9 Verifying routed nets | Checksum: 1a7e029a5

Time (s): cpu = 00:00:16 ; elapsed = 00:00:08 . Memory (MB): peak = 3178.980 ; gain = 0.000 ; free physical = 6749 ; free virtual = 8502

Phase 10 Depositing Routes
Phase 10 Depositing Routes | Checksum: 1d1933799

Time (s): cpu = 00:00:16 ; elapsed = 00:00:09 . Memory (MB): peak = 3178.980 ; gain = 0.000 ; free physical = 6749 ; free virtual = 8502

Phase 11 Post Process Routing
Phase 11 Post Process Routing | Checksum: 1d1933799

Time (s): cpu = 00:00:16 ; elapsed = 00:00:09 . Memory (MB): peak = 3178.980 ; gain = 0.000 ; free physical = 6749 ; free virtual = 8502

Phase 12 Post Router Timing
INFO: [Route 35-57] Estimated Timing Summary | WNS=1.894  | TNS=0.000  | WHS=0.030  | THS=0.000  |

INFO: [Route 35-327] The final timing numbers are based on the router estimated timing analysis. For a complete and accurate timing signoff, please run report_timing_summary.
Phase 12 Post Router Timing | Checksum: 1d1933799

Time (s): cpu = 00:00:16 ; elapsed = 00:00:09 . Memory (MB): peak = 3178.980 ; gain = 0.000 ; free physical = 6749 ; free virtual = 8502
Total Elapsed time in route_design: 8.73 secs

Phase 13 Post-Route Event Processing
Phase 13 Post-Route Event Processing | Checksum: 17813947a

Time (s): cpu = 00:00:16 ; elapsed = 00:00:09 . Memory (MB): peak = 3178.980 ; gain = 0.000 ; free physical = 6749 ; free virtual = 8502
INFO: [Route 35-16] Router Completed Successfully
Ending Routing Task | Checksum: 17813947a

Time (s): cpu = 00:00:16 ; elapsed = 00:00:09 . Memory (MB): peak = 3178.980 ; gain = 0.000 ; free physical = 6749 ; free virtual = 8502

Routing Is Done.
INFO: [Common 17-83] Releasing license: Implementation
111 Infos, 0 Warnings, 0 Critical Warnings and 0 Errors encountered.
route_design completed successfully
route_design: Time (s): cpu = 00:00:16 ; elapsed = 00:00:09 . Memory (MB): peak = 3178.980 ; gain = 0.000 ; free physical = 6749 ; free virtual = 8502
INFO: [Vivado 12-24828] Executing command : report_drc -file design_1_wrapper_drc_routed.rpt -pb design_1_wrapper_drc_routed.pb -rpx design_1_wrapper_drc_routed.rpx
Command: report_drc -file design_1_wrapper_drc_routed.rpt -pb design_1_wrapper_drc_routed.pb -rpx design_1_wrapper_drc_routed.rpx
INFO: [IP_Flow 19-1839] IP Catalog is up to date.
INFO: [DRC 23-27] Running DRC with 8 threads
INFO: [Vivado_Tcl 2-168] The results of DRC are in file /home/public/Desktop/paulo/HWSW/project_matmul/project_matmul.runs/impl_1/design_1_wrapper_drc_routed.rpt.
report_drc completed successfully
INFO: [Vivado 12-24828] Executing command : report_methodology -file design_1_wrapper_methodology_drc_routed.rpt -pb design_1_wrapper_methodology_drc_routed.pb -rpx design_1_wrapper_methodology_drc_routed.rpx
Command: report_methodology -file design_1_wrapper_methodology_drc_routed.rpt -pb design_1_wrapper_methodology_drc_routed.pb -rpx design_1_wrapper_methodology_drc_routed.rpx
INFO: [Timing 38-35] Done setting XDC timing constraints.
INFO: [DRC 23-133] Running Methodology with 8 threads
INFO: [Vivado_Tcl 2-1520] The results of Report Methodology are in file /home/public/Desktop/paulo/HWSW/project_matmul/project_matmul.runs/impl_1/design_1_wrapper_methodology_drc_routed.rpt.
report_methodology completed successfully
INFO: [Vivado 12-24828] Executing command : report_timing_summary -max_paths 10 -routable_nets -report_unconstrained -file design_1_wrapper_timing_summary_routed.rpt -pb design_1_wrapper_timing_summary_routed.pb -rpx design_1_wrapper_timing_summary_routed.rpx -warn_on_violation 
INFO: [Timing 38-35] Done setting XDC timing constraints.
INFO: [Timing 38-91] UpdateTimingParams: Speed grade: -1, Delay Type: min_max.
INFO: [Timing 38-191] Multithreading enabled for timing update using a maximum of 8 CPUs
INFO: [Vivado 12-24838] Running report commands "report_bus_skew, report_incremental_reuse, report_route_status" in parallel.
Running report generation with 3 threads.
INFO: [Vivado 12-24828] Executing command : report_incremental_reuse -file design_1_wrapper_incremental_reuse_routed.rpt
INFO: [Vivado_Tcl 4-1062] Incremental flow is disabled. No incremental reuse Info to report.
INFO: [Vivado 12-24828] Executing command : report_route_status -file design_1_wrapper_route_status.rpt -pb design_1_wrapper_route_status.pb
INFO: [Vivado 12-24828] Executing command : report_bus_skew -warn_on_violation -file design_1_wrapper_bus_skew_routed.rpt -pb design_1_wrapper_bus_skew_routed.pb -rpx design_1_wrapper_bus_skew_routed.rpx
INFO: [Timing 38-91] UpdateTimingParams: Speed grade: -1, Delay Type: min_max.
INFO: [Timing 38-191] Multithreading enabled for timing update using a maximum of 8 CPUs
INFO: [Vivado 12-24828] Executing command : report_power -file design_1_wrapper_power_routed.rpt -pb design_1_wrapper_power_summary_routed.pb -rpx design_1_wrapper_power_routed.rpx
Command: report_power -file design_1_wrapper_power_routed.rpt -pb design_1_wrapper_power_summary_routed.pb -rpx design_1_wrapper_power_routed.rpx
Running Vector-less Activity Propagation...

Finished Running Vector-less Activity Propagation
WARNING: [Power 33-332] Found switching activity that implies high-fanout reset nets being asserted for excessive periods of time which may result in inaccurate power analysis.
Resolution: To review and fix problems, please run Power Constraints Advisor in the GUI from Tools > Power Constraints Advisor or run report_power with the -advisory option to generate a text report.
131 Infos, 1 Warnings, 0 Critical Warnings and 0 Errors encountered.
report_power completed successfully
INFO: [Vivado 12-24828] Executing command : report_clock_utilization -file design_1_wrapper_clock_utilization_routed.rpt
INFO: [Timing 38-480] Writing timing data to binary archive.
Write ShapeDB Complete: Time (s): cpu = 00:00:00.08 ; elapsed = 00:00:00.02 . Memory (MB): peak = 3224.387 ; gain = 0.000 ; free physical = 6650 ; free virtual = 8411
Wrote PlaceDB: Time (s): cpu = 00:00:00.64 ; elapsed = 00:00:00.21 . Memory (MB): peak = 3224.387 ; gain = 0.000 ; free physical = 6644 ; free virtual = 8412
Wrote PulsedLatchDB: Time (s): cpu = 00:00:00 ; elapsed = 00:00:00 . Memory (MB): peak = 3224.387 ; gain = 0.000 ; free physical = 6644 ; free virtual = 8412
Writing XDEF routing.
Writing XDEF routing logical nets.
Writing XDEF routing special nets.
Wrote RouteStorage: Time (s): cpu = 00:00:00.15 ; elapsed = 00:00:00.05 . Memory (MB): peak = 3224.387 ; gain = 0.000 ; free physical = 6643 ; free virtual = 8411
Wrote Netlist Cache: Time (s): cpu = 00:00:00.01 ; elapsed = 00:00:00 . Memory (MB): peak = 3224.387 ; gain = 0.000 ; free physical = 6643 ; free virtual = 8412
Wrote Device Cache: Time (s): cpu = 00:00:00.02 ; elapsed = 00:00:00.01 . Memory (MB): peak = 3224.387 ; gain = 0.000 ; free physical = 6643 ; free virtual = 8412
Write Physdb Complete: Time (s): cpu = 00:00:00.83 ; elapsed = 00:00:00.27 . Memory (MB): peak = 3224.387 ; gain = 0.000 ; free physical = 6643 ; free virtual = 8412
INFO: [Common 17-1381] The checkpoint '/home/public/Desktop/paulo/HWSW/project_matmul/project_matmul.runs/impl_1/design_1_wrapper_routed.dcp' has been generated.
INFO: [Common 17-206] Exiting Vivado at Tue May 12 17:15:17 2026...

*** Running vivado
    with args -log design_1_wrapper.vdi -applog -m64 -product Vivado -messageDb vivado.pb -mode batch -source design_1_wrapper.tcl -notrace


****** Vivado v2025.1 (64-bit)
  **** SW Build 6140274 on Wed May 21 22:58:25 MDT 2025
  **** IP Build 6138677 on Thu May 22 03:10:11 MDT 2025
  **** SharedData Build 6139179 on Tue May 20 17:58:58 MDT 2025
  **** Start of session at: Tue May 12 17:15:36 2026
    ** Copyright 1986-2022 Xilinx, Inc. All Rights Reserved.
    ** Copyright 2022-2025 Advanced Micro Devices, Inc. All Rights Reserved.

source design_1_wrapper.tcl -notrace
Command: open_checkpoint design_1_wrapper_routed.dcp
INFO: [Device 21-403] Loading part xc7z010clg400-1
Netlist sorting complete. Time (s): cpu = 00:00:00.09 ; elapsed = 00:00:00.09 . Memory (MB): peak = 1711.465 ; gain = 0.000 ; free physical = 7970 ; free virtual = 9736
INFO: [Netlist 29-17] Analyzing 105 Unisim elements for replacement
INFO: [Netlist 29-28] Unisim Transformation completed in 0 CPU seconds
INFO: [Project 1-479] Netlist was created with Vivado 2025.1
INFO: [Project 1-570] Preparing netlist for logic optimization
Read ShapeDB Complete: Time (s): cpu = 00:00:00.01 ; elapsed = 00:00:00.02 . Memory (MB): peak = 1814.090 ; gain = 2.000 ; free physical = 7857 ; free virtual = 9623
INFO: [Timing 38-478] Restoring timing data from binary archive.
INFO: [Timing 38-479] Binary timing data restore complete.
INFO: [Project 1-856] Restoring constraints from binary archive.
INFO: [Project 1-853] Binary constraint restore complete.
INFO: [Designutils 20-5722] Start Reading Physical Databases.
Reading placement.
Read Netlist Cache: Time (s): cpu = 00:00:00.01 ; elapsed = 00:00:00 . Memory (MB): peak = 2347.527 ; gain = 0.000 ; free physical = 7363 ; free virtual = 9129
Reading placer database...
Read Device Cache: Time (s): cpu = 00:00:00.01 ; elapsed = 00:00:00.01 . Memory (MB): peak = 2347.527 ; gain = 0.000 ; free physical = 7362 ; free virtual = 9128
Read PlaceDB: Time (s): cpu = 00:00:00.18 ; elapsed = 00:00:00.19 . Memory (MB): peak = 2347.527 ; gain = 0.000 ; free physical = 7360 ; free virtual = 9126
Read PulsedLatchDB: Time (s): cpu = 00:00:00 ; elapsed = 00:00:00 . Memory (MB): peak = 2347.527 ; gain = 0.000 ; free physical = 7360 ; free virtual = 9126
Reading routing.
Read RouteStorage: Time (s): cpu = 00:00:00.11 ; elapsed = 00:00:00.04 . Memory (MB): peak = 2347.527 ; gain = 0.000 ; free physical = 7360 ; free virtual = 9126
Read Physdb Files: Time (s): cpu = 00:00:00.31 ; elapsed = 00:00:00.24 . Memory (MB): peak = 2347.527 ; gain = 0.000 ; free physical = 7360 ; free virtual = 9126
Restored from archive | CPU: 0.340000 secs | Memory: 9.478561 MB |
Finished XDEF File Restore: Time (s): cpu = 00:00:00.33 ; elapsed = 00:00:00.27 . Memory (MB): peak = 2347.527 ; gain = 6.938 ; free physical = 7360 ; free virtual = 9126
Netlist sorting complete. Time (s): cpu = 00:00:00 ; elapsed = 00:00:00 . Memory (MB): peak = 2347.527 ; gain = 0.000 ; free physical = 7360 ; free virtual = 9126
INFO: [Project 1-111] Unisim Transformation Summary:
  A total of 8 instances were transformed.
  RAM32M => RAM32M (RAMD32(x6), RAMS32(x2)): 4 instances
  RAM32X1D => RAM32X1D (RAMD32(x2)): 1 instance 
  SRLC32E => SRL16E: 3 instances

INFO: [Project 1-604] Checkpoint was created with Vivado v2025.1 (64-bit) build 6140274
open_checkpoint: Time (s): cpu = 00:00:13 ; elapsed = 00:00:09 . Memory (MB): peak = 2351.562 ; gain = 909.441 ; free physical = 7360 ; free virtual = 9126
INFO: [Memdata 28-167] Found XPM memory block design_1_i/axi_dma_0/U0/I_PRMRY_DATAMOVER/GEN_S2MM_FULL.I_S2MM_FULL_WRAPPER/GEN_ENABLE_INDET_BTT_SF.I_INDET_BTT/I_XD_FIFO/NON_BLK_MEM.I_SYNC_FIFOGEN_FIFO/xpm_fifo_base_inst/gen_sdpram.xpm_memory_base_inst with a P_MEMORY_PRIMITIVE property set to auto. A value of block is required. You will not be able to use the updatemem program to update the bitstream with new data for the design_1_i/axi_dma_0/U0/I_PRMRY_DATAMOVER/GEN_S2MM_FULL.I_S2MM_FULL_WRAPPER/GEN_ENABLE_INDET_BTT_SF.I_INDET_BTT/I_XD_FIFO/NON_BLK_MEM.I_SYNC_FIFOGEN_FIFO/xpm_fifo_base_inst/gen_sdpram.xpm_memory_base_inst block.
INFO: [Memdata 28-208] The XPM instance: <design_1_i/axi_dma_0/U0/I_PRMRY_DATAMOVER/GEN_S2MM_FULL.I_S2MM_FULL_WRAPPER/GEN_ENABLE_INDET_BTT_SF.I_INDET_BTT/I_DATA_FIFO/BLK_MEM.I_SYNC_FIFOGEN_FIFO/xpm_fifo_base_inst/gen_sdpram.xpm_memory_base_inst> is part of IP: <design_1_i/axi_dma_0>. This XPM instance will be excluded from the .mmi because updatemem is prohibited from making changes to an XPM that is part of an IP.
INFO: [Memdata 28-208] The XPM instance: <design_1_i/axi_dma_0/U0/I_PRMRY_DATAMOVER/GEN_MM2S_FULL.I_MM2S_FULL_WRAPPER/GEN_INCLUDE_MM2S_SF.I_RD_SF/I_DATA_FIFO/BLK_MEM.I_SYNC_FIFOGEN_FIFO/xpm_fifo_base_inst/gen_sdpram.xpm_memory_base_inst> is part of IP: <design_1_i/axi_dma_0>. This XPM instance will be excluded from the .mmi because updatemem is prohibited from making changes to an XPM that is part of an IP.
Command: write_bitstream -force design_1_wrapper.bit
Attempting to get a license for feature 'Implementation' and/or device 'xc7z010'
INFO: [Common 17-349] Got license for feature 'Implementation' and/or device 'xc7z010'
Running DRC as a precondition to command write_bitstream
INFO: [IP_Flow 19-234] Refreshing IP repositories
INFO: [IP_Flow 19-1704] No user IP repositories specified
INFO: [IP_Flow 19-2313] Loaded Vivado IP repository '/opt/Xilinx/2025.1/Vivado/data/ip'.
INFO: [DRC 23-27] Running DRC with 8 threads
INFO: [Vivado 12-3199] DRC finished with 0 Errors
INFO: [Vivado 12-3200] Please refer to the DRC report (report_drc) for more information.
INFO: [Designutils 20-2272] Running write_bitstream with 8 threads.
Loading data files...
Loading site data...
Loading route data...
Processing options...
Creating bitmap...
Creating bitstream...
Writing bitstream ./design_1_wrapper.bit...
INFO: [Vivado 12-1842] Bitgen Completed Successfully.
INFO: [Project 1-1876] WebTalk data collection is mandatory when using a ULT device. To see the specific WebTalk data collected for your design, open the usage_statistics_webtalk.html or usage_statistics_webtalk.xml file in the implementation directory.
INFO: [Common 17-83] Releasing license: Implementation
26 Infos, 0 Warnings, 0 Critical Warnings and 0 Errors encountered.
write_bitstream completed successfully
write_bitstream: Time (s): cpu = 00:00:15 ; elapsed = 00:00:12 . Memory (MB): peak = 2827.324 ; gain = 463.891 ; free physical = 6879 ; free virtual = 8654
INFO: [Common 17-206] Exiting Vivado at Tue May 12 17:15:59 2026...
