INFO: [SIM 2] *************** CSIM start ***************
   Compiling ../../../../../tb_stream_matmul_fixedPoint.cpp in debug mode
   Generating csim.exe

====================================
Running fixed-point test case: Identity A
N = 1024, TILE = 16, NUM_K_TILES = 64
====================================
Testing Identity A, tile (0,0)
Testing Identity A, tile (0,1)
Testing Identity A, tile (1,0)
Testing Identity A, tile (1,1)
Testing Identity A, tile (10,20)
Testing Identity A, tile (32,17)
Testing Identity A, tile (63,63)
Test case: Identity A
Max error = 0.000000
MSE       = 0.000000
Result: PASSED

====================================
Running fixed-point test case: All ones
N = 1024, TILE = 16, NUM_K_TILES = 64
====================================
Testing All ones, tile (0,0)
Testing All ones, tile (0,1)
Testing All ones, tile (1,0)
Testing All ones, tile (1,1)
Testing All ones, tile (10,20)
Testing All ones, tile (32,17)
Testing All ones, tile (63,63)
Test case: All ones
Max error = 0.000000
MSE       = 0.000000
Result: PASSED

====================================
Running fixed-point test case: Deterministic pseudo-random
N = 1024, TILE = 16, NUM_K_TILES = 64
====================================
Testing Deterministic pseudo-random, tile (0,0)
Testing Deterministic pseudo-random, tile (0,1)
Testing Deterministic pseudo-random, tile (1,0)
Testing Deterministic pseudo-random, tile (1,1)
Testing Deterministic pseudo-random, tile (10,20)
Testing Deterministic pseudo-random, tile (32,17)
Testing Deterministic pseudo-random, tile (63,63)
Test case: Deterministic pseudo-random
Max error = 0.000000
MSE       = 0.000000
Result: PASSED

====================================
ALL N=1024 FIXED-POINT TESTS PASSED
====================================
INFO [HLS SIM]: The maximum depth reached by any hls::stream() instance in the design is 32768
INFO: [SIM 1] CSim done with 0 errors.
INFO: [SIM 3] *************** CSIM finish ***************
