#-----------------------------------------------------------
# Vivado v2025.1 (64-bit)
# SW Build 6140274 on Thu May 22 00:12:29 MDT 2025
# IP Build 6138677 on Thu May 22 03:10:11 MDT 2025
# SharedData Build 6139179 on Tue May 20 17:58:58 MDT 2025
# Start of session at: Tue May 12 13:39:13 2026
# Process ID         : 15572
# Current directory  : D:/HWSW/hls_component/stream_matmul/hls/.autopilot/db/ip_tmp
# Command line       : vivado.exe -notrace -log vivado.log -mode batch -source run_vivado_gen_ip.tcl
# Log file           : D:/HWSW/hls_component/stream_matmul/hls/.autopilot/db/ip_tmp/vivado.log
# Journal file       : D:/HWSW/hls_component/stream_matmul/hls/.autopilot/db/ip_tmp\vivado.jou
# Running On         : DESKTOP-L6C4H0S
# Platform           : Windows Server 2016 or Windows 10
# Operating System   : 19045
# Processor Detail   : Intel(R) Core(TM) i5-8400 CPU @ 2.80GHz
# CPU Frequency      : 2808 MHz
# CPU Physical cores : 6
# CPU Logical cores  : 6
# Host memory        : 17119 MB
# Swap memory        : 1073 MB
# Total Virtual      : 18193 MB
# Available Virtual  : 6051 MB
#-----------------------------------------------------------
source run_vivado_gen_ip.tcl -notrace
create_project: Time (s): cpu = 00:00:09 ; elapsed = 00:00:10 . Memory (MB): peak = 495.062 ; gain = 209.023
INFO: [IP_Flow 19-234] Refreshing IP repositories
INFO: [IP_Flow 19-1704] No user IP repositories specified
INFO: [IP_Flow 19-2313] Loaded Vivado IP repository 'D:/2025.1/Vivado/data/ip'.
WARNING: [IP_Flow 19-4832] The IP name 'stream_matmul_fadd_32ns_32ns_32_5_full_dsp_1_ip' you have specified is long. The Windows operating system has path length limitations. It is recommended you use shorter names to reduce the likelihood of issues.
create_ip: Time (s): cpu = 00:00:03 ; elapsed = 00:00:05 . Memory (MB): peak = 516.402 ; gain = 21.340
INFO: [IP_Flow 19-1686] Generating 'Synthesis' target for IP 'stream_matmul_fadd_32ns_32ns_32_5_full_dsp_1_ip'...
INFO: [IP_Flow 19-1686] Generating 'Simulation' target for IP 'stream_matmul_fadd_32ns_32ns_32_5_full_dsp_1_ip'...
WARNING: [IP_Flow 19-4832] The IP name 'stream_matmul_fmul_32ns_32ns_32_4_max_dsp_1_ip' you have specified is long. The Windows operating system has path length limitations. It is recommended you use shorter names to reduce the likelihood of issues.
INFO: [IP_Flow 19-1686] Generating 'Synthesis' target for IP 'stream_matmul_fmul_32ns_32ns_32_4_max_dsp_1_ip'...
INFO: [IP_Flow 19-1686] Generating 'Simulation' target for IP 'stream_matmul_fmul_32ns_32ns_32_4_max_dsp_1_ip'...
INFO: [Common 17-206] Exiting Vivado at Tue May 12 13:39:57 2026...
