================================================================
== Design Size Report
================================================================

* Total Instructions per Compilation Phase
+---------------+----------------------------+--------------+----------------------------------------------------------------------------------------+
| Phase         | Step                       | Instructions | Description                                                                            |
+---------------+----------------------------+--------------+----------------------------------------------------------------------------------------+
| Compile/Link  |                            | 740          | After all functions are compiled and linked into a single design                       |
|               |                            |              |                                                                                        |
| Unroll/Inline |                            |              | After user unroll and inline pragmas are applied                                       |
|               | (1) unroll                 | 295          | user unroll pragmas are applied                                                        |
|               | (2) simplification         | 255          | simplification of applied user unroll pragmas                                          |
|               | (3) inline                 | 230          | user inline pragmas are applied                                                        |
|               | (4) simplification         | 182          | simplification of applied user inline pragmas                                          |
|               |                            |              |                                                                                        |
| Array/Struct  |                            |              | After user array partition and struct aggregate/disaggregate pragmas are applied       |
|               | (1) array partition        | 317          | user array partition pragmas are applied                                               |
|               | (2) simplification         | 245          | simplification of applied user array partition & struct aggregate/disaggregate pragmas |
|               | (3) aggregate/disaggregate | 245          | user struct aggregate/disaggregate pragmas are applied                                 |
|               | (4) array reshape          | 245          | apply array reshape pragmas                                                            |
|               | (5) access patterns        | 319          | array access pattern optmizations                                                      |
|               |                            |              |                                                                                        |
| Performance   |                            |              | After transformations are applied to meet performance pragma targets                   |
|               | (1) loop simplification    | 317          | loop and instruction simplification                                                    |
|               | (2) parallelization        | 299          | loops are unrolled or pipelined to meet performance targets                            |
|               | (3) array partition        | 273          | arrays are partitioned to meet performance targets                                     |
|               | (4) simplification         | 273          | simplification of design after performance transformations                             |
|               |                            |              |                                                                                        |
| HW Transforms |                            |              | After hardware transfomations                                                          |
|               | (1) lowering               | 259          | initial conversion to HW specific instructions                                         |
|               | (2) optimizations          | 259          | high level synthesis optimizations                                                     |
+---------------+----------------------------+--------------+----------------------------------------------------------------------------------------+

* Instructions per Function for each Compilation Phase
+------------------+--------------------------+---------------+---------------+--------------+-------------+---------------+
| Function         | Location                 | Compile/Link  | Unroll/Inline | Array/Struct | Performance | HW Transforms |
+------------------+--------------------------+---------------+---------------+--------------+-------------+---------------+
| + stream_matmul  | stream_matmul_N64.cpp:55 | 740           | 182           | 319          | 273         | 259           |
|    axis_to_float | stream_matmul_N64.cpp:33 |  34 (2 calls) |               |              |             |               |
|    float_to_axis | stream_matmul_N64.cpp:40 | 201           |               |              |             |               |
+------------------+--------------------------+---------------+---------------+--------------+-------------+---------------+

* Design Size Message Settings
+---------------------------------------------+--------+------------------------------------------------------------------+
| Message Setting                             | Value  | Description                                                      |
+---------------------------------------------+--------+------------------------------------------------------------------+
| config_compile -design_size_maximum_warning | 100000 | Show a warning when total design instructions exceeds this value |
+---------------------------------------------+--------+------------------------------------------------------------------+


