

================================================================
== Vitis HLS Report for 'stream_matmul_Pipeline_VITIS_LOOP_55_1_VITIS_LOOP_56_2'
================================================================
* Date:           Tue May 12 13:33:22 2026

* Version:        2025.1 (Build 6135595 on May 21 2025)
* Project:        stream_matmul
* Solution:       hls (Vivado IP Flow Target)
* Product family: zynq
* Target device:  xc7z010-clg400-1


================================================================
== Performance Estimates
================================================================
+ Timing: 
    * Summary: 
    +--------+----------+----------+------------+
    |  Clock |  Target  | Estimated| Uncertainty|
    +--------+----------+----------+------------+
    |ap_clk  |  10.00 ns|  6.363 ns|     2.70 ns|
    +--------+----------+----------+------------+

+ Latency: 
    * Summary: 
    +---------+---------+----------+----------+-----+-----+------------------------------------------------+
    |  Latency (cycles) |  Latency (absolute) |  Interval |                    Pipeline                    |
    |   min   |   max   |    min   |    max   | min | max |                      Type                      |
    +---------+---------+----------+----------+-----+-----+------------------------------------------------+
    |      259|      259|  2.590 us|  2.590 us|  257|  257|  loop auto-rewind stp (delay=0 clock cycles(s))|
    +---------+---------+----------+----------+-----+-----+------------------------------------------------+

    + Detail: 
        * Instance: 
        N/A

        * Loop: 
        +-----------------------------------+---------+---------+----------+-----------+-----------+------+----------+
        |                                   |  Latency (cycles) | Iteration|  Initiation Interval  | Trip |          |
        |             Loop Name             |   min   |   max   |  Latency |  achieved |   target  | Count| Pipelined|
        +-----------------------------------+---------+---------+----------+-----------+-----------+------+----------+
        |- VITIS_LOOP_55_1_VITIS_LOOP_56_2  |      257|      257|         3|          1|          1|   256|       yes|
        +-----------------------------------+---------+---------+----------+-----------+-----------+------+----------+



================================================================
== Utilization Estimates
================================================================
* Summary: 
+-----------------+---------+----+-------+-------+-----+
|       Name      | BRAM_18K| DSP|   FF  |  LUT  | URAM|
+-----------------+---------+----+-------+-------+-----+
|DSP              |        -|   -|      -|      -|    -|
|Expression       |        -|   -|      0|     94|    -|
|FIFO             |        -|   -|      -|      -|    -|
|Instance         |        -|   -|      -|      -|    -|
|Memory           |        -|   -|      -|      -|    -|
|Multiplexer      |        -|   -|      0|     54|    -|
|Register         |        -|   -|     32|      -|    -|
+-----------------+---------+----+-------+-------+-----+
|Total            |        0|   0|     32|    148|    0|
+-----------------+---------+----+-------+-------+-----+
|Available        |      120|  80|  35200|  17600|    0|
+-----------------+---------+----+-------+-------+-----+
|Utilization (%)  |        0|   0|     ~0|     ~0|    0|
+-----------------+---------+----+-------+-------+-----+

+ Detail: 
    * Instance: 
    N/A

    * DSP: 
    N/A

    * Memory: 
    N/A

    * FIFO: 
    N/A

    * Expression: 
    +-----------------------+----------+----+---+----+------------+------------+
    |     Variable Name     | Operation| DSP| FF| LUT| Bitwidth P0| Bitwidth P1|
    +-----------------------+----------+----+---+----+------------+------------+
    |add_ln55_1_fu_88_p2    |         +|   0|  0|  14|           9|           1|
    |add_ln55_fu_105_p2     |         +|   0|  0|  13|           5|           1|
    |add_ln56_fu_155_p2     |         +|   0|  0|  13|           5|           1|
    |add_ln58_fu_149_p2     |         +|   0|  0|  15|           8|           8|
    |icmp_ln55_fu_82_p2     |      icmp|   0|  0|  13|           9|          10|
    |icmp_ln56_fu_111_p2    |      icmp|   0|  0|  14|           5|           6|
    |select_ln52_fu_117_p3  |    select|   0|  0|   5|           1|           1|
    |select_ln55_fu_125_p3  |    select|   0|  0|   5|           1|           5|
    |ap_enable_pp0          |       xor|   0|  0|   2|           1|           2|
    +-----------------------+----------+----+---+----+------------+------------+
    |Total                  |          |   0|  0|  94|          44|          35|
    +-----------------------+----------+----+---+----+------------+------------+

    * Multiplexer: 
    +--------------------------------------+----+-----------+-----+-----------+
    |                 Name                 | LUT| Input Size| Bits| Total Bits|
    +--------------------------------------+----+-----------+-----+-----------+
    |ap_done_int                           |   9|          2|    1|          2|
    |ap_enable_reg_pp0_iter1               |   9|          2|    1|          2|
    |ap_sig_allocacmp_indvar_flatten_load  |   9|          2|    9|         18|
    |i_fu_42                               |   9|          2|    5|         10|
    |indvar_flatten_fu_46                  |   9|          2|    9|         18|
    |j_fu_38                               |   9|          2|    5|         10|
    +--------------------------------------+----+-----------+-----+-----------+
    |Total                                 |  54|         12|   30|         60|
    +--------------------------------------+----+-----------+-----+-----------+

    * Register: 
    +----------------------------------+---+----+-----+-----------+
    |               Name               | FF| LUT| Bits| Const Bits|
    +----------------------------------+---+----+-----+-----------+
    |add_ln58_reg_200                  |  8|   0|    8|          0|
    |ap_CS_fsm                         |  1|   0|    1|          0|
    |ap_done_reg                       |  1|   0|    1|          0|
    |ap_enable_reg_pp0_iter1           |  1|   0|    1|          0|
    |ap_enable_reg_pp0_iter2           |  1|   0|    1|          0|
    |ap_loop_exit_ready_pp0_iter1_reg  |  1|   0|    1|          0|
    |i_fu_42                           |  5|   0|    5|          0|
    |indvar_flatten_fu_46              |  9|   0|    9|          0|
    |j_fu_38                           |  5|   0|    5|          0|
    +----------------------------------+---+----+-----+-----------+
    |Total                             | 32|   0|   32|          0|
    +----------------------------------+---+----+-----+-----------+



================================================================
== Interface
================================================================
* Summary: 
+------------+-----+-----+------------+--------------------------------------------------------+--------------+
|  RTL Ports | Dir | Bits|  Protocol  |                      Source Object                     |    C Type    |
+------------+-----+-----+------------+--------------------------------------------------------+--------------+
|ap_clk      |   in|    1|  ap_ctrl_hs|  stream_matmul_Pipeline_VITIS_LOOP_55_1_VITIS_LOOP_56_2|  return value|
|ap_rst      |   in|    1|  ap_ctrl_hs|  stream_matmul_Pipeline_VITIS_LOOP_55_1_VITIS_LOOP_56_2|  return value|
|ap_start    |   in|    1|  ap_ctrl_hs|  stream_matmul_Pipeline_VITIS_LOOP_55_1_VITIS_LOOP_56_2|  return value|
|ap_done     |  out|    1|  ap_ctrl_hs|  stream_matmul_Pipeline_VITIS_LOOP_55_1_VITIS_LOOP_56_2|  return value|
|ap_idle     |  out|    1|  ap_ctrl_hs|  stream_matmul_Pipeline_VITIS_LOOP_55_1_VITIS_LOOP_56_2|  return value|
|ap_ready    |  out|    1|  ap_ctrl_hs|  stream_matmul_Pipeline_VITIS_LOOP_55_1_VITIS_LOOP_56_2|  return value|
|C_address0  |  out|    8|   ap_memory|                                                       C|         array|
|C_ce0       |  out|    1|   ap_memory|                                                       C|         array|
|C_we0       |  out|    1|   ap_memory|                                                       C|         array|
|C_d0        |  out|   32|   ap_memory|                                                       C|         array|
+------------+-----+-----+------------+--------------------------------------------------------+--------------+

