

================================================================
== Vitis HLS Report for 'stream_matmul'
================================================================
* Date:           Tue May 19 17:15:05 2026

* Version:        2025.2 (Build 6295257 on Nov 14 2025)
* Project:        stream_matmul
* Solution:       hls (Vivado IP Flow Target)
* Product family: zynq
* Target device:  xc7z010-clg400-1


================================================================
== Performance Estimates
================================================================
+ Timing: 
    * Summary: 
    +--------+----------+----------+------------+
    |  Clock |  Target  | Estimated| Uncertainty|
    +--------+----------+----------+------------+
    |ap_clk  |  10.00 ns|  7.060 ns|     2.70 ns|
    +--------+----------+----------+------------+

+ Latency: 
    * Summary: 
    +---------+---------+-----------+----------+------+--------+---------+
    |  Latency (cycles) |  Latency (absolute)  |    Interval   | Pipeline|
    |   min   |   max   |    min    |    max   |  min |   max  |   Type  |
    +---------+---------+-----------+----------+------+--------+---------+
    |     6453|   380106|  64.530 us|  3.801 ms|  6454|  380107|       no|
    +---------+---------+-----------+----------+------+--------+---------+

    + Detail: 
        * Instance: 
        +-------------------------------------------------------+--------------------------------------------+---------+---------+----------+----------+-----+-----+-------------------+
        |                                                       |                                            |  Latency (cycles) |  Latency (absolute) |  Interval |      Pipeline     |
        |                        Instance                       |                   Module                   |   min   |   max   |    min   |    max   | min | max |        Type       |
        +-------------------------------------------------------+--------------------------------------------+---------+---------+----------+----------+-----+-----+-------------------+
        |grp_stream_matmul_Pipeline_init_c_i_init_c_j_fu_257    |stream_matmul_Pipeline_init_c_i_init_c_j    |      259|      259|  2.590 us|  2.590 us|    0|    0|  loop pipeline stp|
        |grp_stream_matmul_Pipeline_read_a_i_read_a_j_fu_269    |stream_matmul_Pipeline_read_a_i_read_a_j    |      259|      259|  2.590 us|  2.590 us|    0|    0|  loop pipeline stp|
        |grp_stream_matmul_Pipeline_write_c_i_write_c_j_fu_285  |stream_matmul_Pipeline_write_c_i_write_c_j  |      259|      259|  2.590 us|  2.590 us|    0|    0|  loop pipeline stp|
        |grp_stream_matmul_Pipeline_read_b_i_read_b_j_fu_301    |stream_matmul_Pipeline_read_b_i_read_b_j    |      259|      259|  2.590 us|  2.590 us|    0|    0|  loop pipeline stp|
        |grp_stream_matmul_Pipeline_compute_k_fu_317            |stream_matmul_Pipeline_compute_k            |       16|       16|  0.160 us|  0.160 us|    0|    0|  loop pipeline stp|
        +-------------------------------------------------------+--------------------------------------------+---------+---------+----------+----------+-----+-----+-------------------+

        * Loop: 
        +----------------+---------+---------+----------+-----------+-----------+--------+----------+
        |                |  Latency (cycles) | Iteration|  Initiation Interval  |  Trip  |          |
        |    Loop Name   |   min   |   max   |  Latency |  achieved |   target  |  Count | Pipelined|
        +----------------+---------+---------+----------+-----------+-----------+--------+----------+
        |- k_tile_loop   |     5931|   379584|      5931|          -|          -|  1 ~ 64|        no|
        | + compute_i    |     5408|     5408|       338|          -|          -|      16|        no|
        |  ++ compute_j  |      336|      336|        21|          -|          -|      16|        no|
        +----------------+---------+---------+----------+-----------+-----------+--------+----------+



================================================================
== Utilization Estimates
================================================================
* Summary: 
+-----------------+---------+----+-------+-------+-----+
|       Name      | BRAM_18K| DSP|   FF  |  LUT  | URAM|
+-----------------+---------+----+-------+-------+-----+
|DSP              |        -|   -|      -|      -|    -|
|Expression       |        -|   -|      0|    347|    -|
|FIFO             |        -|   -|      -|      -|    -|
|Instance         |        0|   4|    577|   1592|    -|
|Memory           |       12|   -|      0|      0|    0|
|Multiplexer      |        -|   -|      0|    678|    -|
|Register         |        -|   -|    274|      -|    -|
+-----------------+---------+----+-------+-------+-----+
|Total            |       12|   4|    851|   2617|    0|
+-----------------+---------+----+-------+-------+-----+
|Available        |      120|  80|  35200|  17600|    0|
+-----------------+---------+----+-------+-------+-----+
|Utilization (%)  |       10|   5|      2|     14|    0|
+-----------------+---------+----+-------+-------+-----+

+ Detail: 
    * Instance: 
    +-------------------------------------------------------+--------------------------------------------+---------+----+-----+-----+-----+
    |                        Instance                       |                   Module                   | BRAM_18K| DSP|  FF | LUT | URAM|
    +-------------------------------------------------------+--------------------------------------------+---------+----+-----+-----+-----+
    |control_s_axi_U                                        |control_s_axi                               |        0|   0|   74|  104|    0|
    |sparsemux_9_2_32_1_1_U48                               |sparsemux_9_2_32_1_1                        |        0|   0|    0|   20|    0|
    |grp_stream_matmul_Pipeline_compute_k_fu_317            |stream_matmul_Pipeline_compute_k            |        0|   4|  386|  841|    0|
    |grp_stream_matmul_Pipeline_init_c_i_init_c_j_fu_257    |stream_matmul_Pipeline_init_c_i_init_c_j    |        0|   0|   29|  133|    0|
    |grp_stream_matmul_Pipeline_read_a_i_read_a_j_fu_269    |stream_matmul_Pipeline_read_a_i_read_a_j    |        0|   0|   29|  144|    0|
    |grp_stream_matmul_Pipeline_read_b_i_read_b_j_fu_301    |stream_matmul_Pipeline_read_b_i_read_b_j    |        0|   0|   32|  158|    0|
    |grp_stream_matmul_Pipeline_write_c_i_write_c_j_fu_285  |stream_matmul_Pipeline_write_c_i_write_c_j  |        0|   0|   27|  192|    0|
    +-------------------------------------------------------+--------------------------------------------+---------+----+-----+-----+-----+
    |Total                                                  |                                            |        0|   4|  577| 1592|    0|
    +-------------------------------------------------------+--------------------------------------------+---------+----+-----+-----+-----+

    * DSP: 
    N/A

    * Memory: 
    +-------+-----------------+---------+---+----+-----+------+-----+------+-------------+
    | Memory|      Module     | BRAM_18K| FF| LUT| URAM| Words| Bits| Banks| W*Bits*Banks|
    +-------+-----------------+---------+---+----+-----+------+-----+------+-------------+
    |A_U    |A_RAM_AUTO_1R1W  |        1|  0|   0|    0|    64|   16|     1|         1024|
    |A_1_U  |A_RAM_AUTO_1R1W  |        1|  0|   0|    0|    64|   16|     1|         1024|
    |A_2_U  |A_RAM_AUTO_1R1W  |        1|  0|   0|    0|    64|   16|     1|         1024|
    |A_3_U  |A_RAM_AUTO_1R1W  |        1|  0|   0|    0|    64|   16|     1|         1024|
    |B_U    |A_RAM_AUTO_1R1W  |        1|  0|   0|    0|    64|   16|     1|         1024|
    |B_1_U  |A_RAM_AUTO_1R1W  |        1|  0|   0|    0|    64|   16|     1|         1024|
    |B_2_U  |A_RAM_AUTO_1R1W  |        1|  0|   0|    0|    64|   16|     1|         1024|
    |B_3_U  |A_RAM_AUTO_1R1W  |        1|  0|   0|    0|    64|   16|     1|         1024|
    |C_U    |C_RAM_AUTO_1R1W  |        1|  0|   0|    0|    64|   32|     1|         2048|
    |C_1_U  |C_RAM_AUTO_1R1W  |        1|  0|   0|    0|    64|   32|     1|         2048|
    |C_2_U  |C_RAM_AUTO_1R1W  |        1|  0|   0|    0|    64|   32|     1|         2048|
    |C_3_U  |C_RAM_AUTO_1R1W  |        1|  0|   0|    0|    64|   32|     1|         2048|
    +-------+-----------------+---------+---+----+-----+------+-----+------+-------------+
    |Total  |                 |       12|  0|   0|    0|   768|  256|    12|        16384|
    +-------+-----------------+---------+---+----+-----+------+-----+------+-------------+

    * FIFO: 
    N/A

    * Expression: 
    +-------------------------------------------------------------------------+----------+----+---+----+------------+------------+
    |                              Variable Name                              | Operation| DSP| FF| LUT| Bitwidth P0| Bitwidth P1|
    +-------------------------------------------------------------------------+----------+----+---+----+------------+------------+
    |add_ln112_fu_394_p2                                                      |         +|   0|  0|  39|          32|           1|
    |add_ln145_fu_406_p2                                                      |         +|   0|  0|  13|           5|           1|
    |add_ln147_fu_426_p2                                                      |         +|   0|  0|  13|           5|           1|
    |grp_stream_matmul_Pipeline_write_c_i_write_c_j_fu_285_out_stream_TREADY  |       and|   0|  0|   2|           1|           1|
    |empty_fu_368_p2                                                          |      icmp|   0|  0|  39|          32|           8|
    |icmp_fu_343_p2                                                           |      icmp|   0|  0|  38|          31|           1|
    |icmp_ln112_fu_389_p2                                                     |      icmp|   0|  0|  39|          32|          32|
    |icmp_ln145_fu_400_p2                                                     |      icmp|   0|  0|  14|           5|           6|
    |icmp_ln147_fu_420_p2                                                     |      icmp|   0|  0|  14|           5|           6|
    |C_1_we0                                                                  |        or|   0|  0|   2|           1|           1|
    |C_2_we0                                                                  |        or|   0|  0|   2|           1|           1|
    |C_3_we0                                                                  |        or|   0|  0|   2|           1|           1|
    |C_we0                                                                    |        or|   0|  0|   2|           1|           1|
    |select_ln112_1_fu_378_p3                                                 |    select|   0|  0|  32|           1|          32|
    |select_ln112_fu_355_p3                                                   |    select|   0|  0|  32|           1|          32|
    |xor_ln112_1_fu_373_p2                                                    |       xor|   0|  0|  32|          32|           2|
    |xor_ln112_fu_349_p2                                                      |       xor|   0|  0|  32|          32|           2|
    +-------------------------------------------------------------------------+----------+----+---+----+------------+------------+
    |Total                                                                    |          |   0|  0| 347|         218|         129|
    +-------------------------------------------------------------------------+----------+----+---+----+------------+------------+

    * Multiplexer: 
    +-------------------------------+----+-----------+-----+-----------+
    |              Name             | LUT| Input Size| Bits| Total Bits|
    +-------------------------------+----+-----------+-----+-----------+
    |A_1_address0                   |  14|          3|    6|         18|
    |A_1_ce0                        |  14|          3|    1|          3|
    |A_1_we0                        |   9|          2|    1|          2|
    |A_2_address0                   |  14|          3|    6|         18|
    |A_2_ce0                        |  14|          3|    1|          3|
    |A_2_we0                        |   9|          2|    1|          2|
    |A_3_address0                   |  14|          3|    6|         18|
    |A_3_ce0                        |  14|          3|    1|          3|
    |A_3_we0                        |   9|          2|    1|          2|
    |A_address0                     |  14|          3|    6|         18|
    |A_ce0                          |  14|          3|    1|          3|
    |A_we0                          |   9|          2|    1|          2|
    |B_1_address0                   |  14|          3|    6|         18|
    |B_1_ce0                        |  14|          3|    1|          3|
    |B_1_we0                        |   9|          2|    1|          2|
    |B_2_address0                   |  14|          3|    6|         18|
    |B_2_ce0                        |  14|          3|    1|          3|
    |B_2_we0                        |   9|          2|    1|          2|
    |B_3_address0                   |  14|          3|    6|         18|
    |B_3_ce0                        |  14|          3|    1|          3|
    |B_3_we0                        |   9|          2|    1|          2|
    |B_address0                     |  14|          3|    6|         18|
    |B_ce0                          |  14|          3|    1|          3|
    |B_we0                          |   9|          2|    1|          2|
    |C_1_address0                   |  14|          3|    6|         18|
    |C_1_address0_local             |  14|          3|    6|         18|
    |C_1_ce0                        |  14|          3|    1|          3|
    |C_1_d0                         |   9|          2|   32|         64|
    |C_1_we0                        |   9|          2|    1|          2|
    |C_2_address0                   |  14|          3|    6|         18|
    |C_2_address0_local             |  14|          3|    6|         18|
    |C_2_ce0                        |  14|          3|    1|          3|
    |C_2_d0                         |   9|          2|   32|         64|
    |C_2_we0                        |   9|          2|    1|          2|
    |C_3_address0                   |  14|          3|    6|         18|
    |C_3_address0_local             |  14|          3|    6|         18|
    |C_3_ce0                        |  14|          3|    1|          3|
    |C_3_d0                         |   9|          2|   32|         64|
    |C_3_we0                        |   9|          2|    1|          2|
    |C_address0                     |  14|          3|    6|         18|
    |C_address0_local               |  14|          3|    6|         18|
    |C_ce0                          |  14|          3|    1|          3|
    |C_d0                           |   9|          2|   32|         64|
    |C_we0                          |   9|          2|    1|          2|
    |ap_NS_fsm                      |  65|         15|    1|         15|
    |i_reg_234                      |   9|          2|    5|         10|
    |in_stream_TREADY_int_regslice  |  14|          3|    1|          3|
    |j_reg_245                      |   9|          2|    5|         10|
    |kk_fu_124                      |   9|          2|   32|         64|
    |out_stream_TDATA_int_regslice  |   9|          2|   32|         64|
    |out_stream_TKEEP_int_regslice  |   9|          2|    4|          8|
    |out_stream_TLAST_int_regslice  |   9|          2|    1|          2|
    |out_stream_TSTRB_int_regslice  |   9|          2|    4|          8|
    +-------------------------------+----+-----------+-----+-----------+
    |Total                          | 678|        148|  333|        788|
    +-------------------------------+----+-----------+-----+-----------+

    * Register: 
    +--------------------------------------------------------------------+----+----+-----+-----------+
    |                                Name                                | FF | LUT| Bits| Const Bits|
    +--------------------------------------------------------------------+----+----+-----+-----------+
    |C_1_addr_reg_564                                                    |   6|   0|    6|          0|
    |C_2_addr_reg_569                                                    |   6|   0|    6|          0|
    |C_3_addr_reg_574                                                    |   6|   0|    6|          0|
    |C_addr_reg_559                                                      |   6|   0|    6|          0|
    |acc_reg_589                                                         |  32|   0|   32|          0|
    |add_ln112_reg_532                                                   |  32|   0|   32|          0|
    |add_ln145_reg_540                                                   |   5|   0|    5|          0|
    |add_ln147_reg_554                                                   |   5|   0|    5|          0|
    |ap_CS_fsm                                                           |  14|   0|   14|          0|
    |grp_stream_matmul_Pipeline_compute_k_fu_317_ap_start_reg            |   1|   0|    1|          0|
    |grp_stream_matmul_Pipeline_init_c_i_init_c_j_fu_257_ap_start_reg    |   1|   0|    1|          0|
    |grp_stream_matmul_Pipeline_read_a_i_read_a_j_fu_269_ap_start_reg    |   1|   0|    1|          0|
    |grp_stream_matmul_Pipeline_read_b_i_read_b_j_fu_301_ap_start_reg    |   1|   0|    1|          0|
    |grp_stream_matmul_Pipeline_write_c_i_write_c_j_fu_285_ap_start_reg  |   1|   0|    1|          0|
    |i_reg_234                                                           |   5|   0|    5|          0|
    |j_reg_245                                                           |   5|   0|    5|          0|
    |kk_fu_124                                                           |  32|   0|   32|          0|
    |out_stream_TDATA_reg                                                |  32|   0|   32|          0|
    |out_stream_TKEEP_reg                                                |   4|   0|    4|          0|
    |out_stream_TLAST_reg                                                |   1|   0|    1|          0|
    |out_stream_TSTRB_reg                                                |   4|   0|    4|          0|
    |select_ln112_1_reg_524                                              |  32|   0|   32|          0|
    |select_ln112_reg_518                                                |  32|   0|   32|          0|
    |trunc_ln145_reg_545                                                 |   4|   0|    4|          0|
    |trunc_ln147_1_reg_584                                               |   2|   0|    2|          0|
    |trunc_ln147_reg_579                                                 |   4|   0|    4|          0|
    +--------------------------------------------------------------------+----+----+-----+-----------+
    |Total                                                               | 274|   0|  274|          0|
    +--------------------------------------------------------------------+----+----+-----+-----------+



================================================================
== Interface
================================================================
* Summary: 
+-----------------------+-----+-----+------------+---------------------+--------------+
|       RTL Ports       | Dir | Bits|  Protocol  |    Source Object    |    C Type    |
+-----------------------+-----+-----+------------+---------------------+--------------+
|s_axi_control_AWVALID  |   in|    1|       s_axi|              control|        scalar|
|s_axi_control_AWREADY  |  out|    1|       s_axi|              control|        scalar|
|s_axi_control_AWADDR   |   in|    5|       s_axi|              control|        scalar|
|s_axi_control_WVALID   |   in|    1|       s_axi|              control|        scalar|
|s_axi_control_WREADY   |  out|    1|       s_axi|              control|        scalar|
|s_axi_control_WDATA    |   in|   32|       s_axi|              control|        scalar|
|s_axi_control_WSTRB    |   in|    4|       s_axi|              control|        scalar|
|s_axi_control_ARVALID  |   in|    1|       s_axi|              control|        scalar|
|s_axi_control_ARREADY  |  out|    1|       s_axi|              control|        scalar|
|s_axi_control_ARADDR   |   in|    5|       s_axi|              control|        scalar|
|s_axi_control_RVALID   |  out|    1|       s_axi|              control|        scalar|
|s_axi_control_RREADY   |   in|    1|       s_axi|              control|        scalar|
|s_axi_control_RDATA    |  out|   32|       s_axi|              control|        scalar|
|s_axi_control_RRESP    |  out|    2|       s_axi|              control|        scalar|
|s_axi_control_BVALID   |  out|    1|       s_axi|              control|        scalar|
|s_axi_control_BREADY   |   in|    1|       s_axi|              control|        scalar|
|s_axi_control_BRESP    |  out|    2|       s_axi|              control|        scalar|
|ap_clk                 |   in|    1|  ap_ctrl_hs|        stream_matmul|  return value|
|ap_rst_n               |   in|    1|  ap_ctrl_hs|        stream_matmul|  return value|
|interrupt              |  out|    1|  ap_ctrl_hs|        stream_matmul|  return value|
|in_stream_TDATA        |   in|   32|        axis|   in_stream_V_data_V|       pointer|
|in_stream_TVALID       |   in|    1|        axis|   in_stream_V_last_V|       pointer|
|in_stream_TREADY       |  out|    1|        axis|   in_stream_V_last_V|       pointer|
|in_stream_TLAST        |   in|    1|        axis|   in_stream_V_last_V|       pointer|
|in_stream_TKEEP        |   in|    4|        axis|   in_stream_V_keep_V|       pointer|
|in_stream_TSTRB        |   in|    4|        axis|   in_stream_V_strb_V|       pointer|
|out_stream_TDATA       |  out|   32|        axis|  out_stream_V_data_V|       pointer|
|out_stream_TVALID      |  out|    1|        axis|  out_stream_V_last_V|       pointer|
|out_stream_TREADY      |   in|    1|        axis|  out_stream_V_last_V|       pointer|
|out_stream_TLAST       |  out|    1|        axis|  out_stream_V_last_V|       pointer|
|out_stream_TKEEP       |  out|    4|        axis|  out_stream_V_keep_V|       pointer|
|out_stream_TSTRB       |  out|    4|        axis|  out_stream_V_strb_V|       pointer|
+-----------------------+-----+-----+------------+---------------------+--------------+

