

================================================================
== Vitis HLS Report for 'stream_matmul_Pipeline_read_b_i_read_b_j'
================================================================
* Date:           Tue May 19 02:23:56 2026

* Version:        2025.2 (Build 6295257 on Nov 14 2025)
* Project:        stream_matmul
* Solution:       hls (Vivado IP Flow Target)
* Product family: zynq
* Target device:  xc7z010-clg400-1


================================================================
== Performance Estimates
================================================================
+ Timing: 
    * Summary: 
    +--------+----------+----------+------------+
    |  Clock |  Target  | Estimated| Uncertainty|
    +--------+----------+----------+------------+
    |ap_clk  |  10.00 ns|  6.363 ns|     2.70 ns|
    +--------+----------+----------+------------+

+ Latency: 
    * Summary: 
    +---------+---------+----------+----------+-----+-----+-------------------+
    |  Latency (cycles) |  Latency (absolute) |  Interval |      Pipeline     |
    |   min   |   max   |    min   |    max   | min | max |        Type       |
    +---------+---------+----------+----------+-----+-----+-------------------+
    |      259|      259|  2.590 us|  2.590 us|    0|    0|  loop pipeline stp|
    +---------+---------+----------+----------+-----+-----+-------------------+

    + Detail: 
        * Instance: 
        N/A

        * Loop: 
        +---------------------+---------+---------+----------+-----------+-----------+------+----------+
        |                     |  Latency (cycles) | Iteration|  Initiation Interval  | Trip |          |
        |      Loop Name      |   min   |   max   |  Latency |  achieved |   target  | Count| Pipelined|
        +---------------------+---------+---------+----------+-----------+-----------+------+----------+
        |- read_b_i_read_b_j  |      257|      257|         3|          1|          1|   256|       yes|
        +---------------------+---------+---------+----------+-----------+-----------+------+----------+



================================================================
== Utilization Estimates
================================================================
* Summary: 
+-----------------+---------+----+-------+-------+-----+
|       Name      | BRAM_18K| DSP|   FF  |  LUT  | URAM|
+-----------------+---------+----+-------+-------+-----+
|DSP              |        -|   -|      -|      -|    -|
|Expression       |        -|   -|      0|     95|    -|
|FIFO             |        -|   -|      -|      -|    -|
|Instance         |        -|   -|      -|      -|    -|
|Memory           |        -|   -|      -|      -|    -|
|Multiplexer      |        -|   -|      0|     63|    -|
|Register         |        -|   -|     32|      -|    -|
+-----------------+---------+----+-------+-------+-----+
|Total            |        0|   0|     32|    158|    0|
+-----------------+---------+----+-------+-------+-----+
|Available        |      120|  80|  35200|  17600|    0|
+-----------------+---------+----+-------+-------+-----+
|Utilization (%)  |        0|   0|     ~0|     ~0|    0|
+-----------------+---------+----+-------+-------+-----+

+ Detail: 
    * Instance: 
    N/A

    * DSP: 
    N/A

    * Memory: 
    N/A

    * FIFO: 
    N/A

    * Expression: 
    +---------------------------+----------+----+---+----+------------+------------+
    |       Variable Name       | Operation| DSP| FF| LUT| Bitwidth P0| Bitwidth P1|
    +---------------------------+----------+----+---+----+------------+------------+
    |add_ln118_1_fu_178_p2      |         +|   0|  0|  14|           9|           1|
    |add_ln118_fu_195_p2        |         +|   0|  0|  13|           5|           1|
    |add_ln120_fu_265_p2        |         +|   0|  0|  13|           5|           1|
    |add_ln122_fu_249_p2        |         +|   0|  0|  14|           6|           6|
    |ap_block_pp0_stage0_11001  |       and|   0|  0|   2|           1|           1|
    |icmp_ln118_fu_172_p2       |      icmp|   0|  0|  13|           9|          10|
    |icmp_ln120_fu_201_p2       |      icmp|   0|  0|  14|           5|           6|
    |select_ln118_fu_215_p3     |    select|   0|  0|   5|           1|           5|
    |select_ln71_fu_207_p3      |    select|   0|  0|   5|           1|           1|
    |ap_enable_pp0              |       xor|   0|  0|   2|           1|           2|
    +---------------------------+----------+----+---+----+------------+------------+
    |Total                      |          |   0|  0|  95|          43|          34|
    +---------------------------+----------+----+---+----+------------+------------+

    * Multiplexer: 
    +----------------------------------------+----+-----------+-----+-----------+
    |                  Name                  | LUT| Input Size| Bits| Total Bits|
    +----------------------------------------+----+-----------+-----+-----------+
    |ap_done_int                             |   9|          2|    1|          2|
    |ap_enable_reg_pp0_iter1                 |   9|          2|    1|          2|
    |ap_sig_allocacmp_indvar_flatten14_load  |   9|          2|    9|         18|
    |i_fu_82                                 |   9|          2|    5|         10|
    |in_stream_TDATA_blk_n                   |   9|          2|    1|          2|
    |indvar_flatten14_fu_86                  |   9|          2|    9|         18|
    |j_fu_78                                 |   9|          2|    5|         10|
    +----------------------------------------+----+-----------+-----+-----------+
    |Total                                   |  63|         14|   31|         62|
    +----------------------------------------+----+-----------+-----+-----------+

    * Register: 
    +----------------------------------+---+----+-----+-----------+
    |               Name               | FF| LUT| Bits| Const Bits|
    +----------------------------------+---+----+-----+-----------+
    |add_ln122_reg_329                 |  6|   0|    6|          0|
    |ap_CS_fsm                         |  1|   0|    1|          0|
    |ap_done_reg                       |  1|   0|    1|          0|
    |ap_enable_reg_pp0_iter1           |  1|   0|    1|          0|
    |ap_enable_reg_pp0_iter2           |  1|   0|    1|          0|
    |ap_loop_exit_ready_pp0_iter1_reg  |  1|   0|    1|          0|
    |i_fu_82                           |  5|   0|    5|          0|
    |indvar_flatten14_fu_86            |  9|   0|    9|          0|
    |j_fu_78                           |  5|   0|    5|          0|
    |trunc_ln118_reg_325               |  2|   0|    2|          0|
    +----------------------------------+---+----+-----+-----------+
    |Total                             | 32|   0|   32|          0|
    +----------------------------------+---+----+-----+-----------+



================================================================
== Interface
================================================================
* Summary: 
+------------------+-----+-----+------------+------------------------------------------+--------------+
|     RTL Ports    | Dir | Bits|  Protocol  |               Source Object              |    C Type    |
+------------------+-----+-----+------------+------------------------------------------+--------------+
|ap_clk            |   in|    1|  ap_ctrl_hs|  stream_matmul_Pipeline_read_b_i_read_b_j|  return value|
|ap_rst            |   in|    1|  ap_ctrl_hs|  stream_matmul_Pipeline_read_b_i_read_b_j|  return value|
|ap_start          |   in|    1|  ap_ctrl_hs|  stream_matmul_Pipeline_read_b_i_read_b_j|  return value|
|ap_done           |  out|    1|  ap_ctrl_hs|  stream_matmul_Pipeline_read_b_i_read_b_j|  return value|
|ap_idle           |  out|    1|  ap_ctrl_hs|  stream_matmul_Pipeline_read_b_i_read_b_j|  return value|
|ap_ready          |  out|    1|  ap_ctrl_hs|  stream_matmul_Pipeline_read_b_i_read_b_j|  return value|
|in_stream_TVALID  |   in|    1|        axis|                        in_stream_V_data_V|       pointer|
|in_stream_TDATA   |   in|   32|        axis|                        in_stream_V_data_V|       pointer|
|B_address0        |  out|    6|   ap_memory|                                         B|         array|
|B_ce0             |  out|    1|   ap_memory|                                         B|         array|
|B_we0             |  out|    1|   ap_memory|                                         B|         array|
|B_d0              |  out|   32|   ap_memory|                                         B|         array|
|B_1_address0      |  out|    6|   ap_memory|                                       B_1|         array|
|B_1_ce0           |  out|    1|   ap_memory|                                       B_1|         array|
|B_1_we0           |  out|    1|   ap_memory|                                       B_1|         array|
|B_1_d0            |  out|   32|   ap_memory|                                       B_1|         array|
|B_2_address0      |  out|    6|   ap_memory|                                       B_2|         array|
|B_2_ce0           |  out|    1|   ap_memory|                                       B_2|         array|
|B_2_we0           |  out|    1|   ap_memory|                                       B_2|         array|
|B_2_d0            |  out|   32|   ap_memory|                                       B_2|         array|
|B_3_address0      |  out|    6|   ap_memory|                                       B_3|         array|
|B_3_ce0           |  out|    1|   ap_memory|                                       B_3|         array|
|B_3_we0           |  out|    1|   ap_memory|                                       B_3|         array|
|B_3_d0            |  out|   32|   ap_memory|                                       B_3|         array|
|in_stream_TREADY  |  out|    1|        axis|                        in_stream_V_last_V|       pointer|
|in_stream_TLAST   |   in|    1|        axis|                        in_stream_V_last_V|       pointer|
|in_stream_TKEEP   |   in|    4|        axis|                        in_stream_V_keep_V|       pointer|
|in_stream_TSTRB   |   in|    4|        axis|                        in_stream_V_strb_V|       pointer|
+------------------+-----+-----+------------+------------------------------------------+--------------+

