

================================================================
== Vitis HLS Report for 'stream_matmul_Pipeline_read_a_i_read_a_j'
================================================================
* Date:           Tue May 19 17:15:03 2026

* Version:        2025.2 (Build 6295257 on Nov 14 2025)
* Project:        stream_matmul
* Solution:       hls (Vivado IP Flow Target)
* Product family: zynq
* Target device:  xc7z010-clg400-1


================================================================
== Performance Estimates
================================================================
+ Timing: 
    * Summary: 
    +--------+----------+----------+------------+
    |  Clock |  Target  | Estimated| Uncertainty|
    +--------+----------+----------+------------+
    |ap_clk  |  10.00 ns|  6.363 ns|     2.70 ns|
    +--------+----------+----------+------------+

+ Latency: 
    * Summary: 
    +---------+---------+----------+----------+-----+-----+-------------------+
    |  Latency (cycles) |  Latency (absolute) |  Interval |      Pipeline     |
    |   min   |   max   |    min   |    max   | min | max |        Type       |
    +---------+---------+----------+----------+-----+-----+-------------------+
    |      259|      259|  2.590 us|  2.590 us|    0|    0|  loop pipeline stp|
    +---------+---------+----------+----------+-----+-----+-------------------+

    + Detail: 
        * Instance: 
        N/A

        * Loop: 
        +---------------------+---------+---------+----------+-----------+-----------+------+----------+
        |                     |  Latency (cycles) | Iteration|  Initiation Interval  | Trip |          |
        |      Loop Name      |   min   |   max   |  Latency |  achieved |   target  | Count| Pipelined|
        +---------------------+---------+---------+----------+-----------+-----------+------+----------+
        |- read_a_i_read_a_j  |      257|      257|         3|          1|          1|   256|       yes|
        +---------------------+---------+---------+----------+-----------+-----------+------+----------+



================================================================
== Utilization Estimates
================================================================
* Summary: 
+-----------------+---------+----+-------+-------+-----+
|       Name      | BRAM_18K| DSP|   FF  |  LUT  | URAM|
+-----------------+---------+----+-------+-------+-----+
|DSP              |        -|   -|      -|      -|    -|
|Expression       |        -|   -|      0|     81|    -|
|FIFO             |        -|   -|      -|      -|    -|
|Instance         |        -|   -|      -|      -|    -|
|Memory           |        -|   -|      -|      -|    -|
|Multiplexer      |        -|   -|      0|     63|    -|
|Register         |        -|   -|     29|      -|    -|
+-----------------+---------+----+-------+-------+-----+
|Total            |        0|   0|     29|    144|    0|
+-----------------+---------+----+-------+-------+-----+
|Available        |      120|  80|  35200|  17600|    0|
+-----------------+---------+----+-------+-------+-----+
|Utilization (%)  |        0|   0|     ~0|     ~0|    0|
+-----------------+---------+----+-------+-------+-----+

+ Detail: 
    * Instance: 
    N/A

    * DSP: 
    N/A

    * Memory: 
    N/A

    * FIFO: 
    N/A

    * Expression: 
    +---------------------------+----------+----+---+----+------------+------------+
    |       Variable Name       | Operation| DSP| FF| LUT| Bitwidth P0| Bitwidth P1|
    +---------------------------+----------+----+---+----+------------+------------+
    |add_ln119_1_fu_176_p2      |         +|   0|  0|  14|           9|           1|
    |add_ln119_fu_242_p2        |         +|   0|  0|  13|           5|           1|
    |add_ln121_fu_228_p2        |         +|   0|  0|  13|           5|           1|
    |ap_block_pp0_stage0_11001  |       and|   0|  0|   2|           1|           1|
    |icmp_ln119_fu_170_p2       |      icmp|   0|  0|  13|           9|          10|
    |icmp_ln121_fu_190_p2       |      icmp|   0|  0|  14|           5|           6|
    |select_ln119_fu_248_p3     |    select|   0|  0|   5|           1|           5|
    |select_ln84_fu_196_p3      |    select|   0|  0|   5|           1|           1|
    |ap_enable_pp0              |       xor|   0|  0|   2|           1|           2|
    +---------------------------+----------+----+---+----+------------+------------+
    |Total                      |          |   0|  0|  81|          37|          28|
    +---------------------------+----------+----+---+----+------------+------------+

    * Multiplexer: 
    +---------------------------------------+----+-----------+-----+-----------+
    |                  Name                 | LUT| Input Size| Bits| Total Bits|
    +---------------------------------------+----+-----------+-----+-----------+
    |ap_done_int                            |   9|          2|    1|          2|
    |ap_enable_reg_pp0_iter1                |   9|          2|    1|          2|
    |ap_sig_allocacmp_indvar_flatten6_load  |   9|          2|    9|         18|
    |i_fu_80                                |   9|          2|    5|         10|
    |in_stream_TDATA_blk_n                  |   9|          2|    1|          2|
    |indvar_flatten6_fu_84                  |   9|          2|    9|         18|
    |j_fu_76                                |   9|          2|    5|         10|
    +---------------------------------------+----+-----------+-----+-----------+
    |Total                                  |  63|         14|   31|         62|
    +---------------------------------------+----+-----------+-----+-----------+

    * Register: 
    +----------------------------------+---+----+-----+-----------+
    |               Name               | FF| LUT| Bits| Const Bits|
    +----------------------------------+---+----+-----+-----------+
    |ap_CS_fsm                         |  1|   0|    1|          0|
    |ap_done_reg                       |  1|   0|    1|          0|
    |ap_enable_reg_pp0_iter1           |  1|   0|    1|          0|
    |ap_enable_reg_pp0_iter2           |  1|   0|    1|          0|
    |ap_loop_exit_ready_pp0_iter1_reg  |  1|   0|    1|          0|
    |i_fu_80                           |  5|   0|    5|          0|
    |icmp_ln121_reg_316                |  1|   0|    1|          0|
    |indvar_flatten6_fu_84             |  9|   0|    9|          0|
    |j_fu_76                           |  5|   0|    5|          0|
    |lshr_ln1_reg_325                  |  2|   0|    2|          0|
    |trunc_ln121_1_reg_321             |  2|   0|    2|          0|
    +----------------------------------+---+----+-----+-----------+
    |Total                             | 29|   0|   29|          0|
    +----------------------------------+---+----+-----+-----------+



================================================================
== Interface
================================================================
* Summary: 
+------------------+-----+-----+------------+------------------------------------------+--------------+
|     RTL Ports    | Dir | Bits|  Protocol  |               Source Object              |    C Type    |
+------------------+-----+-----+------------+------------------------------------------+--------------+
|ap_clk            |   in|    1|  ap_ctrl_hs|  stream_matmul_Pipeline_read_a_i_read_a_j|  return value|
|ap_rst            |   in|    1|  ap_ctrl_hs|  stream_matmul_Pipeline_read_a_i_read_a_j|  return value|
|ap_start          |   in|    1|  ap_ctrl_hs|  stream_matmul_Pipeline_read_a_i_read_a_j|  return value|
|ap_done           |  out|    1|  ap_ctrl_hs|  stream_matmul_Pipeline_read_a_i_read_a_j|  return value|
|ap_idle           |  out|    1|  ap_ctrl_hs|  stream_matmul_Pipeline_read_a_i_read_a_j|  return value|
|ap_ready          |  out|    1|  ap_ctrl_hs|  stream_matmul_Pipeline_read_a_i_read_a_j|  return value|
|in_stream_TVALID  |   in|    1|        axis|                        in_stream_V_data_V|       pointer|
|in_stream_TDATA   |   in|   32|        axis|                        in_stream_V_data_V|       pointer|
|A_address0        |  out|    6|   ap_memory|                                         A|         array|
|A_ce0             |  out|    1|   ap_memory|                                         A|         array|
|A_we0             |  out|    1|   ap_memory|                                         A|         array|
|A_d0              |  out|   16|   ap_memory|                                         A|         array|
|A_1_address0      |  out|    6|   ap_memory|                                       A_1|         array|
|A_1_ce0           |  out|    1|   ap_memory|                                       A_1|         array|
|A_1_we0           |  out|    1|   ap_memory|                                       A_1|         array|
|A_1_d0            |  out|   16|   ap_memory|                                       A_1|         array|
|A_2_address0      |  out|    6|   ap_memory|                                       A_2|         array|
|A_2_ce0           |  out|    1|   ap_memory|                                       A_2|         array|
|A_2_we0           |  out|    1|   ap_memory|                                       A_2|         array|
|A_2_d0            |  out|   16|   ap_memory|                                       A_2|         array|
|A_3_address0      |  out|    6|   ap_memory|                                       A_3|         array|
|A_3_ce0           |  out|    1|   ap_memory|                                       A_3|         array|
|A_3_we0           |  out|    1|   ap_memory|                                       A_3|         array|
|A_3_d0            |  out|   16|   ap_memory|                                       A_3|         array|
|in_stream_TREADY  |  out|    1|        axis|                        in_stream_V_last_V|       pointer|
|in_stream_TLAST   |   in|    1|        axis|                        in_stream_V_last_V|       pointer|
|in_stream_TKEEP   |   in|    4|        axis|                        in_stream_V_keep_V|       pointer|
|in_stream_TSTRB   |   in|    4|        axis|                        in_stream_V_strb_V|       pointer|
+------------------+-----+-----+------------+------------------------------------------+--------------+

