#-----------------------------------------------------------
# Vivado v2025.1 (64-bit)
# SW Build 6140274 on Thu May 22 00:12:29 MDT 2025
# IP Build 6138677 on Thu May 22 03:10:11 MDT 2025
# SharedData Build 6139179 on Tue May 20 17:58:58 MDT 2025
# Start of session at: Tue May 12 14:09:08 2026
# Process ID         : 13424
# Current directory  : D:/HWSW/hls_component/stream_matmul/hls/impl/ip
# Command line       : vivado.exe -notrace -mode batch -source run_ippack.tcl
# Log file           : D:/HWSW/hls_component/stream_matmul/hls/impl/ip/vivado.log
# Journal file       : D:/HWSW/hls_component/stream_matmul/hls/impl/ip\vivado.jou
# Running On         : DESKTOP-L6C4H0S
# Platform           : Windows Server 2016 or Windows 10
# Operating System   : 19045
# Processor Detail   : Intel(R) Core(TM) i5-8400 CPU @ 2.80GHz
# CPU Frequency      : 2808 MHz
# CPU Physical cores : 6
# CPU Logical cores  : 6
# Host memory        : 17119 MB
# Swap memory        : 1073 MB
# Total Virtual      : 18193 MB
# Available Virtual  : 5791 MB
#-----------------------------------------------------------
source run_ippack.tcl -notrace
INFO: calling package_hls_ip ip_types=vitis sysgen json_file=D:/HWSW/hls_component/stream_matmul/hls/hls_data.json outdir=D:/HWSW/hls_component/stream_matmul/hls/impl/ip srcdir=D:/HWSW/hls_component/stream_matmul/hls ippack_options_dict= ippack_options_dict=
INFO: Copied 1 ipmisc file(s) to D:/HWSW/hls_component/stream_matmul/hls/impl/ip/misc
INFO: Copied 15 verilog file(s) to D:/HWSW/hls_component/stream_matmul/hls/impl/ip/hdl/verilog
INFO: Copied 13 vhdl file(s) to D:/HWSW/hls_component/stream_matmul/hls/impl/ip/hdl/vhdl
INFO: Copied 10 swdriver file(s) to D:/HWSW/hls_component/stream_matmul/hls/impl/ip/drivers
Generating 2 subcores in D:/HWSW/hls_component/stream_matmul/hls/impl/ip/subcore_prj:
impl/misc/stream_matmul_fadd_32ns_32ns_32_5_full_dsp_1_ip.tcl
impl/misc/stream_matmul_fmul_32ns_32ns_32_4_max_dsp_1_ip.tcl
create_project: Time (s): cpu = 00:00:09 ; elapsed = 00:00:06 . Memory (MB): peak = 497.785 ; gain = 213.902
INFO: Using COE_DIR=D:/HWSW/hls_component/stream_matmul/hls/impl/ip/hdl/verilog
INFO: Generating stream_matmul_fadd_32ns_32ns_32_5_full_dsp_1_ip via file impl/misc/stream_matmul_fadd_32ns_32ns_32_5_full_dsp_1_ip.tcl
INFO: [IP_Flow 19-234] Refreshing IP repositories
INFO: [IP_Flow 19-1704] No user IP repositories specified
INFO: [IP_Flow 19-2313] Loaded Vivado IP repository 'D:/2025.1/Vivado/data/ip'.
WARNING: [IP_Flow 19-4832] The IP name 'stream_matmul_fadd_32ns_32ns_32_5_full_dsp_1_ip' you have specified is long. The Windows operating system has path length limitations. It is recommended you use shorter names to reduce the likelihood of issues.
INFO: [IP_Flow 19-1686] Generating 'Synthesis' target for IP 'stream_matmul_fadd_32ns_32ns_32_5_full_dsp_1_ip'...
INFO: [IP_Flow 19-1686] Generating 'Simulation' target for IP 'stream_matmul_fadd_32ns_32ns_32_5_full_dsp_1_ip'...
INFO: Done generating stream_matmul_fadd_32ns_32ns_32_5_full_dsp_1_ip via file impl/misc/stream_matmul_fadd_32ns_32ns_32_5_full_dsp_1_ip.tcl
INFO: Generating stream_matmul_fmul_32ns_32ns_32_4_max_dsp_1_ip via file impl/misc/stream_matmul_fmul_32ns_32ns_32_4_max_dsp_1_ip.tcl
WARNING: [IP_Flow 19-4832] The IP name 'stream_matmul_fmul_32ns_32ns_32_4_max_dsp_1_ip' you have specified is long. The Windows operating system has path length limitations. It is recommended you use shorter names to reduce the likelihood of issues.
INFO: [IP_Flow 19-1686] Generating 'Synthesis' target for IP 'stream_matmul_fmul_32ns_32ns_32_4_max_dsp_1_ip'...
INFO: [IP_Flow 19-1686] Generating 'Simulation' target for IP 'stream_matmul_fmul_32ns_32ns_32_4_max_dsp_1_ip'...
INFO: Done generating stream_matmul_fmul_32ns_32ns_32_4_max_dsp_1_ip via file impl/misc/stream_matmul_fmul_32ns_32ns_32_4_max_dsp_1_ip.tcl
INFO: Found 1 unique subcore IP: xilinx.com:ip:floating_point:7.1
INFO: Copied 2 subcore files: D:/HWSW/hls_component/stream_matmul/hls/impl/ip/hdl/ip/stream_matmul_fadd_32ns_32ns_32_5_full_dsp_1_ip/stream_matmul_fadd_32ns_32ns_32_5_full_dsp_1_ip.xci D:/HWSW/hls_component/stream_matmul/hls/impl/ip/hdl/ip/stream_matmul_fmul_32ns_32ns_32_4_max_dsp_1_ip/stream_matmul_fmul_32ns_32ns_32_4_max_dsp_1_ip.xci
INFO: Import ports from HDL: D:/HWSW/hls_component/stream_matmul/hls/impl/ip/hdl/vhdl/stream_matmul.vhd (stream_matmul)
INFO: Add axi4lite interface s_axi_control
INFO: Add clock interface ap_clk
INFO: Add reset interface ap_rst_n
INFO: Add interrupt interface interrupt
INFO: [IP_Flow 19-234] Refreshing IP repositories
INFO: [IP_Flow 19-1704] No user IP repositories specified
INFO: [IP_Flow 19-2313] Loaded Vivado IP repository 'D:/2025.1/Vivado/data/ip'.
INFO: Add axi4stream interface in_stream
INFO: Add axi4stream interface out_stream
INFO: Calling post_process_vitis to specialize IP
INFO: Calling post_process_sysgen to specialize IP
Generating sysgen info xml from json file
INFO: Created IP D:/HWSW/hls_component/stream_matmul/hls/impl/ip/component.xml
INFO: Created IP archive D:/HWSW/hls_component/stream_matmul/hls/impl/ip/xilinx_com_hls_stream_matmul_1_0.zip
INFO: [Common 17-206] Exiting Vivado at Tue May 12 14:09:24 2026...
